RUN	apiFakeGatling.OpenModelSimulation	openmodelsimulation	1742258624024	 	3.11.5
USER	Open Model Scenario	START	1742258624845
USER	Open Model Scenario	START	1742258625155
REQUEST		GET Request 1	1742258624837	1742258625265	OK	 
USER	Open Model Scenario	START	1742258625477
REQUEST		GET Request 1	1742258625153	1742258625513	OK	 
USER	Open Model Scenario	START	1742258625815
USER	Open Model Scenario	START	1742258626150
REQUEST		GET Request 1	1742258625812	1742258626180	OK	 
USER	Open Model Scenario	START	1742258626485
REQUEST		POST Request	1742258626297	1742258626499	KO	status.find.is(201), but actually found 200
REQUEST		POST Request	1742258626514	1742258626716	KO	status.find.is(201), but actually found 200
USER	Open Model Scenario	START	1742258626822
REQUEST		GET Request 1	1742258626483	1742258626848	OK	 
REQUEST		GET Request 1	1742258625476	1742258626864	OK	 
USER	Open Model Scenario	START	1742258627157
REQUEST		GET Request 1	1742258626820	1742258627195	OK	 
REQUEST		POST Request	1742258627187	1742258627395	KO	status.find.is(201), but actually found 200
USER	Open Model Scenario	START	1742258627476
REQUEST		PUT Request	1742258627507	1742258627708	OK	 
USER	Open Model Scenario	START	1742258627815
REQUEST		GET Request 1	1742258627475	1742258627819	OK	 
REQUEST		PUT Request	1742258627731	1742258627948	OK	 
REQUEST		POST Request	1742258627875	1742258628065	KO	status.find.is(201), but actually found 200
REQUEST		POST Request	1742258627859	1742258628068	KO	status.find.is(201), but actually found 200
USER	Open Model Scenario	START	1742258628149
REQUEST		GET Request 1	1742258627812	1742258628163	OK	 
REQUEST		POST Request	1742258628210	1742258628416	KO	status.find.is(201), but actually found 200
USER	Open Model Scenario	START	1742258628482
REQUEST		GET Request 1	1742258627155	1742258628494	OK	 
REQUEST		GET Request 1	1742258628147	1742258628521	OK	 
REQUEST		PUT Request	1742258628402	1742258628616	OK	 
USER	Open Model Scenario	START	1742258628822
REQUEST		GET Request 1	1742258628482	1742258628822	OK	 
REQUEST		DELETE Request	1742258628721	1742258629028	OK	 
USER	Open Model Scenario	END	1742258629032
REQUEST		POST Request	1742258628835	1742258629046	KO	status.find.is(201), but actually found 200
USER	Open Model Scenario	START	1742258629158
REQUEST		DELETE Request	1742258628964	1742258629266	OK	 
USER	Open Model Scenario	END	1742258629267
REQUEST		PUT Request	1742258629076	1742258629282	OK	 
REQUEST		PUT Request	1742258629076	1742258629282	OK	 
REQUEST		POST Request	1742258629171	1742258629372	KO	status.find.is(201), but actually found 200
USER	Open Model Scenario	START	1742258629487
REQUEST		GET Request 1	1742258629156	1742258629547	OK	 
REQUEST		PUT Request	1742258629445	1742258629646	OK	 
REQUEST		POST Request	1742258629502	1742258629701	KO	status.find.is(201), but actually found 200
REQUEST		POST Request	1742258629533	1742258629726	KO	status.find.is(201), but actually found 200
USER	Open Model Scenario	START	1742258629823
REQUEST		GET Request 1	1742258629486	1742258629860	OK	 
REQUEST		DELETE Request	1742258629629	1742258629923	OK	 
USER	Open Model Scenario	END	1742258629924
REQUEST		POST Request	1742258629837	1742258630047	KO	status.find.is(201), but actually found 200
USER	Open Model Scenario	START	1742258630142
REQUEST		GET Request 1	1742258629822	1742258630165	OK	 
REQUEST		PUT Request	1742258630061	1742258630255	OK	 
USER	Open Model Scenario	START	1742258630479
REQUEST		PUT Request	1742258630382	1742258630579	OK	 
REQUEST		DELETE Request	1742258630286	1742258630579	OK	 
USER	Open Model Scenario	END	1742258630582
REQUEST		DELETE Request	1742258630286	1742258630582	OK	 
USER	Open Model Scenario	END	1742258630584
REQUEST		POST Request	1742258630557	1742258630763	KO	status.find.is(201), but actually found 200
USER	Open Model Scenario	START	1742258630816
REQUEST		GET Request 1	1742258630477	1742258630835	OK	 
REQUEST		PUT Request	1742258630718	1742258630907	OK	 
REQUEST		PUT Request	1742258630734	1742258630927	OK	 
REQUEST		DELETE Request	1742258630653	1742258630948	OK	 
USER	Open Model Scenario	END	1742258630948
REQUEST		POST Request	1742258630862	1742258631074	KO	status.find.is(201), but actually found 200
USER	Open Model Scenario	START	1742258631152
REQUEST		GET Request 1	1742258630814	1742258631154	OK	 
REQUEST		PUT Request	1742258631054	1742258631246	OK	 
REQUEST		POST Request	1742258631181	1742258631373	KO	status.find.is(201), but actually found 200
USER	Open Model Scenario	START	1742258631487
REQUEST		GET Request 1	1742258630141	1742258631492	OK	 
REQUEST		GET Request 1	1742258631150	1742258631518	OK	 
REQUEST		DELETE Request	1742258631261	1742258631559	OK	 
USER	Open Model Scenario	END	1742258631561
USER	Open Model Scenario	START	1742258631823
REQUEST		GET Request 1	1742258631485	1742258631838	OK	 
REQUEST		DELETE Request	1742258631581	1742258631884	OK	 
USER	Open Model Scenario	END	1742258631886
REQUEST		PUT Request	1742258631774	1742258631987	OK	 
REQUEST		POST Request	1742258631837	1742258632041	KO	status.find.is(201), but actually found 200
USER	Open Model Scenario	START	1742258632142
REQUEST		GET Request 1	1742258631822	1742258632155	OK	 
REQUEST		DELETE Request	1742258631918	1742258632206	OK	 
USER	Open Model Scenario	END	1742258632207
REQUEST		DELETE Request	1742258631933	1742258632230	OK	 
USER	Open Model Scenario	END	1742258632231
REQUEST		PUT Request	1742258632078	1742258632282	OK	 
REQUEST		POST Request	1742258632157	1742258632351	KO	status.find.is(201), but actually found 200
USER	Open Model Scenario	START	1742258632479
REQUEST		DELETE Request	1742258632253	1742258632550	OK	 
USER	Open Model Scenario	END	1742258632552
REQUEST		PUT Request	1742258632380	1742258632571	OK	 
REQUEST		POST Request	1742258632508	1742258632709	KO	status.find.is(201), but actually found 200
REQUEST		POST Request	1742258632525	1742258632741	KO	status.find.is(201), but actually found 200
REQUEST		GET Request 1	1742258632141	1742258632809	OK	 
USER	Open Model Scenario	START	1742258632814
REQUEST		GET Request 1	1742258632477	1742258632832	OK	 
REQUEST		POST Request	1742258632845	1742258633048	KO	status.find.is(201), but actually found 200
USER	Open Model Scenario	START	1742258633153
REQUEST		PUT Request	1742258633055	1742258633250	OK	 
REQUEST		DELETE Request	1742258632989	1742258633298	OK	 
USER	Open Model Scenario	END	1742258633299
REQUEST		POST Request	1742258633167	1742258633357	KO	status.find.is(201), but actually found 200
USER	Open Model Scenario	START	1742258633488
REQUEST		GET Request 1	1742258633152	1742258633503	OK	 
REQUEST		PUT Request	1742258633359	1742258633554	OK	 
REQUEST		DELETE Request	1742258633295	1742258633586	OK	 
USER	Open Model Scenario	END	1742258633587
USER	Open Model Scenario	START	1742258633823
REQUEST		GET Request 1	1742258633487	1742258633858	OK	 
REQUEST		DELETE Request	1742258633583	1742258633873	OK	 
USER	Open Model Scenario	END	1742258633874
REQUEST		PUT Request	1742258633726	1742258633937	OK	 
REQUEST		PUT Request	1742258633758	1742258633953	OK	 
REQUEST		POST Request	1742258633822	1742258634031	KO	status.find.is(201), but actually found 200
REQUEST		POST Request	1742258633838	1742258634038	KO	status.find.is(201), but actually found 200
USER	Open Model Scenario	START	1742258634143
REQUEST		GET Request 1	1742258632814	1742258634163	OK	 
REQUEST		PUT Request	1742258634061	1742258634257	OK	 
REQUEST		GET Request 1	1742258634142	1742258634465	OK	 
USER	Open Model Scenario	START	1742258634480
REQUEST		DELETE Request	1742258634254	1742258634555	OK	 
USER	Open Model Scenario	END	1742258634556
REQUEST		PUT Request	1742258634367	1742258634570	OK	 
REQUEST		POST Request	1742258634510	1742258634711	KO	status.find.is(201), but actually found 200
USER	Open Model Scenario	START	1742258634816
REQUEST		DELETE Request	1742258634557	1742258634842	OK	 
USER	Open Model Scenario	END	1742258634843
REQUEST		POST Request	1742258634862	1742258635073	KO	status.find.is(201), but actually found 200
REQUEST		GET Request 1	1742258634479	1742258635146	OK	 
USER	Open Model Scenario	START	1742258635149
REQUEST		PUT Request	1742258635038	1742258635235	OK	 
REQUEST		DELETE Request	1742258634943	1742258635246	OK	 
USER	Open Model Scenario	END	1742258635247
REQUEST		PUT Request	1742258635053	1742258635248	OK	 
REQUEST		DELETE Request	1742258634958	1742258635250	OK	 
USER	Open Model Scenario	END	1742258635251
REQUEST		POST Request	1742258635165	1742258635357	KO	status.find.is(201), but actually found 200
USER	Open Model Scenario	START	1742258635485
REQUEST		GET Request 1	1742258635148	1742258635514	OK	 
REQUEST		DELETE Request	1742258635259	1742258635552	OK	 
USER	Open Model Scenario	END	1742258635554
REQUEST		POST Request	1742258635468	1742258635676	KO	status.find.is(201), but actually found 200
USER	Open Model Scenario	START	1742258635821
REQUEST		DELETE Request	1742258635579	1742258635868	OK	 
USER	Open Model Scenario	END	1742258635870
REQUEST		PUT Request	1742258635724	1742258635934	OK	 
USER	Open Model Scenario	START	1742258636141
REQUEST		GET Request 1	1742258635820	1742258636169	OK	 
REQUEST		GET Request 1	1742258626149	1742258636235	KO	i.n.h.s.SslHandshakeTimeoutException: handshake timed out after 10000ms
REQUEST		PUT Request	1742258636076	1742258636287	OK	 
REQUEST		POST Request	1742258636156	1742258636367	KO	status.find.is(201), but actually found 200
USER	Open Model Scenario	START	1742258636475
REQUEST		GET Request 1	1742258636140	1742258636514	OK	 
REQUEST		DELETE Request	1742258636252	1742258636547	OK	 
USER	Open Model Scenario	END	1742258636549
REQUEST		DELETE Request	1742258636252	1742258636552	OK	 
USER	Open Model Scenario	END	1742258636553
REQUEST		PUT Request	1742258636364	1742258636554	OK	 
REQUEST		POST Request	1742258636523	1742258636734	KO	status.find.is(201), but actually found 200
USER	Open Model Scenario	START	1742258636813
REQUEST		PUT Request	1742258636683	1742258636875	OK	 
REQUEST		GET Request 1	1742258635484	1742258636877	OK	 
USER	Open Model Scenario	START	1742258637148
REQUEST		GET Request 1	1742258633822	1742258637165	OK	 
REQUEST		GET Request 1	1742258636811	1742258637177	OK	 
REQUEST		DELETE Request	1742258636939	1742258637232	OK	 
USER	Open Model Scenario	END	1742258637233
REQUEST		POST Request	1742258637177	1742258637381	KO	status.find.is(201), but actually found 200
USER	Open Model Scenario	START	1742258637483
REQUEST		GET Request 1	1742258637146	1742258637497	OK	 
REQUEST		PUT Request	1742258637370	1742258637565	OK	 
REQUEST		DELETE Request	1742258637290	1742258637600	OK	 
USER	Open Model Scenario	END	1742258637601
REQUEST		POST Request	1742258637529	1742258637741	KO	status.find.is(201), but actually found 200
USER	Open Model Scenario	START	1742258637821
REQUEST		GET Request 1	1742258637482	1742258637831	OK	 
REQUEST		POST Request	1742258637240	1742258637837	KO	status.find.is(201), but actually found 200
REQUEST		GET Request 1	1742258636475	1742258637845	OK	 
REQUEST		DELETE Request	1742258637561	1742258637848	OK	 
USER	Open Model Scenario	END	1742258637849
REQUEST		PUT Request	1742258637738	1742258637935	OK	 
REQUEST		POST Request	1742258637884	1742258638105	KO	status.find.is(201), but actually found 200
USER	Open Model Scenario	START	1742258638157
REQUEST		GET Request 1	1742258637820	1742258638161	OK	 
REQUEST		DELETE Request	1742258637884	1742258638174	OK	 
USER	Open Model Scenario	END	1742258638175
REQUEST		POST Request	1742258638172	1742258638363	KO	status.find.is(201), but actually found 200
REQUEST		POST Request	1742258638187	1742258638389	KO	status.find.is(201), but actually found 200
USER	Open Model Scenario	START	1742258638477
REQUEST		GET Request 1	1742258638155	1742258638533	OK	 
REQUEST		PUT Request	1742258638395	1742258638590	OK	 
REQUEST		POST Request	1742258638507	1742258638700	KO	status.find.is(201), but actually found 200
REQUEST		GET Request 1	1742258638475	1742258638827	OK	 
USER	Open Model Scenario	START	1742258638829
REQUEST		DELETE Request	1742258638571	1742258638863	OK	 
USER	Open Model Scenario	END	1742258638864
REQUEST		PUT Request	1742258638747	1742258638955	OK	 
REQUEST		POST Request	1742258638843	1742258639045	KO	status.find.is(201), but actually found 200
REQUEST		PUT Request	1742258638843	1742258639066	OK	 
REQUEST		POST Request	1742258638860	1742258639078	KO	status.find.is(201), but actually found 200
USER	Open Model Scenario	START	1742258639148
REQUEST		GET Request 1	1742258638829	1742258639183	OK	 
REQUEST		DELETE Request	1742258638939	1742258639234	OK	 
USER	Open Model Scenario	END	1742258639236
REQUEST		POST Request	1742258639164	1742258639355	KO	status.find.is(201), but actually found 200
USER	Open Model Scenario	START	1742258639484
REQUEST		PUT Request	1742258639403	1742258639597	OK	 
REQUEST		PUT Request	1742258639372	1742258639619	OK	 
REQUEST		PUT Request	1742258639116	1742258639641	OK	 
REQUEST		POST Request	1742258639546	1742258639749	KO	status.find.is(201), but actually found 200
USER	Open Model Scenario	START	1742258639820
REQUEST		DELETE Request	1742258639594	1742258639892	OK	 
USER	Open Model Scenario	END	1742258639893
REQUEST		PUT Request	1742258639706	1742258639906	OK	 
REQUEST		POST Request	1742258639834	1742258640029	KO	status.find.is(201), but actually found 200
REQUEST		GET Request 1	1742258639483	1742258640154	OK	 
USER	Open Model Scenario	START	1742258640155
REQUEST		GET Request 1	1742258639818	1742258640160	OK	 
REQUEST		PUT Request	1742258640057	1742258640253	OK	 
REQUEST		DELETE Request	1742258639961	1742258640270	OK	 
USER	Open Model Scenario	END	1742258640271
REQUEST		PUT Request	1742258640089	1742258640288	OK	 
REQUEST		DELETE Request	1742258640073	1742258640372	OK	 
USER	Open Model Scenario	END	1742258640373
REQUEST		POST Request	1742258640187	1742258640376	KO	status.find.is(201), but actually found 200
USER	Open Model Scenario	START	1742258640477
REQUEST		GET Request 1	1742258640154	1742258640511	OK	 
REQUEST		PUT Request	1742258640363	1742258640569	OK	 
USER	Open Model Scenario	START	1742258640813
REQUEST		DELETE Request	1742258640603	1742258640904	OK	 
USER	Open Model Scenario	END	1742258640904
REQUEST		DELETE Request	1742258640635	1742258640926	OK	 
USER	Open Model Scenario	END	1742258640927
REQUEST		DELETE Request	1742258640652	1742258640956	OK	 
USER	Open Model Scenario	END	1742258640957
REQUEST		PUT Request	1742258640763	1742258640964	OK	 
USER	Open Model Scenario	START	1742258641150
REQUEST		GET Request 1	1742258640812	1742258641150	OK	 
REQUEST		DELETE Request	1742258640908	1742258641205	OK	 
USER	Open Model Scenario	END	1742258641206
REQUEST		PUT Request	1742258641036	1742258641238	OK	 
REQUEST		POST Request	1742258641164	1742258641353	KO	status.find.is(201), but actually found 200
REQUEST		POST Request	1742258641164	1742258641363	KO	status.find.is(201), but actually found 200
USER	Open Model Scenario	START	1742258641487
REQUEST		DELETE Request	1742258641260	1742258641561	OK	 
USER	Open Model Scenario	END	1742258641564
REQUEST		PUT Request	1742258641390	1742258641584	OK	 
REQUEST		DELETE Request	1742258641293	1742258641592	OK	 
USER	Open Model Scenario	END	1742258641592
REQUEST		POST Request	1742258641519	1742258641715	KO	status.find.is(201), but actually found 200
USER	Open Model Scenario	START	1742258641824
REQUEST		GET Request 1	1742258641485	1742258641845	OK	 
REQUEST		DELETE Request	1742258641580	1742258641872	OK	 
USER	Open Model Scenario	END	1742258641873
REQUEST		GET Request 1	1742258628819	1742258641932	KO	i.n.h.s.SslHandshakeTimeoutException: handshake timed out after 10000ms
USER	Open Model Scenario	START	1742258642142
REQUEST		GET Request 1	1742258641822	1742258642155	OK	 
REQUEST		DELETE Request	1742258641980	1742258642284	OK	 
USER	Open Model Scenario	END	1742258642286
REQUEST		POST Request	1742258642156	1742258642350	KO	status.find.is(201), but actually found 200
USER	Open Model Scenario	START	1742258642478
REQUEST		GET Request 1	1742258642141	1742258642493	OK	 
REQUEST		DELETE Request	1742258642252	1742258642548	OK	 
USER	Open Model Scenario	END	1742258642549
REQUEST		PUT Request	1742258642364	1742258642565	OK	 
REQUEST		PUT Request	1742258642380	1742258642577	OK	 
USER	Open Model Scenario	START	1742258642814
REQUEST		DELETE Request	1742258642587	1742258642875	OK	 
USER	Open Model Scenario	END	1742258642876
REQUEST		PUT Request	1742258642733	1742258642946	OK	 
REQUEST		GET Request 1	1742258641148	1742258643030	OK	 
REQUEST		POST Request	1742258642861	1742258643059	KO	status.find.is(201), but actually found 200
USER	Open Model Scenario	START	1742258643150
REQUEST		GET Request 1	1742258642813	1742258643168	OK	 
REQUEST		POST Request	1742258642940	1742258643290	KO	status.find.is(201), but actually found 200
REQUEST		POST Request	1742258643165	1742258643354	KO	status.find.is(201), but actually found 200
USER	Open Model Scenario	START	1742258643489
REQUEST		GET Request 1	1742258643149	1742258643515	OK	 
REQUEST		PUT Request	1742258643358	1742258643550	OK	 
REQUEST		POST Request	1742258643502	1742258643696	KO	status.find.is(201), but actually found 200
REQUEST		GET Request 1	1742258640476	1742258643818	OK	 
USER	Open Model Scenario	START	1742258643824
REQUEST		DELETE Request	1742258643567	1742258643857	OK	 
USER	Open Model Scenario	END	1742258643858
REQUEST		GET Request 1	1742258642476	1742258643869	OK	 
REQUEST		DELETE Request	1742258643583	1742258643883	OK	 
USER	Open Model Scenario	END	1742258643884
USER	Open Model Scenario	START	1742258644145
REQUEST		POST Request	1742258644048	1742258644248	KO	status.find.is(201), but actually found 200
REQUEST		DELETE Request	1742258643952	1742258644256	OK	 
USER	Open Model Scenario	END	1742258644258
REQUEST		PUT Request	1742258644063	1742258644274	OK	 
REQUEST		POST Request	1742258644175	1742258644378	KO	status.find.is(201), but actually found 200
USER	Open Model Scenario	START	1742258644481
REQUEST		PUT Request	1742258644303	1742258644550	OK	 
REQUEST		PUT Request	1742258644367	1742258644558	OK	 
REQUEST		POST Request	1742258644525	1742258644723	KO	status.find.is(201), but actually found 200
REQUEST		GET Request 1	1742258644144	1742258644789	OK	 
USER	Open Model Scenario	START	1742258644814
REQUEST		GET Request 1	1742258644479	1742258644815	OK	 
REQUEST		DELETE Request	1742258644557	1742258644854	OK	 
USER	Open Model Scenario	END	1742258644855
REQUEST		PUT Request	1742258644701	1742258644894	OK	 
REQUEST		POST Request	1742258644828	1742258645039	KO	status.find.is(201), but actually found 200
REQUEST		POST Request	1742258644877	1742258645083	KO	status.find.is(201), but actually found 200
USER	Open Model Scenario	START	1742258645150
REQUEST		GET Request 1	1742258644812	1742258645157	OK	 
REQUEST		GET Request 1	1742258634814	1742258645193	OK	 
REQUEST		PUT Request	1742258645261	1742258645460	OK	 
USER	Open Model Scenario	START	1742258645487
REQUEST		GET Request 1	1742258645148	1742258645513	OK	 
REQUEST		DELETE Request	1742258645276	1742258645574	OK	 
USER	Open Model Scenario	END	1742258645575
REQUEST		PUT Request	1742258645388	1742258645592	OK	 
REQUEST		GET Request 1	1742258643823	1742258645758	OK	 
USER	Open Model Scenario	START	1742258645823
REQUEST		GET Request 1	1742258645485	1742258645827	OK	 
REQUEST		DELETE Request	1742258645564	1742258645857	OK	 
USER	Open Model Scenario	END	1742258645858
REQUEST		DELETE Request	1742258645564	1742258645859	OK	 
USER	Open Model Scenario	END	1742258645860
REQUEST		PUT Request	1742258645726	1742258645922	OK	 
REQUEST		POST Request	1742258645806	1742258645996	KO	status.find.is(201), but actually found 200
REQUEST		POST Request	1742258645822	1742258646019	KO	status.find.is(201), but actually found 200
USER	Open Model Scenario	START	1742258646144
REQUEST		DELETE Request	1742258645901	1742258646187	OK	 
USER	Open Model Scenario	END	1742258646189
REQUEST		PUT Request	1742258646045	1742258646249	OK	 
REQUEST		PUT Request	1742258646093	1742258646313	OK	 
REQUEST		POST Request	1742258646173	1742258646373	KO	status.find.is(201), but actually found 200
REQUEST		POST Request	1742258646205	1742258646406	KO	status.find.is(201), but actually found 200
USER	Open Model Scenario	START	1742258646479
REQUEST		POST Request	1742258646525	1742258646724	KO	status.find.is(201), but actually found 200
REQUEST		DELETE Request	1742258646477	1742258646780	OK	 
USER	Open Model Scenario	END	1742258646782
USER	Open Model Scenario	START	1742258646823
REQUEST		GET Request 1	1742258646478	1742258646872	OK	 
REQUEST		GET Request 1	1742258643487	1742258646880	OK	 
REQUEST		DELETE Request	1742258646605	1742258646914	OK	 
USER	Open Model Scenario	END	1742258646915
REQUEST		POST Request	1742258646766	1742258646966	KO	status.find.is(201), but actually found 200
REQUEST		POST Request	1742258646838	1742258647040	KO	status.find.is(201), but actually found 200
USER	Open Model Scenario	START	1742258647157
REQUEST		GET Request 1	1742258646821	1742258647163	OK	 
REQUEST		PUT Request	1742258647013	1742258647213	OK	 
REQUEST		PUT Request	1742258647028	1742258647223	OK	 
REQUEST		DELETE Request	1742258646933	1742258647229	OK	 
USER	Open Model Scenario	END	1742258647230
USER	Open Model Scenario	START	1742258647479
REQUEST		GET Request 1	1742258646142	1742258647497	OK	 
REQUEST		DELETE Request	1742258647252	1742258647541	OK	 
USER	Open Model Scenario	END	1742258647542
REQUEST		PUT Request	1742258647382	1742258647578	OK	 
REQUEST		PUT Request	1742258647413	1742258647621	OK	 
REQUEST		DELETE Request	1742258647316	1742258647623	OK	 
USER	Open Model Scenario	END	1742258647624
USER	Open Model Scenario	START	1742258647813
REQUEST		GET Request 1	1742258647477	1742258647840	OK	 
REQUEST		PUT Request	1742258647734	1742258647943	OK	 
REQUEST		POST Request	1742258647876	1742258648066	KO	status.find.is(201), but actually found 200
REQUEST		POST Request	1742258647893	1742258648095	KO	status.find.is(201), but actually found 200
USER	Open Model Scenario	START	1742258648150
REQUEST		PUT Request	1742258647972	1742258648177	OK	 
REQUEST		PUT Request	1742258648052	1742258648258	OK	 
REQUEST		POST Request	1742258648165	1742258648358	KO	status.find.is(201), but actually found 200
USER	Open Model Scenario	START	1742258648485
REQUEST		GET Request 1	1742258647156	1742258648512	OK	 
REQUEST		DELETE Request	1742258648229	1742258648520	OK	 
USER	Open Model Scenario	END	1742258648521
REQUEST		DELETE Request	1742258648229	1742258648524	OK	 
USER	Open Model Scenario	END	1742258648524
REQUEST		POST Request	1742258648501	1742258648689	KO	status.find.is(201), but actually found 200
USER	Open Model Scenario	START	1742258648819
REQUEST		DELETE Request	1742258648580	1742258648877	OK	 
USER	Open Model Scenario	END	1742258648878
REQUEST		DELETE Request	1742258648630	1742258648929	OK	 
USER	Open Model Scenario	END	1742258648930
REQUEST		POST Request	1742258648850	1742258649050	KO	status.find.is(201), but actually found 200
USER	Open Model Scenario	START	1742258649152
REQUEST		DELETE Request	1742258648945	1742258649242	OK	 
USER	Open Model Scenario	END	1742258649242
REQUEST		GET Request 1	1742258639147	1742258649246	KO	i.n.h.s.SslHandshakeTimeoutException: handshake timed out after 10000ms
REQUEST		PUT Request	1742258649072	1742258649269	OK	 
REQUEST		PUT Request	1742258649104	1742258649305	OK	 
REQUEST		DELETE Request	1742258649183	1742258649471	OK	 
USER	Open Model Scenario	END	1742258649472
USER	Open Model Scenario	START	1742258649488
REQUEST		GET Request 1	1742258649151	1742258649504	OK	 
REQUEST		GET Request 1	1742258648149	1742258649508	OK	 
REQUEST		DELETE Request	1742258649262	1742258649549	OK	 
USER	Open Model Scenario	END	1742258649551
REQUEST		PUT Request	1742258649375	1742258649579	OK	 
REQUEST		POST Request	1742258649518	1742258649707	KO	status.find.is(201), but actually found 200
USER	Open Model Scenario	START	1742258649810
REQUEST		GET Request 1	1742258649488	1742258649854	OK	 
REQUEST		PUT Request	1742258649697	1742258649893	OK	 
USER	Open Model Scenario	START	1742258650147
REQUEST		GET Request 1	1742258649809	1742258650200	OK	 
REQUEST		PUT Request	1742258650066	1742258650263	OK	 
USER	Open Model Scenario	START	1742258650475
REQUEST		DELETE Request	1742258650281	1742258650563	OK	 
USER	Open Model Scenario	END	1742258650564
REQUEST		DELETE Request	1742258650314	1742258650618	OK	 
USER	Open Model Scenario	END	1742258650619
REQUEST		POST Request	1742258650250	1742258650620	KO	status.find.is(201), but actually found 200
REQUEST		POST Request	1742258650521	1742258650709	KO	status.find.is(201), but actually found 200
REQUEST		POST Request	1742258650521	1742258650725	KO	status.find.is(201), but actually found 200
USER	Open Model Scenario	START	1742258650811
REQUEST		GET Request 1	1742258650474	1742258650812	OK	 
REQUEST		DELETE Request	1742258650584	1742258650874	OK	 
USER	Open Model Scenario	END	1742258650876
REQUEST		PUT Request	1742258650712	1742258650899	OK	 
REQUEST		POST Request	1742258650857	1742258651054	KO	status.find.is(201), but actually found 200
USER	Open Model Scenario	START	1742258651145
REQUEST		GET Request 1	1742258647812	1742258651180	OK	 
REQUEST		DELETE Request	1742258650905	1742258651194	OK	 
USER	Open Model Scenario	END	1742258651194
USER	Open Model Scenario	START	1742258651479
REQUEST		DELETE Request	1742258651271	1742258651566	OK	 
USER	Open Model Scenario	END	1742258651567
REQUEST		POST Request	1742258651206	1742258651607	KO	status.find.is(201), but actually found 200
REQUEST		GET Request 1	1742258651144	1742258651810	OK	 
USER	Open Model Scenario	START	1742258651813
REQUEST		GET Request 1	1742258648485	1742258651839	OK	 
REQUEST		PUT Request	1742258651719	1742258651922	OK	 
REQUEST		PUT Request	1742258651734	1742258651943	OK	 
REQUEST		POST Request	1742258651829	1742258652035	KO	status.find.is(201), but actually found 200
REQUEST		PUT Request	1742258651622	1742258652120	OK	 
REQUEST		GET Request 1	1742258651478	1742258652140	OK	 
USER	Open Model Scenario	START	1742258652153
REQUEST		GET Request 1	1742258651813	1742258652193	OK	 
REQUEST		DELETE Request	1742258651909	1742258652202	OK	 
USER	Open Model Scenario	END	1742258652203
REQUEST		GET Request 1	1742258648819	1742258652210	OK	 
REQUEST		PUT Request	1742258652070	1742258652267	OK	 
REQUEST		POST Request	1742258652182	1742258652379	KO	status.find.is(201), but actually found 200
USER	Open Model Scenario	START	1742258652489
REQUEST		GET Request 1	1742258652153	1742258652511	OK	 
USER	Open Model Scenario	START	1742258652825
REQUEST		GET Request 1	1742258652488	1742258652828	OK	 
REQUEST		PUT Request	1742258652616	1742258652831	OK	 
REQUEST		POST Request	1742258652823	1742258653019	KO	status.find.is(201), but actually found 200
REQUEST		POST Request	1742258652855	1742258653050	KO	status.find.is(201), but actually found 200
USER	Open Model Scenario	START	1742258653146
REQUEST		GET Request 1	1742258652823	1742258653177	OK	 
REQUEST		GET Request 1	1742258645822	1742258653236	OK	 
REQUEST		PUT Request	1742258653049	1742258653239	OK	 
REQUEST		DELETE Request	1742258652936	1742258653242	OK	 
USER	Open Model Scenario	END	1742258653243
REQUEST		DELETE Request	1742258652952	1742258653252	OK	 
USER	Open Model Scenario	END	1742258653253
REQUEST		POST Request	1742258653145	1742258653351	KO	status.find.is(201), but actually found 200
REQUEST		POST Request	1742258653209	1742258653411	KO	status.find.is(201), but actually found 200
REQUEST		POST Request	1742258653225	1742258653429	KO	status.find.is(201), but actually found 200
REQUEST		DELETE Request	1742258653129	1742258653432	OK	 
USER	Open Model Scenario	END	1742258653433
USER	Open Model Scenario	START	1742258653483
REQUEST		DELETE Request	1742258653272	1742258653573	OK	 
USER	Open Model Scenario	END	1742258653574
REQUEST		PUT Request	1742258653384	1742258653582	OK	 
REQUEST		POST Request	1742258653529	1742258653728	KO	status.find.is(201), but actually found 200
REQUEST		GET Request 1	1742258653481	1742258653810	OK	 
USER	Open Model Scenario	START	1742258653818
REQUEST		POST Request	1742258653834	1742258654033	KO	status.find.is(201), but actually found 200
REQUEST		DELETE Request	1742258653834	1742258654139	OK	 
USER	Open Model Scenario	END	1742258654141
USER	Open Model Scenario	START	1742258654159
REQUEST		PUT Request	1742258654026	1742258654229	OK	 
REQUEST		PUT Request	1742258654057	1742258654253	OK	 
REQUEST		POST Request	1742258654186	1742258654386	KO	status.find.is(201), but actually found 200
REQUEST		POST Request	1742258654251	1742258654450	KO	status.find.is(201), but actually found 200
REQUEST		GET Request 1	1742258653817	1742258654460	OK	 
USER	Open Model Scenario	START	1742258654477
REQUEST		GET Request 1	1742258654154	1742258654528	OK	 
REQUEST		DELETE Request	1742258654252	1742258654557	OK	 
USER	Open Model Scenario	END	1742258654558
REQUEST		PUT Request	1742258654364	1742258654575	OK	 
REQUEST		PUT Request	1742258654428	1742258654629	OK	 
REQUEST		DELETE Request	1742258654588	1742258654885	OK	 
USER	Open Model Scenario	END	1742258654886
REQUEST		PUT Request	1742258654731	1742258654927	OK	 
REQUEST		PUT Request	1742258654444	1742258654953	OK	 
REQUEST		POST Request	1742258654825	1742258655020	KO	status.find.is(201), but actually found 200
REQUEST		GET Request 1	1742258654476	1742258655132	OK	 
REQUEST		GET Request 1	1742258653145	1742258655149	OK	 
REQUEST		PUT Request	1742258655035	1742258655229	OK	 
REQUEST		DELETE Request	1742258655259	1742258655551	OK	 
USER	Open Model Scenario	END	1742258655552
REQUEST		DELETE Request	1742258655243	1742258655556	OK	 
USER	Open Model Scenario	END	1742258655557
REQUEST		PUT Request	1742258655403	1742258655608	OK	 
REQUEST		POST Request	1742258655466	1742258655660	KO	status.find.is(201), but actually found 200
REQUEST		PUT Request	1742258655467	1742258655676	OK	 
REQUEST		POST Request	1742258655531	1742258655736	KO	status.find.is(201), but actually found 200
REQUEST		DELETE Request	1742258655578	1742258655879	OK	 
USER	Open Model Scenario	END	1742258655881
REQUEST		DELETE Request	1742258655642	1742258655938	OK	 
USER	Open Model Scenario	END	1742258655940
REQUEST		DELETE Request	1742258655930	1742258656230	OK	 
USER	Open Model Scenario	END	1742258656230
REQUEST		PUT Request	1742258656026	1742258656234	OK	 
REQUEST		DELETE Request	1742258655962	1742258656268	OK	 
USER	Open Model Scenario	END	1742258656269
REQUEST		POST Request	1742258656137	1742258656339	KO	status.find.is(201), but actually found 200
REQUEST		POST Request	1742258656153	1742258656352	KO	status.find.is(201), but actually found 200
REQUEST		DELETE Request	1742258656232	1742258656533	OK	 
USER	Open Model Scenario	END	1742258656534
REQUEST		PUT Request	1742258656666	1742258656862	OK	 
REQUEST		DELETE Request	1742258656617	1742258656918	OK	 
USER	Open Model Scenario	END	1742258656919
REQUEST		PUT Request	1742258656746	1742258656944	OK	 
REQUEST		DELETE Request	1742258656682	1742258656976	OK	 
USER	Open Model Scenario	END	1742258656977
REQUEST		GET Request 1	1742258650146	1742258657519	OK	 
REQUEST		DELETE Request	1742258657242	1742258657532	OK	 
USER	Open Model Scenario	END	1742258657533
REQUEST		PUT Request	1742258657354	1742258657555	OK	 
REQUEST		PUT Request	1742258657369	1742258657567	OK	 
REQUEST		DELETE Request	1742258657866	1742258658168	OK	 
USER	Open Model Scenario	END	1742258658168
REQUEST		DELETE Request	1742258657961	1742258658262	OK	 
USER	Open Model Scenario	END	1742258658263
REQUEST		POST Request	1742258658523	1742258658721	KO	status.find.is(201), but actually found 200
REQUEST		DELETE Request	1742258658569	1742258658867	OK	 
REQUEST		DELETE Request	1742258658569	1742258658868	OK	 
USER	Open Model Scenario	END	1742258658869
USER	Open Model Scenario	END	1742258658870
REQUEST		PUT Request	1742258659737	1742258659944	OK	 
REQUEST		DELETE Request	1742258660954	1742258661253	OK	 
USER	Open Model Scenario	END	1742258661254
REQUEST		GET Request 1	1742258650810	1742258662221	OK	 
REQUEST		POST Request	1742258663237	1742258663447	KO	status.find.is(201), but actually found 200
REQUEST		PUT Request	1742258664454	1742258664652	OK	 
REQUEST		DELETE Request	1742258665655	1742258665969	OK	 
USER	Open Model Scenario	END	1742258665970
