RUN	apiFakeGatling.OpenModelSimulation	openmodelsimulation	1742252897935	 	3.11.5
USER	Open Model Scenario	START	1742252898717
USER	Open Model Scenario	START	1742252898895
REQUEST		GET Request 1	1742252898708	1742252899023	OK	 
USER	Open Model Scenario	START	1742252899089
REQUEST		GET Request 1	1742252898894	1742252899128	OK	 
USER	Open Model Scenario	START	1742252899299
REQUEST		GET Request 1	1742252899088	1742252899337	OK	 
USER	Open Model Scenario	START	1742252899492
REQUEST		GET Request 1	1742252899297	1742252899529	OK	 
USER	Open Model Scenario	START	1742252899700
USER	Open Model Scenario	START	1742252899893
REQUEST		GET Request 1	1742252899698	1742252899936	OK	 
USER	Open Model Scenario	START	1742252900099
REQUEST		GET Request 1	1742252899891	1742252900121	OK	 
REQUEST		POST Request	1742252900055	1742252900165	OK	 
REQUEST		POST Request	1742252900130	1742252900237	OK	 
USER	Open Model Scenario	START	1742252900295
REQUEST		GET Request 1	1742252900098	1742252900311	OK	 
REQUEST		GET Request 1	1742252899491	1742252900321	OK	 
REQUEST		POST Request	1742252900339	1742252900447	OK	 
USER	Open Model Scenario	START	1742252900501
REQUEST		POST Request	1742252900533	1742252900644	OK	 
USER	Open Model Scenario	START	1742252900695
REQUEST		GET Request 1	1742252900293	1742252900851	OK	 
USER	Open Model Scenario	START	1742252900887
REQUEST		GET Request 1	1742252900694	1742252900921	OK	 
REQUEST		GET Request 1	1742252900500	1742252901020	OK	 
USER	Open Model Scenario	START	1742252901095
REQUEST		POST Request	1742252900950	1742252901117	OK	 
REQUEST		POST Request	1742252901125	1742252901300	OK	 
USER	Open Model Scenario	START	1742252901301
REQUEST		GET Request 1	1742252901093	1742252901313	OK	 
REQUEST		PUT Request	1742252901252	1742252901418	OK	 
REQUEST		GET Request 1	1742252900885	1742252901424	OK	 
REQUEST		POST Request	1742252901316	1742252901476	OK	 
USER	Open Model Scenario	START	1742252901494
REQUEST		POST Request	1742252901333	1742252901495	OK	 
REQUEST		GET Request 1	1742252901301	1742252901510	OK	 
REQUEST		PUT Request	1742252901462	1742252901572	OK	 
USER	Open Model Scenario	START	1742252901702
REQUEST		GET Request 1	1742252901493	1742252901711	OK	 
REQUEST		PUT Request	1742252901653	1742252901758	OK	 
USER	Open Model Scenario	START	1742252901895
REQUEST		GET Request 1	1742252901701	1742252901928	OK	 
REQUEST		POST Request	1742252901862	1742252901964	OK	 
REQUEST		POST Request	1742252901926	1742252902036	OK	 
USER	Open Model Scenario	START	1742252902100
REQUEST		GET Request 1	1742252901894	1742252902102	OK	 
REQUEST		POST Request	1742252902036	1742252902198	OK	 
REQUEST		PUT Request	1742252902131	1742252902239	OK	 
USER	Open Model Scenario	START	1742252902294
REQUEST		GET Request 1	1742252902099	1742252902350	OK	 
REQUEST		PUT Request	1742252902308	1742252902416	OK	 
REQUEST		POST Request	1742252902323	1742252902429	OK	 
USER	Open Model Scenario	START	1742252902503
REQUEST		POST Request	1742252902436	1742252902554	OK	 
REQUEST		DELETE Request	1742252902420	1742252902587	OK	 
USER	Open Model Scenario	END	1742252902591
REQUEST		PUT Request	1742252902484	1742252902654	OK	 
REQUEST		PUT Request	1742252902501	1742252902666	OK	 
REQUEST		DELETE Request	1742252902580	1742252902689	OK	 
USER	Open Model Scenario	END	1742252902691
USER	Open Model Scenario	START	1742252902693
REQUEST		GET Request 1	1742252902501	1742252902737	OK	 
REQUEST		POST Request	1742252902724	1742252902824	OK	 
REQUEST		DELETE Request	1742252902772	1742252902885	OK	 
USER	Open Model Scenario	END	1742252902887
USER	Open Model Scenario	START	1742252902901
REQUEST		POST Request	1742252902516	1742252902935	OK	 
REQUEST		POST Request	1742252902932	1742252903042	OK	 
REQUEST		PUT Request	1742252902979	1742252903079	OK	 
USER	Open Model Scenario	START	1742252903092
REQUEST		PUT Request	1742252903043	1742252903147	OK	 
REQUEST		POST Request	1742252903108	1742252903268	OK	 
USER	Open Model Scenario	START	1742252903301
REQUEST		PUT Request	1742252903204	1742252903309	OK	 
REQUEST		DELETE Request	1742252903252	1742252903361	OK	 
USER	Open Model Scenario	END	1742252903364
REQUEST		GET Request 1	1742252902900	1742252903429	OK	 
REQUEST		POST Request	1742252903364	1742252903475	OK	 
USER	Open Model Scenario	START	1742252903492
REQUEST		GET Request 1	1742252902292	1742252903521	OK	 
REQUEST		DELETE Request	1742252903428	1742252903534	OK	 
USER	Open Model Scenario	END	1742252903536
REQUEST		PUT Request	1742252903444	1742252903542	OK	 
REQUEST		PUT Request	1742252903571	1742252903682	OK	 
REQUEST		GET Request 1	1742252903491	1742252903689	OK	 
USER	Open Model Scenario	START	1742252903701
REQUEST		DELETE Request	1742252903667	1742252903767	OK	 
USER	Open Model Scenario	END	1742252903768
REQUEST		DELETE Request	1742252903683	1742252903782	OK	 
USER	Open Model Scenario	END	1742252903784
USER	Open Model Scenario	START	1742252903892
REQUEST		POST Request	1742252903747	1742252903911	OK	 
REQUEST		GET Request 1	1742252903091	1742252903933	OK	 
REQUEST		PUT Request	1742252903830	1742252903945	OK	 
REQUEST		PUT Request	1742252903938	1742252904042	OK	 
USER	Open Model Scenario	START	1742252904100
REQUEST		GET Request 1	1742252903891	1742252904118	OK	 
REQUEST		PUT Request	1742252904050	1742252904160	OK	 
REQUEST		GET Request 1	1742252903300	1742252904170	OK	 
REQUEST		DELETE Request	1742252904082	1742252904193	OK	 
USER	Open Model Scenario	END	1742252904195
REQUEST		GET Request 1	1742252903699	1742252904249	OK	 
REQUEST		DELETE Request	1742252904163	1742252904269	OK	 
USER	Open Model Scenario	END	1742252904270
USER	Open Model Scenario	START	1742252904291
REQUEST		GET Request 1	1742252904099	1742252904300	OK	 
REQUEST		PUT Request	1742252904274	1742252904388	OK	 
REQUEST		DELETE Request	1742252904322	1742252904484	OK	 
USER	Open Model Scenario	END	1742252904486
USER	Open Model Scenario	START	1742252904500
REQUEST		GET Request 1	1742252904290	1742252904512	OK	 
REQUEST		POST Request	1742252904434	1742252904544	OK	 
REQUEST		PUT Request	1742252904483	1742252904608	OK	 
REQUEST		POST Request	1742252904531	1742252904633	OK	 
REQUEST		DELETE Request	1742252904546	1742252904644	OK	 
USER	Open Model Scenario	END	1742252904645
USER	Open Model Scenario	START	1742252904694
REQUEST		GET Request 1	1742252904499	1742252904715	OK	 
REQUEST		DELETE Request	1742252904692	1742252904798	OK	 
USER	Open Model Scenario	END	1742252904800
REQUEST		POST Request	1742252904693	1742252904851	OK	 
USER	Open Model Scenario	START	1742252904900
REQUEST		GET Request 1	1742252904693	1742252904916	OK	 
REQUEST		PUT Request	1742252904916	1742252905027	OK	 
REQUEST		DELETE Request	1742252904946	1742252905056	OK	 
USER	Open Model Scenario	END	1742252905058
REQUEST		POST Request	1742252904946	1742252905063	OK	 
USER	Open Model Scenario	START	1742252905091
REQUEST		DELETE Request	1742252905058	1742252905161	OK	 
USER	Open Model Scenario	END	1742252905162
REQUEST		POST Request	1742252905123	1742252905230	OK	 
REQUEST		DELETE Request	1742252905170	1742252905278	OK	 
USER	Open Model Scenario	END	1742252905280
REQUEST		POST Request	1742252905187	1742252905298	OK	 
USER	Open Model Scenario	START	1742252905299
REQUEST		GET Request 1	1742252905090	1742252905323	OK	 
REQUEST		POST Request	1742252905265	1742252905369	OK	 
REQUEST		POST Request	1742252905313	1742252905468	OK	 
USER	Open Model Scenario	START	1742252905491
REQUEST		DELETE Request	1742252905394	1742252905496	OK	 
USER	Open Model Scenario	END	1742252905497
REQUEST		GET Request 1	1742252905298	1742252905530	OK	 
REQUEST		PUT Request	1742252905555	1742252905661	OK	 
USER	Open Model Scenario	START	1742252905701
REQUEST		PUT Request	1742252905635	1742252905745	OK	 
REQUEST		DELETE Request	1742252905619	1742252905778	OK	 
USER	Open Model Scenario	END	1742252905780
USER	Open Model Scenario	START	1742252905893
REQUEST		POST Request	1742252905730	1742252905893	OK	 
REQUEST		POST Request	1742252905522	1742252905934	OK	 
REQUEST		PUT Request	1742252905859	1742252905959	OK	 
REQUEST		POST Request	1742252905923	1742252906081	OK	 
USER	Open Model Scenario	START	1742252906100
REQUEST		GET Request 1	1742252905892	1742252906116	OK	 
REQUEST		DELETE Request	1742252906035	1742252906142	OK	 
USER	Open Model Scenario	END	1742252906142
REQUEST		PUT Request	1742252906067	1742252906183	OK	 
USER	Open Model Scenario	START	1742252906293
REQUEST		GET Request 1	1742252906099	1742252906320	OK	 
REQUEST		PUT Request	1742252906243	1742252906354	OK	 
REQUEST		PUT Request	1742252906308	1742252906418	OK	 
REQUEST		POST Request	1742252906340	1742252906448	OK	 
REQUEST		PUT Request	1742252906372	1742252906486	OK	 
USER	Open Model Scenario	START	1742252906500
REQUEST		GET Request 1	1742252906292	1742252906535	OK	 
REQUEST		PUT Request	1742252906484	1742252906583	OK	 
REQUEST		POST Request	1742252906547	1742252906658	OK	 
USER	Open Model Scenario	START	1742252906695
REQUEST		GET Request 1	1742252905491	1742252906724	OK	 
REQUEST		DELETE Request	1742252906675	1742252906778	OK	 
USER	Open Model Scenario	END	1742252906779
REQUEST		DELETE Request	1742252906759	1742252906863	OK	 
USER	Open Model Scenario	END	1742252906864
USER	Open Model Scenario	START	1742252906886
REQUEST		GET Request 1	1742252905699	1742252906952	OK	 
REQUEST		GET Request 1	1742252902692	1742252906953	OK	 
REQUEST		PUT Request	1742252906902	1742252907000	OK	 
REQUEST		PUT Request	1742252906950	1742252907057	OK	 
REQUEST		DELETE Request	1742252906966	1742252907062	OK	 
USER	Open Model Scenario	END	1742252907063
USER	Open Model Scenario	START	1742252907094
REQUEST		PUT Request	1742252907093	1742252907190	OK	 
REQUEST		GET Request 1	1742252906694	1742252907230	OK	 
REQUEST		POST Request	1742252907126	1742252907234	OK	 
USER	Open Model Scenario	START	1742252907288
REQUEST		DELETE Request	1742252907190	1742252907299	OK	 
USER	Open Model Scenario	END	1742252907301
REQUEST		GET Request 1	1742252907093	1742252907309	OK	 
REQUEST		DELETE Request	1742252907366	1742252907480	OK	 
USER	Open Model Scenario	END	1742252907482
REQUEST		POST Request	1742252907335	1742252907496	OK	 
USER	Open Model Scenario	START	1742252907497
REQUEST		GET Request 1	1742252907287	1742252907498	OK	 
REQUEST		DELETE Request	1742252907432	1742252907538	OK	 
USER	Open Model Scenario	END	1742252907540
REQUEST		PUT Request	1742252907463	1742252907578	OK	 
REQUEST		DELETE Request	1742252907495	1742252907612	OK	 
USER	Open Model Scenario	END	1742252907613
USER	Open Model Scenario	START	1742252907688
REQUEST		DELETE Request	1742252907591	1742252907692	OK	 
USER	Open Model Scenario	END	1742252907694
REQUEST		GET Request 1	1742252907495	1742252907728	OK	 
REQUEST		PUT Request	1742252907672	1742252907785	OK	 
REQUEST		POST Request	1742252907737	1742252907848	OK	 
USER	Open Model Scenario	START	1742252907897
REQUEST		POST Request	1742252907543	1742252907953	OK	 
REQUEST		POST Request	1742252907961	1742252908061	OK	 
USER	Open Model Scenario	START	1742252908090
REQUEST		DELETE Request	1742252908010	1742252908111	OK	 
USER	Open Model Scenario	END	1742252908111
REQUEST		GET Request 1	1742252907896	1742252908114	OK	 
REQUEST		POST Request	1742252907961	1742252908132	OK	 
REQUEST		GET Request 1	1742252904899	1742252908154	OK	 
REQUEST		DELETE Request	1742252908073	1742252908181	OK	 
USER	Open Model Scenario	END	1742252908182
USER	Open Model Scenario	START	1742252908297
REQUEST		DELETE Request	1742252908200	1742252908303	OK	 
REQUEST		GET Request 1	1742252908089	1742252908303	OK	 
USER	Open Model Scenario	END	1742252908304
REQUEST		POST Request	1742252908232	1742252908339	OK	 
REQUEST		PUT Request	1742252908248	1742252908364	OK	 
REQUEST		POST Request	1742252908312	1742252908467	OK	 
USER	Open Model Scenario	START	1742252908490
REQUEST		PUT Request	1742252908505	1742252908617	OK	 
REQUEST		POST Request	1742252908505	1742252908618	OK	 
REQUEST		DELETE Request	1742252908585	1742252908691	OK	 
USER	Open Model Scenario	END	1742252908692
USER	Open Model Scenario	START	1742252908699
REQUEST		GET Request 1	1742252908296	1742252908838	OK	 
REQUEST		POST Request	1742252908745	1742252908855	OK	 
USER	Open Model Scenario	START	1742252908890
REQUEST		DELETE Request	1742252908793	1742252908904	OK	 
USER	Open Model Scenario	END	1742252908906
REQUEST		GET Request 1	1742252908697	1742252908910	OK	 
REQUEST		GET Request 1	1742252907688	1742252908926	OK	 
REQUEST		PUT Request	1742252908857	1742252908968	OK	 
REQUEST		GET Request 1	1742252908489	1742252909026	OK	 
REQUEST		PUT Request	1742252908969	1742252909074	OK	 
USER	Open Model Scenario	START	1742252909096
REQUEST		PUT Request	1742252909064	1742252909160	OK	 
REQUEST		PUT Request	1742252909144	1742252909247	OK	 
REQUEST		POST Request	1742252909160	1742252909267	OK	 
REQUEST		POST Request	1742252909128	1742252909288	OK	 
USER	Open Model Scenario	START	1742252909290
REQUEST		GET Request 1	1742252908889	1742252909417	OK	 
REQUEST		POST Request	1742252909320	1742252909424	OK	 
REQUEST		PUT Request	1742252909352	1742252909462	OK	 
REQUEST		DELETE Request	1742252909368	1742252909481	OK	 
USER	Open Model Scenario	END	1742252909483
USER	Open Model Scenario	START	1742252909497
REQUEST		GET Request 1	1742252909288	1742252909520	OK	 
REQUEST		PUT Request	1742252909480	1742252909592	OK	 
USER	Open Model Scenario	START	1742252909690
REQUEST		GET Request 1	1742252909496	1742252909715	OK	 
REQUEST		DELETE Request	1742252909624	1742252909730	OK	 
USER	Open Model Scenario	END	1742252909731
REQUEST		PUT Request	1742252909624	1742252909732	OK	 
USER	Open Model Scenario	START	1742252909888
REQUEST		POST Request	1742252909855	1742252909960	OK	 
REQUEST		PUT Request	1742252909870	1742252909978	OK	 
REQUEST		POST Request	1742252909918	1742252910029	OK	 
REQUEST		POST Request	1742252909935	1742252910041	OK	 
REQUEST		DELETE Request	1742252909982	1742252910091	OK	 
USER	Open Model Scenario	END	1742252910093
USER	Open Model Scenario	START	1742252910095
REQUEST		GET Request 1	1742252906885	1742252910139	OK	 
REQUEST		POST Request	1742252910030	1742252910140	OK	 
REQUEST		DELETE Request	1742252910078	1742252910190	OK	 
USER	Open Model Scenario	END	1742252910191
REQUEST		DELETE Request	1742252910173	1742252910270	OK	 
USER	Open Model Scenario	END	1742252910271
USER	Open Model Scenario	START	1742252910287
REQUEST		GET Request 1	1742252909096	1742252910328	OK	 
REQUEST		PUT Request	1742252910269	1742252910383	OK	 
REQUEST		GET Request 1	1742252909887	1742252910412	OK	 
REQUEST		DELETE Request	1742252910253	1742252910413	OK	 
USER	Open Model Scenario	END	1742252910415
REQUEST		PUT Request	1742252910302	1742252910462	OK	 
USER	Open Model Scenario	START	1742252910497
REQUEST		GET Request 1	1742252910286	1742252910524	OK	 
REQUEST		PUT Request	1742252910431	1742252910529	OK	 
REQUEST		POST Request	1742252910431	1742252910538	OK	 
REQUEST		DELETE Request	1742252910463	1742252910569	OK	 
USER	Open Model Scenario	END	1742252910570
REQUEST		GET Request 1	1742252910094	1742252910620	OK	 
REQUEST		POST Request	1742252910527	1742252910637	OK	 
USER	Open Model Scenario	START	1742252910689
REQUEST		DELETE Request	1742252910607	1742252910709	OK	 
USER	Open Model Scenario	END	1742252910710
REQUEST		GET Request 1	1742252910496	1742252910717	OK	 
REQUEST		POST Request	1742252910721	1742252910825	OK	 
REQUEST		DELETE Request	1742252910737	1742252910837	OK	 
USER	Open Model Scenario	END	1742252910838
USER	Open Model Scenario	START	1742252910898
REQUEST		GET Request 1	1742252910688	1742252910903	OK	 
REQUEST		PUT Request	1742252910977	1742252911090	OK	 
USER	Open Model Scenario	START	1742252911091
REQUEST		DELETE Request	1742252910992	1742252911111	OK	 
USER	Open Model Scenario	END	1742252911111
REQUEST		PUT Request	1742252911057	1742252911165	OK	 
REQUEST		GET Request 1	1742252909689	1742252911228	OK	 
REQUEST		POST Request	1742252911152	1742252911256	OK	 
REQUEST		PUT Request	1742252911152	1742252911258	OK	 
USER	Open Model Scenario	START	1742252911297
REQUEST		POST Request	1742252911330	1742252911441	OK	 
REQUEST		PUT Request	1742252911041	1742252911442	OK	 
USER	Open Model Scenario	START	1742252911491
REQUEST		DELETE Request	1742252911394	1742252911505	OK	 
USER	Open Model Scenario	END	1742252911506
REQUEST		GET Request 1	1742252911297	1742252911526	OK	 
REQUEST		POST Request	1742252911426	1742252911526	OK	 
REQUEST		DELETE Request	1742252911474	1742252911568	OK	 
USER	Open Model Scenario	END	1742252911569
REQUEST		DELETE Request	1742252911537	1742252911636	OK	 
USER	Open Model Scenario	END	1742252911637
REQUEST		PUT Request	1742252911554	1742252911658	OK	 
REQUEST		POST Request	1742252911538	1742252911698	OK	 
USER	Open Model Scenario	START	1742252911699
REQUEST		POST Request	1742252911635	1742252911753	OK	 
REQUEST		PUT Request	1742252911650	1742252911760	OK	 
REQUEST		POST Request	1742252911732	1742252911833	OK	 
USER	Open Model Scenario	START	1742252911893
REQUEST		GET Request 1	1742252911698	1742252911932	OK	 
REQUEST		PUT Request	1742252911828	1742252911935	OK	 
REQUEST		POST Request	1742252911908	1742252912012	OK	 
USER	Open Model Scenario	START	1742252912101
REQUEST		GET Request 1	1742252911892	1742252912121	OK	 
REQUEST		DELETE Request	1742252912100	1742252912204	OK	 
USER	Open Model Scenario	END	1742252912205
USER	Open Model Scenario	START	1742252912295
REQUEST		DELETE Request	1742252912179	1742252912341	OK	 
USER	Open Model Scenario	END	1742252912343
REQUEST		POST Request	1742252912244	1742252912351	OK	 
REQUEST		DELETE Request	1742252912260	1742252912374	OK	 
USER	Open Model Scenario	END	1742252912375
REQUEST		PUT Request	1742252912260	1742252912377	OK	 
REQUEST		GET Request 1	1742252910897	1742252912416	OK	 
USER	Open Model Scenario	START	1742252912499
REQUEST		GET Request 1	1742252912293	1742252912513	OK	 
REQUEST		DELETE Request	1742252912453	1742252912556	OK	 
USER	Open Model Scenario	END	1742252912557
REQUEST		PUT Request	1742252912452	1742252912558	OK	 
REQUEST		PUT Request	1742252912531	1742252912637	OK	 
USER	Open Model Scenario	START	1742252912692
REQUEST		POST Request	1742252912531	1742252912704	OK	 
REQUEST		GET Request 1	1742252911490	1742252912739	OK	 
REQUEST		DELETE Request	1742252912675	1742252912784	OK	 
USER	Open Model Scenario	END	1742252912785
REQUEST		PUT Request	1742252912706	1742252912812	OK	 
REQUEST		PUT Request	1742252912755	1742252912866	OK	 
REQUEST		DELETE Request	1742252912770	1742252912872	OK	 
USER	Open Model Scenario	END	1742252912873
USER	Open Model Scenario	START	1742252912898
REQUEST		PUT Request	1742252912850	1742252912957	OK	 
REQUEST		GET Request 1	1742252912499	1742252913020	OK	 
REQUEST		DELETE Request	1742252912946	1742252913048	OK	 
USER	Open Model Scenario	END	1742252913049
REQUEST		POST Request	1742252912946	1742252913056	OK	 
USER	Open Model Scenario	START	1742252913091
REQUEST		GET Request 1	1742252912898	1742252913115	OK	 
REQUEST		PUT Request	1742252913026	1742252913125	OK	 
REQUEST		POST Request	1742252913137	1742252913268	OK	 
USER	Open Model Scenario	START	1742252913298
REQUEST		GET Request 1	1742252912100	1742252913348	OK	 
REQUEST		PUT Request	1742252913362	1742252913467	OK	 
USER	Open Model Scenario	START	1742252913491
REQUEST		DELETE Request	1742252913393	1742252913497	OK	 
USER	Open Model Scenario	END	1742252913498
REQUEST		GET Request 1	1742252913297	1742252913538	OK	 
REQUEST		POST Request	1742252913426	1742252913538	OK	 
REQUEST		POST Request	1742252913522	1742252913643	OK	 
REQUEST		DELETE Request	1742252913570	1742252913681	OK	 
USER	Open Model Scenario	END	1742252913682
USER	Open Model Scenario	START	1742252913702
REQUEST		GET Request 1	1742252913490	1742252913705	OK	 
REQUEST		DELETE Request	1742252913650	1742252913751	OK	 
USER	Open Model Scenario	END	1742252913752
REQUEST		PUT Request	1742252913714	1742252913824	OK	 
REQUEST		POST Request	1742252913747	1742252913866	OK	 
USER	Open Model Scenario	START	1742252913890
REQUEST		GET Request 1	1742252913699	1742252913920	OK	 
REQUEST		DELETE Request	1742252913826	1742252913930	OK	 
USER	Open Model Scenario	END	1742252913931
REQUEST		DELETE Request	1742252913874	1742252913982	OK	 
USER	Open Model Scenario	END	1742252913983
REQUEST		DELETE Request	1742252913970	1742252914077	OK	 
USER	Open Model Scenario	END	1742252914079
USER	Open Model Scenario	START	1742252914098
REQUEST		PUT Request	1742252914066	1742252914175	OK	 
REQUEST		POST Request	1742252914130	1742252914230	OK	 
REQUEST		DELETE Request	1742252914129	1742252914235	OK	 
USER	Open Model Scenario	END	1742252914235
USER	Open Model Scenario	START	1742252914289
REQUEST		GET Request 1	1742252913090	1742252914304	OK	 
REQUEST		GET Request 1	1742252913889	1742252914420	OK	 
REQUEST		PUT Request	1742252914272	1742252914446	OK	 
REQUEST		POST Request	1742252914034	1742252914448	OK	 
REQUEST		POST Request	1742252914351	1742252914459	OK	 
USER	Open Model Scenario	START	1742252914496
REQUEST		GET Request 1	1742252914287	1742252914507	OK	 
REQUEST		DELETE Request	1742252914479	1742252914592	OK	 
USER	Open Model Scenario	END	1742252914593
REQUEST		PUT Request	1742252914544	1742252914646	OK	 
REQUEST		POST Request	1742252914544	1742252914664	OK	 
USER	Open Model Scenario	START	1742252914688
REQUEST		GET Request 1	1742252914495	1742252914708	OK	 
REQUEST		PUT Request	1742252914655	1742252914764	OK	 
REQUEST		POST Request	1742252914721	1742252914888	OK	 
USER	Open Model Scenario	START	1742252914897
REQUEST		DELETE Request	1742252914833	1742252914940	OK	 
REQUEST		GET Request 1	1742252914687	1742252914941	OK	 
USER	Open Model Scenario	END	1742252914942
REQUEST		PUT Request	1742252914881	1742252914988	OK	 
REQUEST		POST Request	1742252914929	1742252915033	OK	 
USER	Open Model Scenario	START	1742252915089
REQUEST		GET Request 1	1742252914896	1742252915126	OK	 
REQUEST		DELETE Request	1742252915184	1742252915284	OK	 
USER	Open Model Scenario	END	1742252915285
USER	Open Model Scenario	START	1742252915296
REQUEST		GET Request 1	1742252914097	1742252915306	OK	 
REQUEST		POST Request	1742252915311	1742252915471	OK	 
USER	Open Model Scenario	START	1742252915486
REQUEST		POST Request	1742252915422	1742252915532	OK	 
REQUEST		DELETE Request	1742252915454	1742252915556	OK	 
USER	Open Model Scenario	END	1742252915557
REQUEST		PUT Request	1742252915454	1742252915561	OK	 
REQUEST		PUT Request	1742252915470	1742252915578	OK	 
REQUEST		PUT Request	1742252915231	1742252915638	OK	 
REQUEST		POST Request	1742252915518	1742252915685	OK	 
USER	Open Model Scenario	START	1742252915695
REQUEST		GET Request 1	1742252915486	1742252915701	OK	 
REQUEST		DELETE Request	1742252915662	1742252915759	OK	 
USER	Open Model Scenario	END	1742252915760
REQUEST		PUT Request	1742252915678	1742252915781	OK	 
REQUEST		POST Request	1742252915710	1742252915870	OK	 
REQUEST		DELETE Request	1742252915775	1742252915874	OK	 
USER	Open Model Scenario	END	1742252915876
USER	Open Model Scenario	START	1742252915887
REQUEST		PUT Request	1742252915902	1742252916022	OK	 
REQUEST		POST Request	1742252915950	1742252916060	OK	 
USER	Open Model Scenario	START	1742252916097
REQUEST		GET Request 1	1742252915887	1742252916116	OK	 
REQUEST		PUT Request	1742252916047	1742252916146	OK	 
REQUEST		POST Request	1742252916143	1742252916258	OK	 
USER	Open Model Scenario	START	1742252916289
REQUEST		GET Request 1	1742252915088	1742252916308	OK	 
REQUEST		DELETE Request	1742252915998	1742252916408	OK	 
USER	Open Model Scenario	END	1742252916409
REQUEST		POST Request	1742252916319	1742252916419	OK	 
USER	Open Model Scenario	START	1742252916496
REQUEST		GET Request 1	1742252916288	1742252916518	OK	 
REQUEST		GET Request 1	1742252915295	1742252916542	OK	 
REQUEST		PUT Request	1742252916479	1742252916577	OK	 
REQUEST		GET Request 1	1742252916096	1742252916618	OK	 
REQUEST		PUT Request	1742252916543	1742252916653	OK	 
REQUEST		DELETE Request	1742252916575	1742252916683	OK	 
USER	Open Model Scenario	END	1742252916685
USER	Open Model Scenario	START	1742252916687
REQUEST		GET Request 1	1742252916495	1742252916694	OK	 
REQUEST		DELETE Request	1742252916591	1742252916714	OK	 
USER	Open Model Scenario	END	1742252916715
REQUEST		DELETE Request	1742252916655	1742252916768	OK	 
USER	Open Model Scenario	END	1742252916770
REQUEST		PUT Request	1742252916687	1742252916788	OK	 
REQUEST		POST Request	1742252916703	1742252916810	OK	 
USER	Open Model Scenario	START	1742252916898
REQUEST		DELETE Request	1742252916784	1742252916901	OK	 
USER	Open Model Scenario	END	1742252916902
REQUEST		PUT Request	1742252916881	1742252916977	OK	 
USER	Open Model Scenario	START	1742252917090
REQUEST		DELETE Request	1742252917026	1742252917137	OK	 
USER	Open Model Scenario	END	1742252917138
REQUEST		PUT Request	1742252917073	1742252917186	OK	 
REQUEST		POST Request	1742252917121	1742252917230	OK	 
REQUEST		GET Request 1	1742252915694	1742252917240	OK	 
REQUEST		DELETE Request	1742252917154	1742252917254	OK	 
USER	Open Model Scenario	END	1742252917255
USER	Open Model Scenario	START	1742252917298
REQUEST		PUT Request	1742252917265	1742252917371	OK	 
REQUEST		POST Request	1742252917314	1742252917415	OK	 
USER	Open Model Scenario	START	1742252917491
REQUEST		GET Request 1	1742252917297	1742252917528	OK	 
REQUEST		PUT Request	1742252917426	1742252917537	OK	 
REQUEST		GET Request 1	1742252906499	1742252917585	KO	i.n.h.s.SslHandshakeTimeoutException: handshake timed out after 10000ms
REQUEST		GET Request 1	1742252917090	1742252917629	OK	 
REQUEST		POST Request	1742252917554	1742252917665	OK	 
USER	Open Model Scenario	START	1742252917698
REQUEST		DELETE Request	1742252917586	1742252917739	OK	 
USER	Open Model Scenario	END	1742252917740
REQUEST		DELETE Request	1742252917665	1742252917775	OK	 
USER	Open Model Scenario	END	1742252917776
REQUEST		POST Request	1742252917634	1742252917792	OK	 
REQUEST		POST Request	1742252917697	1742252917795	OK	 
USER	Open Model Scenario	START	1742252917891
REQUEST		DELETE Request	1742252917794	1742252917899	OK	 
USER	Open Model Scenario	END	1742252917899
REQUEST		PUT Request	1742252917825	1742252917930	OK	 
REQUEST		POST Request	1742252917523	1742252917933	OK	 
REQUEST		DELETE Request	1742252917985	1742252918082	OK	 
USER	Open Model Scenario	END	1742252918083
USER	Open Model Scenario	START	1742252918098
REQUEST		GET Request 1	1742252917889	1742252918115	OK	 
REQUEST		GET Request 1	1742252916897	1742252918133	OK	 
REQUEST		GET Request 1	1742252916687	1742252918212	OK	 
USER	Open Model Scenario	START	1742252918290
REQUEST		DELETE Request	1742252918193	1742252918321	OK	 
USER	Open Model Scenario	END	1742252918322
REQUEST		PUT Request	1742252918241	1742252918348	OK	 
REQUEST		GET Request 1	1742252911090	1742252918357	OK	 
REQUEST		POST Request	1742252918241	1742252918409	OK	 
REQUEST		DELETE Request	1742252918385	1742252918495	OK	 
USER	Open Model Scenario	END	1742252918496
USER	Open Model Scenario	START	1742252918498
REQUEST		GET Request 1	1742252918289	1742252918516	OK	 
REQUEST		PUT Request	1742252918418	1742252918521	OK	 
REQUEST		POST Request	1742252918530	1742252918633	OK	 
USER	Open Model Scenario	START	1742252918692
REQUEST		GET Request 1	1742252918498	1742252918723	OK	 
REQUEST		POST Request	1742252918642	1742252918748	OK	 
REQUEST		PUT Request	1742252918675	1742252918789	OK	 
USER	Open Model Scenario	START	1742252918891
REQUEST		PUT Request	1742252918810	1742252918906	OK	 
REQUEST		PUT Request	1742252918810	1742252918910	OK	 
REQUEST		GET Request 1	1742252918691	1742252918926	OK	 
REQUEST		GET Request 1	1742252917697	1742252918926	OK	 
REQUEST		DELETE Request	1742252918546	1742252918963	OK	 
USER	Open Model Scenario	END	1742252918963
REQUEST		DELETE Request	1742252918937	1742252919038	OK	 
USER	Open Model Scenario	END	1742252919039
REQUEST		PUT Request	1742252918937	1742252919053	OK	 
USER	Open Model Scenario	START	1742252919098
REQUEST		POST Request	1742252919129	1742252919236	OK	 
REQUEST		POST Request	1742252919145	1742252919256	OK	 
USER	Open Model Scenario	START	1742252919291
REQUEST		GET Request 1	1742252919097	1742252919335	OK	 
REQUEST		GET Request 1	1742252918097	1742252919340	OK	 
REQUEST		POST Request	1742252919226	1742252919382	OK	 
REQUEST		DELETE Request	1742252919353	1742252919475	OK	 
USER	Open Model Scenario	END	1742252919477
REQUEST		POST Request	1742252919370	1742252919479	OK	 
USER	Open Model Scenario	START	1742252919500
REQUEST		GET Request 1	1742252919290	1742252919500	OK	 
REQUEST		PUT Request	1742252919418	1742252919525	OK	 
REQUEST		POST Request	1742252919530	1742252919643	OK	 
REQUEST		DELETE Request	1742252919531	1742252919643	OK	 
USER	Open Model Scenario	END	1742252919644
USER	Open Model Scenario	START	1742252919691
REQUEST		GET Request 1	1742252919498	1742252919722	OK	 
REQUEST		PUT Request	1742252919642	1742252919752	OK	 
REQUEST		POST Request	1742252919738	1742252919839	OK	 
REQUEST		PUT Request	1742252919754	1742252919863	OK	 
USER	Open Model Scenario	START	1742252919901
REQUEST		GET Request 1	1742252919690	1742252919906	OK	 
REQUEST		DELETE Request	1742252919802	1742252919910	OK	 
USER	Open Model Scenario	END	1742252919911
REQUEST		DELETE Request	1742252919907	1742252920012	OK	 
REQUEST		DELETE Request	1742252919915	1742252920013	OK	 
USER	Open Model Scenario	END	1742252920013
USER	Open Model Scenario	END	1742252920014
REQUEST		POST Request	1742252919931	1742252920042	OK	 
REQUEST		POST Request	1742252919931	1742252920085	OK	 
USER	Open Model Scenario	START	1742252920092
REQUEST		GET Request 1	1742252919900	1742252920108	OK	 
REQUEST		DELETE Request	1742252920059	1742252920171	OK	 
USER	Open Model Scenario	END	1742252920172
USER	Open Model Scenario	START	1742252920301
REQUEST		PUT Request	1742252920252	1742252920358	OK	 
REQUEST		PUT Request	1742252920268	1742252920382	OK	 
REQUEST		POST Request	1742252920348	1742252920455	OK	 
USER	Open Model Scenario	START	1742252920493
REQUEST		POST Request	1742252920348	1742252920501	OK	 
REQUEST		PUT Request	1742252920397	1742252920503	OK	 
REQUEST		PUT Request	1742252920493	1742252920598	OK	 
REQUEST		POST Request	1742252920508	1742252920608	OK	 
REQUEST		DELETE Request	1742252920540	1742252920656	OK	 
USER	Open Model Scenario	END	1742252920657
USER	Open Model Scenario	START	1742252920701
REQUEST		GET Request 1	1742252920492	1742252920733	OK	 
REQUEST		PUT Request	1742252920652	1742252920762	OK	 
REQUEST		POST Request	1742252920733	1742252920839	OK	 
REQUEST		DELETE Request	1742252920764	1742252920875	OK	 
USER	Open Model Scenario	END	1742252920876
USER	Open Model Scenario	START	1742252920893
REQUEST		PUT Request	1742252901173	1742252920901	OK	 
REQUEST		PUT Request	1742252920844	1742252920961	OK	 
REQUEST		DELETE Request	1742252920877	1742252920992	OK	 
USER	Open Model Scenario	END	1742252920993
REQUEST		GET Request 1	1742252917491	1742252921010	OK	 
REQUEST		POST Request	1742252920909	1742252921012	OK	 
USER	Open Model Scenario	START	1742252921101
REQUEST		GET Request 1	1742252920892	1742252921109	OK	 
REQUEST		PUT Request	1742252921053	1742252921158	OK	 
REQUEST		PUT Request	1742252921101	1742252921205	OK	 
REQUEST		POST Request	1742252921117	1742252921273	OK	 
USER	Open Model Scenario	START	1742252921294
REQUEST		GET Request 1	1742252921101	1742252921311	OK	 
REQUEST		DELETE Request	1742252921373	1742252921478	OK	 
USER	Open Model Scenario	END	1742252921479
USER	Open Model Scenario	START	1742252921487
REQUEST		DELETE Request	1742252921389	1742252921507	OK	 
USER	Open Model Scenario	END	1742252921508
REQUEST		GET Request 1	1742252920300	1742252921539	OK	 
REQUEST		GET Request 1	1742252921293	1742252921544	OK	 
REQUEST		PUT Request	1742252921470	1742252921576	OK	 
REQUEST		PUT Request	1742252921502	1742252921599	OK	 
REQUEST		DELETE Request	1742252921519	1742252921674	OK	 
USER	Open Model Scenario	END	1742252921675
USER	Open Model Scenario	START	1742252921695
REQUEST		GET Request 1	1742252921486	1742252921712	OK	 
REQUEST		PUT Request	1742252921614	1742252921714	OK	 
REQUEST		DELETE Request	1742252921614	1742252921731	OK	 
USER	Open Model Scenario	END	1742252921732
REQUEST		POST Request	1742252921742	1742252921844	OK	 
USER	Open Model Scenario	START	1742252921887
REQUEST		DELETE Request	1742252921774	1742252921889	OK	 
USER	Open Model Scenario	END	1742252921890
REQUEST		GET Request 1	1742252921695	1742252921926	OK	 
REQUEST		PUT Request	1742252921854	1742252921961	OK	 
REQUEST		DELETE Request	1742252921918	1742252922030	OK	 
USER	Open Model Scenario	END	1742252922031
REQUEST		DELETE Request	1742252921966	1742252922078	OK	 
USER	Open Model Scenario	END	1742252922079
USER	Open Model Scenario	START	1742252922095
REQUEST		POST Request	1742252922014	1742252922116	OK	 
REQUEST		PUT Request	1742252922014	1742252922116	OK	 
REQUEST		POST Request	1742252922110	1742252922214	OK	 
REQUEST		GET Request 1	1742252920701	1742252922247	OK	 
REQUEST		DELETE Request	1742252922174	1742252922281	OK	 
USER	Open Model Scenario	END	1742252922281
USER	Open Model Scenario	START	1742252922288
REQUEST		GET Request 1	1742252922094	1742252922300	OK	 
REQUEST		DELETE Request	1742252922207	1742252922315	OK	 
USER	Open Model Scenario	END	1742252922315
REQUEST		PUT Request	1742252922287	1742252922389	OK	 
REQUEST		POST Request	1742252922318	1742252922422	OK	 
USER	Open Model Scenario	START	1742252922495
REQUEST		GET Request 1	1742252922287	1742252922513	OK	 
REQUEST		POST Request	1742252922543	1742252922654	OK	 
REQUEST		POST Request	1742252922559	1742252922670	OK	 
USER	Open Model Scenario	START	1742252922687
REQUEST		DELETE Request	1742252922590	1742252922698	OK	 
USER	Open Model Scenario	END	1742252922699
REQUEST		DELETE Request	1742252922607	1742252922706	OK	 
USER	Open Model Scenario	END	1742252922706
REQUEST		GET Request 1	1742252912691	1742252922766	KO	i.n.h.s.SslHandshakeTimeoutException: handshake timed out after 10000ms
REQUEST		DELETE Request	1742252922718	1742252922817	OK	 
USER	Open Model Scenario	END	1742252922818
REQUEST		POST Request	1742252922718	1742252922828	OK	 
USER	Open Model Scenario	START	1742252922895
REQUEST		PUT Request	1742252922847	1742252922955	OK	 
REQUEST		POST Request	1742252922943	1742252923057	OK	 
USER	Open Model Scenario	START	1742252923088
REQUEST		DELETE Request	1742252922974	1742252923094	OK	 
USER	Open Model Scenario	END	1742252923095
REQUEST		GET Request 1	1742252922894	1742252923157	OK	 
REQUEST		PUT Request	1742252923119	1742252923217	OK	 
REQUEST		DELETE Request	1742252923119	1742252923284	OK	 
USER	Open Model Scenario	END	1742252923285
USER	Open Model Scenario	START	1742252923297
REQUEST		GET Request 1	1742252923087	1742252923298	OK	 
REQUEST		GET Request 1	1742252920091	1742252923315	OK	 
REQUEST		PUT Request	1742252923231	1742252923328	OK	 
REQUEST		POST Request	1742252923263	1742252923371	OK	 
REQUEST		GET Request 1	1742252921886	1742252923401	OK	 
REQUEST		POST Request	1742252923312	1742252923415	OK	 
USER	Open Model Scenario	START	1742252923489
REQUEST		DELETE Request	1742252923391	1742252923505	OK	 
USER	Open Model Scenario	END	1742252923506
REQUEST		PUT Request	1742252923439	1742252923546	OK	 
REQUEST		POST Request	1742252923519	1742252923632	OK	 
USER	Open Model Scenario	START	1742252923699
REQUEST		GET Request 1	1742252922494	1742252923748	OK	 
REQUEST		PUT Request	1742252923664	1742252923764	OK	 
REQUEST		PUT Request	1742252923681	1742252923791	OK	 
REQUEST		GET Request 1	1742252923296	1742252923821	OK	 
USER	Open Model Scenario	START	1742252923889
REQUEST		GET Request 1	1742252922686	1742252923915	OK	 
REQUEST		PUT Request	1742252923841	1742252923945	OK	 
REQUEST		DELETE Request	1742252923967	1742252924079	OK	 
USER	Open Model Scenario	END	1742252924081
USER	Open Model Scenario	START	1742252924097
REQUEST		GET Request 1	1742252923889	1742252924101	OK	 
REQUEST		PUT Request	1742252924064	1742252924181	OK	 
REQUEST		GET Request 1	1742252923697	1742252924224	OK	 
REQUEST		POST Request	1742252924160	1742252924269	OK	 
USER	Open Model Scenario	START	1742252924289
REQUEST		GET Request 1	1742252924096	1742252924301	OK	 
REQUEST		POST Request	1742252923776	1742252924313	OK	 
REQUEST		DELETE Request	1742252924224	1742252924323	OK	 
USER	Open Model Scenario	END	1742252924323
REQUEST		POST Request	1742252924303	1742252924408	OK	 
REQUEST		POST Request	1742252924319	1742252924427	OK	 
REQUEST		DELETE Request	1742252924335	1742252924434	OK	 
USER	Open Model Scenario	END	1742252924435
REQUEST		PUT Request	1742252924383	1742252924488	OK	 
USER	Open Model Scenario	START	1742252924495
REQUEST		POST Request	1742252924415	1742252924522	OK	 
REQUEST		PUT Request	1742252924430	1742252924524	OK	 
REQUEST		GET Request 1	1742252924288	1742252924525	OK	 
REQUEST		DELETE Request	1742252924558	1742252924666	OK	 
USER	Open Model Scenario	END	1742252924668
USER	Open Model Scenario	START	1742252924703
REQUEST		GET Request 1	1742252924494	1742252924707	OK	 
REQUEST		PUT Request	1742252924638	1742252924748	OK	 
REQUEST		POST Request	1742252924750	1742252924858	OK	 
REQUEST		DELETE Request	1742252924766	1742252924866	OK	 
USER	Open Model Scenario	END	1742252924867
USER	Open Model Scenario	START	1742252924896
REQUEST		DELETE Request	1742252924798	1742252924911	OK	 
USER	Open Model Scenario	END	1742252924912
REQUEST		GET Request 1	1742252924703	1742252924953	OK	 
REQUEST		POST Request	1742252924830	1742252924979	OK	 
REQUEST		POST Request	1742252924926	1742252925032	OK	 
REQUEST		GET Request 1	1742252923488	1742252925034	OK	 
REQUEST		DELETE Request	1742252924953	1742252925053	OK	 
USER	Open Model Scenario	END	1742252925054
USER	Open Model Scenario	START	1742252925087
REQUEST		GET Request 1	1742252924895	1742252925139	OK	 
REQUEST		POST Request	1742252925103	1742252925259	OK	 
REQUEST		DELETE Request	1742252925182	1742252925291	OK	 
USER	Open Model Scenario	END	1742252925292
USER	Open Model Scenario	START	1742252925294
REQUEST		GET Request 1	1742252925087	1742252925307	OK	 
REQUEST		POST Request	1742252925230	1742252925337	OK	 
REQUEST		PUT Request	1742252925278	1742252925387	OK	 
REQUEST		POST Request	1742252925309	1742252925408	OK	 
REQUEST		PUT Request	1742252925326	1742252925425	OK	 
USER	Open Model Scenario	START	1742252925487
REQUEST		PUT Request	1742252925421	1742252925519	OK	 
REQUEST		PUT Request	1742252925438	1742252925552	OK	 
REQUEST		DELETE Request	1742252925502	1742252925608	OK	 
USER	Open Model Scenario	END	1742252925608
REQUEST		DELETE Request	1742252925534	1742252925636	OK	 
REQUEST		PUT Request	1742252925534	1742252925636	OK	 
USER	Open Model Scenario	END	1742252925637
REQUEST		POST Request	1742252925534	1742252925695	OK	 
USER	Open Model Scenario	START	1742252925696
REQUEST		POST Request	1742252925712	1742252925820	OK	 
REQUEST		DELETE Request	1742252925759	1742252925869	OK	 
USER	Open Model Scenario	END	1742252925870
USER	Open Model Scenario	START	1742252925889
REQUEST		PUT Request	1742252925872	1742252925981	OK	 
REQUEST		POST Request	1742252925968	1742252926081	OK	 
REQUEST		PUT Request	1742252925984	1742252926082	OK	 
USER	Open Model Scenario	START	1742252926097
REQUEST		GET Request 1	1742252925888	1742252926115	OK	 
REQUEST		PUT Request	1742252926034	1742252926141	OK	 
REQUEST		POST Request	1742252926048	1742252926153	OK	 
REQUEST		POST Request	1742252926144	1742252926256	OK	 
USER	Open Model Scenario	START	1742252926289
REQUEST		GET Request 1	1742252926096	1742252926323	OK	 
REQUEST		GET Request 1	1742252925486	1742252926335	OK	 
REQUEST		PUT Request	1742252926273	1742252926377	OK	 
REQUEST		PUT Request	1742252926353	1742252926456	OK	 
REQUEST		POST Request	1742252926321	1742252926474	OK	 
REQUEST		GET Request 1	1742252926288	1742252926498	OK	 
USER	Open Model Scenario	START	1742252926499
REQUEST		PUT Request	1742252926417	1742252926513	OK	 
REQUEST		DELETE Request	1742252926401	1742252926515	OK	 
USER	Open Model Scenario	END	1742252926516
REQUEST		GET Request 1	1742252925293	1742252926521	OK	 
REQUEST		DELETE Request	1742252926432	1742252926540	OK	 
USER	Open Model Scenario	END	1742252926541
REQUEST		DELETE Request	1742252926528	1742252926631	OK	 
USER	Open Model Scenario	END	1742252926632
REQUEST		DELETE Request	1742252926561	1742252926661	OK	 
USER	Open Model Scenario	END	1742252926662
USER	Open Model Scenario	START	1742252926705
REQUEST		GET Request 1	1742252926498	1742252926716	OK	 
REQUEST		DELETE Request	1742252926640	1742252926742	OK	 
USER	Open Model Scenario	END	1742252926743
REQUEST		PUT Request	1742252926704	1742252926813	OK	 
USER	Open Model Scenario	START	1742252926897
REQUEST		GET Request 1	1742252925695	1742252926927	OK	 
REQUEST		PUT Request	1742252926833	1742252926954	OK	 
USER	Open Model Scenario	START	1742252927090
REQUEST		DELETE Request	1742252926992	1742252927096	OK	 
USER	Open Model Scenario	END	1742252927097
REQUEST		DELETE Request	1742252927088	1742252927199	OK	 
USER	Open Model Scenario	END	1742252927200
REQUEST		PUT Request	1742252927088	1742252927201	OK	 
REQUEST		DELETE Request	1742252927152	1742252927258	OK	 
USER	Open Model Scenario	END	1742252927259
REQUEST		PUT Request	1742252927168	1742252927280	OK	 
USER	Open Model Scenario	START	1742252927299
REQUEST		GET Request 1	1742252927088	1742252927314	OK	 
REQUEST		PUT Request	1742252927265	1742252927376	OK	 
REQUEST		POST Request	1742252927329	1742252927436	OK	 
REQUEST		POST Request	1742252927345	1742252927451	OK	 
USER	Open Model Scenario	START	1742252927491
REQUEST		DELETE Request	1742252927392	1742252927500	OK	 
USER	Open Model Scenario	END	1742252927501
REQUEST		POST Request	1742252927120	1742252927538	OK	 
REQUEST		DELETE Request	1742252927457	1742252927566	OK	 
USER	Open Model Scenario	END	1742252927567
REQUEST		PUT Request	1742252927489	1742252927593	OK	 
REQUEST		POST Request	1742252927505	1742252927610	OK	 
REQUEST		POST Request	1742252927537	1742252927649	OK	 
USER	Open Model Scenario	START	1742252927698
REQUEST		GET Request 1	1742252927489	1742252927710	OK	 
REQUEST		GET Request 1	1742252926896	1742252927710	OK	 
REQUEST		POST Request	1742252927730	1742252927858	OK	 
USER	Open Model Scenario	START	1742252927891
REQUEST		GET Request 1	1742252926705	1742252927925	OK	 
REQUEST		DELETE Request	1742252927521	1742252927931	OK	 
USER	Open Model Scenario	END	1742252927932
REQUEST		GET Request 1	1742252927697	1742252927933	OK	 
REQUEST		DELETE Request	1742252927826	1742252927943	OK	 
USER	Open Model Scenario	END	1742252927944
USER	Open Model Scenario	START	1742252928101
REQUEST		GET Request 1	1742252927891	1742252928112	OK	 
USER	Open Model Scenario	START	1742252928291
REQUEST		DELETE Request	1742252928211	1742252928316	OK	 
USER	Open Model Scenario	END	1742252928318
REQUEST		DELETE Request	1742252928290	1742252928390	OK	 
USER	Open Model Scenario	END	1742252928392
REQUEST		POST Request	1742252928323	1742252928430	OK	 
USER	Open Model Scenario	START	1742252928498
REQUEST		GET Request 1	1742252928291	1742252928499	OK	 
REQUEST		DELETE Request	1742252928387	1742252928515	OK	 
USER	Open Model Scenario	END	1742252928515
REQUEST		GET Request 1	1742252927297	1742252928547	OK	 
REQUEST		PUT Request	1742252928450	1742252928553	OK	 
REQUEST		PUT Request	1742252928466	1742252928571	OK	 
REQUEST		GET Request 1	1742252928099	1742252928599	OK	 
REQUEST		PUT Request	1742252928546	1742252928652	OK	 
REQUEST		DELETE Request	1742252927954	1742252928683	OK	 
USER	Open Model Scenario	END	1742252928685
REQUEST		DELETE Request	1742252928594	1742252928686	OK	 
USER	Open Model Scenario	END	1742252928687
REQUEST		PUT Request	1742252928626	1742252928726	OK	 
REQUEST		PUT Request	1742252928658	1742252928765	OK	 
REQUEST		POST Request	1742252928722	1742252928824	OK	 
REQUEST		POST Request	1742252928722	1742252928826	OK	 
REQUEST		PUT Request	1742252928867	1742252928969	OK	 
REQUEST		POST Request	1742252928930	1742252929031	OK	 
REQUEST		POST Request	1742252928946	1742252929111	OK	 
REQUEST		POST Request	1742252929124	1742252929246	OK	 
REQUEST		PUT Request	1742252929444	1742252929545	OK	 
REQUEST		DELETE Request	1742252929557	1742252929661	OK	 
USER	Open Model Scenario	END	1742252929663
REQUEST		POST Request	1742252929557	1742252929668	OK	 
REQUEST		POST Request	1742252929509	1742252929679	OK	 
REQUEST		POST Request	1742252918594	1742252929685	KO	i.n.h.s.SslHandshakeTimeoutException: handshake timed out after 10000ms
REQUEST		DELETE Request	1742252929572	1742252929689	OK	 
USER	Open Model Scenario	END	1742252929690
REQUEST		POST Request	1742252929605	1742252929758	OK	 
REQUEST		DELETE Request	1742252929669	1742252929773	OK	 
USER	Open Model Scenario	END	1742252929774
REQUEST		DELETE Request	1742252929734	1742252929833	OK	 
USER	Open Model Scenario	END	1742252929834
REQUEST		DELETE Request	1742252929782	1742252929892	OK	 
USER	Open Model Scenario	END	1742252929893
REQUEST		PUT Request	1742252929830	1742252929929	OK	 
REQUEST		PUT Request	1742252929830	1742252929937	OK	 
REQUEST		DELETE Request	1742252929974	1742252930079	OK	 
USER	Open Model Scenario	END	1742252930081
REQUEST		PUT Request	1742252930262	1742252930381	OK	 
REQUEST		PUT Request	1742252930038	1742252930443	OK	 
REQUEST		PUT Request	1742252930118	1742252930529	OK	 
REQUEST		POST Request	1742252927939	1742252930539	OK	 
REQUEST		DELETE Request	1742252930551	1742252930656	OK	 
USER	Open Model Scenario	END	1742252930657
REQUEST		PUT Request	1742252930679	1742252930784	OK	 
REQUEST		PUT Request	1742252930696	1742252930807	OK	 
REQUEST		PUT Request	1742252930775	1742252930877	OK	 
REQUEST		PUT Request	1742252930696	1742252930943	OK	 
REQUEST		DELETE Request	1742252930935	1742252931034	OK	 
USER	Open Model Scenario	END	1742252931035
REQUEST		DELETE Request	1742252930950	1742252931056	OK	 
USER	Open Model Scenario	END	1742252931057
REQUEST		DELETE Request	1742252931383	1742252931482	OK	 
USER	Open Model Scenario	END	1742252931483
REQUEST		DELETE Request	1742252931446	1742252931610	OK	 
USER	Open Model Scenario	END	1742252931611
REQUEST		DELETE Request	1742252931542	1742252931648	OK	 
USER	Open Model Scenario	END	1742252931649
REQUEST		PUT Request	1742252931542	1742252931650	OK	 
REQUEST		GET Request 1	1742252928498	1742252931717	OK	 
REQUEST		DELETE Request	1742252931799	1742252931903	OK	 
USER	Open Model Scenario	END	1742252931905
REQUEST		DELETE Request	1742252931814	1742252931916	OK	 
USER	Open Model Scenario	END	1742252931916
REQUEST		GET Request 1	1742252918890	1742252931974	KO	i.n.h.s.SslHandshakeTimeoutException: handshake timed out after 10000ms
REQUEST		DELETE Request	1742252931878	1742252932033	OK	 
USER	Open Model Scenario	END	1742252932034
REQUEST		DELETE Request	1742252931959	1742252932067	OK	 
USER	Open Model Scenario	END	1742252932068
REQUEST		DELETE Request	1742252932661	1742252932769	OK	 
USER	Open Model Scenario	END	1742252932771
REQUEST		POST Request	1742252932725	1742252932822	OK	 
REQUEST		PUT Request	1742252933831	1742252933931	OK	 
REQUEST		POST Request	1742252932982	1742252934537	OK	 
REQUEST		DELETE Request	1742252934937	1742252935035	OK	 
USER	Open Model Scenario	END	1742252935036
REQUEST		PUT Request	1742252935544	1742252935651	OK	 
REQUEST		DELETE Request	1742252936667	1742252936766	OK	 
USER	Open Model Scenario	END	1742252936767
