RUN	apiFakeGatling.OpenModelSimulation	openmodelsimulation	1742257528854	 	3.11.5
USER	Open Model Scenario	START	1742257529736
USER	Open Model Scenario	START	1742257530045
USER	Open Model Scenario	START	1742257530384
REQUEST		GET Request 1	1742257530044	1742257530496	KO	status.find.is(200), but actually found 404
USER	Open Model Scenario	START	1742257530719
REQUEST		GET Request 1	1742257530381	1742257530740	KO	status.find.is(200), but actually found 404
USER	Open Model Scenario	START	1742257531043
REQUEST		GET Request 1	1742257530718	1742257531044	KO	status.find.is(200), but actually found 404
USER	Open Model Scenario	START	1742257531379
REQUEST		GET Request 1	1742257531041	1742257531403	KO	status.find.is(200), but actually found 404
REQUEST		GET Request 1	1742257529729	1742257531433	KO	status.find.is(200), but actually found 404
REQUEST		GET Request 1	1742257531378	1742257531707	KO	status.find.is(200), but actually found 404
USER	Open Model Scenario	START	1742257531714
REQUEST		POST Request	1742257531523	1742257531742	KO	status.find.is(200), but actually found 404
REQUEST		POST Request	1742257531744	1742257531945	KO	status.find.is(200), but actually found 404
REQUEST		GET Request 1	1742257531712	1742257532051	KO	status.find.is(200), but actually found 404
USER	Open Model Scenario	START	1742257532052
REQUEST		POST Request	1742257532050	1742257532240	KO	status.find.is(200), but actually found 404
USER	Open Model Scenario	START	1742257532389
REQUEST		POST Request	1742257532419	1742257532622	KO	status.find.is(200), but actually found 404
REQUEST		POST Request	1742257532450	1742257532659	KO	status.find.is(200), but actually found 404
REQUEST		GET Request 1	1742257532050	1742257532685	KO	status.find.is(200), but actually found 404
USER	Open Model Scenario	START	1742257532708
REQUEST		GET Request 1	1742257532387	1742257532726	KO	status.find.is(200), but actually found 404
REQUEST		POST Request	1742257532723	1742257532916	KO	status.find.is(200), but actually found 404
REQUEST		PUT Request	1742257532755	1742257532958	KO	status.find.is(200), but actually found 404
USER	Open Model Scenario	START	1742257533044
REQUEST		PUT Request	1742257532961	1742257533169	KO	status.find.is(200), but actually found 404
REQUEST		POST Request	1742257533058	1742257533251	KO	status.find.is(200), but actually found 404
REQUEST		GET Request 1	1742257532706	1742257533356	KO	status.find.is(200), but actually found 404
REQUEST		GET Request 1	1742257533043	1742257533375	KO	status.find.is(200), but actually found 404
USER	Open Model Scenario	START	1742257533378
REQUEST		PUT Request	1742257533251	1742257533448	KO	status.find.is(200), but actually found 404
USER	Open Model Scenario	START	1742257533718
REQUEST		PUT Request	1742257533637	1742257533840	KO	status.find.is(200), but actually found 404
REQUEST		PUT Request	1742257533669	1742257533864	KO	status.find.is(200), but actually found 404
REQUEST		POST Request	1742257533701	1742257533893	KO	status.find.is(200), but actually found 404
REQUEST		POST Request	1742257533732	1742257533923	KO	status.find.is(200), but actually found 404
USER	Open Model Scenario	START	1742257534038
REQUEST		GET Request 1	1742257533717	1742257534054	KO	status.find.is(200), but actually found 404
REQUEST		PUT Request	1742257533925	1742257534117	KO	status.find.is(200), but actually found 404
REQUEST		DELETE Request	1742257533974	1742257534167	KO	status.find.is(200), but actually found 404
USER	Open Model Scenario	END	1742257534171
USER	Open Model Scenario	START	1742257534377
REQUEST		DELETE Request	1742257534183	1742257534380	KO	status.find.is(200), but actually found 404
USER	Open Model Scenario	END	1742257534381
REQUEST		GET Request 1	1742257534037	1742257534422	KO	status.find.is(200), but actually found 404
REQUEST		PUT Request	1742257534262	1742257534458	KO	status.find.is(200), but actually found 404
REQUEST		POST Request	1742257534358	1742257534551	KO	status.find.is(200), but actually found 404
REQUEST		POST Request	1742257534389	1742257534580	KO	status.find.is(200), but actually found 404
REQUEST		DELETE Request	1742257534453	1742257534645	KO	status.find.is(200), but actually found 404
USER	Open Model Scenario	END	1742257534647
USER	Open Model Scenario	START	1742257534709
REQUEST		GET Request 1	1742257533378	1742257534719	KO	status.find.is(200), but actually found 404
REQUEST		GET Request 1	1742257534375	1742257534723	KO	status.find.is(200), but actually found 404
USER	Open Model Scenario	START	1742257535047
REQUEST		DELETE Request	1742257534853	1742257535051	KO	status.find.is(200), but actually found 404
USER	Open Model Scenario	END	1742257535052
REQUEST		GET Request 1	1742257534708	1742257535055	KO	status.find.is(200), but actually found 404
REQUEST		PUT Request	1742257534901	1742257535096	KO	status.find.is(200), but actually found 404
REQUEST		PUT Request	1742257534934	1742257535126	KO	status.find.is(200), but actually found 404
REQUEST		POST Request	1742257535060	1742257535258	KO	status.find.is(200), but actually found 404
REQUEST		DELETE Request	1742257535125	1742257535320	KO	status.find.is(200), but actually found 404
USER	Open Model Scenario	END	1742257535322
REQUEST		DELETE Request	1742257534868	1742257535365	KO	status.find.is(200), but actually found 404
USER	Open Model Scenario	END	1742257535367
USER	Open Model Scenario	START	1742257535382
REQUEST		GET Request 1	1742257535045	1742257535384	KO	status.find.is(200), but actually found 404
REQUEST		POST Request	1742257535429	1742257535633	KO	status.find.is(200), but actually found 404
REQUEST		DELETE Request	1742257535462	1742257535687	KO	status.find.is(200), but actually found 404
USER	Open Model Scenario	END	1742257535689
USER	Open Model Scenario	START	1742257535721
REQUEST		PUT Request	1742257535559	1742257535755	KO	status.find.is(200), but actually found 404
REQUEST		GET Request 1	1742257535381	1742257535766	KO	status.find.is(200), but actually found 404
REQUEST		PUT Request	1742257535590	1742257535784	KO	status.find.is(200), but actually found 404
REQUEST		POST Request	1742257535734	1742257535933	KO	status.find.is(200), but actually found 404
REQUEST		POST Request	1742257535734	1742257535934	KO	status.find.is(200), but actually found 404
USER	Open Model Scenario	START	1742257536042
REQUEST		POST Request	1742257536072	1742257536267	KO	status.find.is(200), but actually found 404
REQUEST		DELETE Request	1742257536105	1742257536304	KO	status.find.is(200), but actually found 404
USER	Open Model Scenario	END	1742257536305
REQUEST		DELETE Request	1742257536136	1742257536330	KO	status.find.is(200), but actually found 404
USER	Open Model Scenario	END	1742257536332
USER	Open Model Scenario	START	1742257536379
REQUEST		GET Request 1	1742257536040	1742257536393	KO	status.find.is(200), but actually found 404
REQUEST		PUT Request	1742257536264	1742257536454	KO	status.find.is(200), but actually found 404
REQUEST		POST Request	1742257536393	1742257536589	KO	status.find.is(200), but actually found 404
USER	Open Model Scenario	START	1742257536720
REQUEST		GET Request 1	1742257536378	1742257536736	KO	status.find.is(200), but actually found 404
REQUEST		PUT Request	1742257536651	1742257536864	KO	status.find.is(200), but actually found 404
REQUEST		DELETE Request	1742257536763	1742257536951	KO	status.find.is(200), but actually found 404
USER	Open Model Scenario	END	1742257536952
REQUEST		DELETE Request	1742257536794	1742257536987	KO	status.find.is(200), but actually found 404
USER	Open Model Scenario	END	1742257536988
USER	Open Model Scenario	START	1742257537051
REQUEST		GET Request 1	1742257535719	1742257537062	KO	status.find.is(200), but actually found 404
REQUEST		PUT Request	1742257536938	1742257537135	KO	status.find.is(200), but actually found 404
REQUEST		PUT Request	1742257536939	1742257537136	KO	status.find.is(200), but actually found 404
REQUEST		POST Request	1742257536778	1742257537284	KO	status.find.is(200), but actually found 404
REQUEST		GET Request 1	1742257536719	1742257537355	KO	status.find.is(200), but actually found 404
USER	Open Model Scenario	START	1742257537373
REQUEST		PUT Request	1742257537275	1742257537476	KO	status.find.is(200), but actually found 404
REQUEST		POST Request	1742257537404	1742257537607	KO	status.find.is(200), but actually found 404
REQUEST		DELETE Request	1742257537467	1742257537653	KO	status.find.is(200), but actually found 404
USER	Open Model Scenario	END	1742257537655
USER	Open Model Scenario	START	1742257537711
REQUEST		GET Request 1	1742257537050	1742257537711	KO	status.find.is(200), but actually found 404
REQUEST		PUT Request	1742257537596	1742257537788	KO	status.find.is(200), but actually found 404
REQUEST		POST Request	1742257537740	1742257537952	KO	status.find.is(200), but actually found 404
USER	Open Model Scenario	START	1742257538048
REQUEST		GET Request 1	1742257537709	1742257538050	KO	status.find.is(200), but actually found 404
REQUEST		DELETE Request	1742257537869	1742257538072	KO	status.find.is(200), but actually found 404
USER	Open Model Scenario	END	1742257538073
REQUEST		POST Request	1742257538077	1742257538273	KO	status.find.is(200), but actually found 404
REQUEST		DELETE Request	1742257538141	1742257538341	KO	status.find.is(200), but actually found 404
USER	Open Model Scenario	END	1742257538342
REQUEST		DELETE Request	1742257538141	1742257538347	KO	status.find.is(200), but actually found 404
USER	Open Model Scenario	END	1742257538349
USER	Open Model Scenario	START	1742257538384
REQUEST		GET Request 1	1742257538046	1742257538414	KO	status.find.is(200), but actually found 404
REQUEST		PUT Request	1742257538286	1742257538497	KO	status.find.is(200), but actually found 404
REQUEST		POST Request	1742257538367	1742257538564	KO	status.find.is(200), but actually found 404
USER	Open Model Scenario	START	1742257538720
REQUEST		GET Request 1	1742257538383	1742257538730	KO	status.find.is(200), but actually found 404
REQUEST		PUT Request	1742257538624	1742257538854	KO	status.find.is(200), but actually found 404
REQUEST		POST Request	1742257538719	1742257538917	KO	status.find.is(200), but actually found 404
REQUEST		DELETE Request	1742257538799	1742257538995	KO	status.find.is(200), but actually found 404
USER	Open Model Scenario	END	1742257538997
REQUEST		DELETE Request	1742257538478	1742257539019	KO	status.find.is(200), but actually found 404
USER	Open Model Scenario	END	1742257539021
USER	Open Model Scenario	START	1742257539041
REQUEST		GET Request 1	1742257538719	1742257539107	KO	status.find.is(200), but actually found 404
REQUEST		PUT Request	1742257538960	1742257539160	KO	status.find.is(200), but actually found 404
REQUEST		POST Request	1742257539055	1742257539252	KO	status.find.is(200), but actually found 404
USER	Open Model Scenario	START	1742257539378
REQUEST		GET Request 1	1742257539040	1742257539386	KO	status.find.is(200), but actually found 404
REQUEST		PUT Request	1742257539279	1742257539478	KO	status.find.is(200), but actually found 404
REQUEST		POST Request	1742257539424	1742257539625	KO	status.find.is(200), but actually found 404
REQUEST		DELETE Request	1742257539504	1742257539708	KO	status.find.is(200), but actually found 404
USER	Open Model Scenario	END	1742257539710
REQUEST		PUT Request	1742257539568	1742257539763	KO	status.find.is(200), but actually found 404
REQUEST		POST Request	1742257539745	1742257539940	KO	status.find.is(200), but actually found 404
REQUEST		GET Request 1	1742257539376	1742257540026	KO	status.find.is(200), but actually found 404
REQUEST		DELETE Request	1742257539873	1742257540075	KO	status.find.is(200), but actually found 404
USER	Open Model Scenario	END	1742257540076
REQUEST		PUT Request	1742257539921	1742257540118	KO	status.find.is(200), but actually found 404
REQUEST		POST Request	1742257540112	1742257540311	KO	status.find.is(200), but actually found 404
REQUEST		DELETE Request	1742257540176	1742257540387	KO	status.find.is(200), but actually found 404
USER	Open Model Scenario	END	1742257540389
REQUEST		PUT Request	1742257540258	1742257540473	KO	status.find.is(200), but actually found 404
REQUEST		POST Request	1742257540401	1742257540602	KO	status.find.is(200), but actually found 404
REQUEST		DELETE Request	1742257540480	1742257540672	KO	status.find.is(200), but actually found 404
USER	Open Model Scenario	END	1742257540674
REQUEST		GET Request 1	1742257537372	1742257540741	KO	status.find.is(200), but actually found 404
REQUEST		PUT Request	1742257540641	1742257540841	KO	status.find.is(200), but actually found 404
REQUEST		DELETE Request	1742257540768	1742257540960	KO	status.find.is(200), but actually found 404
USER	Open Model Scenario	END	1742257540961
REQUEST		PUT Request	1742257540944	1742257541143	KO	status.find.is(200), but actually found 404
REQUEST		POST Request	1742257541041	1742257541245	KO	status.find.is(200), but actually found 404
REQUEST		DELETE Request	1742257541121	1742257541318	KO	status.find.is(200), but actually found 404
USER	Open Model Scenario	END	1742257541320
REQUEST		PUT Request	1742257541314	1742257541506	KO	status.find.is(200), but actually found 404
REQUEST		DELETE Request	1742257541489	1742257541681	KO	status.find.is(200), but actually found 404
USER	Open Model Scenario	END	1742257541683
REQUEST		PUT Request	1742257541618	1742257541814	KO	status.find.is(200), but actually found 404
REQUEST		POST Request	1742257541747	1742257541956	KO	status.find.is(200), but actually found 404
REQUEST		DELETE Request	1742257541859	1742257542059	KO	status.find.is(200), but actually found 404
USER	Open Model Scenario	END	1742257542061
REQUEST		DELETE Request	1742257542148	1742257542342	KO	status.find.is(200), but actually found 404
USER	Open Model Scenario	END	1742257542344
REQUEST		PUT Request	1742257542260	1742257542454	KO	status.find.is(200), but actually found 404
REQUEST		DELETE Request	1742257542515	1742257542711	KO	status.find.is(200), but actually found 404
USER	Open Model Scenario	END	1742257542713
REQUEST		DELETE Request	1742257542819	1742257543013	KO	status.find.is(200), but actually found 404
USER	Open Model Scenario	END	1742257543015
REQUEST		PUT Request	1742257542963	1742257543165	KO	status.find.is(200), but actually found 404
REQUEST		DELETE Request	1742257543460	1742257543668	KO	status.find.is(200), but actually found 404
USER	Open Model Scenario	END	1742257543670
REQUEST		DELETE Request	1742257544180	1742257544380	KO	status.find.is(200), but actually found 404
USER	Open Model Scenario	END	1742257544382
