RUN	apiFakeGatling.OpenModelSimulation	openmodelsimulation	1742260848242	 	3.11.5
USER	Open Model Scenario	START	1742260849122
USER	Open Model Scenario	START	1742260849433
USER	Open Model Scenario	START	1742260849768
REQUEST		GET Request 1	1742260849431	1742260849842	OK	 
REQUEST		GET Request 1	1742260849765	1742260850099	OK	 
USER	Open Model Scenario	START	1742260850101
USER	Open Model Scenario	START	1742260850440
REQUEST		GET Request 1	1742260850099	1742260850516	OK	 
USER	Open Model Scenario	START	1742260850771
REQUEST		GET Request 1	1742260850438	1742260850798	OK	 
REQUEST		POST Request	1742260850872	1742260851070	OK	 
USER	Open Model Scenario	START	1742260851093
REQUEST		POST Request	1742260851110	1742260851309	OK	 
USER	Open Model Scenario	START	1742260851431
REQUEST		GET Request 1	1742260851093	1742260851449	OK	 
REQUEST		POST Request	1742260851526	1742260851745	OK	 
USER	Open Model Scenario	START	1742260851768
REQUEST		POST Request	1742260851814	1742260852015	OK	 
USER	Open Model Scenario	START	1742260852105
REQUEST		GET Request 1	1742260850771	1742260852129	OK	 
REQUEST		PUT Request	1742260852085	1742260852288	OK	 
USER	Open Model Scenario	START	1742260852425
REQUEST		PUT Request	1742260852327	1742260852517	OK	 
REQUEST		POST Request	1742260852454	1742260852661	OK	 
REQUEST		GET Request 1	1742260852102	1742260852725	OK	 
USER	Open Model Scenario	START	1742260852758
REQUEST		GET Request 1	1742260851430	1742260852815	OK	 
REQUEST		GET Request 1	1742260852422	1742260852832	OK	 
REQUEST		PUT Request	1742260852757	1742260852973	OK	 
USER	Open Model Scenario	START	1742260853097
REQUEST		GET Request 1	1742260852756	1742260853114	OK	 
REQUEST		PUT Request	1742260853030	1742260853236	OK	 
REQUEST		POST Request	1742260853142	1742260853332	OK	 
USER	Open Model Scenario	START	1742260853433
REQUEST		GET Request 1	1742260853094	1742260853445	OK	 
REQUEST		DELETE Request	1742260853302	1742260853591	OK	 
USER	Open Model Scenario	END	1742260853593
USER	Open Model Scenario	START	1742260853771
REQUEST		DELETE Request	1742260853527	1742260853828	OK	 
USER	Open Model Scenario	END	1742260853830
REQUEST		PUT Request	1742260853672	1742260853875	OK	 
REQUEST		POST Request	1742260853736	1742260853928	OK	 
REQUEST		POST Request	1742260853832	1742260854038	OK	 
REQUEST		POST Request	1742260853848	1742260854070	OK	 
USER	Open Model Scenario	START	1742260854105
REQUEST		DELETE Request	1742260853977	1742260854292	OK	 
USER	Open Model Scenario	END	1742260854294
REQUEST		POST Request	1742260854121	1742260854314	OK	 
USER	Open Model Scenario	START	1742260854425
REQUEST		GET Request 1	1742260853432	1742260854428	OK	 
REQUEST		GET Request 1	1742260854103	1742260854505	OK	 
REQUEST		PUT Request	1742260854344	1742260854530	OK	 
REQUEST		DELETE Request	1742260854248	1742260854544	OK	 
USER	Open Model Scenario	END	1742260854546
REQUEST		POST Request	1742260854454	1742260854646	OK	 
USER	Open Model Scenario	START	1742260854760
REQUEST		GET Request 1	1742260854424	1742260854797	OK	 
USER	Open Model Scenario	START	1742260855094
REQUEST		GET Request 1	1742260851766	1742260855130	OK	 
REQUEST		PUT Request	1742260854935	1742260855136	OK	 
REQUEST		DELETE Request	1742260854887	1742260855194	OK	 
USER	Open Model Scenario	END	1742260855195
REQUEST		PUT Request	1742260855046	1742260855257	OK	 
REQUEST		PUT Request	1742260855079	1742260855306	OK	 
USER	Open Model Scenario	START	1742260855432
REQUEST		GET Request 1	1742260855093	1742260855455	OK	 
REQUEST		GET Request 1	1742260853769	1742260855492	OK	 
REQUEST		PUT Request	1742260855318	1742260855506	OK	 
REQUEST		POST Request	1742260855446	1742260855664	OK	 
REQUEST		POST Request	1742260855523	1742260855735	OK	 
USER	Open Model Scenario	START	1742260855763
REQUEST		DELETE Request	1742260855539	1742260855830	OK	 
USER	Open Model Scenario	END	1742260855832
REQUEST		PUT Request	1742260855650	1742260855851	OK	 
REQUEST		POST Request	1742260855811	1742260856027	OK	 
USER	Open Model Scenario	START	1742260856100
REQUEST		POST Request	1742260856146	1742260856341	OK	 
USER	Open Model Scenario	START	1742260856435
REQUEST		DELETE Request	1742260856146	1742260856443	OK	 
USER	Open Model Scenario	END	1742260856445
REQUEST		DELETE Request	1742260856274	1742260856587	OK	 
USER	Open Model Scenario	END	1742260856589
REQUEST		DELETE Request	1742260856322	1742260856639	OK	 
USER	Open Model Scenario	END	1742260856641
REQUEST		POST Request	1742260856466	1742260856665	OK	 
REQUEST		POST Request	1742260856497	1742260856716	OK	 
USER	Open Model Scenario	START	1742260856771
REQUEST		DELETE Request	1742260856513	1742260856806	OK	 
REQUEST		GET Request 1	1742260856434	1742260856807	OK	 
USER	Open Model Scenario	END	1742260856808
REQUEST		GET Request 1	1742260855430	1742260856838	OK	 
REQUEST		PUT Request	1742260856674	1742260856872	OK	 
REQUEST		PUT Request	1742260856738	1742260856937	OK	 
USER	Open Model Scenario	START	1742260857090
REQUEST		DELETE Request	1742260856867	1742260857164	OK	 
USER	Open Model Scenario	END	1742260857165
REQUEST		PUT Request	1742260857044	1742260857245	OK	 
REQUEST		GET Request 1	1742260857090	1742260857418	OK	 
USER	Open Model Scenario	START	1742260857427
REQUEST		GET Request 1	1742260856098	1742260857462	OK	 
REQUEST		PUT Request	1742260857346	1742260857546	OK	 
USER	Open Model Scenario	START	1742260857764
REQUEST		PUT Request	1742260857682	1742260857885	OK	 
REQUEST		PUT Request	1742260857730	1742260857947	OK	 
REQUEST		POST Request	1742260857810	1742260858033	OK	 
REQUEST		POST Request	1742260857842	1742260858061	OK	 
USER	Open Model Scenario	START	1742260858103
REQUEST		GET Request 1	1742260856770	1742260858186	OK	 
REQUEST		DELETE Request	1742260857890	1742260858198	OK	 
USER	Open Model Scenario	END	1742260858199
REQUEST		DELETE Request	1742260857954	1742260858250	OK	 
USER	Open Model Scenario	END	1742260858253
REQUEST		GET Request 1	1742260857763	1742260858429	OK	 
USER	Open Model Scenario	START	1742260858437
REQUEST		DELETE Request	1742260858259	1742260858553	OK	 
USER	Open Model Scenario	END	1742260858555
REQUEST		POST Request	1742260858421	1742260858611	OK	 
REQUEST		GET Request 1	1742260849113	1742260858642	OK	 
REQUEST		POST Request	1742260858468	1742260858671	OK	 
USER	Open Model Scenario	START	1742260858759
REQUEST		DELETE Request	1742260858564	1742260858864	OK	 
USER	Open Model Scenario	END	1742260858866
USER	Open Model Scenario	START	1742260859112
REQUEST		DELETE Request	1742260858901	1742260859197	OK	 
USER	Open Model Scenario	END	1742260859198
REQUEST		PUT Request	1742260859045	1742260859253	OK	 
REQUEST		DELETE Request	1742260858949	1742260859269	OK	 
USER	Open Model Scenario	END	1742260859271
REQUEST		PUT Request	1742260859078	1742260859291	OK	 
REQUEST		POST Request	1742260859188	1742260859398	OK	 
USER	Open Model Scenario	START	1742260859431
REQUEST		GET Request 1	1742260858100	1742260859469	OK	 
REQUEST		POST Request	1742260859445	1742260859641	OK	 
USER	Open Model Scenario	START	1742260859767
REQUEST		PUT Request	1742260859622	1742260859815	OK	 
REQUEST		POST Request	1742260859654	1742260859862	OK	 
REQUEST		PUT Request	1742260859686	1742260859889	OK	 
USER	Open Model Scenario	START	1742260860104
REQUEST		GET Request 1	1742260858758	1742260860105	OK	 
USER	Open Model Scenario	START	1742260860424
REQUEST		GET Request 1	1742260859110	1742260860441	OK	 
REQUEST		GET Request 1	1742260859766	1742260860452	OK	 
REQUEST		GET Request 1	1742260860102	1742260860489	OK	 
REQUEST		DELETE Request	1742260860262	1742260860561	OK	 
USER	Open Model Scenario	END	1742260860562
REQUEST		DELETE Request	1742260860294	1742260860601	OK	 
USER	Open Model Scenario	END	1742260860603
REQUEST		PUT Request	1742260860407	1742260860620	OK	 
REQUEST		POST Request	1742260860486	1742260860687	OK	 
USER	Open Model Scenario	START	1742260860760
REQUEST		PUT Request	1742260860645	1742260860851	OK	 
USER	Open Model Scenario	START	1742260861096
REQUEST		PUT Request	1742260860870	1742260861104	OK	 
REQUEST		DELETE Request	1742260860822	1742260861116	OK	 
USER	Open Model Scenario	END	1742260861117
REQUEST		DELETE Request	1742260860902	1742260861203	OK	 
USER	Open Model Scenario	END	1742260861204
REQUEST		POST Request	1742260861111	1742260861309	OK	 
USER	Open Model Scenario	START	1742260861432
REQUEST		GET Request 1	1742260861095	1742260861439	OK	 
REQUEST		GET Request 1	1742260859429	1742260861449	OK	 
REQUEST		POST Request	1742260861461	1742260861665	OK	 
REQUEST		POST Request	1742260861446	1742260861683	OK	 
REQUEST		POST Request	1742260861494	1742260861700	OK	 
USER	Open Model Scenario	START	1742260861769
REQUEST		GET Request 1	1742260861431	1742260861791	OK	 
REQUEST		PUT Request	1742260861702	1742260861906	OK	 
REQUEST		DELETE Request	1742260861622	1742260861943	OK	 
USER	Open Model Scenario	END	1742260861944
REQUEST		GET Request 1	1742260860422	1742260862076	OK	 
USER	Open Model Scenario	START	1742260862104
REQUEST		GET Request 1	1742260861767	1742260862108	OK	 
REQUEST		GET Request 1	1742260854759	1742260862138	OK	 
REQUEST		DELETE Request	1742260861862	1742260862151	OK	 
USER	Open Model Scenario	END	1742260862153
REQUEST		DELETE Request	1742260862118	1742260862413	OK	 
USER	Open Model Scenario	END	1742260862415
USER	Open Model Scenario	START	1742260862424
REQUEST		GET Request 1	1742260862102	1742260862458	OK	 
REQUEST		PUT Request	1742260862311	1742260862519	OK	 
REQUEST		POST Request	1742260862455	1742260862649	OK	 
REQUEST		POST Request	1742260862455	1742260862664	OK	 
USER	Open Model Scenario	START	1742260862760
REQUEST		PUT Request	1742260862679	1742260862882	OK	 
REQUEST		PUT Request	1742260862695	1742260862903	OK	 
REQUEST		PUT Request	1742260862712	1742260862917	OK	 
REQUEST		POST Request	1742260862808	1742260863009	OK	 
USER	Open Model Scenario	START	1742260863097
REQUEST		GET Request 1	1742260862759	1742260863100	OK	 
REQUEST		DELETE Request	1742260862919	1742260863220	OK	 
USER	Open Model Scenario	END	1742260863222
REQUEST		POST Request	1742260863080	1742260863303	OK	 
REQUEST		POST Request	1742260863116	1742260863310	OK	 
REQUEST		POST Request	1742260863148	1742260863349	OK	 
USER	Open Model Scenario	START	1742260863434
REQUEST		POST Request	1742260863465	1742260863659	OK	 
REQUEST		GET Request 1	1742260863095	1742260863756	OK	 
USER	Open Model Scenario	START	1742260863770
REQUEST		GET Request 1	1742260862422	1742260863792	OK	 
REQUEST		DELETE Request	1742260863529	1742260863818	OK	 
USER	Open Model Scenario	END	1742260863820
REQUEST		PUT Request	1742260863656	1742260863854	OK	 
REQUEST		PUT Request	1742260863672	1742260863873	OK	 
USER	Open Model Scenario	START	1742260864092
REQUEST		GET Request 1	1742260863769	1742260864102	OK	 
REQUEST		DELETE Request	1742260863912	1742260864202	OK	 
USER	Open Model Scenario	END	1742260864203
REQUEST		DELETE Request	1742260863897	1742260864215	OK	 
USER	Open Model Scenario	END	1742260864216
REQUEST		PUT Request	1742260864025	1742260864221	OK	 
REQUEST		DELETE Request	1742260863929	1742260864232	OK	 
USER	Open Model Scenario	END	1742260864232
REQUEST		POST Request	1742260864105	1742260864296	OK	 
USER	Open Model Scenario	START	1742260864427
REQUEST		PUT Request	1742260864314	1742260864505	OK	 
REQUEST		PUT Request	1742260864314	1742260864529	OK	 
REQUEST		PUT Request	1742260864363	1742260864571	OK	 
REQUEST		GET Request 1	1742260864426	1742260864761	OK	 
USER	Open Model Scenario	START	1742260864764
REQUEST		GET Request 1	1742260863433	1742260864812	OK	 
REQUEST		PUT Request	1742260864667	1742260864880	OK	 
REQUEST		POST Request	1742260864762	1742260864971	OK	 
REQUEST		POST Request	1742260864795	1742260864993	OK	 
USER	Open Model Scenario	START	1742260865101
REQUEST		DELETE Request	1742260864859	1742260865156	OK	 
USER	Open Model Scenario	END	1742260865158
REQUEST		DELETE Request	1742260864875	1742260865176	OK	 
USER	Open Model Scenario	END	1742260865177
REQUEST		POST Request	1742260865115	1742260865307	OK	 
USER	Open Model Scenario	START	1742260865436
REQUEST		PUT Request	1742260865307	1742260865496	OK	 
REQUEST		DELETE Request	1742260865227	1742260865519	OK	 
USER	Open Model Scenario	END	1742260865520
USER	Open Model Scenario	START	1742260865757
REQUEST		DELETE Request	1742260865514	1742260865806	OK	 
USER	Open Model Scenario	END	1742260865808
REQUEST		DELETE Request	1742260865530	1742260865858	OK	 
USER	Open Model Scenario	END	1742260865860
REQUEST		DELETE Request	1742260865578	1742260865869	OK	 
USER	Open Model Scenario	END	1742260865870
REQUEST		POST Request	1742260865771	1742260865965	OK	 
REQUEST		POST Request	1742260865819	1742260866015	OK	 
REQUEST		GET Request 1	1742260865755	1742260866081	OK	 
USER	Open Model Scenario	START	1742260866090
REQUEST		GET Request 1	1742260855762	1742260866114	OK	 
REQUEST		GET Request 1	1742260865435	1742260866139	OK	 
REQUEST		PUT Request	1742260865978	1742260866179	OK	 
REQUEST		DELETE Request	1742260865882	1742260866179	OK	 
USER	Open Model Scenario	END	1742260866181
REQUEST		PUT Request	1742260866010	1742260866218	OK	 
REQUEST		GET Request 1	1742260864763	1742260866419	OK	 
USER	Open Model Scenario	START	1742260866426
REQUEST		PUT Request	1742260866314	1742260866511	OK	 
USER	Open Model Scenario	START	1742260866764
REQUEST		DELETE Request	1742260866506	1742260866793	OK	 
USER	Open Model Scenario	END	1742260866795
REQUEST		GET Request 1	1742260865100	1742260867099	OK	 
USER	Open Model Scenario	START	1742260867100
REQUEST		PUT Request	1742260866970	1742260867160	OK	 
REQUEST		PUT Request	1742260867033	1742260867239	OK	 
REQUEST		POST Request	1742260867098	1742260867290	OK	 
REQUEST		POST Request	1742260867129	1742260867322	OK	 
REQUEST		POST Request	1742260867145	1742260867377	OK	 
USER	Open Model Scenario	START	1742260867434
REQUEST		GET Request 1	1742260864091	1742260867460	OK	 
REQUEST		DELETE Request	1742260867192	1742260867489	OK	 
USER	Open Model Scenario	END	1742260867491
REQUEST		GET Request 1	1742260866426	1742260867498	OK	 
REQUEST		GET Request 1	1742260867098	1742260867498	OK	 
REQUEST		DELETE Request	1742260867225	1742260867517	OK	 
USER	Open Model Scenario	END	1742260867518
REQUEST		POST Request	1742260867433	1742260867635	OK	 
USER	Open Model Scenario	START	1742260867771
REQUEST		GET Request 1	1742260857426	1742260867790	OK	 
REQUEST		DELETE Request	1742260867512	1742260867800	OK	 
USER	Open Model Scenario	END	1742260867801
REQUEST		GET Request 1	1742260867433	1742260867836	OK	 
USER	Open Model Scenario	START	1742260868091
REQUEST		POST Request	1742260868107	1742260868325	OK	 
USER	Open Model Scenario	START	1742260868429
REQUEST		DELETE Request	1742260868170	1742260868460	OK	 
USER	Open Model Scenario	END	1742260868461
REQUEST		GET Request 1	1742260868090	1742260868488	OK	 
REQUEST		PUT Request	1742260868299	1742260868488	OK	 
REQUEST		PUT Request	1742260868331	1742260868526	OK	 
REQUEST		GET Request 1	1742260858436	1742260868522	KO	i.n.h.s.SslHandshakeTimeoutException: handshake timed out after 10000ms
REQUEST		PUT Request	1742260868380	1742260868655	OK	 
REQUEST		POST Request	1742260868475	1742260868672	OK	 
REQUEST		POST Request	1742260868507	1742260868720	OK	 
REQUEST		POST Request	1742260868507	1742260868722	OK	 
USER	Open Model Scenario	START	1742260868766
REQUEST		PUT Request	1742260868652	1742260868848	OK	 
REQUEST		DELETE Request	1742260868251	1742260868851	OK	 
USER	Open Model Scenario	END	1742260868851
REQUEST		POST Request	1742260868795	1742260868998	OK	 
REQUEST		POST Request	1742260868843	1742260869058	OK	 
USER	Open Model Scenario	START	1742260869103
REQUEST		GET Request 1	1742260868763	1742260869108	OK	 
USER	Open Model Scenario	START	1742260869423
REQUEST		GET Request 1	1742260869101	1742260869435	OK	 
REQUEST		PUT Request	1742260869341	1742260869538	OK	 
REQUEST		POST Request	1742260869500	1742260869712	OK	 
REQUEST		GET Request 1	1742260869421	1742260869752	OK	 
USER	Open Model Scenario	START	1742260869756
REQUEST		DELETE Request	1742260869500	1742260869791	OK	 
USER	Open Model Scenario	END	1742260869793
REQUEST		DELETE Request	1742260869532	1742260869826	OK	 
USER	Open Model Scenario	END	1742260869827
REQUEST		POST Request	1742260869532	1742260869889	OK	 
REQUEST		PUT Request	1742260869677	1742260869900	OK	 
REQUEST		PUT Request	1742260869723	1742260869932	OK	 
REQUEST		DELETE Request	1742260869660	1742260869979	OK	 
USER	Open Model Scenario	END	1742260869980
REQUEST		GET Request 1	1742260868427	1742260870015	OK	 
USER	Open Model Scenario	START	1742260870093
REQUEST		GET Request 1	1742260869756	1742260870103	OK	 
REQUEST		DELETE Request	1742260869851	1742260870147	OK	 
USER	Open Model Scenario	END	1742260870149
REQUEST		PUT Request	1742260870012	1742260870209	OK	 
REQUEST		PUT Request	1742260869723	1742260870240	OK	 
REQUEST		PUT Request	1742260870060	1742260870270	OK	 
REQUEST		POST Request	1742260870123	1742260870329	OK	 
USER	Open Model Scenario	START	1742260870430
REQUEST		POST Request	1742260870444	1742260870640	OK	 
REQUEST		GET Request 1	1742260870429	1742260870762	OK	 
USER	Open Model Scenario	START	1742260870765
REQUEST		DELETE Request	1742260870540	1742260870847	OK	 
USER	Open Model Scenario	END	1742260870848
REQUEST		PUT Request	1742260870716	1742260870924	OK	 
REQUEST		POST Request	1742260870763	1742260870961	OK	 
REQUEST		PUT Request	1742260870892	1742260871088	OK	 
USER	Open Model Scenario	START	1742260871102
REQUEST		DELETE Request	1742260870907	1742260871203	OK	 
USER	Open Model Scenario	END	1742260871203
REQUEST		POST Request	1742260871020	1742260871218	OK	 
REQUEST		POST Request	1742260871116	1742260871313	OK	 
USER	Open Model Scenario	START	1742260871437
REQUEST		GET Request 1	1742260870092	1742260871458	OK	 
REQUEST		PUT Request	1742260871340	1742260871542	OK	 
REQUEST		DELETE Request	1742260870939	1742260871549	OK	 
USER	Open Model Scenario	END	1742260871550
REQUEST		DELETE Request	1742260871244	1742260871574	OK	 
USER	Open Model Scenario	END	1742260871575
REQUEST		DELETE Request	1742260871276	1742260871576	OK	 
USER	Open Model Scenario	END	1742260871576
USER	Open Model Scenario	START	1742260871757
REQUEST		GET Request 1	1742260871436	1742260871764	OK	 
REQUEST		DELETE Request	1742260871211	1742260871811	OK	 
USER	Open Model Scenario	END	1742260871812
REQUEST		PUT Request	1742260871643	1742260871832	OK	 
REQUEST		GET Request 1	1742260871100	1742260871839	OK	 
REQUEST		GET Request 1	1742260860758	1742260871851	KO	i.n.h.s.SslHandshakeTimeoutException: handshake timed out after 10000ms
REQUEST		POST Request	1742260871771	1742260871962	OK	 
USER	Open Model Scenario	START	1742260872092
REQUEST		PUT Request	1742260871963	1742260872169	OK	 
REQUEST		DELETE Request	1742260871931	1742260872233	OK	 
USER	Open Model Scenario	END	1742260872235
REQUEST		DELETE Request	1742260872093	1742260872392	OK	 
USER	Open Model Scenario	END	1742260872393
REQUEST		GET Request 1	1742260870763	1742260872396	OK	 
REQUEST		GET Request 1	1742260872091	1742260872428	OK	 
USER	Open Model Scenario	START	1742260872428
REQUEST		PUT Request	1742260872234	1742260872433	OK	 
REQUEST		PUT Request	1742260872331	1742260872526	OK	 
REQUEST		POST Request	1742260872475	1742260872683	OK	 
USER	Open Model Scenario	START	1742260872765
REQUEST		DELETE Request	1742260872555	1742260872846	OK	 
USER	Open Model Scenario	END	1742260872847
REQUEST		POST Request	1742260872779	1742260872970	OK	 
REQUEST		POST Request	1742260872843	1742260873068	OK	 
USER	Open Model Scenario	START	1742260873102
REQUEST		DELETE Request	1742260872843	1742260873131	OK	 
USER	Open Model Scenario	END	1742260873133
REQUEST		PUT Request	1742260872971	1742260873158	OK	 
REQUEST		POST Request	1742260872859	1742260873241	OK	 
USER	Open Model Scenario	START	1742260873436
REQUEST		DELETE Request	1742260873179	1742260873466	OK	 
USER	Open Model Scenario	END	1742260873467
REQUEST		POST Request	1742260873404	1742260873600	OK	 
REQUEST		POST Request	1742260873435	1742260873633	OK	 
REQUEST		DELETE Request	1742260873435	1742260873732	OK	 
USER	Open Model Scenario	END	1742260873735
USER	Open Model Scenario	START	1742260873755
REQUEST		GET Request 1	1742260872427	1742260873781	OK	 
REQUEST		DELETE Request	1742260873529	1742260873831	OK	 
USER	Open Model Scenario	END	1742260873832
REQUEST		PUT Request	1742260873690	1742260873893	OK	 
USER	Open Model Scenario	START	1742260874113
REQUEST		GET Request 1	1742260873754	1742260874114	OK	 
REQUEST		PUT Request	1742260873978	1742260874176	OK	 
REQUEST		PUT Request	1742260874074	1742260874287	OK	 
USER	Open Model Scenario	START	1742260874428
REQUEST		PUT Request	1742260874250	1742260874456	OK	 
REQUEST		DELETE Request	1742260874170	1742260874459	OK	 
USER	Open Model Scenario	END	1742260874459
REQUEST		GET Request 1	1742260874109	1742260874470	OK	 
USER	Open Model Scenario	START	1742260874764
REQUEST		GET Request 1	1742260874426	1742260874792	OK	 
REQUEST		PUT Request	1742260874602	1742260874795	OK	 
REQUEST		GET Request 1	1742260873435	1742260874810	OK	 
REQUEST		PUT Request	1742260874650	1742260874843	OK	 
REQUEST		POST Request	1742260874794	1742260875001	OK	 
REQUEST		GET Request 1	1742260873100	1742260875067	OK	 
USER	Open Model Scenario	START	1742260875100
REQUEST		GET Request 1	1742260874762	1742260875118	OK	 
REQUEST		DELETE Request	1742260874906	1742260875208	OK	 
USER	Open Model Scenario	END	1742260875210
REQUEST		POST Request	1742260875130	1742260875335	OK	 
REQUEST		GET Request 1	1742260875099	1742260875428	OK	 
USER	Open Model Scenario	START	1742260875437
REQUEST		GET Request 1	1742260867769	1742260875461	OK	 
REQUEST		DELETE Request	1742260875178	1742260875469	OK	 
USER	Open Model Scenario	END	1742260875470
REQUEST		DELETE Request	1742260875290	1742260875590	OK	 
USER	Open Model Scenario	END	1742260875592
REQUEST		POST Request	1742260875483	1742260875682	OK	 
USER	Open Model Scenario	START	1742260875758
REQUEST		DELETE Request	1742260875467	1742260875772	OK	 
USER	Open Model Scenario	END	1742260875773
REQUEST		GET Request 1	1742260875435	1742260875782	OK	 
REQUEST		POST Request	1742260875803	1742260875998	OK	 
REQUEST		POST Request	1742260875820	1742260876014	OK	 
USER	Open Model Scenario	START	1742260876091
REQUEST		GET Request 1	1742260872764	1742260876102	OK	 
REQUEST		DELETE Request	1742260875803	1742260876108	OK	 
USER	Open Model Scenario	END	1742260876109
REQUEST		GET Request 1	1742260875756	1742260876119	OK	 
REQUEST		DELETE Request	1742260875851	1742260876153	OK	 
USER	Open Model Scenario	END	1742260876155
REQUEST		PUT Request	1742260876011	1742260876212	OK	 
REQUEST		POST Request	1742260876074	1742260876273	OK	 
REQUEST		POST Request	1742260876122	1742260876318	OK	 
USER	Open Model Scenario	START	1742260876429
REQUEST		PUT Request	1742260876346	1742260876545	OK	 
REQUEST		POST Request	1742260876443	1742260876655	OK	 
REQUEST		POST Request	1742260876475	1742260876679	OK	 
USER	Open Model Scenario	START	1742260876763
REQUEST		GET Request 1	1742260866089	1742260876784	OK	 
REQUEST		PUT Request	1742260876682	1742260876878	OK	 
REQUEST		POST Request	1742260876794	1742260876996	OK	 
REQUEST		GET Request 1	1742260876762	1742260877097	OK	 
USER	Open Model Scenario	START	1742260877100
REQUEST		PUT Request	1742260877003	1742260877202	OK	 
REQUEST		PUT Request	1742260877019	1742260877225	OK	 
REQUEST		POST Request	1742260877114	1742260877303	OK	 
REQUEST		POST Request	1742260877130	1742260877333	OK	 
USER	Open Model Scenario	START	1742260877423
REQUEST		GET Request 1	1742260876090	1742260877427	OK	 
REQUEST		PUT Request	1742260877275	1742260877477	OK	 
REQUEST		DELETE Request	1742260877227	1742260877517	OK	 
USER	Open Model Scenario	END	1742260877520
REQUEST		PUT Request	1742260877324	1742260877533	OK	 
USER	Open Model Scenario	START	1742260877759
REQUEST		DELETE Request	1742260877549	1742260877848	OK	 
USER	Open Model Scenario	END	1742260877849
REQUEST		PUT Request	1742260877661	1742260877855	OK	 
REQUEST		PUT Request	1742260877693	1742260877889	OK	 
REQUEST		POST Request	1742260877789	1742260877986	OK	 
USER	Open Model Scenario	START	1742260878100
REQUEST		GET Request 1	1742260877758	1742260878111	OK	 
REQUEST		GET Request 1	1742260866762	1742260878150	OK	 
REQUEST		DELETE Request	1742260877885	1742260878183	OK	 
USER	Open Model Scenario	END	1742260878184
REQUEST		PUT Request	1742260877998	1742260878190	OK	 
REQUEST		POST Request	1742260878111	1742260878304	OK	 
REQUEST		GET Request 1	1742260877421	1742260878387	OK	 
USER	Open Model Scenario	START	1742260878431
REQUEST		GET Request 1	1742260878099	1742260878453	OK	 
REQUEST		PUT Request	1742260878316	1742260878507	OK	 
REQUEST		DELETE Request	1742260878205	1742260878508	OK	 
USER	Open Model Scenario	END	1742260878509
REQUEST		DELETE Request	1742260878237	1742260878534	OK	 
USER	Open Model Scenario	END	1742260878535
REQUEST		PUT Request	1742260878348	1742260878548	OK	 
REQUEST		POST Request	1742260878429	1742260878615	OK	 
USER	Open Model Scenario	START	1742260878767
REQUEST		DELETE Request	1742260878492	1742260878792	OK	 
USER	Open Model Scenario	END	1742260878794
REQUEST		DELETE Request	1742260878540	1742260878852	OK	 
USER	Open Model Scenario	END	1742260878853
REQUEST		GET Request 1	1742260877099	1742260879071	OK	 
REQUEST		GET Request 1	1742260871756	1742260879111	OK	 
REQUEST		GET Request 1	1742260878766	1742260879127	OK	 
REQUEST		DELETE Request	1742260878861	1742260879167	OK	 
USER	Open Model Scenario	END	1742260879168
REQUEST		PUT Request	1742260878990	1742260879190	OK	 
REQUEST		DELETE Request	1742260878894	1742260879191	OK	 
USER	Open Model Scenario	END	1742260879192
REQUEST		POST Request	1742260879118	1742260879320	OK	 
REQUEST		POST Request	1742260879166	1742260879363	OK	 
REQUEST		DELETE Request	1742260879197	1742260879489	OK	 
USER	Open Model Scenario	END	1742260879490
REQUEST		PUT Request	1742260879310	1742260879507	OK	 
REQUEST		POST Request	1742260879390	1742260879590	OK	 
REQUEST		POST Request	1742260879470	1742260879670	OK	 
REQUEST		DELETE Request	1742260879518	1742260879806	OK	 
USER	Open Model Scenario	END	1742260879808
REQUEST		PUT Request	1742260879630	1742260879834	OK	 
REQUEST		DELETE Request	1742260879549	1742260879847	OK	 
USER	Open Model Scenario	END	1742260879848
REQUEST		POST Request	1742260880079	1742260880281	OK	 
REQUEST		POST Request	1742260880127	1742260880325	OK	 
REQUEST		POST Request	1742260880143	1742260880344	OK	 
REQUEST		PUT Request	1742260880332	1742260880525	OK	 
REQUEST		PUT Request	1742260880380	1742260880577	OK	 
REQUEST		DELETE Request	1742260880509	1742260880804	OK	 
USER	Open Model Scenario	END	1742260880806
REQUEST		PUT Request	1742260880605	1742260880812	OK	 
REQUEST		DELETE Request	1742260880206	1742260880815	OK	 
USER	Open Model Scenario	END	1742260880816
REQUEST		PUT Request	1742260880686	1742260880881	OK	 
REQUEST		DELETE Request	1742260880846	1742260881137	OK	 
USER	Open Model Scenario	END	1742260881139
REQUEST		PUT Request	1742260881293	1742260881483	OK	 
REQUEST		PUT Request	1742260881341	1742260881526	OK	 
REQUEST		PUT Request	1742260881357	1742260881569	OK	 
REQUEST		DELETE Request	1742260881533	1742260881831	OK	 
USER	Open Model Scenario	END	1742260881834
REQUEST		DELETE Request	1742260881821	1742260882115	OK	 
USER	Open Model Scenario	END	1742260882116
REQUEST		DELETE Request	1742260881885	1742260882183	OK	 
USER	Open Model Scenario	END	1742260882184
REQUEST		DELETE Request	1742260881581	1742260882187	OK	 
USER	Open Model Scenario	END	1742260882188
REQUEST		DELETE Request	1742260882495	1742260882785	OK	 
USER	Open Model Scenario	END	1742260882787
REQUEST		DELETE Request	1742260882543	1742260882836	OK	 
USER	Open Model Scenario	END	1742260882837
REQUEST		DELETE Request	1742260882574	1742260882876	OK	 
USER	Open Model Scenario	END	1742260882877
REQUEST		GET Request 1	1742260878429	1742260885846	OK	 
REQUEST		GET Request 1	1742260876427	1742260886505	KO	i.n.h.s.SslHandshakeTimeoutException: handshake timed out after 10000ms
REQUEST		POST Request	1742260886858	1742260887088	OK	 
REQUEST		POST Request	1742260887514	1742260887886	OK	 
REQUEST		PUT Request	1742260888091	1742260888311	OK	 
REQUEST		PUT Request	1742260888891	1742260889100	OK	 
REQUEST		DELETE Request	1742260889329	1742260889638	OK	 
USER	Open Model Scenario	END	1742260889639
REQUEST		DELETE Request	1742260890110	1742260890423	OK	 
USER	Open Model Scenario	END	1742260890424
