RUN	apiFakeGatling.ClosedModelSimulation	closedmodelsimulation	1742259444948	 	3.11.5
USER	Closed Model Scenario	START	1742259445825
REQUEST		GET Request 1	1742259445816	1742259446257	OK	 
REQUEST		POST Request	1742259447284	1742259447485	OK	 
REQUEST		PUT Request	1742259448496	1742259448697	OK	 
USER	Closed Model Scenario	START	1742259448803
REQUEST		GET Request 1	1742259448800	1742259449202	OK	 
REQUEST		DELETE Request	1742259449712	1742259450007	OK	 
USER	Closed Model Scenario	END	1742259450011
REQUEST		POST Request	1742259450209	1742259450419	OK	 
REQUEST		PUT Request	1742259451427	1742259451640	OK	 
USER	Closed Model Scenario	START	1742259451797
REQUEST		GET Request 1	1742259451795	1742259452130	OK	 
REQUEST		DELETE Request	1742259452641	1742259452954	OK	 
USER	Closed Model Scenario	END	1742259452956
REQUEST		POST Request	1742259453137	1742259453331	OK	 
REQUEST		PUT Request	1742259454339	1742259454533	OK	 
USER	Closed Model Scenario	START	1742259454806
REQUEST		DELETE Request	1742259455542	1742259455838	OK	 
USER	Closed Model Scenario	END	1742259455839
USER	Closed Model Scenario	START	1742259457791
USER	Closed Model Scenario	START	1742259460788
REQUEST		GET Request 1	1742259460787	1742259461131	OK	 
REQUEST		GET Request 1	1742259454803	1742259462204	OK	 
REQUEST		POST Request	1742259462134	1742259462334	OK	 
REQUEST		POST Request	1742259463222	1742259463435	OK	 
REQUEST		PUT Request	1742259463350	1742259463554	OK	 
USER	Closed Model Scenario	START	1742259463801
REQUEST		GET Request 1	1742259463799	1742259464148	OK	 
REQUEST		GET Request 1	1742259457789	1742259464203	OK	 
REQUEST		PUT Request	1742259464439	1742259464648	OK	 
REQUEST		DELETE Request	1742259464568	1742259464862	OK	 
USER	Closed Model Scenario	END	1742259464863
REQUEST		POST Request	1742259465162	1742259465358	OK	 
REQUEST		POST Request	1742259465211	1742259465403	OK	 
REQUEST		DELETE Request	1742259465658	1742259465958	OK	 
USER	Closed Model Scenario	END	1742259465960
REQUEST		PUT Request	1742259466364	1742259466577	OK	 
REQUEST		PUT Request	1742259466412	1742259466608	OK	 
USER	Closed Model Scenario	START	1742259466796
REQUEST		DELETE Request	1742259467593	1742259467893	OK	 
USER	Closed Model Scenario	END	1742259467895
REQUEST		DELETE Request	1742259467625	1742259467918	OK	 
USER	Closed Model Scenario	END	1742259467920
USER	Closed Model Scenario	START	1742259469806
REQUEST		GET Request 1	1742259466795	1742259470133	OK	 
REQUEST		GET Request 1	1742259469804	1742259470139	OK	 
REQUEST		POST Request	1742259471149	1742259471347	OK	 
REQUEST		POST Request	1742259471149	1742259471356	OK	 
REQUEST		PUT Request	1742259472352	1742259472543	OK	 
REQUEST		PUT Request	1742259472365	1742259472558	OK	 
USER	Closed Model Scenario	START	1742259472801
REQUEST		GET Request 1	1742259472799	1742259473151	OK	 
REQUEST		DELETE Request	1742259473550	1742259473840	OK	 
USER	Closed Model Scenario	END	1742259473842
REQUEST		DELETE Request	1742259473565	1742259473858	OK	 
USER	Closed Model Scenario	END	1742259473860
REQUEST		POST Request	1742259474157	1742259474349	OK	 
REQUEST		PUT Request	1742259475360	1742259475556	OK	 
REQUEST		DELETE Request	1742259476561	1742259476851	OK	 
USER	Closed Model Scenario	END	1742259476853
