RUN	apiFakeGatling.OpenModelSimulation	openmodelsimulation	1742261251397	 	3.11.5
USER	Open Model Scenario	START	1742261252288
USER	Open Model Scenario	START	1742261252359
USER	Open Model Scenario	START	1742261252471
USER	Open Model Scenario	START	1742261252564
USER	Open Model Scenario	START	1742261252660
REQUEST		GET Request 1	1742261252357	1742261252700	OK	 
REQUEST		GET Request 1	1742261252278	1742261252700	OK	 
USER	Open Model Scenario	START	1742261252764
USER	Open Model Scenario	START	1742261252862
USER	Open Model Scenario	START	1742261252969
REQUEST		GET Request 1	1742261252659	1742261253008	OK	 
USER	Open Model Scenario	START	1742261253066
REQUEST		GET Request 1	1742261252469	1742261253155	OK	 
USER	Open Model Scenario	START	1742261253161
REQUEST		GET Request 1	1742261252564	1742261253244	OK	 
USER	Open Model Scenario	START	1742261253274
REQUEST		GET Request 1	1742261252968	1742261253322	OK	 
USER	Open Model Scenario	START	1742261253371
USER	Open Model Scenario	START	1742261253469
REQUEST		GET Request 1	1742261252860	1742261253523	OK	 
USER	Open Model Scenario	START	1742261253562
REQUEST		GET Request 1	1742261253272	1742261253605	OK	 
USER	Open Model Scenario	START	1742261253673
USER	Open Model Scenario	START	1742261253763
REQUEST		GET Request 1	1742261253065	1742261253763	OK	 
REQUEST		GET Request 1	1742261253369	1742261253804	OK	 
REQUEST		GET Request 1	1742261253467	1742261253816	OK	 
REQUEST		GET Request 1	1742261253160	1742261253826	OK	 
USER	Open Model Scenario	START	1742261253874
REQUEST		POST Request	1742261253727	1742261253920	OK	 
REQUEST		POST Request	1742261253727	1742261253930	OK	 
USER	Open Model Scenario	START	1742261253971
USER	Open Model Scenario	START	1742261254066
USER	Open Model Scenario	START	1742261254161
REQUEST		POST Request	1742261254017	1742261254213	OK	 
REQUEST		GET Request 1	1742261253873	1742261254229	OK	 
USER	Open Model Scenario	START	1742261254274
USER	Open Model Scenario	START	1742261254371
REQUEST		GET Request 1	1742261253969	1742261254371	OK	 
REQUEST		POST Request	1742261254160	1742261254377	OK	 
REQUEST		POST Request	1742261254249	1742261254449	OK	 
USER	Open Model Scenario	START	1742261254467
REQUEST		GET Request 1	1742261253761	1742261254497	OK	 
REQUEST		POST Request	1742261254338	1742261254536	OK	 
REQUEST		GET Request 1	1742261254160	1742261254554	OK	 
USER	Open Model Scenario	START	1742261254562
REQUEST		GET Request 1	1742261254273	1742261254608	OK	 
USER	Open Model Scenario	START	1742261254659
REQUEST		GET Request 1	1742261254065	1742261254708	OK	 
REQUEST		GET Request 1	1742261252763	1742261254731	OK	 
REQUEST		POST Request	1742261254531	1742261254733	OK	 
USER	Open Model Scenario	START	1742261254771
REQUEST		GET Request 1	1742261254466	1742261254802	OK	 
REQUEST		POST Request	1742261254609	1742261254805	OK	 
USER	Open Model Scenario	START	1742261254867
USER	Open Model Scenario	START	1742261254962
REQUEST		POST Request	1742261254770	1742261254975	OK	 
REQUEST		POST Request	1742261254817	1742261255013	OK	 
REQUEST		GET Request 1	1742261254658	1742261255021	OK	 
REQUEST		POST Request	1742261254833	1742261255041	OK	 
REQUEST		POST Request	1742261254817	1742261255043	OK	 
USER	Open Model Scenario	START	1742261255057
REQUEST		GET Request 1	1742261253672	1742261255090	OK	 
REQUEST		PUT Request	1742261254930	1742261255126	OK	 
REQUEST		PUT Request	1742261254945	1742261255141	OK	 
USER	Open Model Scenario	START	1742261255170
REQUEST		GET Request 1	1742261253560	1742261255202	OK	 
REQUEST		GET Request 1	1742261254866	1742261255243	OK	 
USER	Open Model Scenario	START	1742261255264
REQUEST		GET Request 1	1742261254961	1742261255335	OK	 
USER	Open Model Scenario	START	1742261255361
REQUEST		PUT Request	1742261255215	1742261255419	OK	 
REQUEST		POST Request	1742261255232	1742261255448	OK	 
USER	Open Model Scenario	START	1742261255457
REQUEST		GET Request 1	1742261255169	1742261255532	OK	 
USER	Open Model Scenario	START	1742261255570
REQUEST		POST Request	1742261255377	1742261255593	OK	 
REQUEST		PUT Request	1742261255393	1742261255599	OK	 
REQUEST		PUT Request	1742261255457	1742261255663	OK	 
USER	Open Model Scenario	START	1742261255664
REQUEST		POST Request	1742261255504	1742261255721	OK	 
REQUEST		GET Request 1	1742261255360	1742261255723	OK	 
REQUEST		PUT Request	1742261255552	1742261255755	OK	 
USER	Open Model Scenario	START	1742261255760
REQUEST		POST Request	1742261255568	1742261255783	OK	 
REQUEST		POST Request	1742261255615	1742261255805	OK	 
USER	Open Model Scenario	START	1742261255872
REQUEST		GET Request 1	1742261255568	1742261255900	OK	 
REQUEST		POST Request	1742261255711	1742261255918	OK	 
REQUEST		POST Request	1742261255743	1742261255933	OK	 
REQUEST		PUT Request	1742261255743	1742261255939	OK	 
USER	Open Model Scenario	START	1742261255968
REQUEST		POST Request	1742261255807	1742261256007	OK	 
REQUEST		PUT Request	1742261255807	1742261256009	OK	 
USER	Open Model Scenario	START	1742261256064
REQUEST		GET Request 1	1742261254770	1742261256108	OK	 
USER	Open Model Scenario	START	1742261256159
REQUEST		PUT Request	1742261255982	1742261256196	OK	 
REQUEST		GET Request 1	1742261255871	1742261256202	OK	 
REQUEST		POST Request	1742261256031	1742261256226	OK	 
REQUEST		PUT Request	1742261256031	1742261256229	OK	 
REQUEST		PUT Request	1742261256047	1742261256257	OK	 
REQUEST		PUT Request	1742261256047	1742261256264	OK	 
USER	Open Model Scenario	START	1742261256271
REQUEST		GET Request 1	1742261254562	1742261256289	OK	 
REQUEST		POST Request	1742261256094	1742261256308	OK	 
REQUEST		GET Request 1	1742261255967	1742261256326	OK	 
USER	Open Model Scenario	START	1742261256366
REQUEST		GET Request 1	1742261256063	1742261256391	OK	 
REQUEST		POST Request	1742261256206	1742261256401	OK	 
REQUEST		DELETE Request	1742261256142	1742261256425	OK	 
USER	Open Model Scenario	END	1742261256429
REQUEST		DELETE Request	1742261256158	1742261256460	OK	 
USER	Open Model Scenario	END	1742261256462
USER	Open Model Scenario	START	1742261256463
REQUEST		POST Request	1742261256255	1742261256464	OK	 
REQUEST		POST Request	1742261256350	1742261256549	OK	 
USER	Open Model Scenario	START	1742261256558
REQUEST		GET Request 1	1742261256158	1742261256561	OK	 
REQUEST		GET Request 1	1742261255264	1742261256610	OK	 
REQUEST		PUT Request	1742261256459	1742261256659	OK	 
USER	Open Model Scenario	START	1742261256672
REQUEST		GET Request 1	1742261256366	1742261256718	OK	 
REQUEST		DELETE Request	1742261256430	1742261256730	OK	 
USER	Open Model Scenario	END	1742261256731
REQUEST		POST Request	1742261256541	1742261256738	OK	 
USER	Open Model Scenario	START	1742261256767
REQUEST		GET Request 1	1742261256462	1742261256802	OK	 
REQUEST		PUT Request	1742261256606	1742261256816	OK	 
USER	Open Model Scenario	START	1742261256863
REQUEST		DELETE Request	1742261256606	1742261256916	OK	 
USER	Open Model Scenario	END	1742261256917
REQUEST		GET Request 1	1742261256270	1742261256922	OK	 
REQUEST		POST Request	1742261256736	1742261256935	OK	 
USER	Open Model Scenario	START	1742261256959
REQUEST		PUT Request	1742261256734	1742261256961	OK	 
REQUEST		DELETE Request	1742261256670	1742261256982	OK	 
USER	Open Model Scenario	END	1742261256983
REQUEST		GET Request 1	1742261255663	1742261256994	OK	 
REQUEST		PUT Request	1742261256814	1742261257001	OK	 
REQUEST		PUT Request	1742261256798	1742261257016	OK	 
REQUEST		DELETE Request	1742261256766	1742261257064	OK	 
USER	Open Model Scenario	END	1742261257065
REQUEST		GET Request 1	1742261256671	1742261257066	OK	 
USER	Open Model Scenario	START	1742261257069
REQUEST		POST Request	1742261256910	1742261257102	OK	 
REQUEST		PUT Request	1742261256925	1742261257129	OK	 
REQUEST		PUT Request	1742261256941	1742261257131	OK	 
REQUEST		GET Request 1	1742261255759	1742261257135	OK	 
USER	Open Model Scenario	START	1742261257166
REQUEST		PUT Request	1742261257021	1742261257213	OK	 
REQUEST		DELETE Request	1742261256941	1742261257233	OK	 
USER	Open Model Scenario	END	1742261257235
USER	Open Model Scenario	START	1742261257263
REQUEST		POST Request	1742261257117	1742261257310	OK	 
REQUEST		DELETE Request	1742261257021	1742261257318	OK	 
USER	Open Model Scenario	END	1742261257319
USER	Open Model Scenario	START	1742261257359
REQUEST		POST Request	1742261257214	1742261257403	OK	 
REQUEST		GET Request 1	1742261256766	1742261257422	OK	 
REQUEST		PUT Request	1742261257230	1742261257444	OK	 
USER	Open Model Scenario	START	1742261257471
REQUEST		GET Request 1	1742261257069	1742261257487	OK	 
REQUEST		POST Request	1742261257293	1742261257491	OK	 
REQUEST		GET Request 1	1742261256862	1742261257504	OK	 
REQUEST		DELETE Request	1742261257214	1742261257520	OK	 
USER	Open Model Scenario	END	1742261257522
REQUEST		POST Request	1742261257341	1742261257537	OK	 
REQUEST		PUT Request	1742261257325	1742261257540	OK	 
REQUEST		DELETE Request	1742261257245	1742261257557	OK	 
USER	Open Model Scenario	END	1742261257558
USER	Open Model Scenario	START	1742261257567
REQUEST		GET Request 1	1742261257165	1742261257584	OK	 
REQUEST		DELETE Request	1742261257277	1742261257594	OK	 
USER	Open Model Scenario	END	1742261257595
REQUEST		PUT Request	1742261257406	1742261257596	OK	 
REQUEST		GET Request 1	1742261257263	1742261257596	OK	 
REQUEST		POST Request	1742261257405	1742261257600	OK	 
USER	Open Model Scenario	START	1742261257662
REQUEST		PUT Request	1742261257470	1742261257664	OK	 
USER	Open Model Scenario	START	1742261257759
REQUEST		POST Request	1742261257565	1742261257784	OK	 
REQUEST		POST Request	1742261257613	1742261257803	OK	 
REQUEST		GET Request 1	1742261257470	1742261257819	OK	 
REQUEST		PUT Request	1742261257565	1742261257860	OK	 
USER	Open Model Scenario	START	1742261257870
REQUEST		POST Request	1742261257726	1742261257924	OK	 
REQUEST		PUT Request	1742261257741	1742261257942	OK	 
REQUEST		DELETE Request	1742261257662	1742261257959	OK	 
USER	Open Model Scenario	END	1742261257961
USER	Open Model Scenario	START	1742261257965
REQUEST		GET Request 1	1742261254370	1742261257983	OK	 
REQUEST		POST Request	1742261257804	1742261258000	OK	 
REQUEST		GET Request 1	1742261257662	1742261258013	OK	 
USER	Open Model Scenario	START	1742261258061
REQUEST		GET Request 1	1742261257758	1742261258109	OK	 
REQUEST		DELETE Request	1742261257821	1742261258129	OK	 
USER	Open Model Scenario	END	1742261258130
REQUEST		POST Request	1742261257933	1742261258137	OK	 
REQUEST		PUT Request	1742261257949	1742261258146	OK	 
USER	Open Model Scenario	START	1742261258156
REQUEST		DELETE Request	1742261257261	1742261258173	OK	 
USER	Open Model Scenario	END	1742261258174
REQUEST		POST Request	1742261257996	1742261258184	OK	 
REQUEST		GET Request 1	1742261257869	1742261258217	OK	 
USER	Open Model Scenario	START	1742261258270
REQUEST		DELETE Request	1742261257964	1742261258281	OK	 
USER	Open Model Scenario	END	1742261258282
REQUEST		POST Request	1742261258076	1742261258288	OK	 
REQUEST		DELETE Request	1742261258012	1742261258299	OK	 
USER	Open Model Scenario	END	1742261258300
REQUEST		PUT Request	1742261258109	1742261258306	OK	 
REQUEST		POST Request	1742261258140	1742261258337	OK	 
REQUEST		DELETE Request	1742261258028	1742261258350	OK	 
USER	Open Model Scenario	END	1742261258350
USER	Open Model Scenario	START	1742261258365
REQUEST		DELETE Request	1742261258140	1742261258431	OK	 
USER	Open Model Scenario	END	1742261258432
REQUEST		DELETE Request	1742261258140	1742261258433	OK	 
USER	Open Model Scenario	END	1742261258434
USER	Open Model Scenario	START	1742261258461
REQUEST		GET Request 1	1742261255056	1742261258469	OK	 
REQUEST		DELETE Request	1742261258220	1742261258515	OK	 
USER	Open Model Scenario	END	1742261258516
REQUEST		PUT Request	1742261258317	1742261258520	OK	 
USER	Open Model Scenario	START	1742261258558
REQUEST		PUT Request	1742261258413	1742261258609	OK	 
REQUEST		GET Request 1	1742261258269	1742261258610	OK	 
REQUEST		GET Request 1	1742261257964	1742261258613	OK	 
REQUEST		GET Request 1	1742261256958	1742261258628	OK	 
REQUEST		POST Request	1742261258429	1742261258639	OK	 
USER	Open Model Scenario	START	1742261258670
REQUEST		PUT Request	1742261258493	1742261258692	OK	 
REQUEST		POST Request	1742261258509	1742261258707	OK	 
REQUEST		GET Request 1	1742261257358	1742261258714	OK	 
REQUEST		POST Request	1742261258493	1742261258722	OK	 
REQUEST		PUT Request	1742261258541	1742261258739	OK	 
REQUEST		DELETE Request	1742261258444	1742261258745	OK	 
USER	Open Model Scenario	END	1742261258746
USER	Open Model Scenario	START	1742261258766
REQUEST		POST Request	1742261258605	1742261258800	OK	 
REQUEST		PUT Request	1742261258605	1742261258814	OK	 
REQUEST		DELETE Request	1742261258540	1742261258855	OK	 
USER	Open Model Scenario	END	1742261258855
USER	Open Model Scenario	START	1742261258861
REQUEST		DELETE Request	1742261258605	1742261258894	OK	 
USER	Open Model Scenario	END	1742261258895
USER	Open Model Scenario	START	1742261258958
REQUEST		DELETE Request	1742261258668	1742261258962	OK	 
USER	Open Model Scenario	END	1742261258962
REQUEST		PUT Request	1742261258813	1742261259006	OK	 
REQUEST		GET Request 1	1742261258365	1742261259009	OK	 
REQUEST		PUT Request	1742261258797	1742261259015	OK	 
REQUEST		GET Request 1	1742261258669	1742261259021	OK	 
REQUEST		POST Request	1742261258828	1742261259031	OK	 
USER	Open Model Scenario	START	1742261259070
REQUEST		POST Request	1742261258589	1742261259101	OK	 
REQUEST		PUT Request	1742261258925	1742261259114	OK	 
USER	Open Model Scenario	START	1742261259165
REQUEST		DELETE Request	1742261258876	1742261259173	OK	 
USER	Open Model Scenario	END	1742261259173
REQUEST		POST Request	1742261258989	1742261259178	OK	 
REQUEST		PUT Request	1742261259005	1742261259193	OK	 
REQUEST		POST Request	1742261259020	1742261259215	OK	 
REQUEST		DELETE Request	1742261258957	1742261259254	OK	 
USER	Open Model Scenario	END	1742261259255
USER	Open Model Scenario	START	1742261259260
REQUEST		POST Request	1742261259115	1742261259310	OK	 
REQUEST		PUT Request	1742261259147	1742261259342	OK	 
USER	Open Model Scenario	START	1742261259373
REQUEST		PUT Request	1742261259196	1742261259383	OK	 
REQUEST		GET Request 1	1742261258060	1742261259397	OK	 
REQUEST		POST Request	1742261259227	1742261259420	OK	 
REQUEST		DELETE Request	1742261259147	1742261259451	OK	 
USER	Open Model Scenario	END	1742261259452
USER	Open Model Scenario	START	1742261259467
REQUEST		GET Request 1	1742261259163	1742261259499	OK	 
REQUEST		PUT Request	1742261259291	1742261259500	OK	 
REQUEST		PUT Request	1742261259339	1742261259534	OK	 
USER	Open Model Scenario	START	1742261259563
REQUEST		DELETE Request	1742261259307	1742261259600	OK	 
USER	Open Model Scenario	END	1742261259601
REQUEST		GET Request 1	1742261258957	1742261259627	OK	 
USER	Open Model Scenario	START	1742261259659
REQUEST		GET Request 1	1742261255456	1742261259670	KO	j.n.c.ClosedChannelException
REQUEST		POST Request	1742261259482	1742261259693	OK	 
REQUEST		GET Request 1	1742261259069	1742261259713	OK	 
REQUEST		GET Request 1	1742261259372	1742261259741	OK	 
USER	Open Model Scenario	START	1742261259771
REQUEST		GET Request 1	1742261259467	1742261259810	OK	 
REQUEST		DELETE Request	1742261259531	1742261259819	OK	 
REQUEST		POST Request	1742261259626	1742261259819	OK	 
USER	Open Model Scenario	END	1742261259821
REQUEST		POST Request	1742261259626	1742261259829	OK	 
REQUEST		POST Request	1742261259633	1742261259835	OK	 
REQUEST		PUT Request	1742261259642	1742261259840	OK	 
USER	Open Model Scenario	START	1742261259867
REQUEST		DELETE Request	1742261259610	1742261259901	OK	 
USER	Open Model Scenario	END	1742261259903
REQUEST		GET Request 1	1742261258557	1742261259914	OK	 
REQUEST		PUT Request	1742261259738	1742261259943	OK	 
USER	Open Model Scenario	START	1742261259961
REQUEST		PUT Request	1742261259818	1742261260005	OK	 
REQUEST		DELETE Request	1742261259706	1742261260011	OK	 
USER	Open Model Scenario	END	1742261260012
REQUEST		DELETE Request	1742261259754	1742261260057	OK	 
USER	Open Model Scenario	START	1742261260059
USER	Open Model Scenario	END	1742261260059
REQUEST		DELETE Request	1742261259818	1742261260107	OK	 
USER	Open Model Scenario	END	1742261260108
REQUEST		GET Request 1	1742261258461	1742261260117	OK	 
REQUEST		GET Request 1	1742261259770	1742261260126	OK	 
USER	Open Model Scenario	START	1742261260170
REQUEST		POST Request	1742261260025	1742261260217	OK	 
REQUEST		GET Request 1	1742261259562	1742261260219	OK	 
REQUEST		GET Request 1	1742261259866	1742261260221	OK	 
REQUEST		POST Request	1742261259722	1742261260224	OK	 
REQUEST		GET Request 1	1742261256557	1742261260226	OK	 
REQUEST		PUT Request	1742261259722	1742261260227	OK	 
REQUEST		POST Request	1742261260024	1742261260232	OK	 
REQUEST		PUT Request	1742261260040	1742261260235	OK	 
USER	Open Model Scenario	START	1742261260270
REQUEST		DELETE Request	1742261260009	1742261260297	OK	 
USER	Open Model Scenario	END	1742261260299
REQUEST		PUT Request	1742261260105	1742261260330	OK	 
REQUEST		DELETE Request	1742261260024	1742261260341	OK	 
USER	Open Model Scenario	END	1742261260342
REQUEST		GET Request 1	1742261259961	1742261260353	OK	 
USER	Open Model Scenario	START	1742261260366
REQUEST		PUT Request	1742261260185	1742261260379	OK	 
REQUEST		PUT Request	1742261260217	1742261260415	OK	 
REQUEST		DELETE Request	1742261260120	1742261260422	OK	 
USER	Open Model Scenario	END	1742261260423
USER	Open Model Scenario	START	1742261260462
REQUEST		PUT Request	1742261260317	1742261260526	OK	 
REQUEST		DELETE Request	1742261260201	1742261260530	OK	 
USER	Open Model Scenario	END	1742261260530
USER	Open Model Scenario	START	1742261260558
REQUEST		GET Request 1	1742261258860	1742261260558	OK	 
REQUEST		PUT Request	1742261260428	1742261260621	OK	 
REQUEST		DELETE Request	1742261260348	1742261260650	OK	 
USER	Open Model Scenario	END	1742261260651
USER	Open Model Scenario	START	1742261260670
REQUEST		DELETE Request	1742261260397	1742261260687	OK	 
USER	Open Model Scenario	END	1742261260687
REQUEST		POST Request	1742261260510	1742261260698	OK	 
REQUEST		GET Request 1	1742261260364	1742261260731	OK	 
USER	Open Model Scenario	START	1742261260765
REQUEST		DELETE Request	1742261260510	1742261260820	OK	 
USER	Open Model Scenario	END	1742261260821
REQUEST		DELETE Request	1742261260541	1742261260841	OK	 
USER	Open Model Scenario	END	1742261260842
REQUEST		POST Request	1742261260638	1742261260847	OK	 
USER	Open Model Scenario	START	1742261260861
REQUEST		POST Request	1742261260412	1742261260907	OK	 
REQUEST		PUT Request	1742261260700	1742261260914	OK	 
REQUEST		GET Request 1	1742261260557	1742261260921	OK	 
REQUEST		POST Request	1742261260716	1742261260926	OK	 
REQUEST		GET Request 1	1742261259259	1742261260931	OK	 
REQUEST		POST Request	1742261260748	1742261260948	OK	 
USER	Open Model Scenario	START	1742261260958
REQUEST		GET Request 1	1742261260057	1742261261010	OK	 
REQUEST		POST Request	1742261260814	1742261261012	OK	 
REQUEST		PUT Request	1742261260821	1742261261012	OK	 
REQUEST		GET Request 1	1742261260670	1742261261037	OK	 
REQUEST		PUT Request	1742261260844	1742261261040	OK	 
REQUEST		PUT Request	1742261260844	1742261261044	OK	 
USER	Open Model Scenario	START	1742261261070
REQUEST		GET Request 1	1742261260765	1742261261120	OK	 
REQUEST		GET Request 1	1742261260461	1742261261120	OK	 
REQUEST		POST Request	1742261260925	1742261261120	OK	 
REQUEST		DELETE Request	1742261260844	1742261261150	OK	 
USER	Open Model Scenario	END	1742261261151
USER	Open Model Scenario	START	1742261261164
REQUEST		DELETE Request	1742261260957	1742261261276	OK	 
REQUEST		GET Request 1	1742261257565	1742261261276	OK	 
USER	Open Model Scenario	END	1742261261278
USER	Open Model Scenario	START	1742261261278
REQUEST		DELETE Request	1742261261020	1742261261309	OK	 
REQUEST		GET Request 1	1742261260957	1742261261310	OK	 
USER	Open Model Scenario	END	1742261261311
REQUEST		POST Request	1742261260684	1742261261320	OK	 
REQUEST		POST Request	1742261261131	1742261261322	OK	 
REQUEST		POST Request	1742261261132	1742261261335	OK	 
USER	Open Model Scenario	START	1742261261357
REQUEST		GET Request 1	1742261261068	1742261261411	OK	 
REQUEST		PUT Request	1742261261228	1742261261422	OK	 
REQUEST		PUT Request	1742261261228	1742261261427	OK	 
REQUEST		POST Request	1742261261228	1742261261433	OK	 
REQUEST		PUT Request	1742261261243	1742261261450	OK	 
USER	Open Model Scenario	START	1742261261470
REQUEST		DELETE Request	1742261261243	1742261261536	OK	 
USER	Open Model Scenario	END	1742261261537
REQUEST		DELETE Request	1742261261243	1742261261538	OK	 
USER	Open Model Scenario	END	1742261261539
REQUEST		GET Request 1	1742261260861	1742261261551	OK	 
USER	Open Model Scenario	START	1742261261565
REQUEST		POST Request	1742261261356	1742261261571	OK	 
REQUEST		GET Request 1	1742261260269	1742261261609	OK	 
REQUEST		DELETE Request	1742261261340	1742261261658	OK	 
USER	Open Model Scenario	END	1742261261659
USER	Open Model Scenario	START	1742261261661
REQUEST		DELETE Request	1742261261388	1742261261683	OK	 
USER	Open Model Scenario	END	1742261261684
REQUEST		DELETE Request	1742261261420	1742261261725	OK	 
REQUEST		POST Request	1742261261228	1742261261725	OK	 
USER	Open Model Scenario	END	1742261261726
REQUEST		POST Request	1742261261228	1742261261726	OK	 
USER	Open Model Scenario	START	1742261261756
REQUEST		POST Request	1742261261565	1742261261773	OK	 
REQUEST		DELETE Request	1742261261533	1742261261832	OK	 
USER	Open Model Scenario	END	1742261261834
USER	Open Model Scenario	START	1742261261870
REQUEST		PUT Request	1742261261709	1742261261899	OK	 
REQUEST		DELETE Request	1742261261629	1742261261921	OK	 
USER	Open Model Scenario	END	1742261261922
USER	Open Model Scenario	START	1742261261964
REQUEST		POST Request	1742261261740	1742261262019	OK	 
REQUEST		PUT Request	1742261261852	1742261262055	OK	 
USER	Open Model Scenario	START	1742261262060
REQUEST		GET Request 1	1742261261661	1742261262061	OK	 
REQUEST		PUT Request	1742261261917	1742261262115	OK	 
REQUEST		PUT Request	1742261261933	1742261262127	OK	 
REQUEST		POST Request	1742261261933	1742261262130	OK	 
REQUEST		POST Request	1742261261933	1742261262135	OK	 
REQUEST		GET Request 1	1742261261756	1742261262156	OK	 
REQUEST		PUT Request	1742261261964	1742261262166	OK	 
USER	Open Model Scenario	START	1742261262173
REQUEST		POST Request	1742261262012	1742261262217	OK	 
REQUEST		PUT Request	1742261262027	1742261262219	OK	 
REQUEST		DELETE Request	1742261261917	1742261262221	OK	 
USER	Open Model Scenario	END	1742261262222
REQUEST		POST Request	1742261262043	1742261262252	OK	 
REQUEST		GET Request 1	1742261261565	1742261262260	OK	 
USER	Open Model Scenario	START	1742261262260
REQUEST		DELETE Request	1742261262027	1742261262311	OK	 
USER	Open Model Scenario	END	1742261262311
REQUEST		PUT Request	1742261262124	1742261262321	OK	 
REQUEST		GET Request 1	1742261261869	1742261262325	OK	 
REQUEST		POST Request	1742261262123	1742261262327	OK	 
REQUEST		POST Request	1742261262123	1742261262332	OK	 
REQUEST		DELETE Request	1742261262043	1742261262342	OK	 
USER	Open Model Scenario	END	1742261262342
USER	Open Model Scenario	START	1742261262363
REQUEST		DELETE Request	1742261262059	1742261262366	OK	 
USER	Open Model Scenario	END	1742261262366
USER	Open Model Scenario	START	1742261262460
REQUEST		GET Request 1	1742261261469	1742261262476	OK	 
REQUEST		POST Request	1742261262282	1742261262480	OK	 
REQUEST		GET Request 1	1742261262059	1742261262480	OK	 
REQUEST		GET Request 1	1742261262172	1742261262497	OK	 
REQUEST		POST Request	1742261262314	1742261262512	OK	 
REQUEST		PUT Request	1742261262326	1742261262518	OK	 
REQUEST		PUT Request	1742261262330	1742261262526	OK	 
REQUEST		PUT Request	1742261262346	1742261262550	OK	 
USER	Open Model Scenario	START	1742261262556
REQUEST		GET Request 1	1742261262260	1742261262594	OK	 
REQUEST		POST Request	1742261262426	1742261262617	OK	 
REQUEST		GET Request 1	1742261261964	1742261262631	OK	 
REQUEST		PUT Request	1742261262442	1742261262637	OK	 
USER	Open Model Scenario	START	1742261262668
REQUEST		DELETE Request	1742261262426	1742261262712	OK	 
USER	Open Model Scenario	END	1742261262713
REQUEST		DELETE Request	1742261262442	1742261262740	OK	 
USER	Open Model Scenario	END	1742261262741
REQUEST		DELETE Request	1742261262458	1742261262752	OK	 
USER	Open Model Scenario	END	1742261262753
REQUEST		POST Request	1742261262555	1742261262761	OK	 
USER	Open Model Scenario	START	1742261262763
REQUEST		POST Request	1742261262619	1742261262808	OK	 
USER	Open Model Scenario	START	1742261262862
REQUEST		GET Request 1	1742261262555	1742261262918	OK	 
REQUEST		PUT Request	1742261262732	1742261262921	OK	 
REQUEST		PUT Request	1742261262732	1742261262923	OK	 
REQUEST		GET Request 1	1742261261277	1742261262932	OK	 
USER	Open Model Scenario	START	1742261262956
REQUEST		GET Request 1	1742261259658	1742261263035	OK	 
REQUEST		GET Request 1	1742261261163	1742261263039	OK	 
USER	Open Model Scenario	START	1742261263069
REQUEST		PUT Request	1742261262588	1742261263101	OK	 
REQUEST		GET Request 1	1742261262763	1742261263124	OK	 
USER	Open Model Scenario	START	1742261263164
REQUEST		DELETE Request	1742261262908	1742261263196	OK	 
USER	Open Model Scenario	END	1742261263196
REQUEST		GET Request 1	1742261262860	1742261263219	OK	 
USER	Open Model Scenario	START	1742261263260
REQUEST		POST Request	1742261263068	1742261263280	OK	 
REQUEST		GET Request 1	1742261262955	1742261263291	OK	 
REQUEST		PUT Request	1742261262780	1742261263292	OK	 
REQUEST		GET Request 1	1742261262667	1742261263308	OK	 
REQUEST		GET Request 1	1742261262363	1742261263338	OK	 
REQUEST		PUT Request	1742261263131	1742261263343	OK	 
REQUEST		PUT Request	1742261263147	1742261263346	OK	 
USER	Open Model Scenario	START	1742261263355
REQUEST		POST Request	1742261263163	1742261263363	OK	 
REQUEST		DELETE Request	1742261263067	1742261263365	OK	 
USER	Open Model Scenario	END	1742261263367
REQUEST		DELETE Request	1742261263131	1742261263423	OK	 
USER	Open Model Scenario	END	1742261263424
REQUEST		PUT Request	1742261263227	1742261263426	OK	 
REQUEST		DELETE Request	1742261263131	1742261263426	OK	 
USER	Open Model Scenario	END	1742261263427
REQUEST		GET Request 1	1742261262458	1742261263444	OK	 
USER	Open Model Scenario	START	1742261263466
REQUEST		POST Request	1742261263275	1742261263467	OK	 
REQUEST		DELETE Request	1742261263179	1742261263478	OK	 
REQUEST		PUT Request	1742261263275	1742261263478	OK	 
USER	Open Model Scenario	END	1742261263479
REQUEST		GET Request 1	1742261260169	1742261263528	OK	 
REQUEST		PUT Request	1742261263339	1742261263534	OK	 
REQUEST		PUT Request	1742261263036	1742261263538	OK	 
REQUEST		PUT Request	1742261263339	1742261263547	OK	 
USER	Open Model Scenario	START	1742261263562
REQUEST		DELETE Request	1742261263323	1742261263611	OK	 
USER	Open Model Scenario	END	1742261263612
REQUEST		GET Request 1	1742261263259	1742261263626	OK	 
USER	Open Model Scenario	START	1742261263658
REQUEST		PUT Request	1742261263481	1742261263685	OK	 
REQUEST		POST Request	1742261263481	1742261263689	OK	 
REQUEST		POST Request	1742261263481	1742261263696	OK	 
REQUEST		POST Request	1742261263513	1742261263704	OK	 
REQUEST		PUT Request	1742261263514	1742261263723	OK	 
USER	Open Model Scenario	START	1742261263770
REQUEST		DELETE Request	1742261263529	1742261263822	OK	 
REQUEST		DELETE Request	1742261263226	1742261263823	OK	 
USER	Open Model Scenario	END	1742261263823
USER	Open Model Scenario	END	1742261263823
REQUEST		POST Request	1742261263609	1742261263826	OK	 
REQUEST		DELETE Request	1742261263529	1742261263831	OK	 
USER	Open Model Scenario	END	1742261263831
REQUEST		PUT Request	1742261263625	1742261263838	OK	 
REQUEST		POST Request	1742261263339	1742261263852	OK	 
REQUEST		POST Request	1742261263642	1742261263858	OK	 
USER	Open Model Scenario	START	1742261263865
REQUEST		DELETE Request	1742261263561	1742261263875	OK	 
USER	Open Model Scenario	END	1742261263875
REQUEST		DELETE Request	1742261263641	1742261263936	OK	 
USER	Open Model Scenario	END	1742261263938
USER	Open Model Scenario	START	1742261263961
REQUEST		PUT Request	1742261263769	1742261263974	OK	 
REQUEST		GET Request 1	1742261263657	1742261263983	OK	 
REQUEST		GET Request 1	1742261263354	1742261263990	OK	 
REQUEST		PUT Request	1742261263817	1742261264005	OK	 
REQUEST		GET Request 1	1742261263067	1742261264034	OK	 
USER	Open Model Scenario	START	1742261264059
REQUEST		GET Request 1	1742261263465	1742261264109	OK	 
REQUEST		POST Request	1742261263929	1742261264143	OK	 
REQUEST		GET Request 1	1742261263769	1742261264146	OK	 
REQUEST		POST Request	1742261263945	1742261264150	OK	 
USER	Open Model Scenario	START	1742261264169
REQUEST		DELETE Request	1742261263929	1742261264230	OK	 
REQUEST		DELETE Request	1742261263929	1742261264230	OK	 
USER	Open Model Scenario	END	1742261264231
USER	Open Model Scenario	END	1742261264232
REQUEST		POST Request	1742261264040	1742261264237	OK	 
REQUEST		POST Request	1742261264040	1742261264258	OK	 
USER	Open Model Scenario	START	1742261264264
REQUEST		GET Request 1	1742261263865	1742261264268	OK	 
USER	Open Model Scenario	START	1742261264360
REQUEST		POST Request	1742261264136	1742261264361	OK	 
REQUEST		DELETE Request	1742261264105	1742261264419	OK	 
USER	Open Model Scenario	END	1742261264420
REQUEST		POST Request	1742261264232	1742261264423	OK	 
USER	Open Model Scenario	START	1742261264456
REQUEST		POST Request	1742261264296	1742261264494	OK	 
REQUEST		GET Request 1	1742261264168	1742261264502	OK	 
REQUEST		PUT Request	1742261264296	1742261264507	OK	 
REQUEST		POST Request	1742261264312	1742261264509	OK	 
REQUEST		GET Request 1	1742261263561	1742261264541	OK	 
REQUEST		POST Request	1742261264344	1742261264549	OK	 
USER	Open Model Scenario	START	1742261264569
REQUEST		PUT Request	1742261264376	1742261264589	OK	 
REQUEST		DELETE Request	1742261264296	1742261264597	OK	 
USER	Open Model Scenario	END	1742261264598
REQUEST		POST Request	1742261264455	1742261264652	OK	 
REQUEST		DELETE Request	1742261264359	1742261264655	OK	 
USER	Open Model Scenario	END	1742261264656
REQUEST		DELETE Request	1742261264359	1742261264658	OK	 
USER	Open Model Scenario	END	1742261264659
USER	Open Model Scenario	START	1742261264665
REQUEST		PUT Request	1742261264471	1742261264666	OK	 
REQUEST		GET Request 1	1742261264263	1742261264689	OK	 
REQUEST		DELETE Request	1742261264440	1742261264735	OK	 
USER	Open Model Scenario	END	1742261264736
REQUEST		POST Request	1742261264536	1742261264741	OK	 
USER	Open Model Scenario	START	1742261264761
REQUEST		DELETE Request	1742261264488	1742261264796	OK	 
USER	Open Model Scenario	END	1742261264797
REQUEST		GET Request 1	1742261264455	1742261264820	OK	 
REQUEST		DELETE Request	1742261264537	1742261264833	OK	 
USER	Open Model Scenario	END	1742261264834
REQUEST		POST Request	1742261264633	1742261264835	OK	 
REQUEST		DELETE Request	1742261264541	1742261264846	OK	 
USER	Open Model Scenario	END	1742261264846
REQUEST		DELETE Request	1742261264551	1742261264851	OK	 
USER	Open Model Scenario	END	1742261264852
USER	Open Model Scenario	START	1742261264871
REQUEST		PUT Request	1742261264696	1742261264897	OK	 
REQUEST		PUT Request	1742261264712	1742261264898	OK	 
USER	Open Model Scenario	START	1742261264968
REQUEST		DELETE Request	1742261264696	1742261265006	OK	 
USER	Open Model Scenario	END	1742261265007
REQUEST		PUT Request	1742261264838	1742261265051	OK	 
USER	Open Model Scenario	START	1742261265063
REQUEST		PUT Request	1742261264854	1742261265065	OK	 
REQUEST		PUT Request	1742261264870	1742261265089	OK	 
REQUEST		DELETE Request	1742261264854	1742261265144	OK	 
USER	Open Model Scenario	END	1742261265145
USER	Open Model Scenario	START	1742261265159
REQUEST		GET Request 1	1742261264760	1742261265161	OK	 
REQUEST		POST Request	1742261265000	1742261265191	OK	 
REQUEST		POST Request	1742261265000	1742261265193	OK	 
REQUEST		GET Request 1	1742261264568	1742261265224	OK	 
REQUEST		PUT Request	1742261264712	1742261265228	OK	 
REQUEST		POST Request	1742261265046	1742261265243	OK	 
USER	Open Model Scenario	START	1742261265270
REQUEST		DELETE Request	1742261264983	1742261265291	OK	 
USER	Open Model Scenario	END	1742261265292
REQUEST		DELETE Request	1742261265015	1742261265298	OK	 
USER	Open Model Scenario	END	1742261265299
REQUEST		GET Request 1	1742261264664	1742261265308	OK	 
REQUEST		POST Request	1742261265126	1742261265316	OK	 
REQUEST		DELETE Request	1742261264727	1742261265326	OK	 
USER	Open Model Scenario	END	1742261265327
REQUEST		GET Request 1	1742261264359	1742261265328	OK	 
REQUEST		GET Request 1	1742261263960	1742261265346	OK	 
REQUEST		PUT Request	1742261265157	1742261265351	OK	 
REQUEST		PUT Request	1742261265157	1742261265359	OK	 
REQUEST		POST Request	1742261265157	1742261265359	OK	 
USER	Open Model Scenario	START	1742261265361
REQUEST		PUT Request	1742261265252	1742261265456	OK	 
USER	Open Model Scenario	START	1742261265460
REQUEST		PUT Request	1742261265268	1742261265476	OK	 
REQUEST		POST Request	1742261265284	1742261265490	OK	 
REQUEST		PUT Request	1742261265364	1742261265563	OK	 
USER	Open Model Scenario	START	1742261265571
REQUEST		GET Request 1	1742261265268	1742261265604	OK	 
REQUEST		GET Request 1	1742261264057	1742261265616	OK	 
REQUEST		PUT Request	1742261265428	1742261265629	OK	 
USER	Open Model Scenario	START	1742261265665
REQUEST		POST Request	1742261265507	1742261265709	OK	 
REQUEST		GET Request 1	1742261265062	1742261265713	OK	 
REQUEST		PUT Request	1742261265507	1742261265717	OK	 
REQUEST		PUT Request	1742261265522	1742261265728	OK	 
REQUEST		POST Request	1742261265553	1742261265753	OK	 
USER	Open Model Scenario	START	1742261265762
REQUEST		PUT Request	1742261265553	1742261265764	OK	 
REQUEST		DELETE Request	1742261265522	1742261265831	OK	 
USER	Open Model Scenario	END	1742261265832
USER	Open Model Scenario	START	1742261265858
REQUEST		PUT Request	1742261265664	1742261265863	OK	 
REQUEST		GET Request 1	1742261265157	1742261265881	OK	 
REQUEST		DELETE Request	1742261265602	1742261265900	OK	 
USER	Open Model Scenario	END	1742261265901
REQUEST		GET Request 1	1742261265570	1742261265903	OK	 
REQUEST		POST Request	1742261265697	1742261265907	OK	 
REQUEST		PUT Request	1742261265744	1742261265945	OK	 
USER	Open Model Scenario	START	1742261265971
REQUEST		DELETE Request	1742261265681	1742261265981	OK	 
USER	Open Model Scenario	END	1742261265982
REQUEST		GET Request 1	1742261265664	1742261266021	OK	 
REQUEST		PUT Request	1742261265840	1742261266037	OK	 
REQUEST		POST Request	1742261265825	1742261266039	OK	 
USER	Open Model Scenario	START	1742261266066
REQUEST		GET Request 1	1742261265459	1742261266124	OK	 
USER	Open Model Scenario	START	1742261266163
REQUEST		GET Request 1	1742261265857	1742261266210	OK	 
REQUEST		DELETE Request	1742261265904	1742261266210	OK	 
REQUEST		DELETE Request	1742261265904	1742261266210	OK	 
USER	Open Model Scenario	END	1742261266212
USER	Open Model Scenario	END	1742261266212
REQUEST		GET Request 1	1742261264871	1742261266233	OK	 
USER	Open Model Scenario	START	1742261266258
REQUEST		DELETE Request	1742261266065	1742261266355	OK	 
USER	Open Model Scenario	END	1742261266357
USER	Open Model Scenario	START	1742261266371
REQUEST		POST Request	1742261266162	1742261266375	OK	 
REQUEST		PUT Request	1742261266194	1742261266380	OK	 
REQUEST		DELETE Request	1742261266098	1742261266390	OK	 
USER	Open Model Scenario	END	1742261266390
REQUEST		PUT Request	1742261266210	1742261266402	OK	 
REQUEST		POST Request	1742261266226	1742261266428	OK	 
REQUEST		PUT Request	1742261266257	1742261266458	OK	 
USER	Open Model Scenario	START	1742261266465
REQUEST		PUT Request	1742261266321	1742261266510	OK	 
REQUEST		POST Request	1742261266321	1742261266521	OK	 
REQUEST		POST Request	1742261266337	1742261266529	OK	 
USER	Open Model Scenario	START	1742261266563
REQUEST		DELETE Request	1742261266241	1742261266565	OK	 
USER	Open Model Scenario	END	1742261266566
REQUEST		PUT Request	1742261266369	1742261266584	OK	 
REQUEST		POST Request	1742261266353	1742261266593	OK	 
REQUEST		GET Request 1	1742261266162	1742261266604	OK	 
REQUEST		DELETE Request	1742261266353	1742261266645	OK	 
USER	Open Model Scenario	END	1742261266645
USER	Open Model Scenario	START	1742261266658
REQUEST		GET Request 1	1742261266258	1742261266661	OK	 
REQUEST		DELETE Request	1742261266369	1742261266665	OK	 
USER	Open Model Scenario	END	1742261266666
REQUEST		GET Request 1	1742261265360	1742261266698	OK	 
REQUEST		DELETE Request	1742261266081	1742261266701	OK	 
USER	Open Model Scenario	END	1742261266702
REQUEST		PUT Request	1742261266497	1742261266707	OK	 
REQUEST		GET Request 1	1742261265969	1742261266720	OK	 
REQUEST		GET Request 1	1742261266369	1742261266726	OK	 
REQUEST		DELETE Request	1742261266464	1742261266759	OK	 
USER	Open Model Scenario	END	1742261266760
USER	Open Model Scenario	START	1742261266772
REQUEST		DELETE Request	1742261266481	1742261266786	OK	 
USER	Open Model Scenario	END	1742261266786
REQUEST		POST Request	1742261266609	1742261266800	OK	 
REQUEST		POST Request	1742261266626	1742261266816	OK	 
REQUEST		GET Request 1	1742261266465	1742261266843	OK	 
USER	Open Model Scenario	START	1742261266866
REQUEST		DELETE Request	1742261266578	1742261266879	OK	 
USER	Open Model Scenario	END	1742261266880
REQUEST		PUT Request	1742261266721	1742261266921	OK	 
REQUEST		POST Request	1742261266721	1742261266921	OK	 
REQUEST		GET Request 1	1742261266562	1742261266929	OK	 
REQUEST		DELETE Request	1742261266641	1742261266932	OK	 
USER	Open Model Scenario	END	1742261266933
USER	Open Model Scenario	START	1742261266962
REQUEST		PUT Request	1742261266770	1742261266965	OK	 
REQUEST		GET Request 1	1742261266658	1742261267010	OK	 
REQUEST		DELETE Request	1742261266721	1742261267014	OK	 
USER	Open Model Scenario	END	1742261267015
REQUEST		DELETE Request	1742261266737	1742261267037	OK	 
USER	Open Model Scenario	END	1742261267038
USER	Open Model Scenario	START	1742261267057
REQUEST		DELETE Request	1742261266769	1742261267064	OK	 
USER	Open Model Scenario	END	1742261267065
REQUEST		POST Request	1742261266913	1742261267102	OK	 
REQUEST		POST Request	1742261266897	1742261267104	OK	 
REQUEST		PUT Request	1742261266913	1742261267134	OK	 
REQUEST		DELETE Request	1742261266865	1742261267162	OK	 
USER	Open Model Scenario	END	1742261267164
USER	Open Model Scenario	START	1742261267169
REQUEST		GET Request 1	1742261266865	1742261267215	OK	 
REQUEST		POST Request	1742261267025	1742261267222	OK	 
REQUEST		PUT Request	1742261267041	1742261267239	OK	 
REQUEST		DELETE Request	1742261266961	1742261267256	OK	 
USER	Open Model Scenario	END	1742261267257
USER	Open Model Scenario	START	1742261267270
REQUEST		POST Request	1742261267129	1742261267339	OK	 
REQUEST		DELETE Request	1742261267041	1742261267342	OK	 
USER	Open Model Scenario	END	1742261267343
USER	Open Model Scenario	START	1742261267365
REQUEST		GET Request 1	1742261267057	1742261267414	OK	 
REQUEST		POST Request	1742261267217	1742261267417	OK	 
REQUEST		GET Request 1	1742261266065	1742261267422	OK	 
REQUEST		POST Request	1742261267249	1742261267446	OK	 
USER	Open Model Scenario	START	1742261267461
USER	Open Model Scenario	START	1742261267557
REQUEST		PUT Request	1742261267380	1742261267595	OK	 
REQUEST		PUT Request	1742261267444	1742261267644	OK	 
USER	Open Model Scenario	START	1742261267670
REQUEST		DELETE Request	1742261267396	1742261267686	OK	 
USER	Open Model Scenario	END	1742261267687
REQUEST		DELETE Request	1742261267412	1742261267693	OK	 
USER	Open Model Scenario	END	1742261267694
REQUEST		PUT Request	1742261267524	1742261267720	OK	 
REQUEST		PUT Request	1742261267540	1742261267742	OK	 
REQUEST		DELETE Request	1742261267460	1742261267755	OK	 
USER	Open Model Scenario	END	1742261267756
USER	Open Model Scenario	START	1742261267764
REQUEST		GET Request 1	1742261267169	1742261267797	OK	 
REQUEST		DELETE Request	1742261267523	1742261267809	OK	 
USER	Open Model Scenario	END	1742261267809
REQUEST		PUT Request	1742261267605	1742261267810	OK	 
REQUEST		POST Request	1742261267620	1742261267817	OK	 
USER	Open Model Scenario	START	1742261267860
REQUEST		DELETE Request	1742261267588	1742261267888	OK	 
REQUEST		POST Request	1742261267669	1742261267889	OK	 
USER	Open Model Scenario	END	1742261267890
REQUEST		POST Request	1742261267700	1742261267893	OK	 
REQUEST		POST Request	1742261267732	1742261267932	OK	 
USER	Open Model Scenario	START	1742261267971
REQUEST		PUT Request	1742261267811	1742261268002	OK	 
REQUEST		DELETE Request	1742261267716	1742261268023	OK	 
USER	Open Model Scenario	END	1742261268024
REQUEST		GET Request 1	1742261267669	1742261268025	OK	 
REQUEST		PUT Request	1742261267827	1742261268026	OK	 
REQUEST		POST Request	1742261267859	1742261268055	OK	 
USER	Open Model Scenario	START	1742261268056
REQUEST		PUT Request	1742261267923	1742261268123	OK	 
REQUEST		POST Request	1742261267938	1742261268141	OK	 
USER	Open Model Scenario	START	1742261268162
REQUEST		DELETE Request	1742261267923	1742261268213	OK	 
USER	Open Model Scenario	END	1742261268214
REQUEST		POST Request	1742261268018	1742261268221	OK	 
REQUEST		GET Request 1	1742261258156	1742261268256	KO	i.n.h.s.SslHandshakeTimeoutException: handshake timed out after 10000ms
REQUEST		DELETE Request	1742261267969	1742261268267	OK	 
USER	Open Model Scenario	END	1742261268268
USER	Open Model Scenario	START	1742261268273
REQUEST		POST Request	1742261267732	1742261268279	OK	 
REQUEST		PUT Request	1742261268114	1742261268302	OK	 
REQUEST		GET Request 1	1742261266961	1742261268332	OK	 
REQUEST		PUT Request	1742261268114	1742261268333	OK	 
USER	Open Model Scenario	START	1742261268370
REQUEST		GET Request 1	1742261268056	1742261268420	OK	 
REQUEST		DELETE Request	1742261268145	1742261268465	OK	 
USER	Open Model Scenario	START	1742261268466
USER	Open Model Scenario	END	1742261268466
REQUEST		PUT Request	1742261268352	1742261268548	OK	 
USER	Open Model Scenario	START	1742261268562
REQUEST		POST Request	1742261268417	1742261268615	OK	 
REQUEST		PUT Request	1742261268432	1742261268629	OK	 
REQUEST		POST Request	1742261268432	1742261268630	OK	 
REQUEST		PUT Request	1742261268449	1742261268651	OK	 
USER	Open Model Scenario	START	1742261268657
REQUEST		GET Request 1	1742261267970	1742261268659	OK	 
REQUEST		PUT Request	1742261268224	1742261268725	OK	 
REQUEST		POST Request	1742261268224	1742261268726	OK	 
REQUEST		GET Request 1	1742261261356	1742261268736	OK	 
USER	Open Model Scenario	START	1742261268770
REQUEST		GET Request 1	1742261268161	1742261268817	OK	 
REQUEST		GET Request 1	1742261268465	1742261268834	OK	 
REQUEST		DELETE Request	1742261268240	1742261268842	OK	 
USER	Open Model Scenario	END	1742261268843
REQUEST		GET Request 1	1742261258764	1742261268847	KO	i.n.h.s.SslHandshakeTimeoutException: handshake timed out after 10000ms
USER	Open Model Scenario	START	1742261268864
REQUEST		GET Request 1	1742261267556	1742261268881	OK	 
REQUEST		GET Request 1	1742261268561	1742261268894	OK	 
REQUEST		DELETE Request	1742261268608	1742261268923	OK	 
USER	Open Model Scenario	END	1742261268923
USER	Open Model Scenario	START	1742261268960
REQUEST		DELETE Request	1742261268656	1742261268963	OK	 
USER	Open Model Scenario	END	1742261268964
REQUEST		POST Request	1742261268800	1742261268990	OK	 
REQUEST		PUT Request	1742261268832	1742261269029	OK	 
REQUEST		DELETE Request	1742261268736	1742261269040	OK	 
USER	Open Model Scenario	END	1742261269041
REQUEST		DELETE Request	1742261268752	1742261269045	OK	 
USER	Open Model Scenario	END	1742261269046
USER	Open Model Scenario	START	1742261269056
REQUEST		PUT Request	1742261268894	1742261269085	OK	 
REQUEST		GET Request 1	1742261267763	1742261269101	OK	 
REQUEST		PUT Request	1742261268896	1742261269121	OK	 
REQUEST		DELETE Request	1742261268816	1742261269131	OK	 
USER	Open Model Scenario	END	1742261269132
REQUEST		PUT Request	1742261268943	1742261269134	OK	 
REQUEST		GET Request 1	1742261265761	1742261269139	OK	 
USER	Open Model Scenario	START	1742261269168
REQUEST		GET Request 1	1742261267269	1742261269222	OK	 
REQUEST		POST Request	1742261269039	1742261269236	OK	 
USER	Open Model Scenario	START	1742261269264
REQUEST		PUT Request	1742261269071	1742261269271	OK	 
REQUEST		GET Request 1	1742261268959	1742261269310	OK	 
REQUEST		GET Request 1	1742261267859	1742261269310	OK	 
REQUEST		DELETE Request	1742261269007	1742261269310	OK	 
USER	Open Model Scenario	END	1742261269311
REQUEST		DELETE Request	1742261269028	1742261269316	OK	 
USER	Open Model Scenario	END	1742261269318
REQUEST		PUT Request	1742261269150	1742261269352	OK	 
USER	Open Model Scenario	START	1742261269357
REQUEST		DELETE Request	1742261269134	1742261269427	OK	 
USER	Open Model Scenario	END	1742261269428
REQUEST		PUT Request	1742261269230	1742261269437	OK	 
USER	Open Model Scenario	START	1742261269470
REQUEST		PUT Request	1742261269294	1742261269508	OK	 
REQUEST		POST Request	1742261269340	1742261269547	OK	 
USER	Open Model Scenario	START	1742261269565
REQUEST		DELETE Request	1742261269309	1742261269599	OK	 
USER	Open Model Scenario	END	1742261269601
REQUEST		GET Request 1	1742261268273	1742261269609	OK	 
REQUEST		POST Request	1742261269262	1742261269614	OK	 
REQUEST		POST Request	1742261269436	1742261269629	OK	 
USER	Open Model Scenario	START	1742261269660
REQUEST		DELETE Request	1742261269340	1742261269666	OK	 
USER	Open Model Scenario	END	1742261269667
USER	Open Model Scenario	START	1742261269772
REQUEST		PUT Request	1742261269628	1742261269822	OK	 
REQUEST		PUT Request	1742261269643	1742261269838	OK	 
REQUEST		DELETE Request	1742261269563	1742261269866	OK	 
USER	Open Model Scenario	START	1742261269868
USER	Open Model Scenario	END	1742261269868
REQUEST		POST Request	1742261269674	1742261269887	OK	 
REQUEST		DELETE Request	1742261269642	1742261269929	OK	 
USER	Open Model Scenario	END	1742261269930
REQUEST		POST Request	1742261269738	1742261269940	OK	 
REQUEST		DELETE Request	1742261269658	1742261269958	OK	 
USER	Open Model Scenario	END	1742261269959
USER	Open Model Scenario	START	1742261269962
REQUEST		GET Request 1	1742261269563	1742261269962	OK	 
REQUEST		GET Request 1	1742261268369	1742261270008	OK	 
REQUEST		POST Request	1742261269834	1742261270027	OK	 
REQUEST		DELETE Request	1742261269738	1742261270033	OK	 
USER	Open Model Scenario	END	1742261270033
REQUEST		POST Request	1742261269835	1742261270034	OK	 
REQUEST		GET Request 1	1742261269659	1742261270049	OK	 
USER	Open Model Scenario	START	1742261270059
REQUEST		POST Request	1742261269882	1742261270067	OK	 
REQUEST		POST Request	1742261269898	1742261270086	OK	 
REQUEST		GET Request 1	1742261268769	1742261270130	OK	 
REQUEST		GET Request 1	1742261266771	1742261270144	OK	 
USER	Open Model Scenario	START	1742261270172
REQUEST		POST Request	1742261269850	1742261270194	OK	 
REQUEST		PUT Request	1742261269994	1742261270199	OK	 
REQUEST		GET Request 1	1742261269866	1742261270221	OK	 
REQUEST		PUT Request	1742261269738	1742261270234	OK	 
USER	Open Model Scenario	START	1742261270270
REQUEST		GET Request 1	1742261268863	1742261270279	OK	 
REQUEST		POST Request	1742261270107	1742261270297	OK	 
REQUEST		DELETE Request	1742261270042	1742261270339	OK	 
USER	Open Model Scenario	END	1742261270340
USER	Open Model Scenario	START	1742261270367
REQUEST		DELETE Request	1742261270086	1742261270373	OK	 
USER	Open Model Scenario	END	1742261270374
REQUEST		POST Request	1742261270154	1742261270375	OK	 
REQUEST		GET Request 1	1742261270058	1742261270414	OK	 
REQUEST		DELETE Request	1742261270138	1742261270425	OK	 
USER	Open Model Scenario	END	1742261270426
REQUEST		DELETE Request	1742261270122	1742261270446	OK	 
USER	Open Model Scenario	END	1742261270446
USER	Open Model Scenario	START	1742261270460
REQUEST		POST Request	1742261270317	1742261270514	OK	 
REQUEST		POST Request	1742261270317	1742261270537	OK	 
USER	Open Model Scenario	START	1742261270557
REQUEST		DELETE Request	1742261270285	1742261270580	OK	 
USER	Open Model Scenario	END	1742261270581
REQUEST		GET Request 1	1742261270269	1742261270620	OK	 
REQUEST		DELETE Request	1742261270365	1742261270661	OK	 
USER	Open Model Scenario	END	1742261270661
USER	Open Model Scenario	START	1742261270667
REQUEST		GET Request 1	1742261270365	1742261270719	OK	 
REQUEST		PUT Request	1742261270251	1742261270755	OK	 
REQUEST		DELETE Request	1742261270444	1742261270761	OK	 
USER	Open Model Scenario	END	1742261270761
USER	Open Model Scenario	START	1742261270764
REQUEST		POST Request	1742261270235	1742261270792	OK	 
REQUEST		POST Request	1742261270619	1742261270809	OK	 
REQUEST		PUT Request	1742261270619	1742261270830	OK	 
REQUEST		PUT Request	1742261270635	1742261270830	OK	 
REQUEST		GET Request 1	1742261267460	1742261270839	OK	 
REQUEST		DELETE Request	1742261270523	1742261270839	OK	 
USER	Open Model Scenario	END	1742261270840
USER	Open Model Scenario	START	1742261270861
REQUEST		GET Request 1	1742261269962	1742261270911	OK	 
USER	Open Model Scenario	START	1742261270957
REQUEST		GET Request 1	1742261270667	1742261271022	OK	 
REQUEST		PUT Request	1742261270556	1742261271054	OK	 
USER	Open Model Scenario	START	1742261271069
REQUEST		PUT Request	1742261270892	1742261271109	OK	 
REQUEST		GET Request 1	1742261270763	1742261271117	OK	 
REQUEST		DELETE Request	1742261270827	1742261271126	OK	 
USER	Open Model Scenario	END	1742261271127
REQUEST		GET Request 1	1742261269770	1742261271133	OK	 
REQUEST		DELETE Request	1742261270843	1742261271143	OK	 
USER	Open Model Scenario	END	1742261271144
REQUEST		PUT Request	1742261270955	1742261271156	OK	 
REQUEST		POST Request	1742261270971	1742261271162	OK	 
USER	Open Model Scenario	START	1742261271163
REQUEST		GET Request 1	1742261270859	1742261271182	OK	 
REQUEST		POST Request	1742261271019	1742261271215	OK	 
REQUEST		GET Request 1	1742261270556	1742261271216	OK	 
REQUEST		PUT Request	1742261271036	1742261271226	OK	 
REQUEST		POST Request	1742261271052	1742261271242	OK	 
REQUEST		PUT Request	1742261271036	1742261271243	OK	 
USER	Open Model Scenario	START	1742261271262
REQUEST		PUT Request	1742261271067	1742261271263	OK	 
REQUEST		PUT Request	1742261271100	1742261271304	OK	 
REQUEST		GET Request 1	1742261267364	1742261271343	OK	 
REQUEST		POST Request	1742261271148	1742261271351	OK	 
REQUEST		GET Request 1	1742261270956	1742261271355	OK	 
USER	Open Model Scenario	START	1742261271357
REQUEST		PUT Request	1742261271197	1742261271394	OK	 
REQUEST		POST Request	1742261271228	1742261271427	OK	 
USER	Open Model Scenario	START	1742261271468
REQUEST		PUT Request	1742261271308	1742261271497	OK	 
REQUEST		DELETE Request	1742261271212	1742261271504	OK	 
USER	Open Model Scenario	END	1742261271505
REQUEST		POST Request	1742261271292	1742261271507	OK	 
REQUEST		DELETE Request	1742261271244	1742261271539	OK	 
USER	Open Model Scenario	END	1742261271540
USER	Open Model Scenario	START	1742261271564
REQUEST		PUT Request	1742261271387	1742261271581	OK	 
REQUEST		POST Request	1742261271419	1742261271609	OK	 
REQUEST		POST Request	1742261271132	1742261271641	OK	 
USER	Open Model Scenario	START	1742261271661
REQUEST		PUT Request	1742261271531	1742261271719	OK	 
REQUEST		PUT Request	1742261271547	1742261271767	OK	 
USER	Open Model Scenario	START	1742261271771
REQUEST		POST Request	1742261271627	1742261271821	OK	 
USER	Open Model Scenario	START	1742261271866
REQUEST		GET Request 1	1742261271162	1742261271886	OK	 
REQUEST		POST Request	1742261271722	1742261271924	OK	 
USER	Open Model Scenario	START	1742261271963
REQUEST		PUT Request	1742261271802	1742261272000	OK	 
REQUEST		PUT Request	1742261271817	1742261272014	OK	 
REQUEST		GET Request 1	1742261271660	1742261272040	OK	 
REQUEST		POST Request	1742261271849	1742261272045	OK	 
USER	Open Model Scenario	START	1742261272059
REQUEST		DELETE Request	1742261271770	1742261272072	OK	 
USER	Open Model Scenario	END	1742261272073
REQUEST		GET Request 1	1742261271770	1742261272106	OK	 
REQUEST		GET Request 1	1742261270460	1742261272110	OK	 
REQUEST		POST Request	1742261271914	1742261272113	OK	 
REQUEST		DELETE Request	1742261271834	1742261272130	OK	 
USER	Open Model Scenario	END	1742261272131
REQUEST		DELETE Request	1742261271833	1742261272137	OK	 
USER	Open Model Scenario	END	1742261272138
REQUEST		GET Request 1	1742261271467	1742261272167	OK	 
USER	Open Model Scenario	START	1742261272170
REQUEST		GET Request 1	1742261271865	1742261272208	OK	 
REQUEST		POST Request	1742261272026	1742261272221	OK	 
USER	Open Model Scenario	START	1742261272266
REQUEST		GET Request 1	1742261268656	1742261272309	OK	 
REQUEST		POST Request	1742261272122	1742261272321	OK	 
REQUEST		POST Request	1742261272138	1742261272333	OK	 
REQUEST		DELETE Request	1742261272058	1742261272348	OK	 
USER	Open Model Scenario	END	1742261272348
USER	Open Model Scenario	START	1742261272362
REQUEST		POST Request	1742261272186	1742261272397	OK	 
REQUEST		PUT Request	1742261272170	1742261272404	OK	 
REQUEST		PUT Request	1742261272218	1742261272415	OK	 
REQUEST		POST Request	1742261272218	1742261272419	OK	 
REQUEST		PUT Request	1742261272250	1742261272439	OK	 
REQUEST		DELETE Request	1742261272122	1742261272440	OK	 
USER	Open Model Scenario	END	1742261272441
USER	Open Model Scenario	START	1742261272457
REQUEST		GET Request 1	1742261269055	1742261272457	OK	 
REQUEST		DELETE Request	1742261272170	1742261272469	OK	 
USER	Open Model Scenario	END	1742261272470
REQUEST		DELETE Request	1742261272234	1742261272523	OK	 
USER	Open Model Scenario	END	1742261272524
REQUEST		POST Request	1742261272345	1742261272544	OK	 
REQUEST		DELETE Request	1742261272265	1742261272551	OK	 
USER	Open Model Scenario	END	1742261272552
REQUEST		DELETE Request	1742261272249	1742261272554	OK	 
USER	Open Model Scenario	END	1742261272554
REQUEST		PUT Request	1742261272361	1742261272562	OK	 
USER	Open Model Scenario	START	1742261272568
REQUEST		POST Request	1742261272361	1742261272580	OK	 
REQUEST		GET Request 1	1742261272265	1742261272610	OK	 
REQUEST		DELETE Request	1742261272313	1742261272612	OK	 
USER	Open Model Scenario	END	1742261272613
REQUEST		PUT Request	1742261272440	1742261272650	OK	 
USER	Open Model Scenario	START	1742261272665
REQUEST		GET Request 1	1742261271068	1742261272674	OK	 
REQUEST		DELETE Request	1742261272409	1742261272706	OK	 
USER	Open Model Scenario	END	1742261272706
REQUEST		PUT Request	1742261272520	1742261272735	OK	 
REQUEST		GET Request 1	1742261272058	1742261272751	OK	 
USER	Open Model Scenario	START	1742261272761
REQUEST		DELETE Request	1742261272504	1742261272791	OK	 
USER	Open Model Scenario	END	1742261272792
REQUEST		PUT Request	1742261272615	1742261272805	OK	 
REQUEST		GET Request 1	1742261272456	1742261272819	OK	 
REQUEST		PUT Request	1742261272648	1742261272851	OK	 
USER	Open Model Scenario	START	1742261272872
REQUEST		DELETE Request	1742261272583	1742261272875	OK	 
USER	Open Model Scenario	END	1742261272876
REQUEST		GET Request 1	1742261269468	1742261272889	OK	 
REQUEST		GET Request 1	1742261272170	1742261272916	OK	 
REQUEST		GET Request 1	1742261271262	1742261272927	OK	 
USER	Open Model Scenario	START	1742261272969
REQUEST		DELETE Request	1742261272728	1742261273012	OK	 
USER	Open Model Scenario	END	1742261273013
REQUEST		PUT Request	1742261272823	1742261273014	OK	 
USER	Open Model Scenario	START	1742261273065
REQUEST		GET Request 1	1742261272361	1742261273077	OK	 
REQUEST		DELETE Request	1742261272775	1742261273091	OK	 
USER	Open Model Scenario	END	1742261273092
REQUEST		POST Request	1742261272887	1742261273098	OK	 
REQUEST		PUT Request	1742261272936	1742261273133	OK	 
REQUEST		GET Request 1	1742261272760	1742261273161	OK	 
USER	Open Model Scenario	START	1742261273162
REQUEST		POST Request	1742261273048	1742261273244	OK	 
REQUEST		PUT Request	1742261273048	1742261273244	OK	 
USER	Open Model Scenario	START	1742261273258
REQUEST		DELETE Request	1742261273016	1742261273304	OK	 
USER	Open Model Scenario	END	1742261273305
REQUEST		POST Request	1742261273112	1742261273306	OK	 
REQUEST		DELETE Request	1742261273016	1742261273307	OK	 
USER	Open Model Scenario	END	1742261273307
REQUEST		POST Request	1742261273112	1742261273308	OK	 
REQUEST		GET Request 1	1742261271962	1742261273323	OK	 
REQUEST		GET Request 1	1742261272968	1742261273325	OK	 
REQUEST		PUT Request	1742261273128	1742261273326	OK	 
USER	Open Model Scenario	START	1742261273356
REQUEST		POST Request	1742261273176	1742261273385	OK	 
REQUEST		GET Request 1	1742261273064	1742261273401	OK	 
USER	Open Model Scenario	START	1742261273466
REQUEST		POST Request	1742261273323	1742261273526	OK	 
REQUEST		PUT Request	1742261273323	1742261273529	OK	 
USER	Open Model Scenario	START	1742261273562
REQUEST		PUT Request	1742261273402	1742261273593	OK	 
REQUEST		PUT Request	1742261273434	1742261273632	OK	 
USER	Open Model Scenario	START	1742261273659
REQUEST		DELETE Request	1742261273418	1742261273706	OK	 
USER	Open Model Scenario	END	1742261273707
REQUEST		DELETE Request	1742261273418	1742261273714	OK	 
USER	Open Model Scenario	END	1742261273715
REQUEST		PUT Request	1742261273225	1742261273725	OK	 
REQUEST		POST Request	1742261273225	1742261273735	OK	 
REQUEST		DELETE Request	1742261273450	1742261273743	OK	 
USER	Open Model Scenario	END	1742261273744
REQUEST		PUT Request	1742261273547	1742261273749	OK	 
USER	Open Model Scenario	START	1742261273770
REQUEST		PUT Request	1742261273594	1742261273809	OK	 
REQUEST		POST Request	1742261273626	1742261273827	OK	 
REQUEST		PUT Request	1742261273339	1742261273831	OK	 
USER	Open Model Scenario	START	1742261273868
REQUEST		DELETE Request	1742261273578	1742261273874	OK	 
USER	Open Model Scenario	END	1742261273874
REQUEST		POST Request	1742261273690	1742261273890	OK	 
REQUEST		GET Request 1	1742261272567	1742261273914	OK	 
REQUEST		DELETE Request	1742261273658	1742261273949	OK	 
USER	Open Model Scenario	END	1742261273950
USER	Open Model Scenario	START	1742261273962
REQUEST		POST Request	1742261273753	1742261273966	OK	 
REQUEST		POST Request	1742261273466	1742261273973	OK	 
REQUEST		GET Request 1	1742261273355	1742261274010	OK	 
REQUEST		POST Request	1742261273833	1742261274028	OK	 
USER	Open Model Scenario	START	1742261274058
REQUEST		DELETE Request	1742261273817	1742261274101	OK	 
USER	Open Model Scenario	END	1742261274102
REQUEST		POST Request	1742261273890	1742261274103	OK	 
REQUEST		POST Request	1742261273919	1742261274126	OK	 
REQUEST		POST Request	1742261273929	1742261274131	OK	 
USER	Open Model Scenario	START	1742261274170
REQUEST		GET Request 1	1742261273466	1742261274172	OK	 
REQUEST		DELETE Request	1742261273866	1742261274180	OK	 
USER	Open Model Scenario	END	1742261274181
USER	Open Model Scenario	START	1742261274265
REQUEST		POST Request	1742261274088	1742261274304	OK	 
REQUEST		DELETE Request	1742261274025	1742261274329	OK	 
REQUEST		PUT Request	1742261274104	1742261274329	OK	 
REQUEST		GET Request 1	1742261273658	1742261274329	OK	 
USER	Open Model Scenario	END	1742261274331
REQUEST		DELETE Request	1742261273738	1742261274353	OK	 
USER	Open Model Scenario	END	1742261274354
USER	Open Model Scenario	START	1742261274361
REQUEST		DELETE Request	1742261274136	1742261274424	OK	 
USER	Open Model Scenario	END	1742261274425
REQUEST		GET Request 1	1742261273769	1742261274445	OK	 
REQUEST		PUT Request	1742261274248	1742261274447	OK	 
USER	Open Model Scenario	START	1742261274456
REQUEST		PUT Request	1742261274313	1742261274509	OK	 
REQUEST		PUT Request	1742261274313	1742261274517	OK	 
REQUEST		GET Request 1	1742261272872	1742261274519	OK	 
REQUEST		GET Request 1	1742261263163	1742261274524	OK	 
REQUEST		POST Request	1742261274328	1742261274526	OK	 
REQUEST		POST Request	1742261274329	1742261274528	OK	 
REQUEST		DELETE Request	1742261274248	1742261274548	OK	 
USER	Open Model Scenario	END	1742261274548
USER	Open Model Scenario	START	1742261274568
REQUEST		GET Request 1	1742261273160	1742261274571	OK	 
REQUEST		PUT Request	1742261274392	1742261274599	OK	 
REQUEST		POST Request	1742261274408	1742261274600	OK	 
REQUEST		DELETE Request	1742261274328	1742261274629	OK	 
USER	Open Model Scenario	END	1742261274629
REQUEST		GET Request 1	1742261274264	1742261274651	OK	 
USER	Open Model Scenario	START	1742261274665
REQUEST		POST Request	1742261274169	1742261274692	OK	 
REQUEST		PUT Request	1742261274535	1742261274748	OK	 
USER	Open Model Scenario	START	1742261274760
REQUEST		GET Request 1	1742261274455	1742261274788	OK	 
REQUEST		DELETE Request	1742261274535	1742261274823	OK	 
USER	Open Model Scenario	END	1742261274824
USER	Open Model Scenario	START	1742261274857
REQUEST		DELETE Request	1742261274599	1742261274884	OK	 
USER	Open Model Scenario	END	1742261274885
REQUEST		DELETE Request	1742261274647	1742261274955	OK	 
USER	Open Model Scenario	END	1742261274956
USER	Open Model Scenario	START	1742261274968
REQUEST		GET Request 1	1742261274057	1742261274988	OK	 
REQUEST		DELETE Request	1742261274727	1742261275023	OK	 
USER	Open Model Scenario	END	1742261275024
REQUEST		GET Request 1	1742261264967	1742261275062	KO	i.n.h.s.SslHandshakeTimeoutException: handshake timed out after 10000ms
USER	Open Model Scenario	START	1742261275063
REQUEST		PUT Request	1742261274903	1742261275092	OK	 
REQUEST		POST Request	1742261274919	1742261275119	OK	 
USER	Open Model Scenario	START	1742261275160
REQUEST		PUT Request	1742261274967	1742261275170	OK	 
REQUEST		PUT Request	1742261274983	1742261275185	OK	 
REQUEST		POST Request	1742261275015	1742261275214	OK	 
REQUEST		PUT Request	1742261275030	1742261275228	OK	 
REQUEST		GET Request 1	1742261274567	1742261275247	OK	 
REQUEST		PUT Request	1742261274743	1742261275249	OK	 
USER	Open Model Scenario	START	1742261275257
REQUEST		GET Request 1	1742261274967	1742261275327	OK	 
REQUEST		PUT Request	1742261275111	1742261275328	OK	 
REQUEST		PUT Request	1742261274839	1742261275335	OK	 
REQUEST		PUT Request	1742261275143	1742261275342	OK	 
REQUEST		PUT Request	1742261275127	1742261275352	OK	 
USER	Open Model Scenario	START	1742261275368
REQUEST		DELETE Request	1742261274759	1742261275368	OK	 
USER	Open Model Scenario	END	1742261275369
REQUEST		POST Request	1742261275176	1742261275399	OK	 
REQUEST		GET Request 1	1742261275063	1742261275415	OK	 
REQUEST		DELETE Request	1742261274823	1742261275439	OK	 
USER	Open Model Scenario	END	1742261275439
REQUEST		DELETE Request	1742261274839	1742261275450	OK	 
USER	Open Model Scenario	END	1742261275451
USER	Open Model Scenario	START	1742261275464
REQUEST		POST Request	1742261275331	1742261275523	OK	 
REQUEST		PUT Request	1742261275320	1742261275538	OK	 
REQUEST		GET Request 1	1742261273257	1742261275538	OK	 
USER	Open Model Scenario	START	1742261275557
REQUEST		GET Request 1	1742261275256	1742261275621	OK	 
REQUEST		DELETE Request	1742261275335	1742261275677	OK	 
USER	Open Model Scenario	END	1742261275678
USER	Open Model Scenario	START	1742261275678
REQUEST		POST Request	1742261275446	1742261275679	OK	 
REQUEST		POST Request	1742261275526	1742261275714	OK	 
REQUEST		POST Request	1742261275525	1742261275731	OK	 
REQUEST		PUT Request	1742261275541	1742261275747	OK	 
REQUEST		PUT Request	1742261275541	1742261275749	OK	 
REQUEST		DELETE Request	1742261275463	1742261275756	OK	 
USER	Open Model Scenario	END	1742261275756
USER	Open Model Scenario	START	1742261275762
REQUEST		POST Request	1742261275573	1742261275790	OK	 
REQUEST		PUT Request	1742261275605	1742261275801	OK	 
REQUEST		DELETE Request	1742261275510	1742261275801	OK	 
USER	Open Model Scenario	END	1742261275802
REQUEST		DELETE Request	1742261275523	1742261275816	OK	 
USER	Open Model Scenario	END	1742261275817
USER	Open Model Scenario	START	1742261275857
REQUEST		POST Request	1742261275677	1742261275877	OK	 
REQUEST		PUT Request	1742261275698	1742261275910	OK	 
REQUEST		DELETE Request	1742261275604	1742261275915	OK	 
USER	Open Model Scenario	END	1742261275916
REQUEST		GET Request 1	1742261275557	1742261275919	OK	 
REQUEST		GET Request 1	1742261273961	1742261275950	OK	 
USER	Open Model Scenario	START	1742261275969
REQUEST		POST Request	1742261275793	1742261275981	OK	 
REQUEST		GET Request 1	1742261275677	1742261276020	OK	 
REQUEST		GET Request 1	1742261275367	1742261276041	OK	 
REQUEST		DELETE Request	1742261275762	1742261276047	OK	 
USER	Open Model Scenario	END	1742261276048
USER	Open Model Scenario	START	1742261276066
USER	Open Model Scenario	START	1742261276161
REQUEST		POST Request	1742261276000	1742261276190	OK	 
REQUEST		GET Request 1	1742261271563	1742261276193	OK	 
REQUEST		GET Request 1	1742261275857	1742261276216	OK	 
REQUEST		GET Request 1	1742261274856	1742261276255	OK	 
USER	Open Model Scenario	START	1742261276257
REQUEST		GET Request 1	1742261275968	1742261276316	OK	 
REQUEST		PUT Request	1742261276128	1742261276319	OK	 
USER	Open Model Scenario	START	1742261276371
REQUEST		DELETE Request	1742261276095	1742261276386	OK	 
USER	Open Model Scenario	END	1742261276387
REQUEST		PUT Request	1742261276224	1742261276446	OK	 
REQUEST		POST Request	1742261276257	1742261276455	OK	 
USER	Open Model Scenario	START	1742261276468
REQUEST		DELETE Request	1742261276176	1742261276477	OK	 
USER	Open Model Scenario	END	1742261276478
REQUEST		GET Request 1	1742261276064	1742261276481	OK	 
REQUEST		GET Request 1	1742261275159	1742261276530	OK	 
REQUEST		DELETE Request	1742261276240	1742261276532	OK	 
USER	Open Model Scenario	END	1742261276533
REQUEST		POST Request	1742261276338	1742261276547	OK	 
REQUEST		DELETE Request	1742261276256	1742261276559	OK	 
USER	Open Model Scenario	END	1742261276560
USER	Open Model Scenario	START	1742261276564
REQUEST		GET Request 1	1742261276160	1742261276579	OK	 
REQUEST		PUT Request	1742261276402	1742261276609	OK	 
REQUEST		POST Request	1742261276418	1742261276616	OK	 
REQUEST		DELETE Request	1742261276354	1742261276642	OK	 
USER	Open Model Scenario	END	1742261276644
REQUEST		DELETE Request	1742261276354	1742261276651	OK	 
USER	Open Model Scenario	END	1742261276651
REQUEST		DELETE Request	1742261276338	1742261276652	OK	 
USER	Open Model Scenario	END	1742261276652
USER	Open Model Scenario	START	1742261276659
REQUEST		DELETE Request	1742261276354	1742261276662	OK	 
USER	Open Model Scenario	END	1742261276663
REQUEST		POST Request	1742261276064	1742261276715	OK	 
REQUEST		PUT Request	1742261276530	1742261276729	OK	 
REQUEST		POST Request	1742261276547	1742261276746	OK	 
USER	Open Model Scenario	START	1742261276770
REQUEST		DELETE Request	1742261276192	1742261276802	OK	 
USER	Open Model Scenario	END	1742261276803
REQUEST		POST Request	1742261276626	1742261276827	OK	 
REQUEST		DELETE Request	1742261276546	1742261276858	OK	 
USER	Open Model Scenario	END	1742261276859
USER	Open Model Scenario	START	1742261276868
REQUEST		PUT Request	1742261276690	1742261276887	OK	 
REQUEST		GET Request 1	1742261273562	1742261276915	OK	 
REQUEST		PUT Request	1742261276722	1742261276927	OK	 
REQUEST		PUT Request	1742261276738	1742261276931	OK	 
USER	Open Model Scenario	START	1742261276965
REQUEST		GET Request 1	1742261276658	1742261276993	OK	 
REQUEST		PUT Request	1742261276801	1742261277019	OK	 
REQUEST		GET Request 1	1742261269356	1742261277031	OK	 
REQUEST		DELETE Request	1742261276753	1742261277045	OK	 
USER	Open Model Scenario	END	1742261277046
REQUEST		DELETE Request	1742261276753	1742261277055	OK	 
USER	Open Model Scenario	END	1742261277055
USER	Open Model Scenario	START	1742261277059
REQUEST		PUT Request	1742261276883	1742261277086	OK	 
REQUEST		DELETE Request	1742261276801	1742261277101	OK	 
USER	Open Model Scenario	END	1742261277102
REQUEST		GET Request 1	1742261275762	1742261277123	OK	 
REQUEST		POST Request	1742261276930	1742261277128	OK	 
USER	Open Model Scenario	START	1742261277173
REQUEST		PUT Request	1742261276995	1742261277183	OK	 
REQUEST		POST Request	1742261276963	1742261277194	OK	 
REQUEST		POST Request	1742261277026	1742261277234	OK	 
REQUEST		POST Request	1742261277043	1742261277245	OK	 
USER	Open Model Scenario	START	1742261277269
USER	Open Model Scenario	START	1742261277372
REQUEST		PUT Request	1742261277203	1742261277392	OK	 
REQUEST		POST Request	1742261277203	1742261277408	OK	 
REQUEST		GET Request 1	1742261277058	1742261277418	OK	 
REQUEST		POST Request	1742261277219	1742261277421	OK	 
USER	Open Model Scenario	START	1742261277466
REQUEST		POST Request	1742261277268	1742261277477	OK	 
REQUEST		POST Request	1742261277322	1742261277516	OK	 
REQUEST		GET Request 1	1742261277172	1742261277516	OK	 
REQUEST		DELETE Request	1742261276915	1742261277534	OK	 
USER	Open Model Scenario	END	1742261277535
USER	Open Model Scenario	START	1742261277561
REQUEST		GET Request 1	1742261276963	1742261277604	OK	 
REQUEST		DELETE Request	1742261277322	1742261277613	OK	 
USER	Open Model Scenario	END	1742261277614
REQUEST		GET Request 1	1742261276256	1742261277615	OK	 
USER	Open Model Scenario	START	1742261277659
REQUEST		POST Request	1742261277497	1742261277718	OK	 
REQUEST		GET Request 1	1742261276370	1742261277754	OK	 
REQUEST		DELETE Request	1742261277449	1742261277756	OK	 
USER	Open Model Scenario	END	1742261277756
REQUEST		PUT Request	1742261277561	1742261277763	OK	 
USER	Open Model Scenario	START	1742261277770
REQUEST		POST Request	1742261277545	1742261277805	OK	 
REQUEST		POST Request	1742261277592	1742261277818	OK	 
REQUEST		GET Request 1	1742261276467	1742261277824	OK	 
REQUEST		PUT Request	1742261277625	1742261277857	OK	 
USER	Open Model Scenario	START	1742261277865
REQUEST		GET Request 1	1742261277561	1742261277903	OK	 
REQUEST		PUT Request	1742261277721	1742261277923	OK	 
REQUEST		DELETE Request	1742261277624	1742261277937	OK	 
USER	Open Model Scenario	END	1742261277938
USER	Open Model Scenario	START	1742261277961
REQUEST		PUT Request	1742261277753	1742261277966	OK	 
REQUEST		PUT Request	1742261277465	1742261277969	OK	 
REQUEST		GET Request 1	1742261277371	1742261277994	OK	 
REQUEST		GET Request 1	1742261277658	1742261277997	OK	 
REQUEST		PUT Request	1742261277832	1742261278029	OK	 
REQUEST		DELETE Request	1742261277737	1742261278035	OK	 
USER	Open Model Scenario	END	1742261278036
USER	Open Model Scenario	START	1742261278057
REQUEST		GET Request 1	1742261277769	1742261278101	OK	 
REQUEST		GET Request 1	1742261274759	1742261278116	OK	 
REQUEST		POST Request	1742261277928	1742261278122	OK	 
USER	Open Model Scenario	START	1742261278170
REQUEST		GET Request 1	1742261277865	1742261278187	OK	 
REQUEST		DELETE Request	1742261277896	1742261278194	OK	 
USER	Open Model Scenario	END	1742261278195
REQUEST		POST Request	1742261278009	1742261278214	OK	 
REQUEST		DELETE Request	1742261277928	1742261278217	OK	 
USER	Open Model Scenario	END	1742261278219
REQUEST		GET Request 1	1742261276866	1742261278221	OK	 
REQUEST		POST Request	1742261278040	1742261278239	OK	 
REQUEST		DELETE Request	1742261277944	1742261278240	OK	 
USER	Open Model Scenario	END	1742261278241
USER	Open Model Scenario	START	1742261278265
REQUEST		POST Request	1742261278136	1742261278329	OK	 
REQUEST		GET Request 1	1742261277960	1742261278332	OK	 
REQUEST		DELETE Request	1742261278025	1742261278336	OK	 
USER	Open Model Scenario	END	1742261278337
USER	Open Model Scenario	START	1742261278360
REQUEST		GET Request 1	1742261278056	1742261278390	OK	 
REQUEST		DELETE Request	1742261278088	1742261278391	OK	 
USER	Open Model Scenario	END	1742261278392
REQUEST		GET Request 1	1742261277465	1742261278395	OK	 
REQUEST		PUT Request	1742261278200	1742261278418	OK	 
REQUEST		PUT Request	1742261278248	1742261278448	OK	 
REQUEST		PUT Request	1742261278248	1742261278453	OK	 
USER	Open Model Scenario	START	1742261278457
REQUEST		DELETE Request	1742261278185	1742261278480	OK	 
USER	Open Model Scenario	END	1742261278481
REQUEST		GET Request 1	1742261276769	1742261278502	OK	 
REQUEST		GET Request 1	1742261278169	1742261278502	OK	 
USER	Open Model Scenario	START	1742261278571
REQUEST		PUT Request	1742261278408	1742261278616	OK	 
REQUEST		POST Request	1742261278424	1742261278617	OK	 
REQUEST		PUT Request	1742261278424	1742261278625	OK	 
REQUEST		GET Request 1	1742261278264	1742261278627	OK	 
REQUEST		PUT Request	1742261278136	1742261278641	OK	 
USER	Open Model Scenario	START	1742261278667
REQUEST		DELETE Request	1742261278392	1742261278685	OK	 
USER	Open Model Scenario	END	1742261278686
REQUEST		PUT Request	1742261278489	1742261278702	OK	 
REQUEST		PUT Request	1742261278520	1742261278720	OK	 
REQUEST		POST Request	1742261278521	1742261278721	OK	 
USER	Open Model Scenario	START	1742261278763
REQUEST		POST Request	1742261278617	1742261278804	OK	 
REQUEST		POST Request	1742261278617	1742261278815	OK	 
USER	Open Model Scenario	START	1742261278859
REQUEST		GET Request 1	1742261278456	1742261278873	OK	 
REQUEST		GET Request 1	1742261277268	1742261278929	OK	 
REQUEST		PUT Request	1742261278731	1742261278950	OK	 
USER	Open Model Scenario	START	1742261278971
REQUEST		POST Request	1742261278762	1742261278981	OK	 
REQUEST		PUT Request	1742261278810	1742261279002	OK	 
REQUEST		GET Request 1	1742261278569	1742261279003	OK	 
REQUEST		PUT Request	1742261278826	1742261279044	OK	 
USER	Open Model Scenario	START	1742261279066
REQUEST		POST Request	1742261278826	1742261279087	OK	 
REQUEST		DELETE Request	1742261278778	1742261279090	OK	 
USER	Open Model Scenario	END	1742261279091
REQUEST		POST Request	1742261278906	1742261279111	OK	 
USER	Open Model Scenario	START	1742261279161
REQUEST		DELETE Request	1742261278874	1742261279167	OK	 
USER	Open Model Scenario	END	1742261279168
REQUEST		POST Request	1742261279001	1742261279186	OK	 
REQUEST		GET Request 1	1742261278858	1742261279192	OK	 
REQUEST		POST Request	1742261279002	1742261279193	OK	 
REQUEST		DELETE Request	1742261278938	1742261279237	OK	 
USER	Open Model Scenario	END	1742261279238
REQUEST		GET Request 1	1742261269167	1742261279241	KO	i.n.h.s.SslHandshakeTimeoutException: handshake timed out after 10000ms
REQUEST		DELETE Request	1742261278970	1742261279267	OK	 
USER	Open Model Scenario	END	1742261279268
USER	Open Model Scenario	START	1742261279273
REQUEST		DELETE Request	1742261278970	1742261279283	OK	 
USER	Open Model Scenario	END	1742261279284
REQUEST		POST Request	1742261279113	1742261279312	OK	 
REQUEST		POST Request	1742261279129	1742261279323	OK	 
REQUEST		DELETE Request	1742261279034	1742261279326	OK	 
USER	Open Model Scenario	END	1742261279326
REQUEST		PUT Request	1742261279129	1742261279327	OK	 
REQUEST		GET Request 1	1742261269262	1742261279352	KO	i.n.h.s.SslHandshakeTimeoutException: handshake timed out after 10000ms
REQUEST		GET Request 1	1742261278360	1742261279362	OK	 
USER	Open Model Scenario	START	1742261279369
REQUEST		POST Request	1742261279193	1742261279382	OK	 
REQUEST		POST Request	1742261279225	1742261279424	OK	 
REQUEST		PUT Request	1742261279225	1742261279426	OK	 
REQUEST		PUT Request	1742261279241	1742261279431	OK	 
USER	Open Model Scenario	START	1742261279466
REQUEST		GET Request 1	1742261275463	1742261279471	OK	 
REQUEST		GET Request 1	1742261278762	1742261279530	OK	 
REQUEST		POST Request	1742261279336	1742261279532	OK	 
REQUEST		PUT Request	1742261279337	1742261279539	OK	 
REQUEST		GET Request 1	1742261279161	1742261279557	OK	 
USER	Open Model Scenario	START	1742261279560
REQUEST		POST Request	1742261279400	1742261279597	OK	 
REQUEST		POST Request	1742261279400	1742261279602	OK	 
USER	Open Model Scenario	START	1742261279657
REQUEST		GET Request 1	1742261279273	1742261279698	OK	 
REQUEST		POST Request	1742261279512	1742261279710	OK	 
REQUEST		POST Request	1742261279512	1742261279723	OK	 
REQUEST		DELETE Request	1742261279432	1742261279727	OK	 
USER	Open Model Scenario	END	1742261279728
REQUEST		DELETE Request	1742261279464	1742261279759	OK	 
USER	Open Model Scenario	END	1742261279759
REQUEST		DELETE Request	1742261279465	1742261279762	OK	 
USER	Open Model Scenario	END	1742261279762
USER	Open Model Scenario	START	1742261279769
REQUEST		GET Request 1	1742261279465	1742261279811	OK	 
REQUEST		PUT Request	1742261279623	1742261279814	OK	 
REQUEST		POST Request	1742261279639	1742261279833	OK	 
USER	Open Model Scenario	START	1742261279865
REQUEST		GET Request 1	1742261279559	1742261279912	OK	 
REQUEST		PUT Request	1742261279727	1742261279915	OK	 
REQUEST		DELETE Request	1742261279623	1742261279931	OK	 
USER	Open Model Scenario	END	1742261279932
REQUEST		DELETE Request	1742261279639	1742261279934	OK	 
USER	Open Model Scenario	END	1742261279934
REQUEST		GET Request 1	1742261276563	1742261279939	OK	 
REQUEST		DELETE Request	1742261279656	1742261279953	OK	 
USER	Open Model Scenario	END	1742261279954
USER	Open Model Scenario	START	1742261279960
REQUEST		PUT Request	1742261279815	1742261280002	OK	 
REQUEST		GET Request 1	1742261278666	1742261280022	OK	 
REQUEST		DELETE Request	1742261279719	1742261280031	OK	 
REQUEST		PUT Request	1742261279831	1742261280032	OK	 
USER	Open Model Scenario	END	1742261280032
REQUEST		DELETE Request	1742261279735	1742261280033	OK	 
USER	Open Model Scenario	END	1742261280034
USER	Open Model Scenario	START	1742261280072
REQUEST		POST Request	1742261279880	1742261280097	OK	 
REQUEST		POST Request	1742261279943	1742261280141	OK	 
USER	Open Model Scenario	START	1742261280168
REQUEST		PUT Request	1742261279991	1742261280188	OK	 
REQUEST		POST Request	1742261280007	1742261280227	OK	 
REQUEST		GET Request 1	1742261270171	1742261280245	KO	i.n.h.s.SslHandshakeTimeoutException: handshake timed out after 10000ms
USER	Open Model Scenario	START	1742261280263
REQUEST		DELETE Request	1742261279959	1742261280272	OK	 
USER	Open Model Scenario	END	1742261280272
REQUEST		GET Request 1	1742261279864	1742261280274	OK	 
REQUEST		PUT Request	1742261280102	1742261280296	OK	 
REQUEST		DELETE Request	1742261280007	1742261280312	OK	 
USER	Open Model Scenario	END	1742261280312
REQUEST		PUT Request	1742261280118	1742261280322	OK	 
REQUEST		GET Request 1	1742261272664	1742261280336	OK	 
USER	Open Model Scenario	START	1742261280359
REQUEST		DELETE Request	1742261280054	1742261280380	OK	 
USER	Open Model Scenario	END	1742261280381
REQUEST		POST Request	1742261280198	1742261280387	OK	 
REQUEST		PUT Request	1742261280198	1742261280389	OK	 
REQUEST		PUT Request	1742261280198	1742261280392	OK	 
REQUEST		GET Request 1	1742261280070	1742261280444	OK	 
USER	Open Model Scenario	START	1742261280469
REQUEST		GET Request 1	1742261279767	1742261280497	OK	 
REQUEST		GET Request 1	1742261280167	1742261280506	OK	 
REQUEST		PUT Request	1742261280325	1742261280513	OK	 
REQUEST		PUT Request	1742261280325	1742261280529	OK	 
USER	Open Model Scenario	START	1742261280567
REQUEST		PUT Request	1742261280389	1742261280578	OK	 
REQUEST		POST Request	1742261280373	1742261280587	OK	 
REQUEST		GET Request 1	1742261279656	1742261280611	OK	 
REQUEST		DELETE Request	1742261280341	1742261280635	OK	 
USER	Open Model Scenario	END	1742261280636
REQUEST		PUT Request	1742261280437	1742261280648	OK	 
USER	Open Model Scenario	START	1742261280662
REQUEST		POST Request	1742261280357	1742261280718	OK	 
REQUEST		GET Request 1	1742261279369	1742261280729	OK	 
REQUEST		DELETE Request	1742261280437	1742261280729	OK	 
USER	Open Model Scenario	END	1742261280730
REQUEST		DELETE Request	1742261280437	1742261280730	OK	 
USER	Open Model Scenario	END	1742261280731
REQUEST		PUT Request	1742261280533	1742261280752	OK	 
REQUEST		POST Request	1742261280533	1742261280754	OK	 
USER	Open Model Scenario	START	1742261280757
REQUEST		POST Request	1742261280565	1742261280779	OK	 
REQUEST		PUT Request	1742261280613	1742261280803	OK	 
REQUEST		PUT Request	1742261280611	1742261280806	OK	 
REQUEST		GET Request 1	1742261279065	1742261280831	OK	 
REQUEST		DELETE Request	1742261280550	1742261280840	OK	 
USER	Open Model Scenario	END	1742261280841
USER	Open Model Scenario	START	1742261280869
REQUEST		GET Request 1	1742261280566	1742261280896	OK	 
REQUEST		PUT Request	1742261280726	1742261280915	OK	 
REQUEST		POST Request	1742261280708	1742261280932	OK	 
REQUEST		PUT Request	1742261280725	1742261280947	OK	 
REQUEST		POST Request	1742261280245	1742261280959	OK	 
USER	Open Model Scenario	START	1742261280967
REQUEST		GET Request 1	1742261278970	1742261280991	OK	 
REQUEST		POST Request	1742261280485	1742261280997	OK	 
REQUEST		GET Request 1	1742261280661	1742261281011	OK	 
REQUEST		POST Request	1742261280820	1742261281020	OK	 
REQUEST		PUT Request	1742261280837	1742261281034	OK	 
USER	Open Model Scenario	START	1742261281061
REQUEST		POST Request	1742261280917	1742261281111	OK	 
REQUEST		DELETE Request	1742261280820	1742261281113	OK	 
USER	Open Model Scenario	END	1742261281114
REQUEST		POST Request	1742261280949	1742261281140	OK	 
USER	Open Model Scenario	START	1742261281158
REQUEST		DELETE Request	1742261280917	1742261281204	OK	 
USER	Open Model Scenario	END	1742261281205
REQUEST		POST Request	1742261281029	1742261281229	OK	 
USER	Open Model Scenario	START	1742261281269
REQUEST		GET Request 1	1742261273866	1742261281285	OK	 
REQUEST		DELETE Request	1742261281012	1742261281302	OK	 
USER	Open Model Scenario	END	1742261281302
REQUEST		PUT Request	1742261281108	1742261281314	OK	 
REQUEST		DELETE Request	1742261281044	1742261281342	OK	 
USER	Open Model Scenario	END	1742261281343
REQUEST		GET Request 1	1742261280965	1742261281345	OK	 
REQUEST		PUT Request	1742261281156	1742261281357	OK	 
USER	Open Model Scenario	START	1742261281368
REQUEST		GET Request 1	1742261271356	1742261281464	KO	i.n.h.s.SslHandshakeTimeoutException: handshake timed out after 10000ms
USER	Open Model Scenario	START	1742261281466
REQUEST		PUT Request	1742261281236	1742261281467	OK	 
REQUEST		POST Request	1742261281288	1742261281499	OK	 
REQUEST		POST Request	1742261281352	1742261281549	OK	 
USER	Open Model Scenario	START	1742261281560
REQUEST		PUT Request	1742261281400	1742261281592	OK	 
REQUEST		DELETE Request	1742261281304	1742261281593	OK	 
USER	Open Model Scenario	END	1742261281594
REQUEST		POST Request	1742261281252	1742261281617	OK	 
REQUEST		GET Request 1	1742261279959	1742261281627	OK	 
REQUEST		DELETE Request	1742261281336	1742261281642	OK	 
USER	Open Model Scenario	END	1742261281642
USER	Open Model Scenario	START	1742261281657
REQUEST		POST Request	1742261281448	1742261281659	OK	 
REQUEST		GET Request 1	1742261280262	1742261281659	OK	 
REQUEST		DELETE Request	1742261281400	1742261281705	OK	 
REQUEST		DELETE Request	1742261281400	1742261281706	OK	 
USER	Open Model Scenario	END	1742261281706
USER	Open Model Scenario	END	1742261281707
REQUEST		POST Request	1742261281512	1742261281708	OK	 
REQUEST		GET Request 1	1742261281060	1742261281727	OK	 
USER	Open Model Scenario	START	1742261281769
REQUEST		GET Request 1	1742261281156	1742261281789	OK	 
REQUEST		PUT Request	1742261281592	1742261281815	OK	 
REQUEST		POST Request	1742261281624	1742261281822	OK	 
REQUEST		DELETE Request	1742261281204	1742261281823	OK	 
USER	Open Model Scenario	END	1742261281824
REQUEST		DELETE Request	1742261281528	1742261281825	OK	 
USER	Open Model Scenario	END	1742261281825
REQUEST		GET Request 1	1742261280469	1742261281827	OK	 
REQUEST		DELETE Request	1742261281544	1742261281839	OK	 
USER	Open Model Scenario	END	1742261281840
USER	Open Model Scenario	START	1742261281866
REQUEST		DELETE Request	1742261281592	1742261281878	OK	 
USER	Open Model Scenario	END	1742261281879
REQUEST		PUT Request	1742261281720	1742261281923	OK	 
REQUEST		POST Request	1742261281736	1742261281926	OK	 
REQUEST		DELETE Request	1742261281656	1742261281943	OK	 
USER	Open Model Scenario	END	1742261281944
USER	Open Model Scenario	START	1742261281961
REQUEST		PUT Request	1742261281768	1742261282003	OK	 
REQUEST		PUT Request	1742261281784	1742261282007	OK	 
REQUEST		POST Request	1742261281512	1742261282029	OK	 
USER	Open Model Scenario	START	1742261282057
REQUEST		POST Request	1742261281832	1742261282060	OK	 
REQUEST		DELETE Request	1742261281769	1742261282074	OK	 
USER	Open Model Scenario	END	1742261282075
REQUEST		POST Request	1742261281896	1742261282093	OK	 
REQUEST		DELETE Request	1742261281816	1742261282109	OK	 
USER	Open Model Scenario	END	1742261282110
REQUEST		DELETE Request	1742261281816	1742261282116	OK	 
USER	Open Model Scenario	END	1742261282118
REQUEST		PUT Request	1742261281944	1742261282160	OK	 
REQUEST		PUT Request	1742261281962	1742261282170	OK	 
USER	Open Model Scenario	START	1742261282170
REQUEST		GET Request 1	1742261281768	1742261282170	OK	 
REQUEST		GET Request 1	1742261281464	1742261282195	OK	 
REQUEST		GET Request 1	1742261281864	1742261282195	OK	 
REQUEST		POST Request	1742261281992	1742261282204	OK	 
REQUEST		PUT Request	1742261282001	1742261282209	OK	 
REQUEST		DELETE Request	1742261281929	1742261282217	OK	 
USER	Open Model Scenario	END	1742261282218
REQUEST		GET Request 1	1742261281560	1742261282223	OK	 
REQUEST		GET Request 1	1742261280868	1742261282223	OK	 
REQUEST		PUT Request	1742261282024	1742261282223	OK	 
REQUEST		POST Request	1742261282024	1742261282230	OK	 
REQUEST		DELETE Request	1742261281960	1742261282280	OK	 
USER	Open Model Scenario	END	1742261282281
REQUEST		GET Request 1	1742261281367	1742261282316	OK	 
REQUEST		DELETE Request	1742261282040	1742261282334	OK	 
REQUEST		PUT Request	1742261282120	1742261282334	OK	 
USER	Open Model Scenario	END	1742261282334
REQUEST		PUT Request	1742261282152	1742261282343	OK	 
REQUEST		GET Request 1	1742261280757	1742261282395	OK	 
REQUEST		PUT Request	1742261282232	1742261282430	OK	 
REQUEST		POST Request	1742261282296	1742261282501	OK	 
REQUEST		POST Request	1742261282360	1742261282562	OK	 
REQUEST		GET Request 1	1742261281961	1742261282630	OK	 
REQUEST		DELETE Request	1742261282329	1742261282637	OK	 
USER	Open Model Scenario	END	1742261282638
REQUEST		DELETE Request	1742261282360	1742261282656	OK	 
USER	Open Model Scenario	END	1742261282657
REQUEST		PUT Request	1742261282505	1742261282714	OK	 
REQUEST		PUT Request	1742261282552	1742261282762	OK	 
REQUEST		DELETE Request	1742261282473	1742261282797	OK	 
USER	Open Model Scenario	END	1742261282799
REQUEST		GET Request 1	1742261282168	1742261282823	OK	 
REQUEST		POST Request	1742261282632	1742261282831	OK	 
REQUEST		PUT Request	1742261282632	1742261282834	OK	 
REQUEST		POST Request	1742261282473	1742261282853	OK	 
REQUEST		POST Request	1742261282664	1742261282858	OK	 
REQUEST		PUT Request	1742261282664	1742261282874	OK	 
REQUEST		DELETE Request	1742261282600	1742261282890	OK	 
USER	Open Model Scenario	END	1742261282892
REQUEST		PUT Request	1742261282713	1742261282908	OK	 
REQUEST		POST Request	1742261282744	1742261282936	OK	 
REQUEST		POST Request	1742261282792	1742261282983	OK	 
REQUEST		PUT Request	1742261282824	1742261283022	OK	 
REQUEST		POST Request	1742261282840	1742261283036	OK	 
REQUEST		GET Request 1	1742261281656	1742261283065	OK	 
REQUEST		DELETE Request	1742261282824	1742261283137	OK	 
USER	Open Model Scenario	END	1742261283138
REQUEST		PUT Request	1742261282937	1742261283142	OK	 
REQUEST		DELETE Request	1742261282937	1742261283273	OK	 
USER	Open Model Scenario	END	1742261283274
REQUEST		PUT Request	1742261283096	1742261283284	OK	 
REQUEST		PUT Request	1742261283065	1742261283290	OK	 
REQUEST		DELETE Request	1742261283017	1742261283330	OK	 
USER	Open Model Scenario	END	1742261283330
REQUEST		DELETE Request	1742261283017	1742261283331	OK	 
USER	Open Model Scenario	END	1742261283332
REQUEST		POST Request	1742261283209	1742261283400	OK	 
REQUEST		POST Request	1742261283177	1742261283401	OK	 
REQUEST		POST Request	1742261283225	1742261283420	OK	 
REQUEST		POST Request	1742261283225	1742261283423	OK	 
REQUEST		POST Request	1742261283209	1742261283434	OK	 
REQUEST		PUT Request	1742261283209	1742261283434	OK	 
REQUEST		PUT Request	1742261283241	1742261283447	OK	 
REQUEST		DELETE Request	1742261283177	1742261283484	OK	 
USER	Open Model Scenario	END	1742261283485
REQUEST		DELETE Request	1742261283177	1742261283497	OK	 
USER	Open Model Scenario	END	1742261283498
REQUEST		DELETE Request	1742261283210	1742261283515	OK	 
USER	Open Model Scenario	END	1742261283516
REQUEST		POST Request	1742261283322	1742261283529	OK	 
REQUEST		DELETE Request	1742261283225	1742261283534	OK	 
USER	Open Model Scenario	END	1742261283534
REQUEST		PUT Request	1742261283033	1742261283570	OK	 
REQUEST		POST Request	1742261283402	1742261283592	OK	 
REQUEST		DELETE Request	1742261283338	1742261283631	OK	 
USER	Open Model Scenario	END	1742261283631
REQUEST		DELETE Request	1742261283355	1742261283645	OK	 
USER	Open Model Scenario	END	1742261283645
REQUEST		GET Request 1	1742261282056	1742261283701	OK	 
REQUEST		PUT Request	1742261283514	1742261283719	OK	 
REQUEST		DELETE Request	1742261283434	1742261283724	OK	 
USER	Open Model Scenario	END	1742261283725
REQUEST		PUT Request	1742261283577	1742261283786	OK	 
REQUEST		POST Request	1742261283640	1742261283841	OK	 
REQUEST		DELETE Request	1742261283720	1742261284025	OK	 
USER	Open Model Scenario	END	1742261284026
REQUEST		PUT Request	1742261283833	1742261284038	OK	 
REQUEST		POST Request	1742261283833	1742261284039	OK	 
REQUEST		PUT Request	1742261283865	1742261284060	OK	 
REQUEST		PUT Request	1742261283865	1742261284063	OK	 
REQUEST		DELETE Request	1742261283769	1742261284068	OK	 
USER	Open Model Scenario	END	1742261284069
REQUEST		PUT Request	1742261283946	1742261284136	OK	 
REQUEST		GET Request 1	1742261281268	1742261284141	OK	 
REQUEST		DELETE Request	1742261283882	1742261284179	OK	 
USER	Open Model Scenario	END	1742261284181
REQUEST		DELETE Request	1742261283849	1742261284182	OK	 
USER	Open Model Scenario	END	1742261284183
REQUEST		PUT Request	1742261283994	1742261284184	OK	 
REQUEST		DELETE Request	1742261283914	1742261284203	OK	 
USER	Open Model Scenario	END	1742261284205
REQUEST		PUT Request	1742261284041	1742261284244	OK	 
REQUEST		POST Request	1742261284073	1742261284290	OK	 
REQUEST		DELETE Request	1742261284025	1742261284314	OK	 
USER	Open Model Scenario	END	1742261284316
REQUEST		DELETE Request	1742261284153	1742261284437	OK	 
USER	Open Model Scenario	END	1742261284438
REQUEST		GET Request 1	1742261274360	1742261284490	OK	 
REQUEST		DELETE Request	1742261284298	1742261284598	OK	 
USER	Open Model Scenario	END	1742261284599
REQUEST		PUT Request	1742261284410	1742261284600	OK	 
REQUEST		PUT Request	1742261284426	1742261284629	OK	 
REQUEST		PUT Request	1742261284426	1742261284635	OK	 
REQUEST		PUT Request	1742261284442	1742261284665	OK	 
REQUEST		GET Request 1	1742261274664	1742261284745	KO	i.n.h.s.SslHandshakeTimeoutException: handshake timed out after 10000ms
REQUEST		PUT Request	1742261284538	1742261284746	OK	 
REQUEST		DELETE Request	1742261284458	1742261284754	OK	 
USER	Open Model Scenario	END	1742261284755
REQUEST		DELETE Request	1742261284442	1742261284770	OK	 
USER	Open Model Scenario	END	1742261284771
REQUEST		GET Request 1	1742261274169	1742261284893	OK	 
REQUEST		DELETE Request	1742261284586	1742261284900	OK	 
USER	Open Model Scenario	END	1742261284900
REQUEST		POST Request	1742261284713	1742261284904	OK	 
REQUEST		DELETE Request	1742261284298	1742261284914	OK	 
USER	Open Model Scenario	END	1742261284914
REQUEST		PUT Request	1742261284410	1742261284921	OK	 
REQUEST		DELETE Request	1742261284729	1742261285033	OK	 
USER	Open Model Scenario	END	1742261285034
REQUEST		PUT Request	1742261284857	1742261285076	OK	 
REQUEST		DELETE Request	1742261284793	1742261285110	OK	 
USER	Open Model Scenario	END	1742261285111
REQUEST		PUT Request	1742261284601	1742261285115	OK	 
REQUEST		PUT Request	1742261285048	1742261285258	OK	 
REQUEST		POST Request	1742261285144	1742261285344	OK	 
REQUEST		DELETE Request	1742261285048	1742261285345	OK	 
USER	Open Model Scenario	END	1742261285345
REQUEST		DELETE Request	1742261285064	1742261285353	OK	 
USER	Open Model Scenario	END	1742261285353
REQUEST		DELETE Request	1742261285064	1742261285361	OK	 
USER	Open Model Scenario	END	1742261285361
REQUEST		DELETE Request	1742261285144	1742261285432	OK	 
USER	Open Model Scenario	END	1742261285433
REQUEST		DELETE Request	1742261285192	1742261285474	OK	 
USER	Open Model Scenario	END	1742261285474
REQUEST		PUT Request	1742261285305	1742261285535	OK	 
REQUEST		DELETE Request	1742261285257	1742261285550	OK	 
USER	Open Model Scenario	END	1742261285551
REQUEST		POST Request	1742261285495	1742261285682	OK	 
REQUEST		DELETE Request	1742261285608	1742261285897	OK	 
USER	Open Model Scenario	END	1742261285899
REQUEST		DELETE Request	1742261285640	1742261285931	OK	 
USER	Open Model Scenario	END	1742261285932
REQUEST		DELETE Request	1742261285640	1742261285957	OK	 
USER	Open Model Scenario	END	1742261285957
REQUEST		DELETE Request	1742261285671	1742261285987	OK	 
USER	Open Model Scenario	END	1742261285988
REQUEST		DELETE Request	1742261285751	1742261286064	OK	 
USER	Open Model Scenario	END	1742261286065
REQUEST		POST Request	1742261285896	1742261286101	OK	 
REQUEST		PUT Request	1742261285912	1742261286103	OK	 
REQUEST		POST Request	1742261285751	1742261286177	OK	 
REQUEST		DELETE Request	1742261285927	1742261286239	OK	 
USER	Open Model Scenario	END	1742261286239
REQUEST		DELETE Request	1742261286088	1742261286385	OK	 
USER	Open Model Scenario	END	1742261286386
REQUEST		DELETE Request	1742261286119	1742261286406	OK	 
USER	Open Model Scenario	END	1742261286406
REQUEST		DELETE Request	1742261286262	1742261286559	OK	 
REQUEST		PUT Request	1742261286360	1742261286560	OK	 
USER	Open Model Scenario	END	1742261286560
REQUEST		DELETE Request	1742261286537	1742261286869	OK	 
USER	Open Model Scenario	END	1742261286870
REQUEST		PUT Request	1742261286697	1742261286895	OK	 
REQUEST		PUT Request	1742261287116	1742261287323	OK	 
REQUEST		PUT Request	1742261287180	1742261287400	OK	 
REQUEST		DELETE Request	1742261287116	1742261287408	OK	 
USER	Open Model Scenario	END	1742261287409
REQUEST		GET Request 1	1742261280357	1742261287706	OK	 
REQUEST		DELETE Request	1742261287566	1742261287860	OK	 
USER	Open Model Scenario	END	1742261287861
REQUEST		DELETE Request	1742261287901	1742261288201	OK	 
USER	Open Model Scenario	END	1742261288202
REQUEST		DELETE Request	1742261288333	1742261288636	OK	 
USER	Open Model Scenario	END	1742261288637
REQUEST		DELETE Request	1742261288413	1742261288728	OK	 
USER	Open Model Scenario	END	1742261288729
REQUEST		POST Request	1742261288717	1742261288923	OK	 
REQUEST		PUT Request	1742261289937	1742261290133	OK	 
REQUEST		DELETE Request	1742261291139	1742261291434	OK	 
USER	Open Model Scenario	END	1742261291436
