RUN	apiFakeGatling.ClosedModelSimulation	closedmodelsimulation	1742261324029	 	3.11.5
USER	Closed Model Scenario	START	1742261324780
REQUEST		GET Request 1	1742261324771	1742261325211	OK	 
REQUEST		POST Request	1742261326238	1742261326446	OK	 
REQUEST		PUT Request	1742261327453	1742261327666	OK	 
USER	Closed Model Scenario	START	1742261327760
REQUEST		GET Request 1	1742261327758	1742261328120	OK	 
REQUEST		DELETE Request	1742261328672	1742261329282	OK	 
USER	Closed Model Scenario	END	1742261329286
REQUEST		POST Request	1742261329137	1742261329643	OK	 
USER	Closed Model Scenario	START	1742261330761
REQUEST		PUT Request	1742261330647	1742261330845	OK	 
REQUEST		GET Request 1	1742261330758	1742261331391	OK	 
REQUEST		DELETE Request	1742261331862	1742261332155	OK	 
USER	Closed Model Scenario	END	1742261332158
REQUEST		POST Request	1742261332406	1742261332608	OK	 
USER	Closed Model Scenario	START	1742261333754
REQUEST		PUT Request	1742261333622	1742261333827	OK	 
REQUEST		DELETE Request	1742261334841	1742261335145	OK	 
USER	Closed Model Scenario	END	1742261335148
USER	Closed Model Scenario	START	1742261336754
REQUEST		GET Request 1	1742261336752	1742261337494	OK	 
REQUEST		GET Request 1	1742261333751	1742261337735	OK	 
REQUEST		POST Request	1742261338499	1742261338716	OK	 
REQUEST		POST Request	1742261338737	1742261338936	OK	 
USER	Closed Model Scenario	START	1742261339749
REQUEST		PUT Request	1742261339731	1742261339944	OK	 
REQUEST		PUT Request	1742261339939	1742261340134	OK	 
REQUEST		DELETE Request	1742261340949	1742261341269	OK	 
USER	Closed Model Scenario	END	1742261341271
REQUEST		GET Request 1	1742261339747	1742261341394	OK	 
REQUEST		DELETE Request	1742261341140	1742261341441	OK	 
USER	Closed Model Scenario	END	1742261341444
REQUEST		POST Request	1742261342407	1742261342620	OK	 
USER	Closed Model Scenario	START	1742261342748
REQUEST		GET Request 1	1742261342746	1742261343462	OK	 
REQUEST		PUT Request	1742261343626	1742261343830	OK	 
REQUEST		POST Request	1742261344476	1742261344688	OK	 
REQUEST		DELETE Request	1742261344844	1742261345149	OK	 
USER	Closed Model Scenario	END	1742261345151
USER	Closed Model Scenario	START	1742261345760
REQUEST		PUT Request	1742261345694	1742261345905	OK	 
REQUEST		GET Request 1	1742261345759	1742261346103	OK	 
REQUEST		DELETE Request	1742261346913	1742261347221	OK	 
USER	Closed Model Scenario	END	1742261347222
REQUEST		POST Request	1742261347121	1742261347313	OK	 
REQUEST		PUT Request	1742261348323	1742261348516	OK	 
USER	Closed Model Scenario	START	1742261348747
REQUEST		GET Request 1	1742261348746	1742261349776	OK	 
REQUEST		DELETE Request	1742261349524	1742261349809	OK	 
USER	Closed Model Scenario	END	1742261349810
REQUEST		POST Request	1742261350790	1742261351009	OK	 
USER	Closed Model Scenario	START	1742261351761
REQUEST		GET Request 1	1742261351760	1742261352180	OK	 
REQUEST		PUT Request	1742261352024	1742261352241	OK	 
REQUEST		POST Request	1742261353196	1742261353411	OK	 
REQUEST		DELETE Request	1742261353243	1742261353553	OK	 
USER	Closed Model Scenario	END	1742261353555
REQUEST		PUT Request	1742261354426	1742261354641	OK	 
REQUEST		DELETE Request	1742261355652	1742261355968	OK	 
USER	Closed Model Scenario	END	1742261355971
