RUN	apiFakeGatling.ClosedModelSimulation	closedmodelsimulation	1742257357122	 	3.11.5
USER	Closed Model Scenario	START	1742257357921
USER	Closed Model Scenario	START	1742257360901
REQUEST		GET Request 1	1742257357911	1742257361331	KO	status.find.is(200), but actually found 404
REQUEST		GET Request 1	1742257360900	1742257361331	KO	status.find.is(200), but actually found 404
REQUEST		POST Request	1742257362366	1742257362563	KO	status.find.is(201), but actually found 404
REQUEST		POST Request	1742257362366	1742257362887	KO	status.find.is(201), but actually found 404
REQUEST		PUT Request	1742257363570	1742257363767	KO	status.find.is(200), but actually found 404
USER	Closed Model Scenario	START	1742257363910
REQUEST		PUT Request	1742257363906	1742257364107	KO	status.find.is(200), but actually found 404
REQUEST		GET Request 1	1742257363906	1742257364267	KO	status.find.is(200), but actually found 404
REQUEST		DELETE Request	1742257364771	1742257364971	KO	status.find.is(200), but actually found 404
USER	Closed Model Scenario	END	1742257364976
REQUEST		DELETE Request	1742257365125	1742257365326	KO	status.find.is(200), but actually found 404
USER	Closed Model Scenario	END	1742257365328
REQUEST		POST Request	1742257365283	1742257365515	KO	status.find.is(201), but actually found 404
REQUEST		PUT Request	1742257366521	1742257366726	KO	status.find.is(200), but actually found 404
USER	Closed Model Scenario	START	1742257366910
REQUEST		DELETE Request	1742257367740	1742257367935	KO	status.find.is(200), but actually found 404
USER	Closed Model Scenario	END	1742257367937
REQUEST		GET Request 1	1742257366907	1742257368254	KO	status.find.is(200), but actually found 404
REQUEST		POST Request	1742257369269	1742257369462	KO	status.find.is(201), but actually found 404
USER	Closed Model Scenario	START	1742257369907
REQUEST		GET Request 1	1742257369906	1742257370256	KO	status.find.is(200), but actually found 404
REQUEST		PUT Request	1742257370474	1742257370668	KO	status.find.is(200), but actually found 404
REQUEST		POST Request	1742257371258	1742257371460	KO	status.find.is(201), but actually found 404
REQUEST		DELETE Request	1742257371674	1742257371867	KO	status.find.is(200), but actually found 404
USER	Closed Model Scenario	END	1742257371869
REQUEST		PUT Request	1742257372462	1742257372667	KO	status.find.is(200), but actually found 404
USER	Closed Model Scenario	START	1742257372892
REQUEST		DELETE Request	1742257373676	1742257373874	KO	status.find.is(200), but actually found 404
USER	Closed Model Scenario	END	1742257373875
REQUEST		GET Request 1	1742257372891	1742257374237	KO	status.find.is(200), but actually found 404
REQUEST		POST Request	1742257375243	1742257375436	KO	status.find.is(201), but actually found 404
USER	Closed Model Scenario	START	1742257375899
REQUEST		PUT Request	1742257376445	1742257376639	KO	status.find.is(200), but actually found 404
REQUEST		GET Request 1	1742257375898	1742257377234	KO	status.find.is(200), but actually found 404
REQUEST		DELETE Request	1742257377654	1742257377849	KO	status.find.is(200), but actually found 404
USER	Closed Model Scenario	END	1742257377852
REQUEST		POST Request	1742257378245	1742257378439	KO	status.find.is(201), but actually found 404
USER	Closed Model Scenario	START	1742257378906
REQUEST		GET Request 1	1742257378904	1742257379262	KO	status.find.is(200), but actually found 404
REQUEST		PUT Request	1742257379451	1742257379658	KO	status.find.is(200), but actually found 404
REQUEST		POST Request	1742257380269	1742257380468	KO	status.find.is(201), but actually found 404
REQUEST		DELETE Request	1742257380661	1742257380858	KO	status.find.is(200), but actually found 404
USER	Closed Model Scenario	END	1742257380860
REQUEST		PUT Request	1742257381478	1742257381683	KO	status.find.is(200), but actually found 404
USER	Closed Model Scenario	START	1742257381913
REQUEST		GET Request 1	1742257381911	1742257382259	KO	status.find.is(200), but actually found 404
REQUEST		DELETE Request	1742257382697	1742257382892	KO	status.find.is(200), but actually found 404
USER	Closed Model Scenario	END	1742257382894
REQUEST		POST Request	1742257383273	1742257383479	KO	status.find.is(201), but actually found 404
REQUEST		PUT Request	1742257384492	1742257384704	KO	status.find.is(200), but actually found 404
USER	Closed Model Scenario	START	1742257384896
REQUEST		GET Request 1	1742257384893	1742257385241	KO	status.find.is(200), but actually found 404
REQUEST		DELETE Request	1742257385710	1742257385916	KO	status.find.is(200), but actually found 404
USER	Closed Model Scenario	END	1742257385918
REQUEST		POST Request	1742257386258	1742257386453	KO	status.find.is(201), but actually found 404
REQUEST		PUT Request	1742257387461	1742257387661	KO	status.find.is(200), but actually found 404
REQUEST		DELETE Request	1742257388673	1742257388875	KO	status.find.is(200), but actually found 404
USER	Closed Model Scenario	END	1742257388876
