RUN	apiFakeGatling.ClosedModelSimulation	closedmodelsimulation	1742259970056	 	3.11.5
USER	Closed Model Scenario	START	1742259970892
REQUEST		GET Request 1	1742259970884	1742259971311	OK	 
REQUEST		POST Request	1742259972342	1742259972547	OK	 
REQUEST		PUT Request	1742259973554	1742259973751	OK	 
USER	Closed Model Scenario	START	1742259973877
REQUEST		GET Request 1	1742259973875	1742259974244	OK	 
REQUEST		DELETE Request	1742259974755	1742259975137	OK	 
USER	Closed Model Scenario	END	1742259975141
REQUEST		POST Request	1742259975254	1742259975451	OK	 
REQUEST		PUT Request	1742259976454	1742259976677	OK	 
USER	Closed Model Scenario	START	1742259976874
REQUEST		GET Request 1	1742259976872	1742259977236	OK	 
REQUEST		DELETE Request	1742259977689	1742259977994	OK	 
USER	Closed Model Scenario	END	1742259977996
REQUEST		POST Request	1742259978250	1742259978451	OK	 
REQUEST		PUT Request	1742259979461	1742259979658	OK	 
USER	Closed Model Scenario	START	1742259979864
REQUEST		GET Request 1	1742259979862	1742259980243	OK	 
REQUEST		DELETE Request	1742259980661	1742259980961	OK	 
USER	Closed Model Scenario	END	1742259980963
REQUEST		POST Request	1742259981254	1742259981452	OK	 
REQUEST		PUT Request	1742259982455	1742259982658	OK	 
USER	Closed Model Scenario	START	1742259982875
REQUEST		GET Request 1	1742259982874	1742259983214	OK	 
REQUEST		DELETE Request	1742259983673	1742259983969	OK	 
USER	Closed Model Scenario	END	1742259983971
REQUEST		POST Request	1742259984218	1742259984409	OK	 
REQUEST		PUT Request	1742259985420	1742259985611	OK	 
USER	Closed Model Scenario	START	1742259985871
REQUEST		GET Request 1	1742259985869	1742259986532	OK	 
REQUEST		DELETE Request	1742259986620	1742259986909	OK	 
USER	Closed Model Scenario	END	1742259986912
REQUEST		POST Request	1742259987548	1742259987745	OK	 
USER	Closed Model Scenario	START	1742259988863
REQUEST		PUT Request	1742259988749	1742259988948	OK	 
REQUEST		GET Request 1	1742259988861	1742259989529	OK	 
REQUEST		DELETE Request	1742259989952	1742259990247	OK	 
USER	Closed Model Scenario	END	1742259990250
REQUEST		POST Request	1742259990542	1742259990745	OK	 
USER	Closed Model Scenario	START	1742259991874
REQUEST		PUT Request	1742259991759	1742259991969	OK	 
REQUEST		GET Request 1	1742259991872	1742259992828	OK	 
REQUEST		DELETE Request	1742259992975	1742259993273	OK	 
USER	Closed Model Scenario	END	1742259993275
REQUEST		POST Request	1742259993839	1742259994040	OK	 
USER	Closed Model Scenario	START	1742259994866
REQUEST		PUT Request	1742259995056	1742259995261	OK	 
REQUEST		GET Request 1	1742259994864	1742259995848	OK	 
REQUEST		DELETE Request	1742259996274	1742259996564	OK	 
USER	Closed Model Scenario	END	1742259996566
REQUEST		POST Request	1742259996852	1742259997058	OK	 
USER	Closed Model Scenario	START	1742259997865
REQUEST		GET Request 1	1742259997863	1742259998198	OK	 
REQUEST		PUT Request	1742259998070	1742259998317	OK	 
REQUEST		POST Request	1742259999205	1742259999401	OK	 
REQUEST		DELETE Request	1742259999331	1742259999628	OK	 
USER	Closed Model Scenario	END	1742259999631
REQUEST		PUT Request	1742260000410	1742260000605	OK	 
REQUEST		DELETE Request	1742260001611	1742260001903	OK	 
USER	Closed Model Scenario	END	1742260001904
