RUN	apiFakeGatling.ClosedModelSimulation	closedmodelsimulation	1742252555300	 	3.11.5
USER	Closed Model Scenario	START	1742252556137
REQUEST		GET Request 1	1742252556127	1742252556444	OK	 
REQUEST		POST Request	1742252557479	1742252557647	OK	 
REQUEST		PUT Request	1742252558659	1742252558836	OK	 
USER	Closed Model Scenario	START	1742252559109
REQUEST		DELETE Request	1742252559846	1742252559953	OK	 
USER	Closed Model Scenario	END	1742252559957
REQUEST		GET Request 1	1742252559107	1742252560019	OK	 
REQUEST		POST Request	1742252561031	1742252561196	OK	 
USER	Closed Model Scenario	START	1742252562109
REQUEST		PUT Request	1742252562200	1742252562307	OK	 
REQUEST		GET Request 1	1742252562105	1742252562329	OK	 
REQUEST		DELETE Request	1742252563320	1742252563430	OK	 
USER	Closed Model Scenario	END	1742252563432
REQUEST		POST Request	1742252563336	1742252563434	OK	 
REQUEST		PUT Request	1742252564447	1742252564548	OK	 
USER	Closed Model Scenario	START	1742252565121
REQUEST		GET Request 1	1742252565119	1742252565330	OK	 
REQUEST		DELETE Request	1742252565552	1742252565729	OK	 
USER	Closed Model Scenario	END	1742252565731
REQUEST		POST Request	1742252566337	1742252566498	OK	 
REQUEST		PUT Request	1742252567507	1742252567664	OK	 
USER	Closed Model Scenario	START	1742252568117
REQUEST		DELETE Request	1742252568677	1742252568839	OK	 
USER	Closed Model Scenario	END	1742252568840
REQUEST		GET Request 1	1742252568115	1742252568951	OK	 
REQUEST		POST Request	1742252569959	1742252570067	OK	 
USER	Closed Model Scenario	START	1742252571123
REQUEST		PUT Request	1742252571070	1742252571174	OK	 
REQUEST		GET Request 1	1742252571119	1742252571345	OK	 
REQUEST		DELETE Request	1742252572177	1742252572290	OK	 
USER	Closed Model Scenario	END	1742252572291
REQUEST		POST Request	1742252572353	1742252572456	OK	 
REQUEST		PUT Request	1742252573459	1742252573565	OK	 
USER	Closed Model Scenario	START	1742252574119
REQUEST		GET Request 1	1742252574117	1742252574327	OK	 
REQUEST		DELETE Request	1742252574582	1742252574690	OK	 
USER	Closed Model Scenario	END	1742252574691
REQUEST		POST Request	1742252575336	1742252575745	OK	 
REQUEST		PUT Request	1742252576762	1742252576862	OK	 
USER	Closed Model Scenario	START	1742252577118
REQUEST		DELETE Request	1742252577866	1742252577966	OK	 
USER	Closed Model Scenario	END	1742252577968
REQUEST		GET Request 1	1742252577117	1742252578339	OK	 
REQUEST		POST Request	1742252579356	1742252579455	OK	 
USER	Closed Model Scenario	START	1742252580110
REQUEST		GET Request 1	1742252580108	1742252580355	OK	 
REQUEST		PUT Request	1742252580460	1742252580558	OK	 
REQUEST		POST Request	1742252581360	1742252581539	OK	 
REQUEST		DELETE Request	1742252581566	1742252581662	OK	 
USER	Closed Model Scenario	END	1742252581665
REQUEST		PUT Request	1742252582541	1742252582647	OK	 
USER	Closed Model Scenario	START	1742252583121
REQUEST		GET Request 1	1742252583120	1742252583335	OK	 
REQUEST		DELETE Request	1742252583649	1742252583758	OK	 
USER	Closed Model Scenario	END	1742252583760
REQUEST		POST Request	1742252584338	1742252584441	OK	 
REQUEST		PUT Request	1742252585461	1742252585566	OK	 
REQUEST		DELETE Request	1742252586582	1742252586690	OK	 
USER	Closed Model Scenario	END	1742252586692
