RUN	apiFakeGatling.OpenModelSimulation	openmodelsimulation	1742258260168	 	3.11.5
USER	Open Model Scenario	START	1742258260909
USER	Open Model Scenario	START	1742258261089
REQUEST		GET Request 1	1742258260901	1742258261201	OK	 
USER	Open Model Scenario	START	1742258261285
REQUEST		GET Request 1	1742258261088	1742258261305	OK	 
USER	Open Model Scenario	START	1742258261492
REQUEST		GET Request 1	1742258261282	1742258261506	OK	 
USER	Open Model Scenario	START	1742258261688
REQUEST		GET Request 1	1742258261490	1742258261737	OK	 
USER	Open Model Scenario	START	1742258261894
REQUEST		GET Request 1	1742258261684	1742258261900	OK	 
USER	Open Model Scenario	START	1742258262087
REQUEST		GET Request 1	1742258261892	1742258262136	OK	 
USER	Open Model Scenario	START	1742258262293
REQUEST		GET Request 1	1742258262084	1742258262325	OK	 
REQUEST		POST Request	1742258262229	1742258262362	OK	 
REQUEST		POST Request	1742258262308	1742258262480	OK	 
USER	Open Model Scenario	START	1742258262484
REQUEST		GET Request 1	1742258262291	1742258262527	OK	 
REQUEST		POST Request	1742258262515	1742258262678	OK	 
USER	Open Model Scenario	START	1742258262691
REQUEST		GET Request 1	1742258262483	1742258262704	OK	 
USER	Open Model Scenario	START	1742258262884
REQUEST		GET Request 1	1742258262690	1742258262904	OK	 
REQUEST		POST Request	1742258262755	1742258262928	OK	 
REQUEST		POST Request	1742258262914	1742258263020	OK	 
USER	Open Model Scenario	START	1742258263077
REQUEST		GET Request 1	1742258262883	1742258263111	OK	 
REQUEST		POST Request	1742258263139	1742258263249	OK	 
USER	Open Model Scenario	START	1742258263286
REQUEST		GET Request 1	1742258263075	1742258263317	OK	 
REQUEST		POST Request	1742258263332	1742258263438	OK	 
USER	Open Model Scenario	START	1742258263479
REQUEST		GET Request 1	1742258263284	1742258263509	OK	 
REQUEST		PUT Request	1742258263364	1742258263523	OK	 
REQUEST		PUT Request	1742258263493	1742258263602	OK	 
USER	Open Model Scenario	START	1742258263687
REQUEST		POST Request	1742258263541	1742258263720	OK	 
REQUEST		GET Request 1	1742258263478	1742258263722	OK	 
REQUEST		PUT Request	1742258263685	1742258263790	OK	 
REQUEST		POST Request	1742258263717	1742258263831	OK	 
USER	Open Model Scenario	START	1742258263896
REQUEST		GET Request 1	1742258263685	1742258263911	OK	 
USER	Open Model Scenario	START	1742258264087
REQUEST		POST Request	1742258263909	1742258264092	OK	 
REQUEST		PUT Request	1742258263941	1742258264108	OK	 
REQUEST		GET Request 1	1742258263895	1742258264138	OK	 
REQUEST		PUT Request	1742258264037	1742258264159	OK	 
USER	Open Model Scenario	START	1742258264278
REQUEST		PUT Request	1742258264260	1742258264366	OK	 
USER	Open Model Scenario	START	1742258264487
REQUEST		POST Request	1742258264325	1742258264500	OK	 
REQUEST		PUT Request	1742258264453	1742258264571	OK	 
REQUEST		POST Request	1742258264116	1742258264586	OK	 
REQUEST		POST Request	1742258264517	1742258264624	OK	 
REQUEST		GET Request 1	1742258264085	1742258264627	OK	 
USER	Open Model Scenario	START	1742258264679
REQUEST		DELETE Request	1742258264533	1742258264698	OK	 
USER	Open Model Scenario	END	1742258264701
USER	Open Model Scenario	START	1742258264885
REQUEST		POST Request	1742258264724	1742258264890	OK	 
REQUEST		DELETE Request	1742258264804	1742258264925	OK	 
USER	Open Model Scenario	END	1742258264927
REQUEST		PUT Request	1742258264835	1742258264942	OK	 
REQUEST		GET Request 1	1742258264677	1742258264949	OK	 
REQUEST		DELETE Request	1742258264613	1742258265018	OK	 
USER	Open Model Scenario	END	1742258265020
USER	Open Model Scenario	START	1742258265078
REQUEST		POST Request	1742258264916	1742258265082	OK	 
REQUEST		GET Request 1	1742258264277	1742258265094	OK	 
REQUEST		GET Request 1	1742258264884	1742258265113	OK	 
REQUEST		PUT Request	1742258264724	1742258265140	OK	 
REQUEST		PUT Request	1742258265107	1742258265212	OK	 
REQUEST		DELETE Request	1742258265123	1742258265238	OK	 
USER	Open Model Scenario	END	1742258265240
REQUEST		POST Request	1742258265140	1742258265269	OK	 
REQUEST		DELETE Request	1742258265171	1742258265274	OK	 
USER	Open Model Scenario	END	1742258265276
USER	Open Model Scenario	START	1742258265284
USER	Open Model Scenario	START	1742258265478
REQUEST		DELETE Request	1742258265380	1742258265496	OK	 
USER	Open Model Scenario	END	1742258265497
REQUEST		PUT Request	1742258265508	1742258265614	OK	 
USER	Open Model Scenario	START	1742258265686
REQUEST		PUT Request	1742258265587	1742258265690	OK	 
REQUEST		GET Request 1	1742258265477	1742258265698	OK	 
REQUEST		PUT Request	1742258265637	1742258265739	OK	 
REQUEST		DELETE Request	1742258265573	1742258265753	OK	 
USER	Open Model Scenario	END	1742258265754
REQUEST		GET Request 1	1742258265283	1742258265793	OK	 
REQUEST		POST Request	1742258265637	1742258265822	OK	 
REQUEST		GET Request 1	1742258265685	1742258265891	OK	 
USER	Open Model Scenario	START	1742258265893
REQUEST		PUT Request	1742258265893	1742258266004	OK	 
REQUEST		DELETE Request	1742258265957	1742258266057	OK	 
USER	Open Model Scenario	END	1742258266058
REQUEST		POST Request	1742258265958	1742258266079	OK	 
USER	Open Model Scenario	START	1742258266086
REQUEST		PUT Request	1742258266085	1742258266188	OK	 
REQUEST		GET Request 1	1742258265893	1742258266196	OK	 
REQUEST		POST Request	1742258266117	1742258266232	OK	 
REQUEST		POST Request	1742258266101	1742258266264	OK	 
REQUEST		DELETE Request	1742258266148	1742258266271	OK	 
USER	Open Model Scenario	END	1742258266272
USER	Open Model Scenario	START	1742258266277
REQUEST		GET Request 1	1742258265076	1742258266307	OK	 
REQUEST		GET Request 1	1742258266085	1742258266317	OK	 
REQUEST		DELETE Request	1742258266228	1742258266328	OK	 
USER	Open Model Scenario	END	1742258266329
REQUEST		PUT Request	1742258266276	1742258266381	OK	 
USER	Open Model Scenario	START	1742258266487
REQUEST		GET Request 1	1742258266276	1742258266519	OK	 
USER	Open Model Scenario	START	1742258266679
REQUEST		GET Request 1	1742258266486	1742258266720	OK	 
REQUEST		DELETE Request	1742258266629	1742258266732	OK	 
USER	Open Model Scenario	END	1742258266733
REQUEST		DELETE Request	1742258266693	1742258266794	OK	 
USER	Open Model Scenario	END	1742258266796
REQUEST		DELETE Request	1742258266740	1742258266847	OK	 
USER	Open Model Scenario	END	1742258266849
USER	Open Model Scenario	START	1742258266885
REQUEST		POST Request	1742258266805	1742258266905	OK	 
REQUEST		GET Request 1	1742258266677	1742258266917	OK	 
REQUEST		PUT Request	1742258266837	1742258266940	OK	 
REQUEST		POST Request	1742258266900	1742258267004	OK	 
USER	Open Model Scenario	START	1742258267077
REQUEST		DELETE Request	1742258267013	1742258267121	OK	 
USER	Open Model Scenario	END	1742258267122
REQUEST		POST Request	1742258266709	1742258267181	OK	 
REQUEST		PUT Request	1742258267093	1742258267216	OK	 
USER	Open Model Scenario	START	1742258267285
REQUEST		DELETE Request	1742258267204	1742258267304	OK	 
USER	Open Model Scenario	END	1742258267306
REQUEST		POST Request	1742258267204	1742258267316	OK	 
REQUEST		GET Request 1	1742258267076	1742258267316	OK	 
REQUEST		PUT Request	1742258267236	1742258267353	OK	 
REQUEST		POST Request	1742258267316	1742258267424	OK	 
REQUEST		PUT Request	1742258267268	1742258267433	OK	 
REQUEST		POST Request	1742258267331	1742258267459	OK	 
USER	Open Model Scenario	START	1742258267476
REQUEST		GET Request 1	1742258267284	1742258267495	OK	 
REQUEST		DELETE Request	1742258267395	1742258267515	OK	 
USER	Open Model Scenario	END	1742258267517
USER	Open Model Scenario	START	1742258267685
REQUEST		POST Request	1742258267522	1742258267687	OK	 
REQUEST		GET Request 1	1742258267475	1742258267687	OK	 
REQUEST		POST Request	1742258267730	1742258267842	OK	 
USER	Open Model Scenario	START	1742258267877
REQUEST		GET Request 1	1742258267683	1742258267914	OK	 
REQUEST		PUT Request	1742258267921	1742258268027	OK	 
REQUEST		POST Request	1742258267921	1742258268032	OK	 
REQUEST		DELETE Request	1742258267952	1742258268066	OK	 
USER	Open Model Scenario	END	1742258268068
USER	Open Model Scenario	START	1742258268081
REQUEST		GET Request 1	1742258266884	1742258268103	OK	 
REQUEST		PUT Request	1742258268016	1742258268113	OK	 
USER	Open Model Scenario	START	1742258268290
REQUEST		PUT Request	1742258268192	1742258268295	OK	 
REQUEST		DELETE Request	1742258268223	1742258268364	OK	 
USER	Open Model Scenario	END	1742258268366
REQUEST		POST Request	1742258268319	1742258268428	OK	 
REQUEST		PUT Request	1742258268319	1742258268436	OK	 
REQUEST		DELETE Request	1742258268367	1742258268477	OK	 
USER	Open Model Scenario	END	1742258268478
USER	Open Model Scenario	START	1742258268479
REQUEST		PUT Request	1742258268431	1742258268533	OK	 
REQUEST		GET Request 1	1742258268288	1742258268535	OK	 
REQUEST		PUT Request	1742258268463	1742258268574	OK	 
REQUEST		DELETE Request	1742258268448	1742258268581	OK	 
USER	Open Model Scenario	END	1742258268582
REQUEST		POST Request	1742258268512	1742258268618	OK	 
USER	Open Model Scenario	START	1742258268686
REQUEST		POST Request	1742258268701	1742258268807	OK	 
REQUEST		PUT Request	1742258268701	1742258268818	OK	 
USER	Open Model Scenario	START	1742258268878
REQUEST		GET Request 1	1742258268685	1742258268901	OK	 
REQUEST		PUT Request	1742258268846	1742258268962	OK	 
REQUEST		GET Request 1	1742258268478	1742258269019	OK	 
REQUEST		POST Request	1742258268926	1742258269087	OK	 
USER	Open Model Scenario	START	1742258269088
REQUEST		DELETE Request	1742258269038	1742258269142	OK	 
USER	Open Model Scenario	END	1742258269143
REQUEST		PUT Request	1742258269038	1742258269154	OK	 
REQUEST		DELETE Request	1742258269118	1742258269219	OK	 
USER	Open Model Scenario	END	1742258269220
REQUEST		POST Request	1742258269118	1742258269221	OK	 
USER	Open Model Scenario	START	1742258269280
REQUEST		GET Request 1	1742258267876	1742258269398	OK	 
REQUEST		DELETE Request	1742258269311	1742258269410	OK	 
USER	Open Model Scenario	END	1742258269412
USER	Open Model Scenario	START	1742258269487
REQUEST		GET Request 1	1742258269279	1742258269505	OK	 
REQUEST		DELETE Request	1742258269437	1742258269539	OK	 
USER	Open Model Scenario	END	1742258269540
REQUEST		PUT Request	1742258269437	1742258269543	OK	 
REQUEST		GET Request 1	1742258268080	1742258269660	OK	 
REQUEST		DELETE Request	1742258269549	1742258269662	OK	 
USER	Open Model Scenario	END	1742258269663
REQUEST		POST Request	1742258269550	1742258269664	OK	 
USER	Open Model Scenario	START	1742258269677
REQUEST		DELETE Request	1742258269581	1742258269687	OK	 
USER	Open Model Scenario	END	1742258269688
REQUEST		GET Request 1	1742258269486	1742258269717	OK	 
REQUEST		PUT Request	1742258269629	1742258269728	OK	 
USER	Open Model Scenario	START	1742258269888
REQUEST		PUT Request	1742258269822	1742258269926	OK	 
REQUEST		DELETE Request	1742258269822	1742258269928	OK	 
USER	Open Model Scenario	END	1742258269929
REQUEST		GET Request 1	1742258269677	1742258269931	OK	 
REQUEST		POST Request	1742258269903	1742258270023	OK	 
USER	Open Model Scenario	START	1742258270079
REQUEST		DELETE Request	1742258269967	1742258270132	OK	 
USER	Open Model Scenario	END	1742258270134
REQUEST		POST Request	1742258270030	1742258270137	OK	 
REQUEST		PUT Request	1742258270093	1742258270202	OK	 
REQUEST		DELETE Request	1742258270156	1742258270265	OK	 
USER	Open Model Scenario	END	1742258270266
USER	Open Model Scenario	START	1742258270285
REQUEST		GET Request 1	1742258269087	1742258270311	OK	 
REQUEST		PUT Request	1742258270236	1742258270352	OK	 
REQUEST		GET Request 1	1742258268877	1742258270409	OK	 
REQUEST		GET Request 1	1742258269887	1742258270420	OK	 
USER	Open Model Scenario	START	1742258270476
REQUEST		GET Request 1	1742258270284	1742258270511	OK	 
REQUEST		POST Request	1742258270411	1742258270527	OK	 
REQUEST		GET Request 1	1742258270078	1742258270590	OK	 
REQUEST		POST Request	1742258270522	1742258270635	OK	 
REQUEST		DELETE Request	1742258270555	1742258270664	OK	 
USER	Open Model Scenario	END	1742258270666
REQUEST		GET Request 1	1742258270475	1742258270681	OK	 
USER	Open Model Scenario	START	1742258270683
REQUEST		POST Request	1742258270667	1742258270776	OK	 
REQUEST		PUT Request	1742258270667	1742258270786	OK	 
REQUEST		DELETE Request	1742258270730	1742258270834	OK	 
USER	Open Model Scenario	END	1742258270836
REQUEST		POST Request	1742258270730	1742258270891	OK	 
USER	Open Model Scenario	START	1742258270906
REQUEST		GET Request 1	1742258270683	1742258270970	OK	 
REQUEST		DELETE Request	1742258270937	1742258271046	OK	 
USER	Open Model Scenario	END	1742258271047
USER	Open Model Scenario	START	1742258271082
REQUEST		PUT Request	1742258271144	1742258271256	OK	 
USER	Open Model Scenario	START	1742258271291
REQUEST		GET Request 1	1742258271081	1742258271296	OK	 
REQUEST		DELETE Request	1742258271208	1742258271320	OK	 
USER	Open Model Scenario	END	1742258271321
REQUEST		POST Request	1742258270937	1742258271353	OK	 
REQUEST		GET Request 1	1742258270905	1742258271429	OK	 
REQUEST		POST Request	1742258271321	1742258271439	OK	 
REQUEST		DELETE Request	1742258271368	1742258271474	OK	 
USER	Open Model Scenario	END	1742258271475
USER	Open Model Scenario	START	1742258271482
REQUEST		GET Request 1	1742258271289	1742258271507	OK	 
REQUEST		PUT Request	1742258271529	1742258271633	OK	 
REQUEST		POST Request	1742258271528	1742258271651	OK	 
USER	Open Model Scenario	START	1742258271690
REQUEST		GET Request 1	1742258271481	1742258271722	OK	 
REQUEST		PUT Request	1742258271033	1742258271748	OK	 
REQUEST		PUT Request	1742258271640	1742258271750	OK	 
REQUEST		POST Request	1742258271689	1742258271805	OK	 
REQUEST		POST Request	1742258271417	1742258271821	OK	 
USER	Open Model Scenario	START	1742258271881
REQUEST		DELETE Request	1742258271799	1742258271915	OK	 
USER	Open Model Scenario	END	1742258271916
REQUEST		GET Request 1	1742258271688	1742258271930	OK	 
REQUEST		PUT Request	1742258271895	1742258271994	OK	 
REQUEST		POST Request	1742258271593	1742258272008	OK	 
USER	Open Model Scenario	START	1742258272074
REQUEST		POST Request	1742258271977	1742258272092	OK	 
REQUEST		GET Request 1	1742258271880	1742258272110	OK	 
REQUEST		PUT Request	1742258271783	1742258272197	OK	 
REQUEST		POST Request	1742258271432	1742258272209	OK	 
USER	Open Model Scenario	START	1742258272282
REQUEST		DELETE Request	1742258272265	1742258272370	OK	 
USER	Open Model Scenario	END	1742258272371
REQUEST		POST Request	1742258272297	1742258272398	OK	 
REQUEST		PUT Request	1742258272361	1742258272469	OK	 
USER	Open Model Scenario	START	1742258272475
REQUEST		POST Request	1742258272441	1742258272554	OK	 
USER	Open Model Scenario	START	1742258272682
REQUEST		POST Request	1742258272522	1742258272699	OK	 
REQUEST		GET Request 1	1742258272474	1742258272722	OK	 
REQUEST		DELETE Request	1742258272649	1742258272753	OK	 
USER	Open Model Scenario	END	1742258272754
REQUEST		PUT Request	1742258272665	1742258272779	OK	 
REQUEST		PUT Request	1742258272441	1742258272849	OK	 
REQUEST		DELETE Request	1742258272761	1742258272872	OK	 
USER	Open Model Scenario	END	1742258272873
USER	Open Model Scenario	START	1742258272889
REQUEST		GET Request 1	1742258272681	1742258272903	OK	 
REQUEST		PUT Request	1742258272809	1742258272912	OK	 
REQUEST		PUT Request	1742258272825	1742258272935	OK	 
REQUEST		POST Request	1742258272936	1742258273047	OK	 
USER	Open Model Scenario	START	1742258273082
REQUEST		PUT Request	1742258273016	1742258273119	OK	 
REQUEST		GET Request 1	1742258272889	1742258273132	OK	 
REQUEST		DELETE Request	1742258273001	1742258273158	OK	 
USER	Open Model Scenario	END	1742258273159
REQUEST		DELETE Request	1742258272761	1742258273168	OK	 
USER	Open Model Scenario	END	1742258273168
REQUEST		POST Request	1742258272730	1742258273194	OK	 
REQUEST		POST Request	1742258273113	1742258273227	OK	 
USER	Open Model Scenario	START	1742258273274
REQUEST		DELETE Request	1742258273209	1742258273319	OK	 
USER	Open Model Scenario	END	1742258273321
REQUEST		PUT Request	1742258273225	1742258273341	OK	 
USER	Open Model Scenario	START	1742258273482
REQUEST		PUT Request	1742258273401	1742258273509	OK	 
REQUEST		PUT Request	1742258273097	1742258273511	OK	 
REQUEST		DELETE Request	1742258273481	1742258273591	OK	 
USER	Open Model Scenario	END	1742258273592
USER	Open Model Scenario	START	1742258273676
REQUEST		PUT Request	1742258273561	1742258273677	OK	 
REQUEST		GET Request 1	1742258273273	1742258273788	OK	 
REQUEST		GET Request 1	1742258272281	1742258273792	OK	 
REQUEST		PUT Request	1742258273706	1742258273813	OK	 
REQUEST		POST Request	1742258273739	1742258273846	OK	 
USER	Open Model Scenario	START	1742258273884
REQUEST		DELETE Request	1742258273787	1742258273893	OK	 
USER	Open Model Scenario	END	1742258273894
REQUEST		DELETE Request	1742258273866	1742258273974	OK	 
USER	Open Model Scenario	END	1742258273975
REQUEST		DELETE Request	1742258273918	1742258274012	OK	 
USER	Open Model Scenario	END	1742258274012
REQUEST		POST Request	1742258273918	1742258274037	OK	 
REQUEST		DELETE Request	1742258273950	1742258274047	OK	 
USER	Open Model Scenario	END	1742258274048
USER	Open Model Scenario	START	1742258274077
REQUEST		PUT Request	1742258274061	1742258274171	OK	 
REQUEST		DELETE Request	1742258274125	1742258274224	OK	 
USER	Open Model Scenario	END	1742258274225
REQUEST		POST Request	1742258274142	1742258274245	OK	 
USER	Open Model Scenario	START	1742258274287
REQUEST		GET Request 1	1742258274077	1742258274289	OK	 
REQUEST		GET Request 1	1742258273080	1742258274325	OK	 
REQUEST		PUT Request	1742258274206	1742258274326	OK	 
REQUEST		PUT Request	1742258274236	1742258274343	OK	 
REQUEST		GET Request 1	1742258273883	1742258274402	OK	 
REQUEST		DELETE Request	1742258274349	1742258274458	OK	 
USER	Open Model Scenario	END	1742258274459
USER	Open Model Scenario	START	1742258274478
REQUEST		GET Request 1	1742258273674	1742258274488	OK	 
REQUEST		GET Request 1	1742258274286	1742258274522	OK	 
REQUEST		GET Request 1	1742258264485	1742258274588	KO	i.n.h.s.SslHandshakeTimeoutException: handshake timed out after 10000ms
REQUEST		DELETE Request	1742258274523	1742258274630	OK	 
USER	Open Model Scenario	END	1742258274630
REQUEST		DELETE Request	1742258274525	1742258274637	OK	 
USER	Open Model Scenario	END	1742258274638
USER	Open Model Scenario	START	1742258274685
REQUEST		GET Request 1	1742258274478	1742258274703	OK	 
REQUEST		DELETE Request	1742258274684	1742258274797	OK	 
USER	Open Model Scenario	END	1742258274798
USER	Open Model Scenario	START	1742258274879
REQUEST		POST Request	1742258274797	1742258274899	OK	 
REQUEST		POST Request	1742258274797	1742258274905	OK	 
REQUEST		GET Request 1	1742258274684	1742258274912	OK	 
REQUEST		DELETE Request	1742258274829	1742258274969	OK	 
USER	Open Model Scenario	END	1742258274971
REQUEST		PUT Request	1742258274862	1742258274982	OK	 
REQUEST		GET Request 1	1742258273481	1742258275022	OK	 
USER	Open Model Scenario	START	1742258275086
REQUEST		GET Request 1	1742258274878	1742258275128	OK	 
REQUEST		PUT Request	1742258275054	1742258275159	OK	 
USER	Open Model Scenario	START	1742258275278
REQUEST		DELETE Request	1742258275182	1742258275346	OK	 
USER	Open Model Scenario	END	1742258275347
REQUEST		PUT Request	1742258275262	1742258275368	OK	 
REQUEST		POST Request	1742258275294	1742258275395	OK	 
REQUEST		DELETE Request	1742258275342	1742258275456	OK	 
USER	Open Model Scenario	END	1742258275457
REQUEST		POST Request	1742258275342	1742258275460	OK	 
USER	Open Model Scenario	START	1742258275487
REQUEST		POST Request	1742258275406	1742258275516	OK	 
REQUEST		DELETE Request	1742258275357	1742258275522	OK	 
USER	Open Model Scenario	END	1742258275523
REQUEST		POST Request	1742258275533	1742258275647	OK	 
REQUEST		POST Request	1742258275502	1742258275670	OK	 
USER	Open Model Scenario	START	1742258275680
REQUEST		GET Request 1	1742258275486	1742258275693	OK	 
REQUEST		GET Request 1	1742258275277	1742258275783	OK	 
REQUEST		POST Request	1742258275711	1742258275823	OK	 
USER	Open Model Scenario	START	1742258275888
REQUEST		PUT Request	1742258275904	1742258276007	OK	 
REQUEST		PUT Request	1742258275919	1742258276035	OK	 
REQUEST		POST Request	1742258275919	1742258276043	OK	 
USER	Open Model Scenario	START	1742258276080
REQUEST		DELETE Request	1742258275984	1742258276087	OK	 
USER	Open Model Scenario	END	1742258276088
REQUEST		GET Request 1	1742258275888	1742258276115	OK	 
REQUEST		POST Request	1742258276031	1742258276140	OK	 
REQUEST		POST Request	1742258275599	1742258276144	OK	 
REQUEST		POST Request	1742258276142	1742258276245	OK	 
REQUEST		DELETE Request	1742258276173	1742258276287	OK	 
USER	Open Model Scenario	START	1742258276288
USER	Open Model Scenario	END	1742258276288
REQUEST		GET Request 1	1742258275086	1742258276330	OK	 
USER	Open Model Scenario	START	1742258276480
REQUEST		DELETE Request	1742258276382	1742258276490	OK	 
USER	Open Model Scenario	END	1742258276491
REQUEST		PUT Request	1742258276398	1742258276503	OK	 
REQUEST		PUT Request	1742258276463	1742258276573	OK	 
REQUEST		PUT Request	1742258276526	1742258276627	OK	 
REQUEST		GET Request 1	1742258276287	1742258276641	OK	 
USER	Open Model Scenario	START	1742258276688
REQUEST		PUT Request	1742258276655	1742258276761	OK	 
REQUEST		PUT Request	1742258276687	1742258276789	OK	 
REQUEST		POST Request	1742258276703	1742258276805	OK	 
USER	Open Model Scenario	START	1742258276880
REQUEST		GET Request 1	1742258275678	1742258276901	OK	 
REQUEST		PUT Request	1742258276830	1742258276940	OK	 
REQUEST		POST Request	1742258276800	1742258276953	OK	 
USER	Open Model Scenario	START	1742258277088
REQUEST		GET Request 1	1742258276879	1742258277120	OK	 
REQUEST		DELETE Request	1742258277022	1742258277121	OK	 
USER	Open Model Scenario	END	1742258277122
REQUEST		DELETE Request	1742258277038	1742258277141	OK	 
USER	Open Model Scenario	END	1742258277142
REQUEST		PUT Request	1742258277054	1742258277159	OK	 
REQUEST		POST Request	1742258277118	1742258277232	OK	 
REQUEST		PUT Request	1742258277150	1742258277251	OK	 
REQUEST		PUT Request	1742258277149	1742258277262	OK	 
USER	Open Model Scenario	START	1742258277278
REQUEST		GET Request 1	1742258276079	1742258277290	OK	 
REQUEST		GET Request 1	1742258277087	1742258277318	OK	 
REQUEST		PUT Request	1742258277261	1742258277365	OK	 
REQUEST		POST Request	1742258277341	1742258277454	OK	 
USER	Open Model Scenario	START	1742258277486
REQUEST		DELETE Request	1742258277517	1742258277620	OK	 
USER	Open Model Scenario	END	1742258277621
USER	Open Model Scenario	START	1742258277678
REQUEST		DELETE Request	1742258277581	1742258277690	OK	 
REQUEST		GET Request 1	1742258277485	1742258277691	OK	 
USER	Open Model Scenario	END	1742258277692
REQUEST		GET Request 1	1742258276479	1742258277723	OK	 
REQUEST		DELETE Request	1742258277628	1742258277731	OK	 
USER	Open Model Scenario	END	1742258277732
REQUEST		POST Request	1742258277644	1742258277794	OK	 
REQUEST		GET Request 1	1742258277676	1742258277878	OK	 
REQUEST		DELETE Request	1742258277771	1742258277885	OK	 
USER	Open Model Scenario	END	1742258277886
USER	Open Model Scenario	START	1742258277887
REQUEST		DELETE Request	1742258277804	1742258277906	OK	 
USER	Open Model Scenario	END	1742258277907
REQUEST		PUT Request	1742258277820	1742258277921	OK	 
REQUEST		GET Request 1	1742258276687	1742258277930	OK	 
REQUEST		DELETE Request	1742258277951	1742258278054	OK	 
USER	Open Model Scenario	END	1742258278055
REQUEST		PUT Request	1742258277967	1742258278071	OK	 
USER	Open Model Scenario	START	1742258278080
REQUEST		POST Request	1742258277919	1742258278090	OK	 
REQUEST		GET Request 1	1742258277886	1742258278111	OK	 
REQUEST		POST Request	1742258278127	1742258278243	OK	 
REQUEST		DELETE Request	1742258278159	1742258278254	OK	 
USER	Open Model Scenario	END	1742258278255
USER	Open Model Scenario	START	1742258278288
REQUEST		GET Request 1	1742258278079	1742258278372	OK	 
REQUEST		DELETE Request	1742258278271	1742258278378	OK	 
USER	Open Model Scenario	END	1742258278379
REQUEST		POST Request	1742258278319	1742258278433	OK	 
REQUEST		DELETE Request	1742258278367	1742258278469	OK	 
USER	Open Model Scenario	END	1742258278470
USER	Open Model Scenario	START	1742258278478
REQUEST		PUT Request	1742258278462	1742258278569	OK	 
REQUEST		DELETE Request	1742258278255	1742258278655	OK	 
USER	Open Model Scenario	END	1742258278656
REQUEST		PUT Request	1742258278241	1742258278662	OK	 
USER	Open Model Scenario	START	1742258278687
REQUEST		POST Request	1742258278304	1742258278707	OK	 
REQUEST		POST Request	1742258278733	1742258278842	OK	 
REQUEST		POST Request	1742258278701	1742258278866	OK	 
USER	Open Model Scenario	START	1742258278878
REQUEST		GET Request 1	1742258278686	1742258278902	OK	 
REQUEST		PUT Request	1742258278798	1742258278916	OK	 
REQUEST		POST Request	1742258278894	1742258278998	OK	 
REQUEST		DELETE Request	1742258278925	1742258279029	OK	 
USER	Open Model Scenario	END	1742258279030
REQUEST		POST Request	1742258278942	1742258279050	OK	 
USER	Open Model Scenario	START	1742258279088
REQUEST		GET Request 1	1742258278877	1742258279112	OK	 
REQUEST		GET Request 1	1742258278287	1742258279114	OK	 
REQUEST		DELETE Request	1742258279086	1742258279184	OK	 
USER	Open Model Scenario	END	1742258279185
REQUEST		PUT Request	1742258279102	1742258279204	OK	 
REQUEST		POST Request	1742258279119	1742258279226	OK	 
USER	Open Model Scenario	START	1742258279279
REQUEST		PUT Request	1742258279247	1742258279359	OK	 
REQUEST		GET Request 1	1742258272073	1742258279412	OK	 
REQUEST		POST Request	1742258279375	1742258279486	OK	 
USER	Open Model Scenario	START	1742258279486
REQUEST		PUT Request	1742258279439	1742258279546	OK	 
REQUEST		GET Request 1	1742258279087	1742258279621	OK	 
USER	Open Model Scenario	START	1742258279680
REQUEST		DELETE Request	1742258279583	1742258279681	OK	 
USER	Open Model Scenario	END	1742258279683
REQUEST		DELETE Request	1742258279663	1742258279772	OK	 
USER	Open Model Scenario	END	1742258279775
REQUEST		PUT Request	1742258279711	1742258279820	OK	 
USER	Open Model Scenario	START	1742258279887
REQUEST		GET Request 1	1742258279679	1742258279898	OK	 
REQUEST		PUT Request	1742258279854	1742258279968	OK	 
REQUEST		PUT Request	1742258279871	1742258279989	OK	 
REQUEST		DELETE Request	1742258279918	1742258280019	OK	 
USER	Open Model Scenario	END	1742258280020
REQUEST		POST Request	1742258279918	1742258280026	OK	 
REQUEST		GET Request 1	1742258278478	1742258280059	OK	 
USER	Open Model Scenario	START	1742258280080
REQUEST		PUT Request	1742258280014	1742258280111	OK	 
REQUEST		PUT Request	1742258280063	1742258280164	OK	 
REQUEST		POST Request	1742258280126	1742258280228	OK	 
REQUEST		POST Request	1742258280127	1742258280242	OK	 
USER	Open Model Scenario	START	1742258280288
REQUEST		DELETE Request	1742258280205	1742258280327	OK	 
USER	Open Model Scenario	END	1742258280327
REQUEST		PUT Request	1742258280237	1742258280344	OK	 
REQUEST		DELETE Request	1742258280366	1742258280476	OK	 
USER	Open Model Scenario	END	1742258280477
USER	Open Model Scenario	START	1742258280479
REQUEST		GET Request 1	1742258280286	1742258280511	OK	 
REQUEST		POST Request	1742258280414	1742258280522	OK	 
REQUEST		GET Request 1	1742258279278	1742258280572	OK	 
REQUEST		PUT Request	1742258280495	1742258280602	OK	 
REQUEST		DELETE Request	1742258280559	1742258280665	OK	 
USER	Open Model Scenario	END	1742258280666
USER	Open Model Scenario	START	1742258280689
REQUEST		GET Request 1	1742258280478	1742258280723	OK	 
REQUEST		POST Request	1742258280638	1742258280743	OK	 
USER	Open Model Scenario	START	1742258280879
REQUEST		GET Request 1	1742258280687	1742258280903	OK	 
REQUEST		DELETE Request	1742258280829	1742258280936	OK	 
USER	Open Model Scenario	END	1742258280937
REQUEST		POST Request	1742258280910	1742258281008	OK	 
USER	Open Model Scenario	START	1742258281082
REQUEST		DELETE Request	1742258280997	1742258281097	OK	 
USER	Open Model Scenario	END	1742258281099
REQUEST		DELETE Request	1742258280982	1742258281108	OK	 
USER	Open Model Scenario	END	1742258281109
REQUEST		PUT Request	1742258281033	1742258281135	OK	 
REQUEST		POST Request	1742258281065	1742258281177	OK	 
REQUEST		DELETE Request	1742258281112	1742258281215	OK	 
USER	Open Model Scenario	END	1742258281216
USER	Open Model Scenario	START	1742258281274
REQUEST		DELETE Request	1742258281176	1742258281284	OK	 
USER	Open Model Scenario	END	1742258281286
REQUEST		GET Request 1	1742258280079	1742258281320	OK	 
REQUEST		PUT Request	1742258281240	1742258281341	OK	 
REQUEST		PUT Request	1742258281257	1742258281385	OK	 
REQUEST		DELETE Request	1742258281353	1742258281458	OK	 
USER	Open Model Scenario	END	1742258281460
USER	Open Model Scenario	START	1742258281482
REQUEST		GET Request 1	1742258281273	1742258281485	OK	 
REQUEST		POST Request	1742258281513	1742258281621	OK	 
REQUEST		PUT Request	1742258281529	1742258281640	OK	 
USER	Open Model Scenario	START	1742258281676
REQUEST		POST Request	1742258281577	1742258281690	OK	 
REQUEST		GET Request 1	1742258281481	1742258281693	OK	 
REQUEST		DELETE Request	1742258281604	1742258281713	OK	 
USER	Open Model Scenario	END	1742258281714
REQUEST		POST Request	1742258281739	1742258281851	OK	 
REQUEST		PUT Request	1742258281753	1742258281871	OK	 
USER	Open Model Scenario	START	1742258281886
REQUEST		GET Request 1	1742258281675	1742258281910	OK	 
REQUEST		POST Request	1742258281915	1742258282031	OK	 
USER	Open Model Scenario	START	1742258282077
REQUEST		GET Request 1	1742258281886	1742258282110	OK	 
REQUEST		GET Request 1	1742258280878	1742258282118	OK	 
REQUEST		PUT Request	1742258282011	1742258282133	OK	 
REQUEST		DELETE Request	1742258282139	1742258282238	OK	 
USER	Open Model Scenario	END	1742258282239
USER	Open Model Scenario	START	1742258282284
REQUEST		PUT Request	1742258282187	1742258282298	OK	 
REQUEST		GET Request 1	1742258281080	1742258282315	OK	 
REQUEST		POST Request	1742258282331	1742258282434	OK	 
REQUEST		DELETE Request	1742258282347	1742258282444	OK	 
USER	Open Model Scenario	END	1742258282444
USER	Open Model Scenario	START	1742258282476
REQUEST		GET Request 1	1742258282283	1742258282494	OK	 
REQUEST		DELETE Request	1742258282395	1742258282514	OK	 
USER	Open Model Scenario	END	1742258282516
REQUEST		POST Request	1742258282492	1742258282593	OK	 
USER	Open Model Scenario	START	1742258282684
REQUEST		PUT Request	1742258282636	1742258282738	OK	 
REQUEST		DELETE Request	1742258282651	1742258282763	OK	 
USER	Open Model Scenario	END	1742258282765
REQUEST		POST Request	1742258282699	1742258282798	OK	 
REQUEST		PUT Request	1742258282699	1742258282872	OK	 
USER	Open Model Scenario	START	1742258282875
REQUEST		GET Request 1	1742258282076	1742258282896	OK	 
REQUEST		GET Request 1	1742258282683	1742258282931	OK	 
REQUEST		PUT Request	1742258282858	1742258282970	OK	 
REQUEST		DELETE Request	1742258282874	1742258282978	OK	 
USER	Open Model Scenario	END	1742258282979
REQUEST		GET Request 1	1742258282475	1742258282994	OK	 
REQUEST		POST Request	1742258282923	1742258283038	OK	 
USER	Open Model Scenario	START	1742258283084
REQUEST		PUT Request	1742258283035	1742258283136	OK	 
REQUEST		POST Request	1742258283116	1742258283218	OK	 
REQUEST		DELETE Request	1742258283148	1742258283253	OK	 
USER	Open Model Scenario	END	1742258283254
USER	Open Model Scenario	START	1742258283277
REQUEST		POST Request	1742258283131	1742258283294	OK	 
REQUEST		DELETE Request	1742258283307	1742258283411	OK	 
USER	Open Model Scenario	END	1742258283412
REQUEST		POST Request	1742258283322	1742258283427	OK	 
USER	Open Model Scenario	START	1742258283482
REQUEST		GET Request 1	1742258283276	1742258283527	OK	 
REQUEST		PUT Request	1742258283450	1742258283562	OK	 
REQUEST		POST Request	1742258283498	1742258283596	OK	 
USER	Open Model Scenario	START	1742258283676
REQUEST		PUT Request	1742258283595	1742258283696	OK	 
REQUEST		DELETE Request	1742258283739	1742258283852	OK	 
USER	Open Model Scenario	END	1742258283853
USER	Open Model Scenario	START	1742258283885
REQUEST		PUT Request	1742258283804	1742258283902	OK	 
REQUEST		DELETE Request	1742258283883	1742258283983	OK	 
USER	Open Model Scenario	END	1742258283985
REQUEST		POST Request	1742258283900	1742258283999	OK	 
REQUEST		POST Request	1742258283933	1742258284044	OK	 
USER	Open Model Scenario	START	1742258284076
REQUEST		DELETE Request	1742258283981	1742258284108	OK	 
USER	Open Model Scenario	END	1742258284110
REQUEST		GET Request 1	1742258282874	1742258284118	OK	 
REQUEST		POST Request	1742258283996	1742258284149	OK	 
REQUEST		PUT Request	1742258284044	1742258284166	OK	 
REQUEST		GET Request 1	1742258283675	1742258284207	OK	 
REQUEST		DELETE Request	1742258284139	1742258284258	OK	 
USER	Open Model Scenario	END	1742258284259
USER	Open Model Scenario	START	1742258284283
REQUEST		GET Request 1	1742258283083	1742258284311	OK	 
REQUEST		GET Request 1	1742258284076	1742258284333	OK	 
REQUEST		PUT Request	1742258284235	1742258284333	OK	 
REQUEST		PUT Request	1742258284298	1742258284401	OK	 
USER	Open Model Scenario	START	1742258284477
REQUEST		GET Request 1	1742258284283	1742258284524	OK	 
REQUEST		PUT Request	1742258284434	1742258284544	OK	 
REQUEST		POST Request	1742258284538	1742258284663	OK	 
REQUEST		DELETE Request	1742258284570	1742258284681	OK	 
USER	Open Model Scenario	END	1742258284683
USER	Open Model Scenario	START	1742258284684
REQUEST		PUT Request	1742258284603	1742258284702	OK	 
REQUEST		DELETE Request	1742258284698	1742258284799	OK	 
USER	Open Model Scenario	END	1742258284800
USER	Open Model Scenario	START	1742258284893
REQUEST		DELETE Request	1742258284907	1742258285004	OK	 
USER	Open Model Scenario	END	1742258285006
USER	Open Model Scenario	START	1742258285084
REQUEST		GET Request 1	1742258283883	1742258285099	OK	 
REQUEST		PUT Request	1742258285004	1742258285110	OK	 
REQUEST		PUT Request	1742258285051	1742258285155	OK	 
REQUEST		PUT Request	1742258285163	1742258285266	OK	 
REQUEST		POST Request	1742258285131	1742258285272	OK	 
USER	Open Model Scenario	START	1742258285277
REQUEST		DELETE Request	1742258285179	1742258285308	OK	 
REQUEST		GET Request 1	1742258285083	1742258285309	OK	 
USER	Open Model Scenario	END	1742258285310
REQUEST		POST Request	1742258285211	1742258285375	OK	 
REQUEST		POST Request	1742258285324	1742258285431	OK	 
REQUEST		DELETE Request	1742258285339	1742258285447	OK	 
USER	Open Model Scenario	END	1742258285447
REQUEST		POST Request	1742258285340	1742258285450	OK	 
USER	Open Model Scenario	START	1742258285486
REQUEST		GET Request 1	1742258285276	1742258285502	OK	 
REQUEST		DELETE Request	1742258285404	1742258285509	OK	 
USER	Open Model Scenario	END	1742258285509
REQUEST		POST Request	1742258285531	1742258285643	OK	 
REQUEST		DELETE Request	1742258285547	1742258285660	OK	 
USER	Open Model Scenario	END	1742258285661
USER	Open Model Scenario	START	1742258285676
REQUEST		GET Request 1	1742258284476	1742258285770	OK	 
REQUEST		PUT Request	1742258285675	1742258285800	OK	 
REQUEST		DELETE Request	1742258285707	1742258285812	OK	 
USER	Open Model Scenario	END	1742258285813
REQUEST		GET Request 1	1742258284682	1742258285835	OK	 
USER	Open Model Scenario	START	1742258285883
REQUEST		GET Request 1	1742258285484	1742258286019	OK	 
USER	Open Model Scenario	START	1742258286076
REQUEST		GET Request 1	1742258285882	1742258286103	OK	 
REQUEST		GET Request 1	1742258284892	1742258286141	OK	 
REQUEST		POST Request	1742258286105	1742258286204	OK	 
REQUEST		GET Request 1	1742258285675	1742258286211	OK	 
REQUEST		DELETE Request	1742258286122	1742258286214	OK	 
USER	Open Model Scenario	END	1742258286215
USER	Open Model Scenario	START	1742258286282
REQUEST		DELETE Request	1742258286169	1742258286283	OK	 
USER	Open Model Scenario	END	1742258286284
REQUEST		PUT Request	1742258286281	1742258286389	OK	 
REQUEST		DELETE Request	1742258286281	1742258286392	OK	 
USER	Open Model Scenario	END	1742258286394
REQUEST		POST Request	1742258286312	1742258286428	OK	 
USER	Open Model Scenario	START	1742258286489
REQUEST		PUT Request	1742258286393	1742258286514	OK	 
REQUEST		PUT Request	1742258286440	1742258286546	OK	 
REQUEST		PUT Request	1742258286456	1742258286564	OK	 
REQUEST		GET Request 1	1742258286073	1742258286603	OK	 
REQUEST		POST Request	1742258286503	1742258286607	OK	 
USER	Open Model Scenario	START	1742258286680
REQUEST		GET Request 1	1742258286488	1742258286690	OK	 
REQUEST		PUT Request	1742258286647	1742258286762	OK	 
REQUEST		GET Request 1	1742258283482	1742258286783	OK	 
USER	Open Model Scenario	START	1742258286890
REQUEST		POST Request	1742258286776	1742258286908	OK	 
REQUEST		GET Request 1	1742258286680	1742258286933	OK	 
REQUEST		DELETE Request	1742258286808	1742258286946	OK	 
USER	Open Model Scenario	END	1742258286947
REQUEST		POST Request	1742258286840	1742258286960	OK	 
USER	Open Model Scenario	START	1742258287083
REQUEST		POST Request	1742258287033	1742258287141	OK	 
REQUEST		POST Request	1742258287113	1742258287222	OK	 
REQUEST		POST Request	1742258287145	1742258287254	OK	 
USER	Open Model Scenario	START	1742258287275
REQUEST		GET Request 1	1742258287081	1742258287308	OK	 
REQUEST		PUT Request	1742258287210	1742258287315	OK	 
REQUEST		POST Request	1742258287226	1742258287332	OK	 
REQUEST		GET Request 1	1742258277277	1742258287353	KO	i.n.h.s.SslHandshakeTimeoutException: handshake timed out after 10000ms
REQUEST		GET Request 1	1742258286889	1742258287430	OK	 
USER	Open Model Scenario	START	1742258287484
REQUEST		DELETE Request	1742258287403	1742258287506	OK	 
USER	Open Model Scenario	END	1742258287507
REQUEST		GET Request 1	1742258287274	1742258287524	OK	 
REQUEST		PUT Request	1742258287434	1742258287539	OK	 
REQUEST		DELETE Request	1742258287530	1742258287627	OK	 
USER	Open Model Scenario	END	1742258287628
REQUEST		DELETE Request	1742258287562	1742258287669	OK	 
USER	Open Model Scenario	END	1742258287670
USER	Open Model Scenario	START	1742258287675
REQUEST		DELETE Request	1742258287577	1742258287685	OK	 
USER	Open Model Scenario	END	1742258287686
REQUEST		PUT Request	1742258287610	1742258287716	OK	 
REQUEST		GET Request 1	1742258287483	1742258287775	OK	 
REQUEST		POST Request	1742258287610	1742258287777	OK	 
REQUEST		GET Request 1	1742258286281	1742258287795	OK	 
REQUEST		POST Request	1742258287707	1742258287804	OK	 
REQUEST		DELETE Request	1742258287770	1742258287876	OK	 
USER	Open Model Scenario	END	1742258287877
USER	Open Model Scenario	START	1742258287882
REQUEST		GET Request 1	1742258287674	1742258287887	OK	 
REQUEST		POST Request	1742258287787	1742258287898	OK	 
REQUEST		PUT Request	1742258287914	1742258288026	OK	 
REQUEST		POST Request	1742258287946	1742258288056	OK	 
REQUEST		PUT Request	1742258287961	1742258288068	OK	 
USER	Open Model Scenario	START	1742258288074
REQUEST		GET Request 1	1742258287882	1742258288110	OK	 
REQUEST		PUT Request	1742258288153	1742258288270	OK	 
USER	Open Model Scenario	START	1742258288281
REQUEST		PUT Request	1742258288233	1742258288347	OK	 
REQUEST		PUT Request	1742258288265	1742258288381	OK	 
REQUEST		POST Request	1742258288314	1742258288430	OK	 
REQUEST		DELETE Request	1742258288329	1742258288438	OK	 
USER	Open Model Scenario	END	1742258288439
REQUEST		PUT Request	1742258288345	1742258288450	OK	 
USER	Open Model Scenario	START	1742258288474
REQUEST		GET Request 1	1742258288280	1742258288511	OK	 
REQUEST		POST Request	1742258288440	1742258288566	OK	 
REQUEST		POST Request	1742258288536	1742258288653	OK	 
REQUEST		DELETE Request	1742258288552	1742258288655	OK	 
USER	Open Model Scenario	END	1742258288656
USER	Open Model Scenario	START	1742258288682
REQUEST		DELETE Request	1742258288729	1742258288836	OK	 
USER	Open Model Scenario	END	1742258288837
USER	Open Model Scenario	START	1742258288890
REQUEST		PUT Request	1742258288793	1742258288901	OK	 
REQUEST		POST Request	1742258288810	1742258288908	OK	 
REQUEST		GET Request 1	1742258288681	1742258288909	OK	 
REQUEST		PUT Request	1742258288810	1742258288911	OK	 
REQUEST		POST Request	1742258288793	1742258288912	OK	 
REQUEST		POST Request	1742258288904	1742258289008	OK	 
REQUEST		PUT Request	1742258288904	1742258289034	OK	 
USER	Open Model Scenario	START	1742258289083
REQUEST		GET Request 1	1742258288889	1742258289101	OK	 
REQUEST		DELETE Request	1742258289033	1742258289149	OK	 
USER	Open Model Scenario	END	1742258289150
REQUEST		PUT Request	1742258289066	1742258289174	OK	 
REQUEST		DELETE Request	1742258289082	1742258289188	OK	 
USER	Open Model Scenario	END	1742258289189
REQUEST		POST Request	1742258289113	1742258289220	OK	 
USER	Open Model Scenario	START	1742258289273
REQUEST		GET Request 1	1742258289082	1742258289319	OK	 
REQUEST		GET Request 1	1742258288073	1742258289356	OK	 
REQUEST		DELETE Request	1742258289273	1742258289371	OK	 
USER	Open Model Scenario	END	1742258289372
REQUEST		DELETE Request	1742258289351	1742258289455	OK	 
USER	Open Model Scenario	END	1742258289455
USER	Open Model Scenario	START	1742258289483
REQUEST		DELETE Request	1742258289384	1742258289492	OK	 
USER	Open Model Scenario	END	1742258289493
REQUEST		PUT Request	1742258289432	1742258289540	OK	 
REQUEST		GET Request 1	1742258279486	1742258289559	KO	i.n.h.s.SslHandshakeTimeoutException: handshake timed out after 10000ms
REQUEST		DELETE Request	1742258289463	1742258289567	OK	 
USER	Open Model Scenario	END	1742258289568
REQUEST		POST Request	1742258288360	1742258289631	OK	 
REQUEST		POST Request	1742258289527	1742258289633	OK	 
REQUEST		PUT Request	1742258289575	1742258289686	OK	 
USER	Open Model Scenario	START	1742258289688
REQUEST		GET Request 1	1742258288473	1742258289688	OK	 
REQUEST		PUT Request	1742258289656	1742258289771	OK	 
REQUEST		GET Request 1	1742258289273	1742258289797	OK	 
USER	Open Model Scenario	START	1742258289879
REQUEST		GET Request 1	1742258279886	1742258289974	KO	i.n.h.s.SslHandshakeTimeoutException: handshake timed out after 10000ms
REQUEST		GET Request 1	1742258289480	1742258290006	OK	 
REQUEST		PUT Request	1742258289911	1742258290012	OK	 
REQUEST		DELETE Request	1742258289911	1742258290014	OK	 
USER	Open Model Scenario	END	1742258290015
REQUEST		DELETE Request	1742258289927	1742258290024	OK	 
USER	Open Model Scenario	END	1742258290025
REQUEST		POST Request	1742258289911	1742258290033	OK	 
REQUEST		PUT Request	1742258289927	1742258290042	OK	 
USER	Open Model Scenario	START	1742258290087
REQUEST		PUT Request	1742258290022	1742258290135	OK	 
REQUEST		DELETE Request	1742258290038	1742258290151	OK	 
USER	Open Model Scenario	END	1742258290152
REQUEST		GET Request 1	1742258289687	1742258290281	OK	 
REQUEST		DELETE Request	1742258290183	1742258290296	OK	 
USER	Open Model Scenario	END	1742258290297
USER	Open Model Scenario	START	1742258290309
REQUEST		PUT Request	1742258290231	1742258290331	OK	 
REQUEST		POST Request	1742258290326	1742258290440	OK	 
REQUEST		POST Request	1742258290359	1742258290465	OK	 
USER	Open Model Scenario	START	1742258290486
REQUEST		POST Request	1742258290103	1742258290526	OK	 
REQUEST		GET Request 1	1742258290279	1742258290531	OK	 
USER	Open Model Scenario	START	1742258290680
REQUEST		GET Request 1	1742258290486	1742258290707	OK	 
REQUEST		DELETE Request	1742258290550	1742258290709	OK	 
USER	Open Model Scenario	END	1742258290710
REQUEST		PUT Request	1742258290647	1742258290762	OK	 
REQUEST		PUT Request	1742258290647	1742258290769	OK	 
REQUEST		POST Request	1742258290695	1742258290798	OK	 
REQUEST		DELETE Request	1742258290694	1742258290823	OK	 
USER	Open Model Scenario	END	1742258290825
REQUEST		DELETE Request	1742258290774	1742258290894	OK	 
USER	Open Model Scenario	END	1742258290895
REQUEST		GET Request 1	1742258290679	1742258290914	OK	 
REQUEST		POST Request	1742258290806	1742258290917	OK	 
REQUEST		DELETE Request	1742258291014	1742258291113	OK	 
USER	Open Model Scenario	END	1742258291114
REQUEST		POST Request	1742258291012	1742258291118	OK	 
REQUEST		DELETE Request	1742258291043	1742258291154	OK	 
USER	Open Model Scenario	END	1742258291154
REQUEST		PUT Request	1742258291043	1742258291172	OK	 
REQUEST		DELETE Request	1742258291139	1742258291237	OK	 
USER	Open Model Scenario	END	1742258291238
REQUEST		POST Request	1742258291283	1742258291387	OK	 
REQUEST		DELETE Request	1742258291347	1742258291451	OK	 
USER	Open Model Scenario	END	1742258291452
REQUEST		PUT Request	1742258291444	1742258291566	OK	 
REQUEST		PUT Request	1742258291476	1742258291572	OK	 
REQUEST		POST Request	1742258291540	1742258291644	OK	 
REQUEST		PUT Request	1742258291540	1742258291644	OK	 
REQUEST		DELETE Request	1742258291764	1742258291871	OK	 
USER	Open Model Scenario	END	1742258291873
REQUEST		DELETE Request	1742258291781	1742258291900	OK	 
USER	Open Model Scenario	END	1742258291901
REQUEST		PUT Request	1742258291813	1742258291916	OK	 
REQUEST		PUT Request	1742258291923	1742258292032	OK	 
REQUEST		POST Request	1742258291923	1742258292036	OK	 
REQUEST		POST Request	1742258291716	1742258292128	OK	 
REQUEST		PUT Request	1742258292132	1742258292230	OK	 
REQUEST		POST Request	1742258290980	1742258292270	OK	 
REQUEST		DELETE Request	1742258292180	1742258292311	OK	 
USER	Open Model Scenario	END	1742258292312
REQUEST		PUT Request	1742258292403	1742258292508	OK	 
REQUEST		PUT Request	1742258292660	1742258292762	OK	 
REQUEST		DELETE Request	1742258292660	1742258292781	OK	 
USER	Open Model Scenario	END	1742258292783
REQUEST		DELETE Request	1742258292579	1742258292980	OK	 
USER	Open Model Scenario	END	1742258292981
REQUEST		DELETE Request	1742258292579	1742258292998	OK	 
USER	Open Model Scenario	END	1742258292998
REQUEST		DELETE Request	1742258292933	1742258293039	OK	 
USER	Open Model Scenario	END	1742258293040
REQUEST		PUT Request	1742258293044	1742258293149	OK	 
REQUEST		DELETE Request	1742258293044	1742258293151	OK	 
USER	Open Model Scenario	END	1742258293152
REQUEST		PUT Request	1742258293140	1742258293246	OK	 
REQUEST		DELETE Request	1742258293236	1742258293335	OK	 
USER	Open Model Scenario	END	1742258293336
REQUEST		PUT Request	1742258293284	1742258293406	OK	 
REQUEST		DELETE Request	1742258293523	1742258293623	OK	 
USER	Open Model Scenario	END	1742258293624
REQUEST		DELETE Request	1742258293763	1742258293866	OK	 
USER	Open Model Scenario	END	1742258293867
REQUEST		DELETE Request	1742258294167	1742258294279	OK	 
USER	Open Model Scenario	END	1742258294280
REQUEST		DELETE Request	1742258294263	1742258294364	OK	 
USER	Open Model Scenario	END	1742258294365
REQUEST		DELETE Request	1742258294409	1742258294530	OK	 
USER	Open Model Scenario	END	1742258294531
REQUEST		GET Request 1	1742258290086	1742258297347	OK	 
REQUEST		POST Request	1742258290566	1742258298165	OK	 
REQUEST		POST Request	1742258298356	1742258298485	OK	 
REQUEST		PUT Request	1742258299173	1742258299273	OK	 
REQUEST		PUT Request	1742258299494	1742258299629	OK	 
REQUEST		GET Request 1	1742258289879	1742258299960	KO	i.n.h.s.SslHandshakeTimeoutException: handshake timed out after 10000ms
REQUEST		DELETE Request	1742258300281	1742258300452	OK	 
USER	Open Model Scenario	END	1742258300454
REQUEST		DELETE Request	1742258300632	1742258300748	OK	 
USER	Open Model Scenario	END	1742258300750
REQUEST		POST Request	1742258300967	1742258301829	OK	 
REQUEST		PUT Request	1742258302844	1742258303004	OK	 
REQUEST		DELETE Request	1742258304012	1742258304113	OK	 
USER	Open Model Scenario	END	1742258304114
