RUN	apiFakeGatling.OpenModelSimulation	openmodelsimulation	1742259640464	 	3.11.5
USER	Open Model Scenario	START	1742259641201
USER	Open Model Scenario	START	1742259641515
REQUEST		GET Request 1	1742259641192	1742259641616	OK	 
USER	Open Model Scenario	START	1742259641844
USER	Open Model Scenario	START	1742259642179
REQUEST		GET Request 1	1742259641842	1742259642481	OK	 
USER	Open Model Scenario	START	1742259642516
REQUEST		POST Request	1742259642644	1742259642841	OK	 
USER	Open Model Scenario	START	1742259642852
REQUEST		GET Request 1	1742259642851	1742259643189	OK	 
USER	Open Model Scenario	START	1742259643193
USER	Open Model Scenario	START	1742259643508
REQUEST		GET Request 1	1742259643188	1742259643553	OK	 
REQUEST		POST Request	1742259643491	1742259643685	OK	 
USER	Open Model Scenario	START	1742259643845
REQUEST		PUT Request	1742259643843	1742259644042	OK	 
USER	Open Model Scenario	START	1742259644182
REQUEST		GET Request 1	1742259643843	1742259644204	OK	 
REQUEST		POST Request	1742259644194	1742259644393	OK	 
USER	Open Model Scenario	START	1742259644517
REQUEST		GET Request 1	1742259644179	1742259644538	OK	 
REQUEST		POST Request	1742259644564	1742259644759	OK	 
USER	Open Model Scenario	START	1742259644838
REQUEST		GET Request 1	1742259644516	1742259644855	OK	 
REQUEST		PUT Request	1742259644692	1742259644887	OK	 
USER	Open Model Scenario	START	1742259645193
REQUEST		DELETE Request	1742259645060	1742259645371	OK	 
USER	Open Model Scenario	END	1742259645375
REQUEST		POST Request	1742259645220	1742259645421	OK	 
USER	Open Model Scenario	START	1742259645512
REQUEST		GET Request 1	1742259645191	1742259645541	OK	 
REQUEST		PUT Request	1742259645396	1742259645584	OK	 
REQUEST		POST Request	1742259645541	1742259645747	OK	 
USER	Open Model Scenario	START	1742259645848
REQUEST		GET Request 1	1742259645511	1742259645872	OK	 
REQUEST		PUT Request	1742259645766	1742259645959	OK	 
REQUEST		POST Request	1742259645862	1742259646056	OK	 
REQUEST		DELETE Request	1742259645895	1742259646180	OK	 
USER	Open Model Scenario	END	1742259646182
USER	Open Model Scenario	START	1742259646182
USER	Open Model Scenario	START	1742259646518
REQUEST		PUT Request	1742259646437	1742259646635	OK	 
REQUEST		POST Request	1742259646550	1742259646747	OK	 
USER	Open Model Scenario	START	1742259646839
REQUEST		GET Request 1	1742259646181	1742259646874	OK	 
REQUEST		GET Request 1	1742259646517	1742259646876	OK	 
REQUEST		DELETE Request	1742259646596	1742259646890	OK	 
USER	Open Model Scenario	END	1742259646891
REQUEST		PUT Request	1742259646756	1742259646949	OK	 
REQUEST		POST Request	1742259646884	1742259647078	OK	 
REQUEST		GET Request 1	1742259643506	1742259647157	OK	 
USER	Open Model Scenario	START	1742259647175
REQUEST		GET Request 1	1742259646837	1742259647193	OK	 
REQUEST		DELETE Request	1742259646965	1742259647255	OK	 
REQUEST		PUT Request	1742259647062	1742259647255	OK	 
USER	Open Model Scenario	END	1742259647256
USER	Open Model Scenario	START	1742259647511
REQUEST		GET Request 1	1742259647173	1742259647532	OK	 
USER	Open Model Scenario	START	1742259647849
REQUEST		GET Request 1	1742259647510	1742259647902	OK	 
REQUEST		PUT Request	1742259647749	1742259647944	OK	 
REQUEST		DELETE Request	1742259647638	1742259647950	OK	 
USER	Open Model Scenario	END	1742259647952
REQUEST		POST Request	1742259647878	1742259648074	OK	 
REQUEST		POST Request	1742259647878	1742259648086	OK	 
USER	Open Model Scenario	START	1742259648181
REQUEST		DELETE Request	1742259647956	1742259648248	OK	 
USER	Open Model Scenario	END	1742259648250
REQUEST		PUT Request	1742259648085	1742259648278	OK	 
REQUEST		POST Request	1742259648166	1742259648350	OK	 
REQUEST		POST Request	1742259648197	1742259648400	OK	 
USER	Open Model Scenario	START	1742259648503
REQUEST		GET Request 1	1742259648181	1742259648550	OK	 
REQUEST		DELETE Request	1742259648261	1742259648573	OK	 
USER	Open Model Scenario	END	1742259648574
REQUEST		GET Request 1	1742259647846	1742259648575	OK	 
REQUEST		POST Request	1742259648549	1742259648764	OK	 
USER	Open Model Scenario	START	1742259648840
REQUEST		GET Request 1	1742259648501	1742259648840	OK	 
REQUEST		GET Request 1	1742259641512	1742259648920	OK	 
REQUEST		POST Request	1742259648919	1742259649135	OK	 
USER	Open Model Scenario	START	1742259649177
REQUEST		GET Request 1	1742259648839	1742259649182	OK	 
REQUEST		DELETE Request	1742259648950	1742259649238	OK	 
USER	Open Model Scenario	END	1742259649240
REQUEST		PUT Request	1742259649078	1742259649284	OK	 
REQUEST		PUT Request	1742259649094	1742259649330	OK	 
USER	Open Model Scenario	START	1742259649513
REQUEST		PUT Request	1742259649366	1742259649559	OK	 
REQUEST		DELETE Request	1742259649286	1742259649585	OK	 
USER	Open Model Scenario	END	1742259649587
REQUEST		PUT Request	1742259649416	1742259649613	OK	 
REQUEST		POST Request	1742259649559	1742259649757	OK	 
REQUEST		POST Request	1742259649590	1742259649804	OK	 
USER	Open Model Scenario	START	1742259649852
REQUEST		PUT Request	1742259649770	1742259649971	OK	 
REQUEST		POST Request	1742259649850	1742259650049	OK	 
REQUEST		POST Request	1742259649928	1742259650133	OK	 
USER	Open Model Scenario	START	1742259650171
REQUEST		PUT Request	1742259650153	1742259650360	OK	 
REQUEST		POST Request	1742259650185	1742259650387	OK	 
USER	Open Model Scenario	START	1742259650508
REQUEST		GET Request 1	1742259649850	1742259650538	OK	 
REQUEST		DELETE Request	1742259650296	1742259650594	OK	 
USER	Open Model Scenario	END	1742259650595
REQUEST		DELETE Request	1742259650345	1742259650640	OK	 
USER	Open Model Scenario	END	1742259650642
USER	Open Model Scenario	START	1742259650844
REQUEST		GET Request 1	1742259649512	1742259650861	OK	 
REQUEST		DELETE Request	1742259650570	1742259650863	OK	 
USER	Open Model Scenario	END	1742259650865
REQUEST		DELETE Request	1742259650617	1742259650915	OK	 
USER	Open Model Scenario	END	1742259650917
REQUEST		PUT Request	1742259650763	1742259650968	OK	 
REQUEST		PUT Request	1742259650812	1742259651031	OK	 
REQUEST		GET Request 1	1742259644836	1742259651070	KO	j.n.c.ClosedChannelException
REQUEST		GET Request 1	1742259649176	1742259651162	OK	 
USER	Open Model Scenario	START	1742259651177
REQUEST		PUT Request	1742259651051	1742259651245	OK	 
REQUEST		DELETE Request	1742259650986	1742259651290	OK	 
USER	Open Model Scenario	END	1742259651292
REQUEST		GET Request 1	1742259650843	1742259651483	OK	 
USER	Open Model Scenario	START	1742259651515
REQUEST		PUT Request	1742259651402	1742259651604	OK	 
REQUEST		PUT Request	1742259651145	1742259651654	OK	 
REQUEST		DELETE Request	1742259651370	1742259651691	OK	 
USER	Open Model Scenario	END	1742259651693
REQUEST		POST Request	1742259651545	1742259651761	OK	 
USER	Open Model Scenario	START	1742259651837
REQUEST		POST Request	1742259651866	1742259652066	OK	 
USER	Open Model Scenario	START	1742259652170
REQUEST		GET Request 1	1742259651836	1742259652172	OK	 
REQUEST		DELETE Request	1742259651978	1742259652269	OK	 
USER	Open Model Scenario	END	1742259652270
REQUEST		DELETE Request	1742259652041	1742259652351	OK	 
USER	Open Model Scenario	END	1742259652353
USER	Open Model Scenario	START	1742259652506
REQUEST		GET Request 1	1742259652169	1742259652535	OK	 
REQUEST		DELETE Request	1742259652250	1742259652543	OK	 
USER	Open Model Scenario	END	1742259652545
REQUEST		POST Request	1742259652170	1742259652670	OK	 
REQUEST		POST Request	1742259652491	1742259652677	OK	 
REQUEST		POST Request	1742259652091	1742259652752	OK	 
USER	Open Model Scenario	START	1742259652844
REQUEST		GET Request 1	1742259651514	1742259652873	OK	 
REQUEST		DELETE Request	1742259652617	1742259652944	OK	 
USER	Open Model Scenario	END	1742259652945
REQUEST		DELETE Request	1742259652666	1742259652968	OK	 
USER	Open Model Scenario	END	1742259652970
REQUEST		PUT Request	1742259652778	1742259652987	OK	 
REQUEST		GET Request 1	1742259645847	1742259653151	KO	j.n.c.ClosedChannelException
USER	Open Model Scenario	START	1742259653182
REQUEST		GET Request 1	1742259652505	1742259653201	OK	 
REQUEST		PUT Request	1742259653082	1742259653277	OK	 
REQUEST		POST Request	1742259653182	1742259653373	OK	 
USER	Open Model Scenario	START	1742259653507
REQUEST		POST Request	1742259653551	1742259653756	OK	 
USER	Open Model Scenario	START	1742259653841
REQUEST		GET Request 1	1742259653504	1742259653853	OK	 
REQUEST		PUT Request	1742259653680	1742259653870	OK	 
REQUEST		PUT Request	1742259653680	1742259653883	OK	 
REQUEST		PUT Request	1742259653760	1742259653960	OK	 
REQUEST		GET Request 1	1742259642514	1742259654086	OK	 
REQUEST		POST Request	1742259653887	1742259654092	OK	 
USER	Open Model Scenario	START	1742259654195
REQUEST		GET Request 1	1742259652842	1742259654226	OK	 
REQUEST		DELETE Request	1742259654000	1742259654334	OK	 
USER	Open Model Scenario	END	1742259654336
REQUEST		POST Request	1742259654208	1742259654413	OK	 
REQUEST		GET Request 1	1742259650506	1742259654467	OK	 
USER	Open Model Scenario	START	1742259654514
REQUEST		GET Request 1	1742259654194	1742259654525	OK	 
REQUEST		GET Request 1	1742259653182	1742259654535	OK	 
REQUEST		DELETE Request	1742259654289	1742259654581	OK	 
USER	Open Model Scenario	END	1742259654583
REQUEST		PUT Request	1742259654384	1742259654586	OK	 
USER	Open Model Scenario	START	1742259654851
REQUEST		PUT Request	1742259654771	1742259654973	OK	 
REQUEST		POST Request	1742259654865	1742259655073	OK	 
REQUEST		GET Request 1	1742259654513	1742259655129	OK	 
USER	Open Model Scenario	START	1742259655171
REQUEST		DELETE Request	1742259654880	1742259655179	OK	 
USER	Open Model Scenario	END	1742259655179
REQUEST		DELETE Request	1742259654897	1742259655194	OK	 
USER	Open Model Scenario	END	1742259655195
REQUEST		DELETE Request	1742259654962	1742259655264	OK	 
USER	Open Model Scenario	END	1742259655266
REQUEST		POST Request	1742259655089	1742259655278	OK	 
REQUEST		PUT Request	1742259655105	1742259655311	OK	 
REQUEST		POST Request	1742259655235	1742259655439	OK	 
USER	Open Model Scenario	START	1742259655507
REQUEST		GET Request 1	1742259653840	1742259655512	OK	 
REQUEST		GET Request 1	1742259654850	1742259655519	OK	 
REQUEST		POST Request	1742259654160	1742259655525	OK	 
REQUEST		GET Request 1	1742259651177	1742259655593	OK	 
REQUEST		PUT Request	1742259655427	1742259655641	OK	 
REQUEST		POST Request	1742259655475	1742259655670	OK	 
REQUEST		POST Request	1742259655539	1742259655744	OK	 
REQUEST		POST Request	1742259655538	1742259655747	OK	 
REQUEST		GET Request 1	1742259655171	1742259655837	OK	 
USER	Open Model Scenario	START	1742259655843
REQUEST		DELETE Request	1742259655602	1742259655891	OK	 
USER	Open Model Scenario	END	1742259655893
USER	Open Model Scenario	START	1742259656181
REQUEST		PUT Request	1742259656083	1742259656283	OK	 
REQUEST		DELETE Request	1742259655987	1742259656289	OK	 
USER	Open Model Scenario	END	1742259656290
REQUEST		POST Request	1742259656131	1742259656327	OK	 
REQUEST		PUT Request	1742259656291	1742259656482	OK	 
USER	Open Model Scenario	START	1742259656517
REQUEST		GET Request 1	1742259656180	1742259656536	OK	 
REQUEST		DELETE Request	1742259656324	1742259656622	OK	 
USER	Open Model Scenario	END	1742259656623
REQUEST		PUT Request	1742259656452	1742259656649	OK	 
REQUEST		POST Request	1742259656516	1742259656714	OK	 
REQUEST		POST Request	1742259656532	1742259656741	OK	 
REQUEST		PUT Request	1742259656532	1742259656748	OK	 
REQUEST		POST Request	1742259656596	1742259656788	OK	 
USER	Open Model Scenario	START	1742259656837
REQUEST		PUT Request	1742259656675	1742259656866	OK	 
REQUEST		PUT Request	1742259656754	1742259656947	OK	 
REQUEST		PUT Request	1742259656754	1742259656954	OK	 
REQUEST		DELETE Request	1742259656643	1742259656965	OK	 
USER	Open Model Scenario	END	1742259656966
REQUEST		POST Request	1742259656852	1742259657063	OK	 
REQUEST		GET Request 1	1742259656516	1742259657173	OK	 
USER	Open Model Scenario	START	1742259657174
USER	Open Model Scenario	START	1742259657509
REQUEST		PUT Request	1742259657332	1742259657520	OK	 
REQUEST		DELETE Request	1742259657301	1742259657602	OK	 
USER	Open Model Scenario	END	1742259657604
REQUEST		POST Request	1742259657539	1742259657749	OK	 
REQUEST		DELETE Request	1742259657492	1742259657777	OK	 
USER	Open Model Scenario	END	1742259657779
REQUEST		GET Request 1	1742259657172	1742259657839	OK	 
USER	Open Model Scenario	START	1742259657842
REQUEST		PUT Request	1742259657731	1742259657931	OK	 
REQUEST		DELETE Request	1742259657651	1742259657955	OK	 
USER	Open Model Scenario	END	1742259657956
REQUEST		PUT Request	1742259657794	1742259657989	OK	 
REQUEST		DELETE Request	1742259657763	1742259658066	OK	 
USER	Open Model Scenario	END	1742259658068
REQUEST		DELETE Request	1742259657873	1742259658162	OK	 
USER	Open Model Scenario	END	1742259658163
USER	Open Model Scenario	START	1742259658179
REQUEST		DELETE Request	1742259657953	1742259658242	OK	 
USER	Open Model Scenario	END	1742259658243
REQUEST		PUT Request	1742259657748	1742259658252	OK	 
REQUEST		PUT Request	1742259658065	1742259658263	OK	 
REQUEST		DELETE Request	1742259657969	1742259658275	OK	 
USER	Open Model Scenario	END	1742259658276
REQUEST		GET Request 1	1742259656836	1742259658514	OK	 
USER	Open Model Scenario	START	1742259658516
REQUEST		POST Request	1742259658177	1742259658682	OK	 
REQUEST		DELETE Request	1742259658530	1742259658827	OK	 
USER	Open Model Scenario	END	1742259658828
USER	Open Model Scenario	START	1742259658837
REQUEST		GET Request 1	1742259657508	1742259658860	OK	 
REQUEST		PUT Request	1742259658755	1742259658957	OK	 
REQUEST		POST Request	1742259658850	1742259659046	OK	 
USER	Open Model Scenario	START	1742259659172
REQUEST		DELETE Request	1742259658946	1742259659241	OK	 
USER	Open Model Scenario	END	1742259659242
REQUEST		DELETE Request	1742259658994	1742259659280	OK	 
USER	Open Model Scenario	END	1742259659281
REQUEST		GET Request 1	1742259658835	1742259659504	OK	 
USER	Open Model Scenario	START	1742259659514
REQUEST		DELETE Request	1742259659255	1742259659550	OK	 
USER	Open Model Scenario	END	1742259659551
REQUEST		DELETE Request	1742259659272	1742259659574	OK	 
USER	Open Model Scenario	END	1742259659575
REQUEST		POST Request	1742259659528	1742259659734	OK	 
USER	Open Model Scenario	START	1742259659850
REQUEST		PUT Request	1742259659689	1742259659895	OK	 
REQUEST		POST Request	1742259659863	1742259660055	OK	 
REQUEST		GET Request 1	1742259659170	1742259660123	OK	 
USER	Open Model Scenario	START	1742259660169
REQUEST		PUT Request	1742259660055	1742259660269	OK	 
REQUEST		GET Request 1	1742259659849	1742259660436	OK	 
USER	Open Model Scenario	START	1742259660508
REQUEST		DELETE Request	1742259659959	1742259660561	OK	 
USER	Open Model Scenario	END	1742259660563
REQUEST		POST Request	1742259660506	1742259660707	OK	 
REQUEST		GET Request 1	1742259660167	1742259660814	OK	 
USER	Open Model Scenario	START	1742259660844
REQUEST		PUT Request	1742259660747	1742259660955	OK	 
USER	Open Model Scenario	START	1742259661177
REQUEST		GET Request 1	1742259660842	1742259661186	OK	 
REQUEST		DELETE Request	1742259660906	1742259661205	OK	 
USER	Open Model Scenario	END	1742259661206
REQUEST		GET Request 1	1742259657841	1742259661228	OK	 
REQUEST		PUT Request	1742259661066	1742259661256	OK	 
REQUEST		POST Request	1742259661129	1742259661331	OK	 
USER	Open Model Scenario	START	1742259661514
REQUEST		DELETE Request	1742259661273	1742259661569	OK	 
USER	Open Model Scenario	END	1742259661570
REQUEST		GET Request 1	1742259661177	1742259661806	OK	 
USER	Open Model Scenario	START	1742259661835
REQUEST		GET Request 1	1742259661513	1742259661863	OK	 
REQUEST		POST Request	1742259661449	1742259661873	OK	 
REQUEST		PUT Request	1742259661721	1742259661925	OK	 
REQUEST		POST Request	1742259661817	1742259662019	OK	 
REQUEST		GET Request 1	1742259658177	1742259662105	OK	 
USER	Open Model Scenario	START	1742259662169
REQUEST		GET Request 1	1742259642178	1742259662263	KO	i.n.h.s.SslHandshakeTimeoutException: handshake timed out after 10000ms
REQUEST		DELETE Request	1742259661962	1742259662273	OK	 
USER	Open Model Scenario	END	1742259662274
REQUEST		POST Request	1742259662200	1742259662409	OK	 
REQUEST		POST Request	1742259662232	1742259662442	OK	 
REQUEST		GET Request 1	1742259661834	1742259662475	OK	 
USER	Open Model Scenario	START	1742259662504
REQUEST		GET Request 1	1742259662168	1742259662524	OK	 
REQUEST		PUT Request	1742259662344	1742259662539	OK	 
REQUEST		DELETE Request	1742259662263	1742259662558	OK	 
USER	Open Model Scenario	END	1742259662559
REQUEST		GET Request 1	1742259662503	1742259662829	OK	 
USER	Open Model Scenario	START	1742259662840
REQUEST		POST Request	1742259662807	1742259663005	OK	 
REQUEST		POST Request	1742259662871	1742259663072	OK	 
REQUEST		PUT Request	1742259662887	1742259663095	OK	 
USER	Open Model Scenario	START	1742259663177
REQUEST		GET Request 1	1742259662839	1742259663189	OK	 
REQUEST		PUT Request	1742259663030	1742259663223	OK	 
REQUEST		GET Request 1	1742259655843	1742259663245	OK	 
REQUEST		GET Request 1	1742259650169	1742259663270	KO	i.n.h.s.SslHandshakeTimeoutException: handshake timed out after 10000ms
REQUEST		POST Request	1742259663111	1742259663326	OK	 
USER	Open Model Scenario	START	1742259663511
REQUEST		DELETE Request	1742259662934	1742259663527	OK	 
USER	Open Model Scenario	END	1742259663527
REQUEST		PUT Request	1742259663415	1742259663629	OK	 
REQUEST		POST Request	1742259663271	1742259663643	OK	 
REQUEST		PUT Request	1742259663446	1742259663655	OK	 
REQUEST		POST Request	1742259663477	1742259663670	OK	 
REQUEST		POST Request	1742259663525	1742259663724	OK	 
REQUEST		DELETE Request	1742259663541	1742259663837	OK	 
USER	Open Model Scenario	END	1742259663838
USER	Open Model Scenario	START	1742259663847
REQUEST		GET Request 1	1742259663510	1742259663874	OK	 
REQUEST		POST Request	1742259663847	1742259664040	OK	 
USER	Open Model Scenario	START	1742259664170
REQUEST		PUT Request	1742259664007	1742259664200	OK	 
REQUEST		PUT Request	1742259664088	1742259664288	OK	 
REQUEST		POST Request	1742259664200	1742259664394	OK	 
REQUEST		DELETE Request	1742259664104	1742259664398	OK	 
USER	Open Model Scenario	END	1742259664399
REQUEST		GET Request 1	1742259663847	1742259664484	OK	 
USER	Open Model Scenario	START	1742259664505
REQUEST		DELETE Request	1742259664232	1742259664520	OK	 
USER	Open Model Scenario	END	1742259664521
REQUEST		PUT Request	1742259664329	1742259664526	OK	 
REQUEST		POST Request	1742259664280	1742259664647	OK	 
REQUEST		POST Request	1742259664249	1742259664772	OK	 
USER	Open Model Scenario	START	1742259664843
REQUEST		PUT Request	1742259664649	1742259664846	OK	 
REQUEST		GET Request 1	1742259664504	1742259664869	OK	 
REQUEST		PUT Request	1742259664681	1742259664890	OK	 
REQUEST		DELETE Request	1742259664633	1742259664931	OK	 
USER	Open Model Scenario	END	1742259664933
REQUEST		PUT Request	1742259664729	1742259664937	OK	 
REQUEST		DELETE Request	1742259664664	1742259665007	OK	 
USER	Open Model Scenario	END	1742259665009
REQUEST		POST Request	1742259664889	1742259665093	OK	 
USER	Open Model Scenario	START	1742259665180
REQUEST		GET Request 1	1742259655507	1742259665201	OK	 
REQUEST		PUT Request	1742259665048	1742259665247	OK	 
REQUEST		DELETE Request	1742259665207	1742259665493	OK	 
USER	Open Model Scenario	END	1742259665494
REQUEST		GET Request 1	1742259665177	1742259665508	OK	 
USER	Open Model Scenario	START	1742259665511
REQUEST		PUT Request	1742259665399	1742259665594	OK	 
REQUEST		DELETE Request	1742259665303	1742259665606	OK	 
USER	Open Model Scenario	END	1742259665608
REQUEST		POST Request	1742259665495	1742259665696	OK	 
REQUEST		GET Request 1	1742259658515	1742259665719	OK	 
REQUEST		DELETE Request	1742259665544	1742259665843	OK	 
USER	Open Model Scenario	END	1742259665844
USER	Open Model Scenario	START	1742259665847
REQUEST		PUT Request	1742259665656	1742259665854	OK	 
REQUEST		PUT Request	1742259665784	1742259665989	OK	 
REQUEST		POST Request	1742259665879	1742259666073	OK	 
REQUEST		DELETE Request	1742259665863	1742259666170	OK	 
USER	Open Model Scenario	END	1742259666172
REQUEST		GET Request 1	1742259665510	1742259666177	OK	 
USER	Open Model Scenario	START	1742259666184
REQUEST		GET Request 1	1742259664841	1742259666191	OK	 
REQUEST		DELETE Request	1742259665895	1742259666193	OK	 
USER	Open Model Scenario	END	1742259666194
REQUEST		GET Request 1	1742259665847	1742259666207	OK	 
REQUEST		DELETE Request	1742259665943	1742259666232	OK	 
USER	Open Model Scenario	END	1742259666234
REQUEST		PUT Request	1742259666103	1742259666312	OK	 
REQUEST		POST Request	1742259666215	1742259666413	OK	 
USER	Open Model Scenario	START	1742259666505
REQUEST		POST Request	1742259666519	1742259666714	OK	 
USER	Open Model Scenario	START	1742259666842
REQUEST		GET Request 1	1742259663175	1742259666869	OK	 
REQUEST		PUT Request	1742259666712	1742259666908	OK	 
REQUEST		POST Request	1742259666728	1742259666929	OK	 
REQUEST		DELETE Request	1742259666263	1742259667156	OK	 
USER	Open Model Scenario	END	1742259667159
REQUEST		DELETE Request	1742259666856	1742259667159	OK	 
USER	Open Model Scenario	END	1742259667160
USER	Open Model Scenario	START	1742259667184
REQUEST		DELETE Request	1742259666600	1742259667195	OK	 
USER	Open Model Scenario	END	1742259667196
REQUEST		PUT Request	1742259667080	1742259667286	OK	 
REQUEST		DELETE Request	1742259667000	1742259667296	OK	 
USER	Open Model Scenario	END	1742259667296
REQUEST		POST Request	1742259667182	1742259667381	OK	 
REQUEST		POST Request	1742259667197	1742259667390	OK	 
REQUEST		POST Request	1742259667213	1742259667408	OK	 
USER	Open Model Scenario	START	1742259667504
REQUEST		PUT Request	1742259667424	1742259667626	OK	 
REQUEST		DELETE Request	1742259667325	1742259667631	OK	 
USER	Open Model Scenario	END	1742259667632
REQUEST		GET Request 1	1742259667182	1742259667836	OK	 
USER	Open Model Scenario	START	1742259667838
REQUEST		GET Request 1	1742259664169	1742259667869	OK	 
REQUEST		GET Request 1	1742259666504	1742259667879	OK	 
REQUEST		PUT Request	1742259667725	1742259667916	OK	 
REQUEST		POST Request	1742259667884	1742259668084	OK	 
REQUEST		GET Request 1	1742259667502	1742259668135	OK	 
REQUEST		GET Request 1	1742259666183	1742259668144	OK	 
REQUEST		PUT Request	1742259667933	1742259668149	OK	 
USER	Open Model Scenario	START	1742259668192
REQUEST		DELETE Request	1742259667916	1742259668223	OK	 
USER	Open Model Scenario	END	1742259668225
REQUEST		GET Request 1	1742259666840	1742259668486	OK	 
USER	Open Model Scenario	START	1742259668512
REQUEST		PUT Request	1742259668398	1742259668593	OK	 
REQUEST		DELETE Request	1742259668302	1742259668595	OK	 
USER	Open Model Scenario	END	1742259668596
REQUEST		PUT Request	1742259668414	1742259668611	OK	 
USER	Open Model Scenario	START	1742259668849
REQUEST		GET Request 1	1742259668191	1742259668851	OK	 
REQUEST		PUT Request	1742259668398	1742259668902	OK	 
REQUEST		DELETE Request	1742259668639	1742259668945	OK	 
USER	Open Model Scenario	END	1742259668947
REQUEST		POST Request	1742259668848	1742259669043	OK	 
REQUEST		POST Request	1742259668879	1742259669091	OK	 
REQUEST		POST Request	1742259668895	1742259669106	OK	 
USER	Open Model Scenario	START	1742259669185
REQUEST		GET Request 1	1742259668848	1742259669204	OK	 
REQUEST		DELETE Request	1742259668927	1742259669216	OK	 
USER	Open Model Scenario	END	1742259669218
REQUEST		PUT Request	1742259669089	1742259669292	OK	 
REQUEST		POST Request	1742259669152	1742259669350	OK	 
REQUEST		POST Request	1742259669153	1742259669353	OK	 
REQUEST		DELETE Request	1742259669152	1742259669460	OK	 
USER	Open Model Scenario	END	1742259669462
USER	Open Model Scenario	START	1742259669505
REQUEST		GET Request 1	1742259669184	1742259669560	OK	 
REQUEST		POST Request	1742259669488	1742259669680	OK	 
REQUEST		GET Request 1	1742259669504	1742259669839	OK	 
USER	Open Model Scenario	START	1742259669842
REQUEST		GET Request 1	1742259668511	1742259669870	OK	 
REQUEST		DELETE Request	1742259669600	1742259669894	OK	 
USER	Open Model Scenario	END	1742259669895
REQUEST		DELETE Request	1742259669616	1742259669913	OK	 
USER	Open Model Scenario	END	1742259669914
REQUEST		POST Request	1742259669859	1742259670058	OK	 
USER	Open Model Scenario	START	1742259670178
REQUEST		DELETE Request	1742259669905	1742259670200	OK	 
USER	Open Model Scenario	END	1742259670202
REQUEST		PUT Request	1742259670050	1742259670255	OK	 
REQUEST		PUT Request	1742259670097	1742259670299	OK	 
REQUEST		PUT Request	1742259670114	1742259670323	OK	 
REQUEST		POST Request	1742259670208	1742259670398	OK	 
USER	Open Model Scenario	START	1742259670521
REQUEST		PUT Request	1742259670353	1742259670545	OK	 
REQUEST		PUT Request	1742259670369	1742259670573	OK	 
REQUEST		DELETE Request	1742259670305	1742259670607	OK	 
USER	Open Model Scenario	END	1742259670608
REQUEST		POST Request	1742259670562	1742259670786	OK	 
USER	Open Model Scenario	START	1742259670852
REQUEST		GET Request 1	1742259670514	1742259670872	OK	 
REQUEST		GET Request 1	1742259660506	1742259670874	OK	 
REQUEST		POST Request	1742259670850	1742259671043	OK	 
REQUEST		POST Request	1742259670882	1742259671087	OK	 
REQUEST		GET Request 1	1742259659513	1742259671149	OK	 
REQUEST		GET Request 1	1742259667836	1742259671200	OK	 
REQUEST		GET Request 1	1742259670850	1742259671210	OK	 
REQUEST		PUT Request	1742259670689	1742259671233	OK	 
REQUEST		PUT Request	1742259671076	1742259671273	OK	 
REQUEST		GET Request 1	1742259670177	1742259671515	OK	 
REQUEST		DELETE Request	1742259671267	1742259671565	OK	 
USER	Open Model Scenario	END	1742259671566
REQUEST		PUT Request	1742259671412	1742259671604	OK	 
REQUEST		DELETE Request	1742259671316	1742259671626	OK	 
USER	Open Model Scenario	END	1742259671627
REQUEST		DELETE Request	1742259671331	1742259671637	OK	 
USER	Open Model Scenario	END	1742259671638
REQUEST		DELETE Request	1742259671556	1742259671840	OK	 
USER	Open Model Scenario	END	1742259671840
REQUEST		DELETE Request	1742259671587	1742259671882	OK	 
USER	Open Model Scenario	END	1742259671883
REQUEST		PUT Request	1742259671793	1742259671999	OK	 
REQUEST		POST Request	1742259671888	1742259672082	OK	 
REQUEST		PUT Request	1742259672049	1742259672244	OK	 
REQUEST		PUT Request	1742259672097	1742259672294	OK	 
REQUEST		POST Request	1742259672161	1742259672355	OK	 
REQUEST		POST Request	1742259671888	1742259672390	OK	 
REQUEST		POST Request	1742259672209	1742259672417	OK	 
REQUEST		POST Request	1742259672225	1742259672423	OK	 
REQUEST		DELETE Request	1742259672241	1742259672529	OK	 
USER	Open Model Scenario	END	1742259672529
REQUEST		DELETE Request	1742259672290	1742259672586	OK	 
USER	Open Model Scenario	END	1742259672587
REQUEST		POST Request	1742259672528	1742259672726	OK	 
REQUEST		DELETE Request	1742259672607	1742259672897	OK	 
USER	Open Model Scenario	END	1742259672899
REQUEST		PUT Request	1742259673088	1742259673278	OK	 
REQUEST		DELETE Request	1742259673009	1742259673307	OK	 
USER	Open Model Scenario	END	1742259673308
REQUEST		DELETE Request	1742259673250	1742259673545	OK	 
USER	Open Model Scenario	END	1742259673547
REQUEST		PUT Request	1742259673363	1742259673555	OK	 
REQUEST		PUT Request	1742259673395	1742259673591	OK	 
REQUEST		DELETE Request	1742259673298	1742259673598	OK	 
USER	Open Model Scenario	END	1742259673599
REQUEST		PUT Request	1742259673426	1742259673625	OK	 
REQUEST		PUT Request	1742259673427	1742259673649	OK	 
REQUEST		PUT Request	1742259673731	1742259673971	OK	 
REQUEST		DELETE Request	1742259674293	1742259674588	OK	 
USER	Open Model Scenario	END	1742259674589
REQUEST		DELETE Request	1742259674566	1742259674864	OK	 
USER	Open Model Scenario	END	1742259674865
REQUEST		DELETE Request	1742259674598	1742259674896	OK	 
USER	Open Model Scenario	END	1742259674898
REQUEST		DELETE Request	1742259674630	1742259674924	OK	 
USER	Open Model Scenario	END	1742259674925
REQUEST		DELETE Request	1742259674662	1742259674960	OK	 
USER	Open Model Scenario	END	1742259674961
REQUEST		DELETE Request	1742259674983	1742259675270	OK	 
USER	Open Model Scenario	END	1742259675271
REQUEST		GET Request 1	1742259669841	1742259680193	OK	 
REQUEST		POST Request	1742259681203	1742259681390	OK	 
REQUEST		PUT Request	1742259682400	1742259682590	OK	 
REQUEST		DELETE Request	1742259683603	1742259683908	OK	 
USER	Open Model Scenario	END	1742259683909
