RUN	apiFakeGatling.OpenModelSimulation	openmodelsimulation	1742258699687	 	3.11.5
USER	Open Model Scenario	START	1742258700389
USER	Open Model Scenario	START	1742258700700
REQUEST		GET Request 1	1742258700378	1742258700815	OK	 
USER	Open Model Scenario	START	1742258701027
REQUEST		GET Request 1	1742258700698	1742258701045	OK	 
USER	Open Model Scenario	START	1742258701363
REQUEST		GET Request 1	1742258701025	1742258701431	OK	 
USER	Open Model Scenario	START	1742258701700
REQUEST		GET Request 1	1742258701361	1742258701745	OK	 
USER	Open Model Scenario	START	1742258702036
REQUEST		POST Request	1742258701848	1742258702085	OK	 
REQUEST		POST Request	1742258702052	1742258702251	OK	 
REQUEST		GET Request 1	1742258701698	1742258702366	OK	 
USER	Open Model Scenario	START	1742258702371
REQUEST		GET Request 1	1742258702034	1742258702394	OK	 
REQUEST		POST Request	1742258702433	1742258702646	OK	 
USER	Open Model Scenario	START	1742258702694
REQUEST		POST Request	1742258702754	1742258702950	OK	 
USER	Open Model Scenario	START	1742258703030
REQUEST		PUT Request	1742258703092	1742258703295	OK	 
USER	Open Model Scenario	START	1742258703366
REQUEST		PUT Request	1742258703267	1742258703461	OK	 
REQUEST		POST Request	1742258703379	1742258703584	OK	 
REQUEST		POST Request	1742258703412	1742258703614	OK	 
USER	Open Model Scenario	START	1742258703701
REQUEST		GET Request 1	1742258702370	1742258703729	OK	 
REQUEST		GET Request 1	1742258703363	1742258703789	OK	 
REQUEST		GET Request 1	1742258702691	1742258704036	OK	 
USER	Open Model Scenario	START	1742258704037
REQUEST		GET Request 1	1742258703698	1742258704044	OK	 
REQUEST		PUT Request	1742258703954	1742258704163	OK	 
REQUEST		PUT Request	1742258703650	1742258704174	OK	 
USER	Open Model Scenario	START	1742258704373
REQUEST		GET Request 1	1742258703028	1742258704404	OK	 
REQUEST		DELETE Request	1742258704307	1742258704602	OK	 
USER	Open Model Scenario	END	1742258704606
USER	Open Model Scenario	START	1742258704693
REQUEST		GET Request 1	1742258704035	1742258704710	OK	 
REQUEST		DELETE Request	1742258704467	1742258704761	OK	 
USER	Open Model Scenario	END	1742258704763
REQUEST		PUT Request	1742258704595	1742258704802	OK	 
REQUEST		PUT Request	1742258704626	1742258704826	OK	 
REQUEST		POST Request	1742258704739	1742258705017	OK	 
REQUEST		POST Request	1742258704802	1742258705019	OK	 
USER	Open Model Scenario	START	1742258705028
REQUEST		GET Request 1	1742258704691	1742258705068	OK	 
REQUEST		POST Request	1742258705059	1742258705254	OK	 
REQUEST		POST Request	1742258705043	1742258705300	OK	 
USER	Open Model Scenario	START	1742258705368
REQUEST		DELETE Request	1742258705172	1742258705468	OK	 
USER	Open Model Scenario	END	1742258705469
REQUEST		DELETE Request	1742258705188	1742258705492	OK	 
USER	Open Model Scenario	END	1742258705493
REQUEST		POST Request	1742258705414	1742258705609	OK	 
USER	Open Model Scenario	START	1742258705701
REQUEST		GET Request 1	1742258705027	1742258705702	OK	 
REQUEST		POST Request	1742258705715	1742258705914	OK	 
USER	Open Model Scenario	START	1742258706023
REQUEST		GET Request 1	1742258705699	1742258706045	OK	 
REQUEST		GET Request 1	1742258704371	1742258706059	OK	 
REQUEST		DELETE Request	1742258705811	1742258706107	OK	 
USER	Open Model Scenario	END	1742258706109
REQUEST		DELETE Request	1742258705843	1742258706147	OK	 
USER	Open Model Scenario	END	1742258706150
REQUEST		PUT Request	1742258706021	1742258706223	OK	 
REQUEST		PUT Request	1742258706037	1742258706251	OK	 
REQUEST		POST Request	1742258706085	1742258706290	OK	 
USER	Open Model Scenario	START	1742258706378
REQUEST		GET Request 1	1742258706021	1742258706385	OK	 
REQUEST		PUT Request	1742258706262	1742258706453	OK	 
REQUEST		PUT Request	1742258706311	1742258706523	OK	 
USER	Open Model Scenario	START	1742258706698
REQUEST		GET Request 1	1742258705366	1742258706718	OK	 
REQUEST		GET Request 1	1742258706377	1742258706749	OK	 
REQUEST		PUT Request	1742258706616	1742258706823	OK	 
REQUEST		POST Request	1742258706712	1742258706919	OK	 
USER	Open Model Scenario	START	1742258707034
REQUEST		GET Request 1	1742258706696	1742258707039	OK	 
REQUEST		PUT Request	1742258706920	1742258707114	OK	 
REQUEST		POST Request	1742258707049	1742258707281	OK	 
REQUEST		POST Request	1742258707064	1742258707298	OK	 
USER	Open Model Scenario	START	1742258707369
REQUEST		GET Request 1	1742258707033	1742258707403	OK	 
REQUEST		PUT Request	1742258707303	1742258707520	OK	 
REQUEST		DELETE Request	1742258707240	1742258707542	OK	 
USER	Open Model Scenario	END	1742258707544
REQUEST		DELETE Request	1742258707256	1742258707568	OK	 
USER	Open Model Scenario	END	1742258707570
REQUEST		POST Request	1742258707400	1742258707604	OK	 
USER	Open Model Scenario	START	1742258707691
REQUEST		GET Request 1	1742258707368	1742258707737	OK	 
REQUEST		DELETE Request	1742258707464	1742258707758	OK	 
USER	Open Model Scenario	END	1742258707760
REQUEST		DELETE Request	1742258707528	1742258707823	OK	 
USER	Open Model Scenario	END	1742258707825
REQUEST		POST Request	1742258707721	1742258707924	OK	 
REQUEST		POST Request	1742258707753	1742258707951	OK	 
USER	Open Model Scenario	START	1742258708027
REQUEST		GET Request 1	1742258707690	1742258708038	OK	 
REQUEST		DELETE Request	1742258707832	1742258708134	OK	 
USER	Open Model Scenario	END	1742258708136
REQUEST		PUT Request	1742258707928	1742258708141	OK	 
REQUEST		POST Request	1742258708041	1742258708236	OK	 
USER	Open Model Scenario	START	1742258708364
REQUEST		GET Request 1	1742258708026	1742258708401	OK	 
REQUEST		DELETE Request	1742258708122	1742258708435	OK	 
USER	Open Model Scenario	END	1742258708437
REQUEST		PUT Request	1742258708298	1742258708499	OK	 
REQUEST		PUT Request	1742258708313	1742258708516	OK	 
REQUEST		POST Request	1742258708411	1742258708607	OK	 
USER	Open Model Scenario	START	1742258708700
REQUEST		PUT Request	1742258708618	1742258708832	OK	 
REQUEST		DELETE Request	1742258708521	1742258708833	OK	 
USER	Open Model Scenario	END	1742258708834
REQUEST		POST Request	1742258708747	1742258708964	OK	 
USER	Open Model Scenario	START	1742258709037
REQUEST		PUT Request	1742258708939	1742258709145	OK	 
REQUEST		PUT Request	1742258708957	1742258709164	OK	 
REQUEST		POST Request	1742258709051	1742258709247	OK	 
USER	Open Model Scenario	START	1742258709374
REQUEST		GET Request 1	1742258709036	1742258709392	OK	 
REQUEST		PUT Request	1742258709242	1742258709434	OK	 
REQUEST		DELETE Request	1742258709147	1742258709445	OK	 
USER	Open Model Scenario	END	1742258709447
REQUEST		POST Request	1742258709419	1742258709626	OK	 
USER	Open Model Scenario	START	1742258709691
REQUEST		GET Request 1	1742258708363	1742258709734	OK	 
REQUEST		PUT Request	1742258709610	1742258709808	OK	 
REQUEST		DELETE Request	1742258709514	1742258709811	OK	 
USER	Open Model Scenario	END	1742258709812
REQUEST		DELETE Request	1742258709530	1742258709826	OK	 
USER	Open Model Scenario	END	1742258709827
USER	Open Model Scenario	START	1742258710028
REQUEST		GET Request 1	1742258709373	1742258710047	OK	 
REQUEST		GET Request 1	1742258709690	1742258710083	OK	 
REQUEST		DELETE Request	1742258709834	1742258710128	OK	 
USER	Open Model Scenario	END	1742258710129
REQUEST		PUT Request	1742258709977	1742258710202	OK	 
USER	Open Model Scenario	START	1742258710361
REQUEST		DELETE Request	1742258710153	1742258710447	OK	 
USER	Open Model Scenario	END	1742258710448
REQUEST		PUT Request	1742258710249	1742258710449	OK	 
REQUEST		DELETE Request	1742258710169	1742258710476	OK	 
USER	Open Model Scenario	END	1742258710477
REQUEST		POST Request	1742258710408	1742258710612	OK	 
USER	Open Model Scenario	START	1742258710698
REQUEST		GET Request 1	1742258710026	1742258710711	OK	 
REQUEST		DELETE Request	1742258710440	1742258710744	OK	 
USER	Open Model Scenario	END	1742258710746
REQUEST		GET Request 1	1742258710361	1742258710754	OK	 
REQUEST		PUT Request	1742258710632	1742258710839	OK	 
REQUEST		POST Request	1742258710744	1742258710949	OK	 
USER	Open Model Scenario	START	1742258711032
REQUEST		GET Request 1	1742258710696	1742258711047	OK	 
REQUEST		DELETE Request	1742258710823	1742258711142	OK	 
USER	Open Model Scenario	END	1742258711144
REQUEST		POST Request	1742258711063	1742258711262	OK	 
REQUEST		POST Request	1742258711096	1742258711286	OK	 
USER	Open Model Scenario	START	1742258711355
REQUEST		DELETE Request	1742258711209	1742258711509	OK	 
USER	Open Model Scenario	END	1742258711512
USER	Open Model Scenario	START	1742258711692
REQUEST		DELETE Request	1742258711450	1742258711736	OK	 
USER	Open Model Scenario	END	1742258711737
REQUEST		GET Request 1	1742258711354	1742258711742	OK	 
REQUEST		PUT Request	1742258711627	1742258711838	OK	 
REQUEST		POST Request	1742258711722	1742258711934	OK	 
REQUEST		POST Request	1742258711770	1742258711979	OK	 
USER	Open Model Scenario	START	1742258712029
REQUEST		GET Request 1	1742258711691	1742258712047	OK	 
REQUEST		DELETE Request	1742258711851	1742258712159	OK	 
REQUEST		PUT Request	1742258711962	1742258712158	OK	 
USER	Open Model Scenario	END	1742258712162
REQUEST		POST Request	1742258712058	1742258712251	OK	 
USER	Open Model Scenario	START	1742258712365
REQUEST		GET Request 1	1742258711031	1742258712377	OK	 
REQUEST		GET Request 1	1742258712027	1742258712413	OK	 
REQUEST		PUT Request	1742258712266	1742258712478	OK	 
REQUEST		PUT Request	1742258712299	1742258712491	OK	 
USER	Open Model Scenario	START	1742258712702
REQUEST		GET Request 1	1742258712364	1742258712709	OK	 
REQUEST		POST Request	1742258712749	1742258712969	OK	 
USER	Open Model Scenario	START	1742258713038
REQUEST		PUT Request	1742258712941	1742258713142	OK	 
REQUEST		DELETE Request	1742258712845	1742258713144	OK	 
USER	Open Model Scenario	END	1742258713146
REQUEST		PUT Request	1742258712989	1742258713200	OK	 
REQUEST		POST Request	1742258713053	1742258713249	OK	 
USER	Open Model Scenario	START	1742258713358
REQUEST		PUT Request	1742258713260	1742258713451	OK	 
REQUEST		DELETE Request	1742258713165	1742258713467	OK	 
USER	Open Model Scenario	END	1742258713469
REQUEST		POST Request	1742258713389	1742258713586	OK	 
REQUEST		POST Request	1742258713421	1742258713641	OK	 
USER	Open Model Scenario	START	1742258713694
REQUEST		GET Request 1	1742258713357	1742258713726	OK	 
REQUEST		DELETE Request	1742258713484	1742258713788	OK	 
USER	Open Model Scenario	END	1742258713791
REQUEST		DELETE Request	1742258713499	1742258713804	OK	 
USER	Open Model Scenario	END	1742258713805
REQUEST		POST Request	1742258713723	1742258713918	OK	 
REQUEST		GET Request 1	1742258713037	1742258713993	OK	 
USER	Open Model Scenario	START	1742258714031
REQUEST		GET Request 1	1742258712701	1742258714055	OK	 
REQUEST		PUT Request	1742258713980	1742258714183	OK	 
USER	Open Model Scenario	START	1742258714367
REQUEST		PUT Request	1742258714252	1742258714458	OK	 
REQUEST		DELETE Request	1742258714156	1742258714467	OK	 
USER	Open Model Scenario	END	1742258714468
REQUEST		DELETE Request	1742258714205	1742258714507	OK	 
USER	Open Model Scenario	END	1742258714510
USER	Open Model Scenario	START	1742258714702
REQUEST		DELETE Request	1742258714461	1742258714756	OK	 
USER	Open Model Scenario	END	1742258714757
REQUEST		PUT Request	1742258714588	1742258714781	OK	 
REQUEST		PUT Request	1742258714652	1742258714858	OK	 
REQUEST		POST Request	1742258714732	1742258714933	OK	 
USER	Open Model Scenario	START	1742258715023
REQUEST		GET Request 1	1742258714701	1742258715034	OK	 
REQUEST		PUT Request	1742258714926	1742258715115	OK	 
REQUEST		POST Request	1742258715006	1742258715203	OK	 
REQUEST		POST Request	1742258715069	1742258715287	OK	 
USER	Open Model Scenario	START	1742258715361
REQUEST		GET Request 1	1742258714030	1742258715400	OK	 
REQUEST		DELETE Request	1742258715198	1742258715509	OK	 
USER	Open Model Scenario	END	1742258715511
REQUEST		GET Request 1	1742258713693	1742258715670	OK	 
USER	Open Model Scenario	START	1742258715699
REQUEST		DELETE Request	1742258715473	1742258715789	OK	 
USER	Open Model Scenario	END	1742258715790
USER	Open Model Scenario	START	1742258716035
REQUEST		GET Request 1	1742258714365	1742258716041	OK	 
REQUEST		DELETE Request	1742258715794	1742258716081	OK	 
USER	Open Model Scenario	END	1742258716083
REQUEST		PUT Request	1742258715941	1742258716134	OK	 
REQUEST		DELETE Request	1742258715876	1742258716186	OK	 
USER	Open Model Scenario	END	1742258716188
REQUEST		POST Request	1742258716051	1742258716238	OK	 
REQUEST		GET Request 1	1742258715699	1742258716357	OK	 
USER	Open Model Scenario	START	1742258716371
REQUEST		PUT Request	1742258716211	1742258716402	OK	 
REQUEST		DELETE Request	1742258716130	1742258716415	OK	 
REQUEST		GET Request 1	1742258715022	1742258716416	OK	 
USER	Open Model Scenario	END	1742258716418
REQUEST		PUT Request	1742258716289	1742258716505	OK	 
REQUEST		POST Request	1742258716417	1742258716625	OK	 
USER	Open Model Scenario	START	1742258716691
REQUEST		GET Request 1	1742258716035	1742258716699	OK	 
REQUEST		GET Request 1	1742258716369	1742258716701	OK	 
REQUEST		POST Request	1742258716675	1742258716887	OK	 
REQUEST		GET Request 1	1742258715359	1742258717028	OK	 
USER	Open Model Scenario	START	1742258717029
REQUEST		GET Request 1	1742258716690	1742258717049	OK	 
REQUEST		POST Request	1742258717044	1742258717240	OK	 
USER	Open Model Scenario	START	1742258717366
REQUEST		DELETE Request	1742258717140	1742258717434	OK	 
USER	Open Model Scenario	END	1742258717435
REQUEST		PUT Request	1742258717252	1742258717442	OK	 
REQUEST		POST Request	1742258717365	1742258717569	OK	 
REQUEST		POST Request	1742258717428	1742258717640	OK	 
USER	Open Model Scenario	START	1742258717703
REQUEST		DELETE Request	1742258717412	1742258717704	OK	 
USER	Open Model Scenario	END	1742258717706
REQUEST		GET Request 1	1742258717028	1742258717708	OK	 
REQUEST		GET Request 1	1742258717365	1742258717755	OK	 
REQUEST		DELETE Request	1742258717508	1742258717804	OK	 
USER	Open Model Scenario	END	1742258717805
REQUEST		PUT Request	1742258717638	1742258717839	OK	 
REQUEST		POST Request	1742258717717	1742258717912	OK	 
REQUEST		POST Request	1742258717717	1742258717915	OK	 
USER	Open Model Scenario	START	1742258718035
REQUEST		GET Request 1	1742258717701	1742258718038	OK	 
REQUEST		PUT Request	1742258717891	1742258718089	OK	 
REQUEST		GET Request 1	1742258708699	1742258718185	OK	 
REQUEST		POST Request	1742258718034	1742258718240	OK	 
REQUEST		POST Request	1742258718066	1742258718264	OK	 
USER	Open Model Scenario	START	1742258718358
REQUEST		PUT Request	1742258718243	1742258718449	OK	 
USER	Open Model Scenario	START	1742258718694
REQUEST		DELETE Request	1742258718451	1742258718739	OK	 
USER	Open Model Scenario	END	1742258718741
REQUEST		PUT Request	1742258718580	1742258718771	OK	 
REQUEST		PUT Request	1742258718643	1742258718843	OK	 
REQUEST		POST Request	1742258718723	1742258718951	OK	 
REQUEST		POST Request	1742258718771	1742258718971	OK	 
USER	Open Model Scenario	START	1742258719030
REQUEST		PUT Request	1742258718916	1742258719105	OK	 
REQUEST		PUT Request	1742258718931	1742258719130	OK	 
REQUEST		DELETE Request	1742258718851	1742258719162	OK	 
USER	Open Model Scenario	END	1742258719164
REQUEST		POST Request	1742258719045	1742258719254	OK	 
USER	Open Model Scenario	START	1742258719365
REQUEST		POST Request	1742258719187	1742258719386	OK	 
REQUEST		DELETE Request	1742258719091	1742258719387	OK	 
USER	Open Model Scenario	END	1742258719387
REQUEST		GET Request 1	1742258719028	1742258719392	OK	 
REQUEST		PUT Request	1742258719251	1742258719449	OK	 
REQUEST		PUT Request	1742258719266	1742258719464	OK	 
USER	Open Model Scenario	START	1742258719701
REQUEST		DELETE Request	1742258719458	1742258719759	OK	 
USER	Open Model Scenario	END	1742258719760
USER	Open Model Scenario	START	1742258720036
REQUEST		GET Request 1	1742258718692	1742258720043	OK	 
REQUEST		DELETE Request	1742258719778	1742258720066	OK	 
USER	Open Model Scenario	END	1742258720068
REQUEST		GET Request 1	1742258719364	1742258720069	OK	 
REQUEST		DELETE Request	1742258719859	1742258720151	OK	 
USER	Open Model Scenario	END	1742258720153
REQUEST		PUT Request	1742258719956	1742258720154	OK	 
REQUEST		PUT Request	1742258719987	1742258720178	OK	 
USER	Open Model Scenario	START	1742258720357
REQUEST		GET Request 1	1742258719699	1742258720359	OK	 
REQUEST		DELETE Request	1742258720115	1742258720401	OK	 
USER	Open Model Scenario	END	1742258720404
REQUEST		DELETE Request	1742258720147	1742258720443	OK	 
USER	Open Model Scenario	END	1742258720444
REQUEST		PUT Request	1742258720258	1742258720451	OK	 
REQUEST		PUT Request	1742258720402	1742258720609	OK	 
REQUEST		POST Request	1742258720403	1742258720611	OK	 
USER	Open Model Scenario	START	1742258720690
REQUEST		DELETE Request	1742258720466	1742258720763	OK	 
REQUEST		DELETE Request	1742258720466	1742258720764	OK	 
USER	Open Model Scenario	END	1742258720765
USER	Open Model Scenario	END	1742258720765
REQUEST		GET Request 1	1742258720355	1742258721014	OK	 
USER	Open Model Scenario	START	1742258721026
REQUEST		GET Request 1	1742258720689	1742258721052	OK	 
REQUEST		POST Request	1742258721057	1742258721280	OK	 
REQUEST		POST Request	1742258721074	1742258721292	OK	 
REQUEST		GET Request 1	1742258721026	1742258721349	OK	 
USER	Open Model Scenario	START	1742258721363
REQUEST		GET Request 1	1742258718034	1742258721414	OK	 
REQUEST		DELETE Request	1742258721169	1742258721470	OK	 
USER	Open Model Scenario	END	1742258721470
REQUEST		DELETE Request	1742258721185	1742258721477	OK	 
USER	Open Model Scenario	END	1742258721477
REQUEST		POST Request	1742258721362	1742258721563	OK	 
USER	Open Model Scenario	START	1742258721699
REQUEST		DELETE Request	1742258721457	1742258721747	OK	 
USER	Open Model Scenario	END	1742258721748
REQUEST		GET Request 1	1742258721362	1742258721758	OK	 
REQUEST		PUT Request	1742258721617	1742258721817	OK	 
REQUEST		DELETE Request	1742258721617	1742258721915	OK	 
USER	Open Model Scenario	END	1742258721916
USER	Open Model Scenario	START	1742258722034
REQUEST		POST Request	1742258722017	1742258722218	OK	 
REQUEST		POST Request	1742258722066	1742258722265	OK	 
USER	Open Model Scenario	START	1742258722370
REQUEST		PUT Request	1742258722289	1742258722483	OK	 
REQUEST		PUT Request	1742258722304	1742258722531	OK	 
REQUEST		POST Request	1742258722353	1742258722551	OK	 
REQUEST		POST Request	1742258722417	1742258722620	OK	 
USER	Open Model Scenario	START	1742258722690
REQUEST		GET Request 1	1742258722033	1742258722690	OK	 
REQUEST		PUT Request	1742258722578	1742258722776	OK	 
REQUEST		POST Request	1742258722767	1742258722965	OK	 
USER	Open Model Scenario	START	1742258723027
REQUEST		GET Request 1	1742258722689	1742258723035	OK	 
REQUEST		GET Request 1	1742258721697	1742258723056	OK	 
REQUEST		DELETE Request	1742258722833	1742258723135	OK	 
USER	Open Model Scenario	END	1742258723137
USER	Open Model Scenario	START	1742258723364
REQUEST		GET Request 1	1742258720035	1742258723394	OK	 
REQUEST		GET Request 1	1742258723025	1742258723409	OK	 
REQUEST		PUT Request	1742258723234	1742258723470	OK	 
REQUEST		PUT Request	1742258723282	1742258723491	OK	 
USER	Open Model Scenario	START	1742258723700
REQUEST		GET Request 1	1742258722369	1742258723728	OK	 
REQUEST		PUT Request	1742258723554	1742258723758	OK	 
REQUEST		DELETE Request	1742258723489	1742258723790	OK	 
USER	Open Model Scenario	END	1742258723791
REQUEST		PUT Request	1742258723635	1742258723835	OK	 
REQUEST		DELETE Request	1742258723537	1742258723844	OK	 
USER	Open Model Scenario	END	1742258723846
REQUEST		POST Request	1742258723698	1742258723897	OK	 
USER	Open Model Scenario	START	1742258724036
REQUEST		DELETE Request	1742258723778	1742258724081	OK	 
USER	Open Model Scenario	END	1742258724083
REQUEST		GET Request 1	1742258723698	1742258724087	OK	 
REQUEST		PUT Request	1742258723970	1742258724158	OK	 
REQUEST		POST Request	1742258724051	1742258724247	OK	 
REQUEST		POST Request	1742258724066	1742258724258	OK	 
REQUEST		GET Request 1	1742258724035	1742258724367	OK	 
USER	Open Model Scenario	START	1742258724371
REQUEST		POST Request	1742258724401	1742258724606	OK	 
REQUEST		POST Request	1742258724417	1742258724608	OK	 
USER	Open Model Scenario	START	1742258724692
REQUEST		DELETE Request	1742258724482	1742258724775	OK	 
USER	Open Model Scenario	END	1742258724776
REQUEST		DELETE Request	1742258724498	1742258724795	OK	 
USER	Open Model Scenario	END	1742258724796
REQUEST		POST Request	1742258724738	1742258724941	OK	 
USER	Open Model Scenario	START	1742258725029
REQUEST		GET Request 1	1742258724369	1742258725042	OK	 
REQUEST		DELETE Request	1742258724770	1742258725056	OK	 
USER	Open Model Scenario	END	1742258725057
REQUEST		PUT Request	1742258724915	1742258725114	OK	 
REQUEST		DELETE Request	1742258724850	1742258725149	OK	 
USER	Open Model Scenario	END	1742258725150
REQUEST		POST Request	1742258725092	1742258725289	OK	 
USER	Open Model Scenario	START	1742258725363
REQUEST		GET Request 1	1742258725028	1742258725371	OK	 
REQUEST		PUT Request	1742258725252	1742258725455	OK	 
REQUEST		DELETE Request	1742258725172	1742258725463	OK	 
USER	Open Model Scenario	END	1742258725464
REQUEST		PUT Request	1742258725268	1742258725467	OK	 
REQUEST		POST Request	1742258725379	1742258725573	OK	 
REQUEST		GET Request 1	1742258724691	1742258725656	OK	 
USER	Open Model Scenario	START	1742258725702
REQUEST		PUT Request	1742258725622	1742258725813	OK	 
REQUEST		PUT Request	1742258725621	1742258725830	OK	 
USER	Open Model Scenario	START	1742258726037
REQUEST		GET Request 1	1742258725702	1742258726039	OK	 
REQUEST		PUT Request	1742258725958	1742258726152	OK	 
REQUEST		POST Request	1742258726052	1742258726258	OK	 
USER	Open Model Scenario	START	1742258726367
REQUEST		DELETE Request	1742258726116	1742258726437	OK	 
USER	Open Model Scenario	END	1742258726438
REQUEST		PUT Request	1742258726304	1742258726506	OK	 
REQUEST		POST Request	1742258726382	1742258726580	OK	 
USER	Open Model Scenario	START	1742258726694
REQUEST		DELETE Request	1742258726459	1742258726748	OK	 
USER	Open Model Scenario	END	1742258726748
REQUEST		PUT Request	1742258726584	1742258726777	OK	 
REQUEST		DELETE Request	1742258726474	1742258726778	OK	 
USER	Open Model Scenario	END	1742258726778
REQUEST		POST Request	1742258726663	1742258726856	OK	 
REQUEST		GET Request 1	1742258725363	1742258727007	OK	 
USER	Open Model Scenario	START	1742258727025
REQUEST		DELETE Request	1742258726819	1742258727105	OK	 
USER	Open Model Scenario	END	1742258727106
REQUEST		DELETE Request	1742258726834	1742258727166	OK	 
USER	Open Model Scenario	END	1742258727168
REQUEST		POST Request	1742258727057	1742258727248	OK	 
USER	Open Model Scenario	START	1742258727378
REQUEST		DELETE Request	1742258727167	1742258727467	OK	 
USER	Open Model Scenario	END	1742258727468
REQUEST		PUT Request	1742258727263	1742258727502	OK	 
REQUEST		GET Request 1	1742258727024	1742258727662	OK	 
USER	Open Model Scenario	START	1742258727697
REQUEST		GET Request 1	1742258726366	1742258727726	OK	 
REQUEST		PUT Request	1742258727584	1742258727786	OK	 
REQUEST		DELETE Request	1742258727518	1742258727814	OK	 
USER	Open Model Scenario	END	1742258727815
USER	Open Model Scenario	START	1742258728031
REQUEST		GET Request 1	1742258727377	1742258728050	OK	 
REQUEST		PUT Request	1742258727871	1742258728074	OK	 
REQUEST		DELETE Request	1742258727789	1742258728081	OK	 
USER	Open Model Scenario	END	1742258728082
REQUEST		POST Request	1742258728013	1742258728203	OK	 
REQUEST		GET Request 1	1742258727696	1742258728334	OK	 
REQUEST		GET Request 1	1742258726694	1742258728354	OK	 
REQUEST		GET Request 1	1742258728030	1742258728363	OK	 
USER	Open Model Scenario	START	1742258728364
REQUEST		PUT Request	1742258728252	1742258728466	OK	 
USER	Open Model Scenario	START	1742258728702
REQUEST		DELETE Request	1742258728508	1742258728823	OK	 
USER	Open Model Scenario	END	1742258728823
REQUEST		POST Request	1742258728668	1742258728864	OK	 
REQUEST		POST Request	1742258728734	1742258728917	OK	 
USER	Open Model Scenario	START	1742258729022
REQUEST		DELETE Request	1742258728796	1742258729087	OK	 
USER	Open Model Scenario	END	1742258729089
REQUEST		POST Request	1742258729051	1742258729252	OK	 
REQUEST		GET Request 1	1742258729020	1742258729372	OK	 
USER	Open Model Scenario	START	1742258729372
REQUEST		DELETE Request	1742258729083	1742258729374	OK	 
USER	Open Model Scenario	END	1742258729375
REQUEST		GET Request 1	1742258726036	1742258729393	OK	 
REQUEST		PUT Request	1742258729211	1742258729401	OK	 
REQUEST		POST Request	1742258729338	1742258729537	OK	 
REQUEST		POST Request	1742258729370	1742258729564	OK	 
REQUEST		POST Request	1742258729371	1742258729568	OK	 
REQUEST		GET Request 1	1742258728364	1742258729713	OK	 
REQUEST		DELETE Request	1742258729482	1742258729780	OK	 
USER	Open Model Scenario	END	1742258729781
USER	Open Model Scenario	START	1742258729850
USER	Open Model Scenario	START	1742258730024
REQUEST		GET Request 1	1742258728701	1742258730030	OK	 
REQUEST		PUT Request	1742258729879	1742258730071	OK	 
REQUEST		PUT Request	1742258729927	1742258730130	OK	 
REQUEST		GET Request 1	1742258729689	1742258730182	OK	 
REQUEST		PUT Request	1742258730265	1742258730473	OK	 
REQUEST		POST Request	1742258730375	1742258730575	OK	 
REQUEST		POST Request	1742258730407	1742258730596	OK	 
REQUEST		DELETE Request	1742258730407	1742258730699	OK	 
USER	Open Model Scenario	END	1742258730700
REQUEST		PUT Request	1742258730552	1742258730748	OK	 
REQUEST		PUT Request	1742258730585	1742258730772	OK	 
REQUEST		POST Request	1742258730728	1742258730925	OK	 
REQUEST		POST Request	1742258731034	1742258731223	OK	 
REQUEST		DELETE Request	1742258731082	1742258731378	OK	 
USER	Open Model Scenario	END	1742258731379
REQUEST		GET Request 1	1742258730023	1742258731384	OK	 
REQUEST		POST Request	1742258731193	1742258731386	OK	 
REQUEST		DELETE Request	1742258731147	1742258731443	OK	 
USER	Open Model Scenario	END	1742258731444
REQUEST		PUT Request	1742258731578	1742258731780	OK	 
REQUEST		DELETE Request	1742258731481	1742258731798	OK	 
REQUEST		PUT Request	1742258731610	1742258731798	OK	 
USER	Open Model Scenario	END	1742258731799
REQUEST		DELETE Request	1742258731753	1742258732045	OK	 
USER	Open Model Scenario	END	1742258732046
REQUEST		DELETE Request	1742258731785	1742258732075	OK	 
USER	Open Model Scenario	END	1742258732077
REQUEST		PUT Request	1742258731929	1742258732125	OK	 
REQUEST		PUT Request	1742258730568	1742258732387	OK	 
REQUEST		PUT Request	1742258732233	1742258732429	OK	 
REQUEST		POST Request	1742258732393	1742258732592	OK	 
REQUEST		PUT Request	1742258732393	1742258732603	OK	 
REQUEST		DELETE Request	1742258732809	1742258733098	OK	 
REQUEST		DELETE Request	1742258732793	1742258733099	OK	 
USER	Open Model Scenario	END	1742258733101
USER	Open Model Scenario	END	1742258733101
REQUEST		DELETE Request	1742258733129	1742258733419	OK	 
USER	Open Model Scenario	END	1742258733421
REQUEST		GET Request 1	1742258723363	1742258733448	KO	i.n.h.s.SslHandshakeTimeoutException: handshake timed out after 10000ms
REQUEST		DELETE Request	1742258733400	1742258733695	OK	 
USER	Open Model Scenario	END	1742258733697
REQUEST		DELETE Request	1742258733431	1742258733718	OK	 
USER	Open Model Scenario	END	1742258733720
REQUEST		PUT Request	1742258733608	1742258733807	OK	 
REQUEST		DELETE Request	1742258733608	1742258733900	OK	 
USER	Open Model Scenario	END	1742258733902
REQUEST		POST Request	1742258734458	1742258734814	OK	 
REQUEST		DELETE Request	1742258734811	1742258735104	OK	 
USER	Open Model Scenario	END	1742258735106
REQUEST		PUT Request	1742258735820	1742258736018	OK	 
REQUEST		DELETE Request	1742258737021	1742258737325	OK	 
USER	Open Model Scenario	END	1742258737327
REQUEST		GET Request 1	1742258718356	1742258739720	OK	 
REQUEST		GET Request 1	1742258729372	1742258739784	OK	 
REQUEST		POST Request	1742258740724	1742258740920	OK	 
REQUEST		POST Request	1742258740788	1742258741002	OK	 
REQUEST		PUT Request	1742258741925	1742258742117	OK	 
REQUEST		PUT Request	1742258742006	1742258742210	OK	 
REQUEST		DELETE Request	1742258743128	1742258743416	OK	 
USER	Open Model Scenario	END	1742258743418
REQUEST		DELETE Request	1742258743225	1742258743531	OK	 
USER	Open Model Scenario	END	1742258743533
