RUN	apiFakeGatling.OpenModelSimulation	openmodelsimulation	1742257077079	 	3.11.5
USER	Open Model Scenario	START	1742257077990
USER	Open Model Scenario	START	1742257078301
REQUEST		GET Request 1	1742257077983	1742257078425	KO	status.find.is(200), but actually found 404
USER	Open Model Scenario	START	1742257078635
REQUEST		GET Request 1	1742257078296	1742257078674	KO	status.find.is(200), but actually found 404
USER	Open Model Scenario	START	1742257078973
REQUEST		GET Request 1	1742257078633	1742257079258	KO	status.find.is(200), but actually found 404
USER	Open Model Scenario	START	1742257079306
REQUEST		GET Request 1	1742257078971	1742257079329	KO	status.find.is(200), but actually found 404
USER	Open Model Scenario	START	1742257079643
REQUEST		POST Request	1742257079452	1742257079660	KO	status.find.is(201), but actually found 404
REQUEST		POST Request	1742257079689	1742257079895	KO	status.find.is(201), but actually found 404
USER	Open Model Scenario	START	1742257079979
REQUEST		GET Request 1	1742257079641	1742257080000	KO	status.find.is(200), but actually found 404
USER	Open Model Scenario	START	1742257080299
REQUEST		POST Request	1742257080264	1742257080451	KO	status.find.is(201), but actually found 404
REQUEST		POST Request	1742257080344	1742257080547	KO	status.find.is(201), but actually found 404
USER	Open Model Scenario	START	1742257080634
REQUEST		GET Request 1	1742257079977	1742257080641	KO	status.find.is(200), but actually found 404
REQUEST		PUT Request	1742257080664	1742257080877	KO	status.find.is(200), but actually found 404
USER	Open Model Scenario	START	1742257080971
REQUEST		PUT Request	1742257080905	1742257081104	KO	status.find.is(200), but actually found 404
REQUEST		POST Request	1742257081017	1742257081223	KO	status.find.is(201), but actually found 404
USER	Open Model Scenario	START	1742257081309
REQUEST		GET Request 1	1742257080969	1742257081310	KO	status.find.is(200), but actually found 404
USER	Open Model Scenario	START	1742257081629
REQUEST		GET Request 1	1742257080296	1742257081681	KO	status.find.is(200), but actually found 404
REQUEST		PUT Request	1742257081467	1742257081683	KO	status.find.is(200), but actually found 404
REQUEST		PUT Request	1742257081562	1742257081765	KO	status.find.is(200), but actually found 404
REQUEST		POST Request	1742257081658	1742257081862	KO	status.find.is(201), but actually found 404
USER	Open Model Scenario	START	1742257081968
REQUEST		GET Request 1	1742257080632	1742257081987	KO	status.find.is(200), but actually found 404
REQUEST		GET Request 1	1742257081306	1742257082041	KO	status.find.is(200), but actually found 404
REQUEST		DELETE Request	1742257081883	1742257082091	KO	status.find.is(200), but actually found 404
USER	Open Model Scenario	END	1742257082097
USER	Open Model Scenario	START	1742257082301
REQUEST		DELETE Request	1742257082109	1742257082314	KO	status.find.is(200), but actually found 404
USER	Open Model Scenario	END	1742257082314
REQUEST		GET Request 1	1742257081967	1742257082348	KO	status.find.is(200), but actually found 404
REQUEST		PUT Request	1742257082237	1742257082446	KO	status.find.is(200), but actually found 404
REQUEST		POST Request	1742257082315	1742257082515	KO	status.find.is(201), but actually found 404
USER	Open Model Scenario	START	1742257082640
REQUEST		GET Request 1	1742257082300	1742257082665	KO	status.find.is(200), but actually found 404
REQUEST		DELETE Request	1742257082685	1742257082878	KO	status.find.is(200), but actually found 404
USER	Open Model Scenario	END	1742257082880
REQUEST		GET Request 1	1742257081626	1742257082888	KO	status.find.is(200), but actually found 404
REQUEST		POST Request	1742257082685	1742257082889	KO	status.find.is(201), but actually found 404
USER	Open Model Scenario	START	1742257082974
REQUEST		DELETE Request	1742257082780	1742257082980	KO	status.find.is(200), but actually found 404
USER	Open Model Scenario	END	1742257082981
REQUEST		GET Request 1	1742257082638	1742257083004	KO	status.find.is(200), but actually found 404
REQUEST		PUT Request	1742257082877	1742257083086	KO	status.find.is(200), but actually found 404
REQUEST		POST Request	1742257083004	1742257083197	KO	status.find.is(201), but actually found 404
REQUEST		POST Request	1742257083052	1742257083252	KO	status.find.is(201), but actually found 404
USER	Open Model Scenario	START	1742257083291
REQUEST		GET Request 1	1742257082973	1742257083325	KO	status.find.is(200), but actually found 404
REQUEST		POST Request	1742257083355	1742257083578	KO	status.find.is(201), but actually found 404
USER	Open Model Scenario	START	1742257083624
REQUEST		GET Request 1	1742257083291	1742257083625	KO	status.find.is(200), but actually found 404
REQUEST		DELETE Request	1742257083451	1742257083686	KO	status.find.is(200), but actually found 404
USER	Open Model Scenario	END	1742257083688
REQUEST		PUT Request	1742257083530	1742257083735	KO	status.find.is(200), but actually found 404
REQUEST		POST Request	1742257083684	1742257083890	KO	status.find.is(201), but actually found 404
USER	Open Model Scenario	START	1742257083975
REQUEST		GET Request 1	1742257083624	1742257083978	KO	status.find.is(200), but actually found 404
REQUEST		POST Request	1742257083893	1742257084081	KO	status.find.is(201), but actually found 404
REQUEST		PUT Request	1742257083893	1742257084091	KO	status.find.is(200), but actually found 404
REQUEST		POST Request	1742257084022	1742257084237	KO	status.find.is(201), but actually found 404
USER	Open Model Scenario	START	1742257084296
REQUEST		DELETE Request	1742257084103	1742257084307	KO	status.find.is(200), but actually found 404
USER	Open Model Scenario	END	1742257084308
REQUEST		PUT Request	1742257084216	1742257084407	KO	status.find.is(200), but actually found 404
REQUEST		PUT Request	1742257084263	1742257084466	KO	status.find.is(200), but actually found 404
REQUEST		POST Request	1742257084342	1742257084561	KO	status.find.is(201), but actually found 404
USER	Open Model Scenario	START	1742257084633
REQUEST		GET Request 1	1742257084295	1742257084637	KO	status.find.is(200), but actually found 404
REQUEST		PUT Request	1742257084582	1742257084783	KO	status.find.is(200), but actually found 404
REQUEST		POST Request	1742257084631	1742257084825	KO	status.find.is(201), but actually found 404
REQUEST		DELETE Request	1742257084742	1742257084940	KO	status.find.is(200), but actually found 404
USER	Open Model Scenario	END	1742257084942
USER	Open Model Scenario	START	1742257084968
REQUEST		PUT Request	1742257084902	1742257085102	KO	status.find.is(200), but actually found 404
REQUEST		POST Request	1742257084982	1742257085179	KO	status.find.is(201), but actually found 404
REQUEST		PUT Request	1742257085095	1742257085287	KO	status.find.is(200), but actually found 404
REQUEST		GET Request 1	1742257084630	1742257085292	KO	status.find.is(200), but actually found 404
REQUEST		DELETE Request	1742257085095	1742257085295	KO	status.find.is(200), but actually found 404
USER	Open Model Scenario	END	1742257085296
USER	Open Model Scenario	START	1742257085302
REQUEST		GET Request 1	1742257084967	1742257085326	KO	status.find.is(200), but actually found 404
REQUEST		PUT Request	1742257085255	1742257085458	KO	status.find.is(200), but actually found 404
REQUEST		DELETE Request	1742257085414	1742257085610	KO	status.find.is(200), but actually found 404
USER	Open Model Scenario	END	1742257085612
USER	Open Model Scenario	START	1742257085640
REQUEST		GET Request 1	1742257085302	1742257085674	KO	status.find.is(200), but actually found 404
REQUEST		PUT Request	1742257085575	1742257085788	KO	status.find.is(200), but actually found 404
REQUEST		DELETE Request	1742257085478	1742257085793	KO	status.find.is(200), but actually found 404
USER	Open Model Scenario	END	1742257085794
REQUEST		POST Request	1742257085639	1742257085842	KO	status.find.is(201), but actually found 404
USER	Open Model Scenario	START	1742257085975
REQUEST		GET Request 1	1742257085639	1742257085990	KO	status.find.is(200), but actually found 404
REQUEST		DELETE Request	1742257085798	1742257086001	KO	status.find.is(200), but actually found 404
USER	Open Model Scenario	END	1742257086002
REQUEST		PUT Request	1742257085830	1742257086025	KO	status.find.is(200), but actually found 404
USER	Open Model Scenario	START	1742257086298
REQUEST		DELETE Request	1742257086118	1742257086332	KO	status.find.is(200), but actually found 404
USER	Open Model Scenario	END	1742257086333
REQUEST		GET Request 1	1742257085974	1742257086334	KO	status.find.is(200), but actually found 404
REQUEST		PUT Request	1742257086182	1742257086371	KO	status.find.is(200), but actually found 404
REQUEST		DELETE Request	1742257086295	1742257086501	KO	status.find.is(200), but actually found 404
REQUEST		POST Request	1742257086296	1742257086501	KO	status.find.is(201), but actually found 404
USER	Open Model Scenario	END	1742257086503
REQUEST		POST Request	1742257086342	1742257086540	KO	status.find.is(201), but actually found 404
USER	Open Model Scenario	START	1742257086632
REQUEST		DELETE Request	1742257086472	1742257086673	KO	status.find.is(200), but actually found 404
USER	Open Model Scenario	END	1742257086676
REQUEST		POST Request	1742257086678	1742257086882	KO	status.find.is(201), but actually found 404
USER	Open Model Scenario	START	1742257086968
REQUEST		GET Request 1	1742257086631	1742257086975	KO	status.find.is(200), but actually found 404
REQUEST		DELETE Request	1742257086806	1742257087008	KO	status.find.is(200), but actually found 404
USER	Open Model Scenario	END	1742257087010
REQUEST		PUT Request	1742257086853	1742257087064	KO	status.find.is(200), but actually found 404
REQUEST		POST Request	1742257086998	1742257087211	KO	status.find.is(201), but actually found 404
REQUEST		DELETE Request	1742257087030	1742257087221	KO	status.find.is(200), but actually found 404
USER	Open Model Scenario	END	1742257087224
USER	Open Model Scenario	START	1742257087304
REQUEST		POST Request	1742257087351	1742257087549	KO	status.find.is(201), but actually found 404
REQUEST		GET Request 1	1742257086967	1742257087598	KO	status.find.is(200), but actually found 404
USER	Open Model Scenario	START	1742257087640
REQUEST		GET Request 1	1742257087303	1742257087642	KO	status.find.is(200), but actually found 404
REQUEST		GET Request 1	1742257086296	1742257087642	KO	status.find.is(200), but actually found 404
REQUEST		GET Request 1	1742257083974	1742257087658	KO	status.find.is(200), but actually found 404
REQUEST		DELETE Request	1742257087382	1742257087687	KO	status.find.is(200), but actually found 404
USER	Open Model Scenario	END	1742257087689
REQUEST		PUT Request	1742257087510	1742257087707	KO	status.find.is(200), but actually found 404
REQUEST		PUT Request	1742257087559	1742257087756	KO	status.find.is(200), but actually found 404
REQUEST		GET Request 1	1742257087638	1742257088027	KO	status.find.is(200), but actually found 404
REQUEST		PUT Request	1742257087894	1742257088095	KO	status.find.is(200), but actually found 404
REQUEST		POST Request	1742257087991	1742257088186	KO	status.find.is(201), but actually found 404
REQUEST		DELETE Request	1742257088071	1742257088266	KO	status.find.is(200), but actually found 404
USER	Open Model Scenario	END	1742257088267
REQUEST		PUT Request	1742257088214	1742257088406	KO	status.find.is(200), but actually found 404
REQUEST		PUT Request	1742257088552	1742257088752	KO	status.find.is(200), but actually found 404
REQUEST		POST Request	1742257088616	1742257088820	KO	status.find.is(201), but actually found 404
REQUEST		POST Request	1742257088647	1742257088837	KO	status.find.is(201), but actually found 404
REQUEST		POST Request	1742257088648	1742257088846	KO	status.find.is(201), but actually found 404
REQUEST		POST Request	1742257088664	1742257088859	KO	status.find.is(201), but actually found 404
REQUEST		DELETE Request	1742257088712	1742257088914	KO	status.find.is(200), but actually found 404
USER	Open Model Scenario	END	1742257088916
REQUEST		DELETE Request	1742257088760	1742257088960	KO	status.find.is(200), but actually found 404
USER	Open Model Scenario	END	1742257088961
REQUEST		POST Request	1742257089031	1742257089238	KO	status.find.is(201), but actually found 404
REQUEST		PUT Request	1742257089191	1742257089386	KO	status.find.is(200), but actually found 404
REQUEST		GET Request 1	1742257079304	1742257089383	KO	i.n.h.s.SslHandshakeTimeoutException: handshake timed out after 10000ms
REQUEST		DELETE Request	1742257089111	1742257089420	KO	status.find.is(200), but actually found 404
USER	Open Model Scenario	END	1742257089421
REQUEST		DELETE Request	1742257089414	1742257089628	KO	status.find.is(200), but actually found 404
USER	Open Model Scenario	END	1742257089630
REQUEST		DELETE Request	1742257089766	1742257089972	KO	status.find.is(200), but actually found 404
USER	Open Model Scenario	END	1742257089974
REQUEST		PUT Request	1742257089830	1742257090024	KO	status.find.is(200), but actually found 404
REQUEST		PUT Request	1742257089847	1742257090042	KO	status.find.is(200), but actually found 404
REQUEST		PUT Request	1742257089863	1742257090059	KO	status.find.is(200), but actually found 404
REQUEST		PUT Request	1742257089862	1742257090059	KO	status.find.is(200), but actually found 404
REQUEST		PUT Request	1742257090249	1742257090446	KO	status.find.is(200), but actually found 404
REQUEST		DELETE Request	1742257090393	1742257090591	KO	status.find.is(200), but actually found 404
USER	Open Model Scenario	END	1742257090592
REQUEST		POST Request	1742257090393	1742257091062	KO	status.find.is(201), but actually found 404
REQUEST		DELETE Request	1742257091034	1742257091232	KO	status.find.is(200), but actually found 404
USER	Open Model Scenario	END	1742257091233
REQUEST		DELETE Request	1742257091050	1742257091246	KO	status.find.is(200), but actually found 404
USER	Open Model Scenario	END	1742257091247
REQUEST		DELETE Request	1742257091065	1742257091259	KO	status.find.is(200), but actually found 404
USER	Open Model Scenario	END	1742257091260
REQUEST		DELETE Request	1742257091065	1742257091264	KO	status.find.is(200), but actually found 404
USER	Open Model Scenario	END	1742257091265
REQUEST		DELETE Request	1742257091452	1742257091652	KO	status.find.is(200), but actually found 404
USER	Open Model Scenario	END	1742257091653
REQUEST		PUT Request	1742257092076	1742257092285	KO	status.find.is(200), but actually found 404
REQUEST		DELETE Request	1742257093292	1742257093502	KO	status.find.is(200), but actually found 404
USER	Open Model Scenario	END	1742257093504
